#
# There is insufficient memory for the Java Runtime Environment to continue.
# Native memory allocation (malloc) failed to allocate 301056 bytes for Chunk::new
# Possible reasons:
#   The system is out of physical RAM or swap space
#   The process is running with CompressedOops enabled, and the Java Heap may be blocking the growth of the native heap
# Possible solutions:
#   Reduce memory load on the system
#   Increase physical memory or swap space
#   Check if swap backing store is full
#   Decrease Java heap size (-Xmx/-Xms)
#   Decrease number of Java threads
#   Decrease Java thread stack sizes (-Xss)
#   Set larger code cache with -XX:ReservedCodeCacheSize=
#   JVM is running with Unscaled Compressed Oops mode in which the Java heap is
#     placed in the first 4GB address space. The Java Heap base address is the
#     maximum limit for the native heap growth. Please use -XX:HeapBaseMinAddress
#     to set the Java Heap base and to place the Java Heap above 4GB virtual address.
# This output file may be truncated or incomplete.
#
#  Out of Memory Error (arena.cpp:191), pid=3852, tid=4188
#
# JRE version: OpenJDK Runtime Environment Temurin-17.0.9+9 (17.0.9+9) (build 17.0.9+9)
# Java VM: OpenJDK 64-Bit Server VM Temurin-17.0.9+9 (17.0.9+9, mixed mode, tiered, compressed oops, compressed class ptrs, parallel gc, windows-amd64)
# No core dump will be written. Minidumps are not enabled by default on client versions of Windows
#

---------------  S U M M A R Y ------------

Command Line: --add-modules=ALL-SYSTEM --add-opens=java.base/java.util=ALL-UNNAMED --add-opens=java.base/java.lang=ALL-UNNAMED --add-opens=java.base/sun.nio.fs=ALL-UNNAMED -Declipse.application=org.eclipse.jdt.ls.core.id1 -Dosgi.bundles.defaultStartLevel=4 -Declipse.product=org.eclipse.jdt.ls.core.product -Djava.import.generatesMetadataFilesAtProjectRoot=false -DDetectVMInstallationsJob.disabled=true -Dfile.encoding=utf8 -XX:+UseParallelGC -XX:GCTimeRatio=4 -XX:AdaptiveSizePolicyWeight=90 -Dsun.zip.disableMemoryMapping=true -Xmx1G -Xms100m -Xlog:disable -javaagent:c:\Users\Hp\.vscode\extensions\redhat.java-1.26.0-win32-x64\lombok\lombok-1.18.31-3454.jar -XX:+HeapDumpOnOutOfMemoryError -XX:HeapDumpPath=c:\Users\Hp\AppData\Roaming\Code\User\workspaceStorage\bba7c3f7c67dd00e1a47571d2bb8e86b\redhat.java -Daether.dependencyCollector.impl=bf c:\Users\Hp\.vscode\extensions\redhat.java-1.26.0-win32-x64\server\plugins\org.eclipse.equinox.launcher_1.6.700.v20231214-2017.jar -configuration c:\Users\Hp\AppData\Roaming\Code\User\globalStorage\redhat.java\1.26.0\config_win -data c:\Users\Hp\AppData\Roaming\Code\User\workspaceStorage\bba7c3f7c67dd00e1a47571d2bb8e86b\redhat.java\jdt_ws --stdio

Host: Intel(R) Core(TM) i5-7200U CPU @ 2.50GHz, 4 cores, 7G,  Windows 10 , 64 bit Build 19041 (10.0.19041.3636)
Time: Sun Jan 28 21:58:32 2024 Pacific Standard Time elapsed time: 27.171586 seconds (0d 0h 0m 27s)

---------------  T H R E A D  ---------------

Current thread (0x0000027259aff480):  JavaThread "C2 CompilerThread0" daemon [_thread_in_native, id=4188, stack(0x0000009d73400000,0x0000009d73500000)]


Current CompileTask:
C2:  27171 7622 %     4       java.util.zip.ZipFile$Source::initCEN @ 240 (591 bytes)

Stack: [0x0000009d73400000,0x0000009d73500000]
Native frames: (J=compiled Java code, j=interpreted, Vv=VM code, C=native code)
V  [jvm.dll+0x67cf49]
V  [jvm.dll+0x83478a]
V  [jvm.dll+0x83624e]
V  [jvm.dll+0x8368b3]
V  [jvm.dll+0x247f1f]
V  [jvm.dll+0xac43c]
V  [jvm.dll+0xaca8c]
V  [jvm.dll+0x2af45f]
V  [jvm.dll+0x5853f7]
V  [jvm.dll+0x222f62]
V  [jvm.dll+0x21c202]
V  [jvm.dll+0x2198c1]
V  [jvm.dll+0x1a57cd]
V  [jvm.dll+0x2297ae]
V  [jvm.dll+0x22797c]
V  [jvm.dll+0x7e9877]
V  [jvm.dll+0x7e3c3a]
V  [jvm.dll+0x67be35]
C  [ucrtbase.dll+0x21bb2]
C  [KERNEL32.DLL+0x17344]
C  [ntdll.dll+0x526b1]


---------------  P R O C E S S  ---------------

Threads class SMR info:
_java_thread_list=0x00000272603fb8a0, length=30, elements={
0x0000027245c917a0, 0x0000027259ad1740, 0x0000027259ad2750, 0x0000027259af9270,
0x0000027259afa000, 0x0000027259afad90, 0x0000027259afc870, 0x0000027259aff480,
0x000002725ed03ec0, 0x000002725ed0afb0, 0x000002725edb8020, 0x000002725ef7dda0,
0x000002725f613080, 0x000002725f616620, 0x000002725f616b00, 0x000002725fd452c0,
0x000002725f8ce5a0, 0x000002725f14b810, 0x000002725f1494a0, 0x000002725f1499b0,
0x000002725f14a8e0, 0x000002725f14a3d0, 0x000002725f14adf0, 0x0000027261492460,
0x000002726148c430, 0x000002726148d870, 0x0000027261493390, 0x0000027261491020,
0x000002726148e7a0, 0x000002726148ecb0
}

Java Threads: ( => current thread )
  0x0000027245c917a0 JavaThread "main" [_thread_blocked, id=13028, stack(0x0000009d72b00000,0x0000009d72c00000)]
  0x0000027259ad1740 JavaThread "Reference Handler" daemon [_thread_blocked, id=7164, stack(0x0000009d72e00000,0x0000009d72f00000)]
  0x0000027259ad2750 JavaThread "Finalizer" daemon [_thread_blocked, id=6972, stack(0x0000009d72f00000,0x0000009d73000000)]
  0x0000027259af9270 JavaThread "Signal Dispatcher" daemon [_thread_blocked, id=7032, stack(0x0000009d73000000,0x0000009d73100000)]
  0x0000027259afa000 JavaThread "Attach Listener" daemon [_thread_blocked, id=9536, stack(0x0000009d73100000,0x0000009d73200000)]
  0x0000027259afad90 JavaThread "Service Thread" daemon [_thread_blocked, id=248, stack(0x0000009d73200000,0x0000009d73300000)]
  0x0000027259afc870 JavaThread "Monitor Deflation Thread" daemon [_thread_blocked, id=11460, stack(0x0000009d73300000,0x0000009d73400000)]
=>0x0000027259aff480 JavaThread "C2 CompilerThread0" daemon [_thread_in_native, id=4188, stack(0x0000009d73400000,0x0000009d73500000)]
  0x000002725ed03ec0 JavaThread "C1 CompilerThread0" daemon [_thread_blocked, id=1608, stack(0x0000009d73500000,0x0000009d73600000)]
  0x000002725ed0afb0 JavaThread "Sweeper thread" daemon [_thread_blocked, id=11656, stack(0x0000009d73600000,0x0000009d73700000)]
  0x000002725edb8020 JavaThread "Common-Cleaner" daemon [_thread_blocked, id=13012, stack(0x0000009d73700000,0x0000009d73800000)]
  0x000002725ef7dda0 JavaThread "Notification Thread" daemon [_thread_blocked, id=12660, stack(0x0000009d73900000,0x0000009d73a00000)]
  0x000002725f613080 JavaThread "Active Thread: Equinox Container: e9bb2495-0a0a-4a63-ab33-059e8a90197c" [_thread_blocked, id=5504, stack(0x0000009d73d00000,0x0000009d73e00000)]
  0x000002725f616620 JavaThread "Framework Event Dispatcher: Equinox Container: e9bb2495-0a0a-4a63-ab33-059e8a90197c" daemon [_thread_blocked, id=9548, stack(0x0000009d73e00000,0x0000009d73f00000)]
  0x000002725f616b00 JavaThread "Start Level: Equinox Container: e9bb2495-0a0a-4a63-ab33-059e8a90197c" daemon [_thread_blocked, id=2332, stack(0x0000009d73f00000,0x0000009d74000000)]
  0x000002725fd452c0 JavaThread "Bundle File Closer" daemon [_thread_blocked, id=12844, stack(0x0000009d74000000,0x0000009d74100000)]
  0x000002725f8ce5a0 JavaThread "SCR Component Actor" daemon [_thread_blocked, id=11296, stack(0x0000009d74100000,0x0000009d74200000)]
  0x000002725f14b810 JavaThread "Worker-JM" [_thread_blocked, id=12472, stack(0x0000009d74300000,0x0000009d74400000)]
  0x000002725f1494a0 JavaThread "Worker-0" [_thread_blocked, id=13300, stack(0x0000009d74400000,0x0000009d74500000)]
  0x000002725f1499b0 JavaThread "Worker-1: Java indexing... " [_thread_blocked, id=1172, stack(0x0000009d74500000,0x0000009d74600000)]
  0x000002725f14a8e0 JavaThread "Worker-2" [_thread_blocked, id=9436, stack(0x0000009d74600000,0x0000009d74700000)]
  0x000002725f14a3d0 JavaThread "Worker-3: Initialize Workspace" [_thread_blocked, id=2408, stack(0x0000009d74700000,0x0000009d74800000)]
  0x000002725f14adf0 JavaThread "Java indexing" daemon [_thread_blocked, id=6472, stack(0x0000009d74800000,0x0000009d74900000)]
  0x0000027261492460 JavaThread "JNA Cleaner" daemon [_thread_blocked, id=10004, stack(0x0000009d74900000,0x0000009d74a00000)]
  0x000002726148c430 JavaThread "pool-2-thread-1" [_thread_blocked, id=5568, stack(0x0000009d74c00000,0x0000009d74d00000)]
  0x000002726148d870 JavaThread "WorkspaceEventsHandler" [_thread_blocked, id=6796, stack(0x0000009d74d00000,0x0000009d74e00000)]
  0x0000027261493390 JavaThread "pool-1-thread-1" [_thread_blocked, id=4416, stack(0x0000009d74e00000,0x0000009d74f00000)]
  0x0000027261491020 JavaThread "Worker-4" [_thread_blocked, id=5920, stack(0x0000009d74200000,0x0000009d74300000)]
  0x000002726148e7a0 
[error occurred during error reporting (printing all threads), id 0xc0000005, EXCEPTION_ACCESS_VIOLATION (0xc0000005) at pc=0x00007ffba2ca3e10]

VM state: at safepoint (normal execution)

VM Mutex/Monitor currently owned by a thread:  ([mutex/lock_event])
[0x0000027245c8da70] Threads_lock - owner thread: 0x0000027245d4eaa0
[0x0000027245c8e6d0] Heap_lock - owner thread: 0x000002725f14adf0

Heap address: 0x00000000c0000000, size: 1024 MB, Compressed Oops mode: 32-bit

CDS archive(s) not mapped
Compressed class space mapped at: 0x0000000100000000-0x0000000140000000, reserved size: 1073741824
Narrow klass base: 0x0000000000000000, Narrow klass shift: 3, Narrow klass range: 0x140000000

GC Precious Log:
 CPUs: 4 total, 4 available
 Memory: 8108M
 Large Page Support: Disabled
 NUMA Support: Disabled
 Compressed Oops: Enabled (32-bit)
 Alignments: Space 512K, Generation 512K, Heap 2M
 Heap Min Capacity: 100M
 Heap Initial Capacity: 100M
 Heap Max Capacity: 1G
 Pre-touch: Disabled
 Parallel Workers: 4

Heap:
 PSYoungGen      total 6656K, used 1507K [0x00000000eab00000, 0x00000000eb480000, 0x0000000100000000)
  eden space 4608K, 0% used [0x00000000eab00000,0x00000000eab00000,0x00000000eaf80000)
  from space 2048K, 73% used [0x00000000eaf80000,0x00000000eb0f8ff0,0x00000000eb180000)
  to   space 2560K, 0% used [0x00000000eb200000,0x00000000eb200000,0x00000000eb480000)
 ParOldGen       total 206848K, used 204235K [0x00000000c0000000, 0x00000000cca00000, 0x00000000eab00000)
  object space 206848K, 98% used [0x00000000c0000000,0x00000000cc772e30,0x00000000cca00000)
 Metaspace       used 55407K, committed 56512K, reserved 1114112K
  class space    used 6020K, committed 6464K, reserved 1048576K

Card table byte_map: [0x0000027245660000,0x0000027245870000] _byte_map_base: 0x0000027245060000

Marking Bits: (ParMarkBitMap*) 0x00007ffba371d0b0
 Begin Bits: [0x0000027257930000, 0x0000027258930000)
 End Bits:   [0x0000027258930000, 0x0000027259930000)

Polling page: 0x0000027245450000

Metaspace:

Usage:
  Non-class:     48.23 MB used.
      Class:      5.88 MB used.
       Both:     54.11 MB used.

Virtual space:
  Non-class space:       64.00 MB reserved,      48.88 MB ( 76%) committed,  1 nodes.
      Class space:        1.00 GB reserved,       6.31 MB ( <1%) committed,  1 nodes.
             Both:        1.06 GB reserved,      55.19 MB (  5%) committed. 

Chunk freelists:
   Non-Class:  15.11 MB
       Class:  9.72 MB
        Both:  24.83 MB

MaxMetaspaceSize: unlimited
CompressedClassSpaceSize: 1.00 GB
Initial GC threshold: 21.00 MB
Current GC threshold: 89.50 MB
CDS: off
MetaspaceReclaimPolicy: balanced
 - commit_granule_bytes: 65536.
 - commit_granule_words: 8192.
 - virtual_space_node_default_size: 8388608.
 - enlarge_chunks_in_place: 1.
 - new_chunks_are_fully_committed: 0.
 - uncommit_free_chunks: 1.
 - use_allocation_guard: 0.
 - handle_deallocations: 1.


Internal statistics:

num_allocs_failed_limit: 8.
num_arena_births: 490.
num_arena_deaths: 14.
num_vsnodes_births: 2.
num_vsnodes_deaths: 0.
num_space_committed: 883.
num_space_uncommitted: 0.
num_chunks_returned_to_freelist: 22.
num_chunks_taken_from_freelist: 2571.
num_chunk_merges: 10.
num_chunk_splits: 1629.
num_chunks_enlarged: 1007.
num_inconsistent_stats: 0.

CodeHeap 'non-profiled nmethods': size=120000Kb used=3961Kb max_used=3961Kb free=116038Kb
 bounds [0x0000027250400000, 0x00000272507e0000, 0x0000027257930000]
CodeHeap 'profiled nmethods': size=120000Kb used=13726Kb max_used=13726Kb free=106273Kb
 bounds [0x0000027248930000, 0x00000272496a0000, 0x000002724fe60000]
CodeHeap 'non-nmethods': size=5760Kb used=1305Kb max_used=1390Kb free=4455Kb
 bounds [0x000002724fe60000, 0x00000272500d0000, 0x0000027250400000]
 total_blobs=7392 nmethods=6756 adapters=548
 compilation: enabled
              stopped_count=0, restarted_count=0
 full_count=0

Compilation events (20 events):
Event: 26.828 Thread 0x0000027259aff480 nmethod 7614 0x00000272507d8790 code [0x00000272507d8920, 0x00000272507d8ed8]
Event: 26.828 Thread 0x0000027259aff480 7616       4       org.eclipse.jdt.internal.compiler.ExtraFlags::getExtraFlags (94 bytes)
Event: 26.836 Thread 0x000002725ed03ec0 7617       2       java.net.URL::toString (5 bytes)
Event: 26.837 Thread 0x000002725ed03ec0 nmethod 7617 0x0000027249690510 code [0x00000272496906a0, 0x00000272496907c8]
Event: 26.879 Thread 0x000002725ed03ec0 7619       3       java.util.zip.ZipFile$Source::initCEN (591 bytes)
Event: 26.887 Thread 0x000002725ed03ec0 nmethod 7619 0x0000027249690890 code [0x0000027249690da0, 0x0000027249693dd8]
Event: 26.944 Thread 0x0000027259aff480 nmethod 7616 0x00000272507d9210 code [0x00000272507d9420, 0x00000272507da9f8]
Event: 26.944 Thread 0x0000027259aff480 7618 %     4       java.util.jar.JarFile::match @ 14 (132 bytes)
Event: 26.952 Thread 0x0000027259aff480 nmethod 7618% 0x00000272507db890 code [0x00000272507dba20, 0x00000272507dbdd8]
Event: 26.952 Thread 0x0000027259aff480 7615       4       org.eclipse.jdt.internal.core.search.JavaSearchParticipant::indexDocument (89 bytes)
Event: 26.988 Thread 0x0000027259aff480 nmethod 7615 0x00000272507dc090 code [0x00000272507dc2a0, 0x00000272507dd200]
Event: 27.010 Thread 0x0000027259aff480 7620   !   4       java.util.zip.ZipFile$Source::readFullyAt (74 bytes)
Event: 27.013 Thread 0x000002725ed03ec0 7624       2       java.util.zip.ZipUtils::CENSIG (8 bytes)
Event: 27.013 Thread 0x000002725ed03ec0 nmethod 7624 0x0000027249695190 code [0x0000027249695320, 0x00000272496954d8]
Event: 27.013 Thread 0x000002725ed03ec0 7625   !   3       java.util.zip.ZipFile$Source::checkAndAddEntry (262 bytes)
Event: 27.015 Thread 0x0000027259aff480 nmethod 7620 0x00000272507dde10 code [0x00000272507ddfc0, 0x00000272507de438]
Event: 27.015 Thread 0x0000027259aff480 7622 %     4       java.util.zip.ZipFile$Source::initCEN @ 240 (591 bytes)
Event: 27.016 Thread 0x000002725ed03ec0 nmethod 7625 0x0000027249695610 code [0x00000272496959e0, 0x0000027249697248]
Event: 27.016 Thread 0x000002725ed03ec0 7627       3       java.util.zip.ZipFile$Source::isMetaName (141 bytes)
Event: 27.016 Thread 0x000002725ed03ec0 nmethod 7627 0x0000027249697f90 code [0x0000027249698140, 0x0000027249698658]

GC Heap History (20 events):
Event: 25.439 GC heap before
{Heap before GC invocations=87 (full 7):
 PSYoungGen      total 9728K, used 9700K [0x00000000eab00000, 0x00000000eba00000, 0x0000000100000000)
  eden space 7168K, 100% used [0x00000000eab00000,0x00000000eb200000,0x00000000eb200000)
  from space 2560K, 98% used [0x00000000eb580000,0x00000000eb7f91d0,0x00000000eb800000)
  to   space 3584K, 0% used [0x00000000eb200000,0x00000000eb200000,0x00000000eb580000)
 ParOldGen       total 206848K, used 184249K [0x00000000c0000000, 0x00000000cca00000, 0x00000000eab00000)
  object space 206848K, 89% used [0x00000000c0000000,0x00000000cb3ee4f0,0x00000000cca00000)
 Metaspace       used 54063K, committed 55040K, reserved 1114112K
  class space    used 5788K, committed 6144K, reserved 1048576K
}
Event: 25.448 GC heap after
{Heap after GC invocations=87 (full 7):
 PSYoungGen      total 8704K, used 1367K [0x00000000eab00000, 0x00000000eb700000, 0x0000000100000000)
  eden space 7168K, 0% used [0x00000000eab00000,0x00000000eab00000,0x00000000eb200000)
  from space 1536K, 89% used [0x00000000eb200000,0x00000000eb355e70,0x00000000eb380000)
  to   space 2048K, 0% used [0x00000000eb500000,0x00000000eb500000,0x00000000eb700000)
 ParOldGen       total 206848K, used 186821K [0x00000000c0000000, 0x00000000cca00000, 0x00000000eab00000)
  object space 206848K, 90% used [0x00000000c0000000,0x00000000cb671448,0x00000000cca00000)
 Metaspace       used 54063K, committed 55040K, reserved 1114112K
  class space    used 5788K, committed 6144K, reserved 1048576K
}
Event: 25.535 GC heap before
{Heap before GC invocations=88 (full 7):
 PSYoungGen      total 8704K, used 8535K [0x00000000eab00000, 0x00000000eb700000, 0x0000000100000000)
  eden space 7168K, 100% used [0x00000000eab00000,0x00000000eb200000,0x00000000eb200000)
  from space 1536K, 89% used [0x00000000eb200000,0x00000000eb355e70,0x00000000eb380000)
  to   space 2048K, 0% used [0x00000000eb500000,0x00000000eb500000,0x00000000eb700000)
 ParOldGen       total 206848K, used 186821K [0x00000000c0000000, 0x00000000cca00000, 0x00000000eab00000)
  object space 206848K, 90% used [0x00000000c0000000,0x00000000cb671448,0x00000000cca00000)
 Metaspace       used 54219K, committed 55296K, reserved 1114112K
  class space    used 5813K, committed 6272K, reserved 1048576K
}
Event: 25.546 GC heap after
{Heap after GC invocations=88 (full 7):
 PSYoungGen      total 9216K, used 2032K [0x00000000eab00000, 0x00000000eb900000, 0x0000000100000000)
  eden space 7168K, 0% used [0x00000000eab00000,0x00000000eab00000,0x00000000eb200000)
  from space 2048K, 99% used [0x00000000eb500000,0x00000000eb6fc010,0x00000000eb700000)
  to   space 3072K, 0% used [0x00000000eb200000,0x00000000eb200000,0x00000000eb500000)
 ParOldGen       total 206848K, used 187583K [0x00000000c0000000, 0x00000000cca00000, 0x00000000eab00000)
  object space 206848K, 90% used [0x00000000c0000000,0x00000000cb72fda8,0x00000000cca00000)
 Metaspace       used 54219K, committed 55296K, reserved 1114112K
  class space    used 5813K, committed 6272K, reserved 1048576K
}
Event: 25.597 GC heap before
{Heap before GC invocations=89 (full 7):
 PSYoungGen      total 9216K, used 9200K [0x00000000eab00000, 0x00000000eb900000, 0x0000000100000000)
  eden space 7168K, 100% used [0x00000000eab00000,0x00000000eb200000,0x00000000eb200000)
  from space 2048K, 99% used [0x00000000eb500000,0x00000000eb6fc010,0x00000000eb700000)
  to   space 3072K, 0% used [0x00000000eb200000,0x00000000eb200000,0x00000000eb500000)
 ParOldGen       total 206848K, used 187583K [0x00000000c0000000, 0x00000000cca00000, 0x00000000eab00000)
  object space 206848K, 90% used [0x00000000c0000000,0x00000000cb72fda8,0x00000000cca00000)
 Metaspace       used 54393K, committed 55488K, reserved 1114112K
  class space    used 5847K, committed 6272K, reserved 1048576K
}
Event: 25.605 GC heap after
{Heap after GC invocations=89 (full 7):
 PSYoungGen      total 10240K, used 1295K [0x00000000eab00000, 0x00000000eb700000, 0x0000000100000000)
  eden space 7168K, 0% used [0x00000000eab00000,0x00000000eab00000,0x00000000eb200000)
  from space 3072K, 42% used [0x00000000eb200000,0x00000000eb343ee8,0x00000000eb500000)
  to   space 2048K, 0% used [0x00000000eb500000,0x00000000eb500000,0x00000000eb700000)
 ParOldGen       total 206848K, used 189627K [0x00000000c0000000, 0x00000000cca00000, 0x00000000eab00000)
  object space 206848K, 91% used [0x00000000c0000000,0x00000000cb92ed40,0x00000000cca00000)
 Metaspace       used 54393K, committed 55488K, reserved 1114112K
  class space    used 5847K, committed 6272K, reserved 1048576K
}
Event: 25.679 GC heap before
{Heap before GC invocations=90 (full 7):
 PSYoungGen      total 10240K, used 8463K [0x00000000eab00000, 0x00000000eb700000, 0x0000000100000000)
  eden space 7168K, 100% used [0x00000000eab00000,0x00000000eb200000,0x00000000eb200000)
  from space 3072K, 42% used [0x00000000eb200000,0x00000000eb343ee8,0x00000000eb500000)
  to   space 2048K, 0% used [0x00000000eb500000,0x00000000eb500000,0x00000000eb700000)
 ParOldGen       total 206848K, used 189627K [0x00000000c0000000, 0x00000000cca00000, 0x00000000eab00000)
  object space 206848K, 91% used [0x00000000c0000000,0x00000000cb92ed40,0x00000000cca00000)
 Metaspace       used 54607K, committed 55680K, reserved 1114112K
  class space    used 5887K, committed 6336K, reserved 1048576K
}
Event: 25.684 GC heap after
{Heap after GC invocations=90 (full 7):
 PSYoungGen      total 9216K, used 2030K [0x00000000eab00000, 0x00000000eb900000, 0x0000000100000000)
  eden space 7168K, 0% used [0x00000000eab00000,0x00000000eab00000,0x00000000eb200000)
  from space 2048K, 99% used [0x00000000eb500000,0x00000000eb6fbbb0,0x00000000eb700000)
  to   space 3072K, 0% used [0x00000000eb200000,0x00000000eb200000,0x00000000eb500000)
 ParOldGen       total 206848K, used 190043K [0x00000000c0000000, 0x00000000cca00000, 0x00000000eab00000)
  object space 206848K, 91% used [0x00000000c0000000,0x00000000cb996d40,0x00000000cca00000)
 Metaspace       used 54607K, committed 55680K, reserved 1114112K
  class space    used 5887K, committed 6336K, reserved 1048576K
}
Event: 25.830 GC heap before
{Heap before GC invocations=91 (full 7):
 PSYoungGen      total 9216K, used 9198K [0x00000000eab00000, 0x00000000eb900000, 0x0000000100000000)
  eden space 7168K, 100% used [0x00000000eab00000,0x00000000eb200000,0x00000000eb200000)
  from space 2048K, 99% used [0x00000000eb500000,0x00000000eb6fbbb0,0x00000000eb700000)
  to   space 3072K, 0% used [0x00000000eb200000,0x00000000eb200000,0x00000000eb500000)
 ParOldGen       total 206848K, used 190043K [0x00000000c0000000, 0x00000000cca00000, 0x00000000eab00000)
  object space 206848K, 91% used [0x00000000c0000000,0x00000000cb996d40,0x00000000cca00000)
 Metaspace       used 55002K, committed 56128K, reserved 1114112K
  class space    used 5959K, committed 6400K, reserved 1048576K
}
Event: 25.837 GC heap after
{Heap after GC invocations=91 (full 7):
 PSYoungGen      total 8192K, used 856K [0x00000000eab00000, 0x00000000eb600000, 0x0000000100000000)
  eden space 7168K, 0% used [0x00000000eab00000,0x00000000eab00000,0x00000000eb200000)
  from space 1024K, 83% used [0x00000000eb200000,0x00000000eb2d63c8,0x00000000eb300000)
  to   space 1536K, 0% used [0x00000000eb480000,0x00000000eb480000,0x00000000eb600000)
 ParOldGen       total 206848K, used 192090K [0x00000000c0000000, 0x00000000cca00000, 0x00000000eab00000)
  object space 206848K, 92% used [0x00000000c0000000,0x00000000cbb968e8,0x00000000cca00000)
 Metaspace       used 55002K, committed 56128K, reserved 1114112K
  class space    used 5959K, committed 6400K, reserved 1048576K
}
Event: 26.318 GC heap before
{Heap before GC invocations=92 (full 7):
 PSYoungGen      total 8192K, used 8024K [0x00000000eab00000, 0x00000000eb600000, 0x0000000100000000)
  eden space 7168K, 100% used [0x00000000eab00000,0x00000000eb200000,0x00000000eb200000)
  from space 1024K, 83% used [0x00000000eb200000,0x00000000eb2d63c8,0x00000000eb300000)
  to   space 1536K, 0% used [0x00000000eb480000,0x00000000eb480000,0x00000000eb600000)
 ParOldGen       total 206848K, used 192090K [0x00000000c0000000, 0x00000000cca00000, 0x00000000eab00000)
  object space 206848K, 92% used [0x00000000c0000000,0x00000000cbb968e8,0x00000000cca00000)
 Metaspace       used 55262K, committed 56384K, reserved 1114112K
  class space    used 5996K, committed 6464K, reserved 1048576K
}
Event: 26.321 GC heap after
{Heap after GC invocations=92 (full 7):
 PSYoungGen      total 8704K, used 1534K [0x00000000eab00000, 0x00000000eb700000, 0x0000000100000000)
  eden space 7168K, 0% used [0x00000000eab00000,0x00000000eab00000,0x00000000eb200000)
  from space 1536K, 99% used [0x00000000eb480000,0x00000000eb5ffb00,0x00000000eb600000)
  to   space 2560K, 0% used [0x00000000eb200000,0x00000000eb200000,0x00000000eb480000)
 ParOldGen       total 206848K, used 192524K [0x00000000c0000000, 0x00000000cca00000, 0x00000000eab00000)
  object space 206848K, 93% used [0x00000000c0000000,0x00000000cbc033c0,0x00000000cca00000)
 Metaspace       used 55262K, committed 56384K, reserved 1114112K
  class space    used 5996K, committed 6464K, reserved 1048576K
}
Event: 26.454 GC heap before
{Heap before GC invocations=93 (full 7):
 PSYoungGen      total 8704K, used 8702K [0x00000000eab00000, 0x00000000eb700000, 0x0000000100000000)
  eden space 7168K, 100% used [0x00000000eab00000,0x00000000eb200000,0x00000000eb200000)
  from space 1536K, 99% used [0x00000000eb480000,0x00000000eb5ffb00,0x00000000eb600000)
  to   space 2560K, 0% used [0x00000000eb200000,0x00000000eb200000,0x00000000eb480000)
 ParOldGen       total 206848K, used 192524K [0x00000000c0000000, 0x00000000cca00000, 0x00000000eab00000)
  object space 206848K, 93% used [0x00000000c0000000,0x00000000cbc033c0,0x00000000cca00000)
 Metaspace       used 55383K, committed 56448K, reserved 1114112K
  class space    used 6015K, committed 6464K, reserved 1048576K
}
Event: 26.458 GC heap after
{Heap after GC invocations=93 (full 7):
 PSYoungGen      total 8704K, used 1292K [0x00000000eab00000, 0x00000000eb600000, 0x0000000100000000)
  eden space 7168K, 0% used [0x00000000eab00000,0x00000000eab00000,0x00000000eb200000)
  from space 1536K, 84% used [0x00000000eb200000,0x00000000eb343090,0x00000000eb380000)
  to   space 2048K, 0% used [0x00000000eb400000,0x00000000eb400000,0x00000000eb600000)
 ParOldGen       total 206848K, used 194006K [0x00000000c0000000, 0x00000000cca00000, 0x00000000eab00000)
  object space 206848K, 93% used [0x00000000c0000000,0x00000000cbd75ad0,0x00000000cca00000)
 Metaspace       used 55383K, committed 56448K, reserved 1114112K
  class space    used 6015K, committed 6464K, reserved 1048576K
}
Event: 26.672 GC heap before
{Heap before GC invocations=94 (full 7):
 PSYoungGen      total 8704K, used 8460K [0x00000000eab00000, 0x00000000eb600000, 0x0000000100000000)
  eden space 7168K, 100% used [0x00000000eab00000,0x00000000eb200000,0x00000000eb200000)
  from space 1536K, 84% used [0x00000000eb200000,0x00000000eb343090,0x00000000eb380000)
  to   space 2048K, 0% used [0x00000000eb400000,0x00000000eb400000,0x00000000eb600000)
 ParOldGen       total 206848K, used 194006K [0x00000000c0000000, 0x00000000cca00000, 0x00000000eab00000)
  object space 206848K, 93% used [0x00000000c0000000,0x00000000cbd75ad0,0x00000000cca00000)
 Metaspace       used 55385K, committed 56448K, reserved 1114112K
  class space    used 6015K, committed 6464K, reserved 1048576K
}
Event: 26.676 GC heap after
{Heap after GC invocations=94 (full 7):
 PSYoungGen      total 6656K, used 2041K [0x00000000eab00000, 0x00000000ebb00000, 0x0000000100000000)
  eden space 4608K, 0% used [0x00000000eab00000,0x00000000eab00000,0x00000000eaf80000)
  from space 2048K, 99% used [0x00000000eb400000,0x00000000eb5fe5c0,0x00000000eb600000)
  to   space 4608K, 0% used [0x00000000eaf80000,0x00000000eaf80000,0x00000000eb400000)
 ParOldGen       total 206848K, used 195703K [0x00000000c0000000, 0x00000000cca00000, 0x00000000eab00000)
  object space 206848K, 94% used [0x00000000c0000000,0x00000000cbf1dda0,0x00000000cca00000)
 Metaspace       used 55385K, committed 56448K, reserved 1114112K
  class space    used 6015K, committed 6464K, reserved 1048576K
}
Event: 26.787 GC heap before
{Heap before GC invocations=95 (full 7):
 PSYoungGen      total 6656K, used 6632K [0x00000000eab00000, 0x00000000ebb00000, 0x0000000100000000)
  eden space 4608K, 99% used [0x00000000eab00000,0x00000000eaf7bbd8,0x00000000eaf80000)
  from space 2048K, 99% used [0x00000000eb400000,0x00000000eb5fe5c0,0x00000000eb600000)
  to   space 4608K, 0% used [0x00000000eaf80000,0x00000000eaf80000,0x00000000eb400000)
 ParOldGen       total 206848K, used 195703K [0x00000000c0000000, 0x00000000cca00000, 0x00000000eab00000)
  object space 206848K, 94% used [0x00000000c0000000,0x00000000cbf1dda0,0x00000000cca00000)
 Metaspace       used 55406K, committed 56512K, reserved 1114112K
  class space    used 6020K, committed 6464K, reserved 1048576K
}
Event: 26.791 GC heap after
{Heap after GC invocations=95 (full 7):
 PSYoungGen      total 6656K, used 1805K [0x00000000eab00000, 0x00000000eb480000, 0x0000000100000000)
  eden space 4608K, 0% used [0x00000000eab00000,0x00000000eab00000,0x00000000eaf80000)
  from space 2048K, 88% used [0x00000000eaf80000,0x00000000eb143638,0x00000000eb180000)
  to   space 2560K, 0% used [0x00000000eb200000,0x00000000eb200000,0x00000000eb480000)
 ParOldGen       total 206848K, used 197731K [0x00000000c0000000, 0x00000000cca00000, 0x00000000eab00000)
  object space 206848K, 95% used [0x00000000c0000000,0x00000000cc118cb8,0x00000000cca00000)
 Metaspace       used 55406K, committed 56512K, reserved 1114112K
  class space    used 6020K, committed 6464K, reserved 1048576K
}
Event: 27.030 GC heap before
{Heap before GC invocations=96 (full 7):
 PSYoungGen      total 6656K, used 6413K [0x00000000eab00000, 0x00000000eb480000, 0x0000000100000000)
  eden space 4608K, 100% used [0x00000000eab00000,0x00000000eaf80000,0x00000000eaf80000)
  from space 2048K, 88% used [0x00000000eaf80000,0x00000000eb143638,0x00000000eb180000)
  to   space 2560K, 0% used [0x00000000eb200000,0x00000000eb200000,0x00000000eb480000)
 ParOldGen       total 206848K, used 200821K [0x00000000c0000000, 0x00000000cca00000, 0x00000000eab00000)
  object space 206848K, 97% used [0x00000000c0000000,0x00000000cc41d678,0x00000000cca00000)
 Metaspace       used 55407K, committed 56512K, reserved 1114112K
  class space    used 6020K, committed 6464K, reserved 1048576K
}
Event: 27.033 GC heap after
{Heap after GC invocations=96 (full 7):
 PSYoungGen      total 7168K, used 2546K [0x00000000eab00000, 0x00000000eb480000, 0x0000000100000000)
  eden space 4608K, 0% used [0x00000000eab00000,0x00000000eab00000,0x00000000eaf80000)
  from space 2560K, 99% used [0x00000000eb200000,0x00000000eb47cba8,0x00000000eb480000)
  to   space 2048K, 0% used [0x00000000eaf80000,0x00000000eaf80000,0x00000000eb180000)
 ParOldGen       total 206848K, used 201745K [0x00000000c0000000, 0x00000000cca00000, 0x00000000eab00000)
  object space 206848K, 97% used [0x00000000c0000000,0x00000000cc5046e0,0x00000000cca00000)
 Metaspace       used 55407K, committed 56512K, reserved 1114112K
  class space    used 6020K, committed 6464K, reserved 1048576K
}

Dll operation events (10 events):
Event: 0.031 Loaded shared library c:\Users\Hp\.vscode\extensions\redhat.java-1.26.0-win32-x64\jre\17.0.9-win32-x86_64\bin\java.dll
Event: 0.529 Loaded shared library c:\Users\Hp\.vscode\extensions\redhat.java-1.26.0-win32-x64\jre\17.0.9-win32-x86_64\bin\zip.dll
Event: 0.533 Loaded shared library C:\Users\Hp\.vscode\extensions\redhat.java-1.26.0-win32-x64\jre\17.0.9-win32-x86_64\bin\instrument.dll
Event: 0.570 Loaded shared library C:\Users\Hp\.vscode\extensions\redhat.java-1.26.0-win32-x64\jre\17.0.9-win32-x86_64\bin\net.dll
Event: 0.574 Loaded shared library C:\Users\Hp\.vscode\extensions\redhat.java-1.26.0-win32-x64\jre\17.0.9-win32-x86_64\bin\nio.dll
Event: 0.583 Loaded shared library C:\Users\Hp\.vscode\extensions\redhat.java-1.26.0-win32-x64\jre\17.0.9-win32-x86_64\bin\zip.dll
Event: 0.678 Loaded shared library C:\Users\Hp\.vscode\extensions\redhat.java-1.26.0-win32-x64\jre\17.0.9-win32-x86_64\bin\jimage.dll
Event: 0.943 Loaded shared library c:\Users\Hp\.vscode\extensions\redhat.java-1.26.0-win32-x64\jre\17.0.9-win32-x86_64\bin\verify.dll
Event: 3.863 Loaded shared library C:\Users\Hp\AppData\Roaming\Code\User\globalStorage\redhat.java\1.26.0\config_win\org.eclipse.equinox.launcher\org.eclipse.equinox.launcher.win32.win32.x86_64_1.2.800.v20231003-1442\eclipse_11802.dll
Event: 12.676 Loaded shared library C:\Users\Hp\AppData\Local\Temp\jna-2344\jna8587020644036281377.dll

Deoptimization events (20 events):
Event: 26.893 Thread 0x000002726148ecb0 DEOPT PACKING pc=0x00000272491ee20a sp=0x0000009d750fdc90
Event: 26.893 Thread 0x000002726148ecb0 DEOPT UNPACKING pc=0x000002724feb6e43 sp=0x0000009d750fd210 mode 0
Event: 27.011 Thread 0x000002726148ecb0 DEOPT PACKING pc=0x0000027248c8f9bd sp=0x0000009d750fdc50
Event: 27.011 Thread 0x000002726148ecb0 DEOPT UNPACKING pc=0x000002724feb6e43 sp=0x0000009d750fd0d8 mode 0
Event: 27.013 Thread 0x000002726148ecb0 Uncommon trap: trap_request=0xffffff45 fr.pc=0x00000272504be8fc relative=0x000000000000043c
Event: 27.013 Thread 0x000002726148ecb0 Uncommon trap: reason=unstable_if action=reinterpret pc=0x00000272504be8fc method=java.util.zip.ZipCoder$UTF8ZipCoder.checkedHash([BII)I @ 27 c2
Event: 27.013 Thread 0x000002726148ecb0 DEOPT PACKING pc=0x00000272504be8fc sp=0x0000009d750fdc40
Event: 27.013 Thread 0x000002726148ecb0 DEOPT UNPACKING pc=0x000002724feb66a3 sp=0x0000009d750fdb08 mode 2
Event: 27.013 Thread 0x000002726148ecb0 Uncommon trap: trap_request=0xffffff45 fr.pc=0x00000272504c9988 relative=0x00000000000004e8
Event: 27.013 Thread 0x000002726148ecb0 Uncommon trap: reason=unstable_if action=reinterpret pc=0x00000272504c9988 method=java.lang.String.newStringUTF8NoRepl([BII)Ljava/lang/String; @ 26 c2
Event: 27.013 Thread 0x000002726148ecb0 DEOPT PACKING pc=0x00000272504c9988 sp=0x0000009d750fda40
Event: 27.013 Thread 0x000002726148ecb0 DEOPT UNPACKING pc=0x000002724feb66a3 sp=0x0000009d750fda00 mode 2
Event: 27.013 Thread 0x000002726148ecb0 Uncommon trap: trap_request=0xffffff45 fr.pc=0x0000027250576e9c relative=0x00000000000001fc
Event: 27.013 Thread 0x000002726148ecb0 Uncommon trap: reason=unstable_if action=reinterpret pc=0x0000027250576e9c method=java.lang.String.hashCode()I @ 20 c2
Event: 27.013 Thread 0x000002726148ecb0 DEOPT PACKING pc=0x0000027250576e9c sp=0x0000009d750fdaf0
Event: 27.013 Thread 0x000002726148ecb0 DEOPT UNPACKING pc=0x000002724feb66a3 sp=0x0000009d750fda28 mode 2
Event: 27.013 Thread 0x000002726148ecb0 Uncommon trap: trap_request=0xffffff45 fr.pc=0x00000272504bfc30 relative=0x0000000000000190
Event: 27.013 Thread 0x000002726148ecb0 Uncommon trap: reason=unstable_if action=reinterpret pc=0x00000272504bfc30 method=java.util.zip.ZipFile$Source.isMetaName([BII)Z @ 57 c2
Event: 27.013 Thread 0x000002726148ecb0 DEOPT PACKING pc=0x00000272504bfc30 sp=0x0000009d750fdc50
Event: 27.013 Thread 0x000002726148ecb0 DEOPT UNPACKING pc=0x000002724feb66a3 sp=0x0000009d750fdbe0 mode 2

Classes unloaded (7 events):
Event: 12.249 Thread 0x0000027245d4eaa0 Unloading class 0x000000010024a400 'java/lang/invoke/LambdaForm$MH+0x000000010024a400'
Event: 12.249 Thread 0x0000027245d4eaa0 Unloading class 0x000000010024a000 'java/lang/invoke/LambdaForm$MH+0x000000010024a000'
Event: 12.249 Thread 0x0000027245d4eaa0 Unloading class 0x0000000100249c00 'java/lang/invoke/LambdaForm$MH+0x0000000100249c00'
Event: 12.249 Thread 0x0000027245d4eaa0 Unloading class 0x0000000100249800 'java/lang/invoke/LambdaForm$MH+0x0000000100249800'
Event: 12.249 Thread 0x0000027245d4eaa0 Unloading class 0x0000000100249400 'java/lang/invoke/LambdaForm$BMH+0x0000000100249400'
Event: 12.249 Thread 0x0000027245d4eaa0 Unloading class 0x0000000100249000 'java/lang/invoke/LambdaForm$DMH+0x0000000100249000'
Event: 12.249 Thread 0x0000027245d4eaa0 Unloading class 0x0000000100244400 'java/lang/invoke/LambdaForm$DMH+0x0000000100244400'

Classes redefined (0 events):
No events

Internal exceptions (20 events):
Event: 25.439 Thread 0x000002725f14a3d0 Exception <a 'sun/nio/fs/WindowsException'{0x00000000eb1f6730}> (0x00000000eb1f6730) 
thrown [s\src\hotspot\share\prims\jni.cpp, line 516]
Event: 25.439 Thread 0x000002725f14a3d0 Exception <a 'sun/nio/fs/WindowsException'{0x00000000eb1f6d28}> (0x00000000eb1f6d28) 
thrown [s\src\hotspot\share\prims\jni.cpp, line 516]
Event: 25.450 Thread 0x000002725f14a3d0 Exception <a 'sun/nio/fs/WindowsException'{0x00000000eab00ae0}> (0x00000000eab00ae0) 
thrown [s\src\hotspot\share\prims\jni.cpp, line 516]
Event: 25.451 Thread 0x000002725f14a3d0 Exception <a 'sun/nio/fs/WindowsException'{0x00000000eab010f0}> (0x00000000eab010f0) 
thrown [s\src\hotspot\share\prims\jni.cpp, line 516]
Event: 25.451 Thread 0x000002725f14a3d0 Exception <a 'sun/nio/fs/WindowsException'{0x00000000eab26c90}> (0x00000000eab26c90) 
thrown [s\src\hotspot\share\prims\jni.cpp, line 516]
Event: 25.451 Thread 0x000002725f14a3d0 Exception <a 'sun/nio/fs/WindowsException'{0x00000000eab272b8}> (0x00000000eab272b8) 
thrown [s\src\hotspot\share\prims\jni.cpp, line 516]
Event: 25.451 Thread 0x000002725f14a3d0 Exception <a 'sun/nio/fs/WindowsException'{0x00000000eab278e0}> (0x00000000eab278e0) 
thrown [s\src\hotspot\share\prims\jni.cpp, line 516]
Event: 25.452 Thread 0x000002725f14a3d0 Exception <a 'sun/nio/fs/WindowsException'{0x00000000eab27f20}> (0x00000000eab27f20) 
thrown [s\src\hotspot\share\prims\jni.cpp, line 516]
Event: 25.452 Thread 0x000002725f14a3d0 Exception <a 'sun/nio/fs/WindowsException'{0x00000000eab2ca88}> (0x00000000eab2ca88) 
thrown [s\src\hotspot\share\prims\jni.cpp, line 516]
Event: 25.452 Thread 0x000002725f14a3d0 Exception <a 'sun/nio/fs/WindowsException'{0x00000000eab2d090}> (0x00000000eab2d090) 
thrown [s\src\hotspot\share\prims\jni.cpp, line 516]
Event: 25.452 Thread 0x000002725f14a3d0 Exception <a 'sun/nio/fs/WindowsException'{0x00000000eab2d698}> (0x00000000eab2d698) 
thrown [s\src\hotspot\share\prims\jni.cpp, line 516]
Event: 25.452 Thread 0x000002725f14a3d0 Exception <a 'sun/nio/fs/WindowsException'{0x00000000eab2dcc0}> (0x00000000eab2dcc0) 
thrown [s\src\hotspot\share\prims\jni.cpp, line 516]
Event: 25.453 Thread 0x000002725f14a3d0 Exception <a 'sun/nio/fs/WindowsException'{0x00000000eab53018}> (0x00000000eab53018) 
thrown [s\src\hotspot\share\prims\jni.cpp, line 516]
Event: 25.453 Thread 0x000002725f14a3d0 Exception <a 'sun/nio/fs/WindowsException'{0x00000000eab535e0}> (0x00000000eab535e0) 
thrown [s\src\hotspot\share\prims\jni.cpp, line 516]
Event: 25.453 Thread 0x000002725f14a3d0 Exception <a 'sun/nio/fs/WindowsException'{0x00000000eab53e00}> (0x00000000eab53e00) 
thrown [s\src\hotspot\share\prims\jni.cpp, line 516]
Event: 25.453 Thread 0x000002725f14a3d0 Exception <a 'sun/nio/fs/WindowsException'{0x00000000eab543e0}> (0x00000000eab543e0) 
thrown [s\src\hotspot\share\prims\jni.cpp, line 516]
Event: 25.454 Thread 0x000002725f14a3d0 Exception <a 'sun/nio/fs/WindowsException'{0x00000000eab7cd10}> (0x00000000eab7cd10) 
thrown [s\src\hotspot\share\prims\jni.cpp, line 516]
Event: 25.454 Thread 0x000002725f14a3d0 Exception <a 'sun/nio/fs/WindowsException'{0x00000000eab7d2c0}> (0x00000000eab7d2c0) 
thrown [s\src\hotspot\share\prims\jni.cpp, line 516]
Event: 25.454 Thread 0x000002725f14a3d0 Exception <a 'sun/nio/fs/WindowsException'{0x00000000eab7d878}> (0x00000000eab7d878) 
thrown [s\src\hotspot\share\prims\jni.cpp, line 516]
Event: 25.454 Thread 0x000002725f14a3d0 Exception <a 'sun/nio/fs/WindowsException'{0x00000000eab7de40}> (0x00000000eab7de40) 
thrown [s\src\hotspot\share\prims\jni.cpp, line 516]

VM Operations (20 events):
Event: 25.534 Executing VM operation: ParallelGCFailedAllocation
Event: 25.547 Executing VM operation: ParallelGCFailedAllocation done
Event: 25.597 Executing VM operation: ParallelGCFailedAllocation
Event: 25.613 Executing VM operation: ParallelGCFailedAllocation done
Event: 25.679 Executing VM operation: ParallelGCFailedAllocation
Event: 25.684 Executing VM operation: ParallelGCFailedAllocation done
Event: 25.830 Executing VM operation: ParallelGCFailedAllocation
Event: 25.840 Executing VM operation: ParallelGCFailedAllocation done
Event: 26.317 Executing VM operation: ParallelGCFailedAllocation
Event: 26.328 Executing VM operation: ParallelGCFailedAllocation done
Event: 26.349 Executing VM operation: HandshakeAllThreads
Event: 26.350 Executing VM operation: HandshakeAllThreads done
Event: 26.454 Executing VM operation: ParallelGCFailedAllocation
Event: 26.461 Executing VM operation: ParallelGCFailedAllocation done
Event: 26.672 Executing VM operation: ParallelGCFailedAllocation
Event: 26.678 Executing VM operation: ParallelGCFailedAllocation done
Event: 26.780 Executing VM operation: ParallelGCFailedAllocation
Event: 26.794 Executing VM operation: ParallelGCFailedAllocation done
Event: 27.030 Executing VM operation: ParallelGCFailedAllocation
Event: 27.033 Executing VM operation: ParallelGCFailedAllocation done

Events (20 events):
Event: 23.030 Thread 0x000002725ed0afb0 flushing nmethod 0x00000272494bd590
Event: 23.030 Thread 0x000002725ed0afb0 flushing nmethod 0x00000272494c9090
Event: 25.470 loading class java/nio/file/FileChannelLinesSpliterator
Event: 25.471 loading class java/nio/file/FileChannelLinesSpliterator done
Event: 25.472 loading class java/util/stream/Streams$1
Event: 25.472 loading class java/util/stream/Streams$1 done
Event: 25.477 loading class java/nio/file/FileChannelLinesSpliterator$1
Event: 25.477 loading class java/nio/file/FileChannelLinesSpliterator$1 done
Event: 25.583 Thread 0x000002726148e7a0 Thread added: 0x000002726148e7a0
Event: 25.633 loading class java/util/concurrent/CopyOnWriteArraySet
Event: 25.634 loading class java/util/concurrent/CopyOnWriteArraySet done
Event: 25.753 loading class java/util/concurrent/ArrayBlockingQueue
Event: 25.753 loading class java/util/concurrent/ArrayBlockingQueue done
Event: 25.784 Thread 0x000002726148ecb0 Thread added: 0x000002726148ecb0
Event: 26.331 loading class java/io/FileFilter
Event: 26.331 loading class java/io/FileFilter done
Event: 26.379 loading class java/util/concurrent/ConcurrentHashMap$ValueSpliterator
Event: 26.379 loading class java/util/concurrent/ConcurrentHashMap$ValueSpliterator done
Event: 26.382 loading class jdk/internal/loader/BootLoader$PackageHelper
Event: 26.382 loading class jdk/internal/loader/BootLoader$PackageHelper done


Dynamic libraries:
0x00007ff7a5e20000 - 0x00007ff7a5e2e000 	c:\Users\Hp\.vscode\extensions\redhat.java-1.26.0-win32-x64\jre\17.0.9-win32-x86_64\bin\java.exe
0x00007ffbeac10000 - 0x00007ffbeae08000 	C:\Windows\SYSTEM32\ntdll.dll
0x00007ffbea100000 - 0x00007ffbea1bd000 	C:\Windows\System32\KERNEL32.DLL
0x00007ffbe87a0000 - 0x00007ffbe8a96000 	C:\Windows\System32\KERNELBASE.dll
0x00007ffbe8300000 - 0x00007ffbe8400000 	C:\Windows\System32\ucrtbase.dll
0x00007ffbd45d0000 - 0x00007ffbd45e7000 	c:\Users\Hp\.vscode\extensions\redhat.java-1.26.0-win32-x64\jre\17.0.9-win32-x86_64\bin\jli.dll
0x00007ffbea260000 - 0x00007ffbea3fe000 	C:\Windows\System32\USER32.dll
0x00007ffbe8400000 - 0x00007ffbe8422000 	C:\Windows\System32\win32u.dll
0x00007ffbe8e30000 - 0x00007ffbe8e5b000 	C:\Windows\System32\GDI32.dll
0x00007ffbe84d0000 - 0x00007ffbe85e7000 	C:\Windows\System32\gdi32full.dll
0x00007ffbe8430000 - 0x00007ffbe84cd000 	C:\Windows\System32\msvcp_win.dll
0x00007ffbd4040000 - 0x00007ffbd405b000 	c:\Users\Hp\.vscode\extensions\redhat.java-1.26.0-win32-x64\jre\17.0.9-win32-x86_64\bin\VCRUNTIME140.dll
0x00007ffbd5830000 - 0x00007ffbd5aca000 	C:\Windows\WinSxS\amd64_microsoft.windows.common-controls_6595b64144ccf1df_6.0.19041.3636_none_60b6a03d71f818d5\COMCTL32.dll
0x00007ffbe9920000 - 0x00007ffbe99be000 	C:\Windows\System32\msvcrt.dll
0x00007ffbe9e80000 - 0x00007ffbe9eb2000 	C:\Windows\System32\IMM32.DLL
0x00007ffbe2380000 - 0x00007ffbe238c000 	c:\Users\Hp\.vscode\extensions\redhat.java-1.26.0-win32-x64\jre\17.0.9-win32-x86_64\bin\vcruntime140_1.dll
0x00007ffbb4660000 - 0x00007ffbb46ed000 	c:\Users\Hp\.vscode\extensions\redhat.java-1.26.0-win32-x64\jre\17.0.9-win32-x86_64\bin\msvcp140.dll
0x00007ffba2b80000 - 0x00007ffba37e1000 	c:\Users\Hp\.vscode\extensions\redhat.java-1.26.0-win32-x64\jre\17.0.9-win32-x86_64\bin\server\jvm.dll
0x00007ffbe9dc0000 - 0x00007ffbe9e73000 	C:\Windows\System32\ADVAPI32.dll
0x00007ffbea1c0000 - 0x00007ffbea25f000 	C:\Windows\System32\sechost.dll
0x00007ffbe8fc0000 - 0x00007ffbe90e6000 	C:\Windows\System32\RPCRT4.dll
0x00007ffbe82d0000 - 0x00007ffbe82f7000 	C:\Windows\System32\bcrypt.dll
0x00007ffbe7820000 - 0x00007ffbe786b000 	C:\Windows\SYSTEM32\POWRPROF.dll
0x00007ffbcaf40000 - 0x00007ffbcaf49000 	C:\Windows\SYSTEM32\WSOCK32.dll
0x00007ffbe9ba0000 - 0x00007ffbe9c0b000 	C:\Windows\System32\WS2_32.dll
0x00007ffbc9500000 - 0x00007ffbc9527000 	C:\Windows\SYSTEM32\WINMM.dll
0x00007ffbd94b0000 - 0x00007ffbd94ba000 	C:\Windows\SYSTEM32\VERSION.dll
0x00007ffbe76e0000 - 0x00007ffbe76f2000 	C:\Windows\SYSTEM32\UMPDC.dll
0x00007ffbe6180000 - 0x00007ffbe6192000 	C:\Windows\SYSTEM32\kernel.appcore.dll
0x00007ffbe1730000 - 0x00007ffbe173a000 	c:\Users\Hp\.vscode\extensions\redhat.java-1.26.0-win32-x64\jre\17.0.9-win32-x86_64\bin\jimage.dll
0x00007ffbbeba0000 - 0x00007ffbbed84000 	C:\Windows\SYSTEM32\DBGHELP.DLL
0x00007ffbc7a00000 - 0x00007ffbc7a34000 	C:\Windows\SYSTEM32\dbgcore.DLL
0x00007ffbe8710000 - 0x00007ffbe8792000 	C:\Windows\System32\bcryptPrimitives.dll
0x00007ffbd8fd0000 - 0x00007ffbd8fde000 	c:\Users\Hp\.vscode\extensions\redhat.java-1.26.0-win32-x64\jre\17.0.9-win32-x86_64\bin\instrument.dll
0x00007ffbbc9c0000 - 0x00007ffbbc9e5000 	c:\Users\Hp\.vscode\extensions\redhat.java-1.26.0-win32-x64\jre\17.0.9-win32-x86_64\bin\java.dll
0x00007ffbbc900000 - 0x00007ffbbc918000 	c:\Users\Hp\.vscode\extensions\redhat.java-1.26.0-win32-x64\jre\17.0.9-win32-x86_64\bin\zip.dll
0x00007ffbea480000 - 0x00007ffbeabc5000 	C:\Windows\System32\SHELL32.dll
0x00007ffbe6380000 - 0x00007ffbe6b1c000 	C:\Windows\SYSTEM32\windows.storage.dll
0x00007ffbe95c0000 - 0x00007ffbe9914000 	C:\Windows\System32\combase.dll
0x00007ffbe7d00000 - 0x00007ffbe7d2e000 	C:\Windows\SYSTEM32\Wldp.dll
0x00007ffbe9ad0000 - 0x00007ffbe9b9d000 	C:\Windows\System32\OLEAUT32.dll
0x00007ffbe99c0000 - 0x00007ffbe9a6d000 	C:\Windows\System32\SHCORE.dll
0x00007ffbe9a70000 - 0x00007ffbe9ac5000 	C:\Windows\System32\shlwapi.dll
0x00007ffbe8200000 - 0x00007ffbe8225000 	C:\Windows\SYSTEM32\profapi.dll
0x00007ffbbc8d0000 - 0x00007ffbbc8e9000 	C:\Users\Hp\.vscode\extensions\redhat.java-1.26.0-win32-x64\jre\17.0.9-win32-x86_64\bin\net.dll
0x00007ffbdd680000 - 0x00007ffbdd78a000 	C:\Windows\SYSTEM32\WINHTTP.dll
0x00007ffbe7a60000 - 0x00007ffbe7aca000 	C:\Windows\system32\mswsock.dll
0x00007ffbbb3b0000 - 0x00007ffbbb3c6000 	C:\Users\Hp\.vscode\extensions\redhat.java-1.26.0-win32-x64\jre\17.0.9-win32-x86_64\bin\nio.dll
0x00007ffbd5f40000 - 0x00007ffbd5f50000 	c:\Users\Hp\.vscode\extensions\redhat.java-1.26.0-win32-x64\jre\17.0.9-win32-x86_64\bin\verify.dll
0x00007ffbb4840000 - 0x00007ffbb487e000 	C:\Users\Hp\AppData\Roaming\Code\User\globalStorage\redhat.java\1.26.0\config_win\org.eclipse.equinox.launcher\org.eclipse.equinox.launcher.win32.win32.x86_64_1.2.800.v20231003-1442\eclipse_11802.dll
0x00007ffbe9f70000 - 0x00007ffbea09b000 	C:\Windows\System32\ole32.dll
0x00007ffbe7c50000 - 0x00007ffbe7c68000 	C:\Windows\SYSTEM32\CRYPTSP.dll
0x00007ffbe7320000 - 0x00007ffbe7354000 	C:\Windows\system32\rsaenh.dll
0x00007ffbe8180000 - 0x00007ffbe81ae000 	C:\Windows\SYSTEM32\USERENV.dll
0x00007ffbe7c70000 - 0x00007ffbe7c7c000 	C:\Windows\SYSTEM32\CRYPTBASE.dll
0x00007ffbe7700000 - 0x00007ffbe773b000 	C:\Windows\SYSTEM32\IPHLPAPI.DLL
0x00007ffbe8d70000 - 0x00007ffbe8d78000 	C:\Windows\System32\NSI.dll
0x00007ffbde710000 - 0x00007ffbde727000 	C:\Windows\SYSTEM32\dhcpcsvc6.DLL
0x00007ffbdf9d0000 - 0x00007ffbdf9ed000 	C:\Windows\SYSTEM32\dhcpcsvc.DLL
0x00007ffbe7740000 - 0x00007ffbe780a000 	C:\Windows\SYSTEM32\DNSAPI.dll
0x00007ffbb03e0000 - 0x00007ffbb0425000 	C:\Users\Hp\AppData\Local\Temp\jna-2344\jna8587020644036281377.dll
0x00007ffbe9ec0000 - 0x00007ffbe9ec8000 	C:\Windows\System32\PSAPI.DLL

dbghelp: loaded successfully - version: 4.0.5 - missing functions: none
symbol engine: initialized successfully - sym options: 0x614 - pdb path: .;c:\Users\Hp\.vscode\extensions\redhat.java-1.26.0-win32-x64\jre\17.0.9-win32-x86_64\bin;C:\Windows\SYSTEM32;C:\Windows\WinSxS\amd64_microsoft.windows.common-controls_6595b64144ccf1df_6.0.19041.3636_none_60b6a03d71f818d5;c:\Users\Hp\.vscode\extensions\redhat.java-1.26.0-win32-x64\jre\17.0.9-win32-x86_64\bin\server;C:\Users\Hp\AppData\Roaming\Code\User\globalStorage\redhat.java\1.26.0\config_win\org.eclipse.equinox.launcher\org.eclipse.equinox.launcher.win32.win32.x86_64_1.2.800.v20231003-1442;C:\Users\Hp\AppData\Local\Temp\jna-2344

VM Arguments:
jvm_args: --add-modules=ALL-SYSTEM --add-opens=java.base/java.util=ALL-UNNAMED --add-opens=java.base/java.lang=ALL-UNNAMED --add-opens=java.base/sun.nio.fs=ALL-UNNAMED -Declipse.application=org.eclipse.jdt.ls.core.id1 -Dosgi.bundles.defaultStartLevel=4 -Declipse.product=org.eclipse.jdt.ls.core.product -Djava.import.generatesMetadataFilesAtProjectRoot=false -DDetectVMInstallationsJob.disabled=true -Dfile.encoding=utf8 -XX:+UseParallelGC -XX:GCTimeRatio=4 -XX:AdaptiveSizePolicyWeight=90 -Dsun.zip.disableMemoryMapping=true -Xmx1G -Xms100m -Xlog:disable -javaagent:c:\Users\Hp\.vscode\extensions\redhat.java-1.26.0-win32-x64\lombok\lombok-1.18.31-3454.jar -XX:+HeapDumpOnOutOfMemoryError -XX:HeapDumpPath=c:\Users\Hp\AppData\Roaming\Code\User\workspaceStorage\bba7c3f7c67dd00e1a47571d2bb8e86b\redhat.java -Daether.dependencyCollector.impl=bf 
java_command: c:\Users\Hp\.vscode\extensions\redhat.java-1.26.0-win32-x64\server\plugins\org.eclipse.equinox.launcher_1.6.700.v20231214-2017.jar -configuration c:\Users\Hp\AppData\Roaming\Code\User\globalStorage\redhat.java\1.26.0\config_win -data c:\Users\Hp\AppData\Roaming\Code\User\workspaceStorage\bba7c3f7c67dd00e1a47571d2bb8e86b\redhat.java\jdt_ws --stdio
java_class_path (initial): c:\Users\Hp\.vscode\extensions\redhat.java-1.26.0-win32-x64\server\plugins\org.eclipse.equinox.launcher_1.6.700.v20231214-2017.jar
Launcher Type: SUN_STANDARD

[Global flags]
    uintx AdaptiveSizePolicyWeight                 = 90                                        {product} {command line}
     intx CICompilerCount                          = 3                                         {product} {ergonomic}
    uintx GCTimeRatio                              = 4                                         {product} {command line}
     bool HeapDumpOnOutOfMemoryError               = true                                   {manageable} {command line}
    ccstr HeapDumpPath                             = c:\Users\Hp\AppData\Roaming\Code\User\workspaceStorage\bba7c3f7c67dd00e1a47571d2bb8e86b\redhat.java         {manageable} {command line}
   size_t InitialHeapSize                          = 104857600                                 {product} {command line}
   size_t MaxHeapSize                              = 1073741824                                {product} {command line}
   size_t MaxNewSize                               = 357564416                                 {product} {ergonomic}
   size_t MinHeapDeltaBytes                        = 524288                                    {product} {ergonomic}
   size_t MinHeapSize                              = 104857600                                 {product} {command line}
   size_t NewSize                                  = 34603008                                  {product} {ergonomic}
    uintx NonNMethodCodeHeapSize                   = 5832780                                {pd product} {ergonomic}
    uintx NonProfiledCodeHeapSize                  = 122912730                              {pd product} {ergonomic}
   size_t OldSize                                  = 70254592                                  {product} {ergonomic}
    uintx ProfiledCodeHeapSize                     = 122912730                              {pd product} {ergonomic}
    uintx ReservedCodeCacheSize                    = 251658240                              {pd product} {ergonomic}
     bool SegmentedCodeCache                       = true                                      {product} {ergonomic}
   size_t SoftMaxHeapSize                          = 1073741824                             {manageable} {ergonomic}
     bool UseCompressedClassPointers               = true                           {product lp64_product} {ergonomic}
     bool UseCompressedOops                        = true                           {product lp64_product} {ergonomic}
     bool UseLargePagesIndividualAllocation        = false                                  {pd product} {ergonomic}
     bool UseParallelGC                            = true                                      {product} {command line}

Logging:
Log output configuration:
 #0: stdout all=off uptime,level,tags
 #1: stderr all=off uptime,level,tags

Environment Variables:
JAVA_HOME=C:\Program Files\Java\jdk-18.0.2.1
PATH=C:\Program Files\Python39\Scripts\;C:\Program Files\Python39\;F:\WINDOWS.X64_193000_db_home\bin;C:\Program Files\Eclipse Adoptium\jdk-11.0.17.8-hotspot\bin;C:\Program Files\Common Files\Oracle\Java\javapath;C:\Windows\system32;C:\Windows;C:\Windows\System32\Wbem;C:\Windows\System32\WindowsPowerShell\v1.0\;C:\Windows\System32\OpenSSH\;C:\Program Files\Java\jdk-18.0.2.1\bin;C:\Program Files\Git\cmd;C:\ProgramData\chocolatey\bin;C:\Program Files\nodejs\;C:\Program Files\Microsoft SQL Server\Client SDK\ODBC\170\Tools\Binn\;C:\Program Files (x86)\Microsoft SQL Server\150\Tools\Binn\;C:\Program Files\Microsoft SQL Server\150\Tools\Binn\;C:\Program Files\Microsoft SQL Server\150\DTS\Binn\;C:\Program Files (x86)\Microsoft SQL Server\150\DTS\Binn\;C:\Program Files\Azure Data Studio\bin;C:\Users\Hp\AppData\Local\Microsoft\WindowsApps;C:\Users\Hp\AppData\Local\Programs\Microsoft VS Code\bin;C:\Users\Hp\AppData\Roaming\npm;C:\Users\Hp\AppData\Local\Android\Sdk;C:\Users\Hp\AppData\Local\Android\Sdk\platform-tools;C:\Program Files\Azure Data Studio\bin;C:\Users\Hp\AppData\Local\GitHubDesktop\bin
USERNAME=Hp
OS=Windows_NT
PROCESSOR_IDENTIFIER=Intel64 Family 6 Model 142 Stepping 9, GenuineIntel
TMP=C:\Users\Hp\AppData\Local\Temp
TEMP=C:\Users\Hp\AppData\Local\Temp



Periodic native trim disabled


---------------  S Y S T E M  ---------------

OS:
 Windows 10 , 64 bit Build 19041 (10.0.19041.3636)
OS uptime: 0 days 0:33 hours

CPU: total 4 (initial active 4) (2 cores per cpu, 2 threads per core) family 6 model 142 stepping 9 microcode 0xb4, cx8, cmov, fxsr, ht, mmx, 3dnowpref, sse, sse2, sse3, ssse3, sse4.1, sse4.2, popcnt, lzcnt, tsc, tscinvbit, avx, avx2, aes, erms, clmul, bmi1, bmi2, adx, fma, vzeroupper, clflush, clflushopt
Processor Information for all 4 processors :
  Max Mhz: 2701, Current Mhz: 2701, Mhz Limit: 2701

Memory: 4k page, system-wide physical 8108M (130M free)
TotalPageFile size 32684M (AvailPageFile size 0M)
current process WorkingSet (physical memory assigned to process): 402M, peak: 410M
current process commit charge ("private bytes"): 389M, peak: 870M

vm_info: OpenJDK 64-Bit Server VM (17.0.9+9) for windows-amd64 JRE (17.0.9+9), built on Oct 26 2023 14:01:42 by "admin" with MS VC++ 16.10 / 16.11 (VS2019)

END.
