#
# There is insufficient memory for the Java Runtime Environment to continue.
# Native memory allocation (mmap) failed to map 213909504 bytes for G1 virtual space
# Possible reasons:
#   The system is out of physical RAM or swap space
#   The process is running with CompressedOops enabled, and the Java Heap may be blocking the growth of the native heap
# Possible solutions:
#   Reduce memory load on the system
#   Increase physical memory or swap space
#   Check if swap backing store is full
#   Decrease Java heap size (-Xmx/-Xms)
#   Decrease number of Java threads
#   Decrease Java thread stack sizes (-Xss)
#   Set larger code cache with -XX:ReservedCodeCacheSize=
#   JVM is running with Unscaled Compressed Oops mode in which the Java heap is
#     placed in the first 4GB address space. The Java Heap base address is the
#     maximum limit for the native heap growth. Please use -XX:HeapBaseMinAddress
#     to set the Java Heap base and to place the Java Heap above 4GB virtual address.
# This output file may be truncated or incomplete.
#
#  Out of Memory Error (os_windows.cpp:3530), pid=12792, tid=12516
#
# JRE version: Java(TM) SE Runtime Environment (18.0.2.1+1) (build 18.0.2.1+1-1)
# Java VM: Java HotSpot(TM) 64-Bit Server VM (18.0.2.1+1-1, mixed mode, sharing, tiered, compressed oops, compressed class ptrs, g1 gc, windows-amd64)
# No core dump will be written. Minidumps are not enabled by default on client versions of Windows
#

---------------  S U M M A R Y ------------

Command Line: -XX:MaxMetaspaceSize=512m --add-opens=java.base/java.util=ALL-UNNAMED --add-opens=java.base/java.lang=ALL-UNNAMED --add-opens=java.base/java.lang.invoke=ALL-UNNAMED --add-opens=java.prefs/java.util.prefs=ALL-UNNAMED --add-opens=java.base/java.nio.charset=ALL-UNNAMED --add-opens=java.base/java.net=ALL-UNNAMED --add-opens=java.base/java.util.concurrent.atomic=ALL-UNNAMED -Xmx2048m -Dfile.encoding=utf8 -Duser.country=US -Duser.language=en -Duser.variant org.gradle.launcher.daemon.bootstrap.GradleDaemon 8.0.1

Host: Intel(R) Core(TM) i5-7200U CPU @ 2.50GHz, 4 cores, 7G,  Windows 10 , 64 bit Build 19041 (10.0.19041.3636)
Time: Thu Jan 25 21:37:55 2024 Pacific Standard Time elapsed time: 59.595590 seconds (0d 0h 0m 59s)

---------------  T H R E A D  ---------------

Current thread (0x0000018e52572e60):  VMThread "VM Thread" [stack: 0x00000083bf900000,0x00000083bfa00000] [id=12516]

Stack: [0x00000083bf900000,0x00000083bfa00000]
Native frames: (J=compiled Java code, j=interpreted, Vv=VM code, C=native code)
V  [jvm.dll+0x6993aa]
V  [jvm.dll+0x7f46dd]
V  [jvm.dll+0x7f5fee]
V  [jvm.dll+0x7f66a3]
V  [jvm.dll+0x25cf1f]
V  [jvm.dll+0x6962f9]
V  [jvm.dll+0x68ae2a]
V  [jvm.dll+0x32255b]
V  [jvm.dll+0x329f36]
V  [jvm.dll+0x37eade]
V  [jvm.dll+0x37ed0f]
V  [jvm.dll+0x2fa2da]
V  [jvm.dll+0x2fa387]
V  [jvm.dll+0x33e8c2]
V  [jvm.dll+0x33ce64]
V  [jvm.dll+0x2f9ab0]
V  [jvm.dll+0x33c43b]
V  [jvm.dll+0x7fb48b]
V  [jvm.dll+0x7fc224]
V  [jvm.dll+0x7fc75c]
V  [jvm.dll+0x7fcbb4]
V  [jvm.dll+0x7fcc77]
V  [jvm.dll+0x7a120a]
V  [jvm.dll+0x698255]
C  [ucrtbase.dll+0x21bb2]
C  [KERNEL32.DLL+0x17344]
C  [ntdll.dll+0x526b1]

VM_Operation (0x00000083c0ff7660): G1CollectForAllocation, mode: safepoint, requested by thread 0x0000018e75ba1860


---------------  P R O C E S S  ---------------

Threads class SMR info:
_java_thread_list=0x0000018e7806cc00, length=87, elements={
0x0000018e524f9e50, 0x0000018e6fe989b0, 0x0000018e6fe99520, 0x0000018e6feb0a40,
0x0000018e6feb2300, 0x0000018e6feb2bb0, 0x0000018e6feb3460, 0x0000018e6feb4040,
0x0000018e6feb6940, 0x0000018e6ff1e2a0, 0x0000018e741913f0, 0x0000018e7419ff20,
0x0000018e7577a4d0, 0x0000018e75ae9b70, 0x0000018e758ac2a0, 0x0000018e75b358e0,
0x0000018e75b1c450, 0x0000018e75ba13a0, 0x0000018e75ba1860, 0x0000018e6ff46240,
0x0000018e6ff44f00, 0x0000018e6ff46710, 0x0000018e6ff47a50, 0x0000018e6ff45d70,
0x0000018e6ff458a0, 0x0000018e6ff46be0, 0x0000018e6ff470b0, 0x0000018e6ff47580,
0x0000018e6ff483f0, 0x0000018e7645f880, 0x0000018e76464580, 0x0000018e7645fd50,
0x0000018e76464f20, 0x0000018e76461090, 0x0000018e7645e070, 0x0000018e764623d0,
0x0000018e76463710, 0x0000018e76461f00, 0x0000018e76460220, 0x0000018e764640b0,
0x0000018e76460bc0, 0x0000018e7429fcf0, 0x0000018e7429a180, 0x0000018e7429d670,
0x0000018e742984a0, 0x0000018e7429be60, 0x0000018e7429f820, 0x0000018e7429ab20,
0x0000018e7429aff0, 0x0000018e7429b4c0, 0x0000018e7429e9b0, 0x0000018e74298970,
0x0000018e7429c330, 0x0000018e7429b990, 0x0000018e7429db40, 0x0000018e7429ee80,
0x0000018e74298e40, 0x0000018e7429c800, 0x0000018e7429ccd0, 0x0000018e7429d1a0,
0x0000018e7429e010, 0x0000018e742997e0, 0x0000018e7429e4e0, 0x0000018e74299310,
0x0000018e7429f350, 0x0000018e74299cb0, 0x0000018e7429a650, 0x0000018e76fd7530,
0x0000018e76fd9bb0, 0x0000018e76fd8870, 0x0000018e76fda080, 0x0000018e76fd7ed0,
0x0000018e76fda550, 0x0000018e76fdaa20, 0x0000018e76fd7060, 0x0000018e781c8db0,
0x0000018e781c70d0, 0x0000018e781c6260, 0x0000018e781c7a70, 0x0000018e781c9280,
0x0000018e781c75a0, 0x0000018e781c8410, 0x0000018e781c6730, 0x0000018e781c9750,
0x0000018e781c6c00, 0x0000018e781c7f40, 0x0000018e781c5d90
}

Java Threads: ( => current thread )
  0x0000018e524f9e50 JavaThread "main" [_thread_blocked, id=4968, stack(0x00000083bf300000,0x00000083bf400000)]
  0x0000018e6fe989b0 JavaThread "Reference Handler" daemon [_thread_blocked, id=2772, stack(0x00000083bfa00000,0x00000083bfb00000)]
  0x0000018e6fe99520 JavaThread "Finalizer" daemon [_thread_blocked, id=5408, stack(0x00000083bfb00000,0x00000083bfc00000)]
  0x0000018e6feb0a40 JavaThread "Signal Dispatcher" daemon [_thread_blocked, id=10072, stack(0x00000083bfc00000,0x00000083bfd00000)]
  0x0000018e6feb2300 JavaThread "Attach Listener" daemon [_thread_blocked, id=6020, stack(0x00000083bfd00000,0x00000083bfe00000)]
  0x0000018e6feb2bb0 JavaThread "Service Thread" daemon [_thread_blocked, id=13328, stack(0x00000083bfe00000,0x00000083bff00000)]
  0x0000018e6feb3460 JavaThread "Monitor Deflation Thread" daemon [_thread_blocked, id=13876, stack(0x00000083bff00000,0x00000083c0000000)]
  0x0000018e6feb4040 JavaThread "C2 CompilerThread0" daemon [_thread_blocked, id=2892, stack(0x00000083c0000000,0x00000083c0100000)]
  0x0000018e6feb6940 JavaThread "C1 CompilerThread0" daemon [_thread_blocked, id=12996, stack(0x00000083c0100000,0x00000083c0200000)]
  0x0000018e6ff1e2a0 JavaThread "Sweeper thread" daemon [_thread_blocked, id=9564, stack(0x00000083c0200000,0x00000083c0300000)]
  0x0000018e741913f0 JavaThread "Common-Cleaner" daemon [_thread_blocked, id=3956, stack(0x00000083c0300000,0x00000083c0400000)]
  0x0000018e7419ff20 JavaThread "Notification Thread" daemon [_thread_blocked, id=13088, stack(0x00000083c0400000,0x00000083c0500000)]
  0x0000018e7577a4d0 JavaThread "Daemon health stats" [_thread_blocked, id=11124, stack(0x00000083c0a00000,0x00000083c0b00000)]
  0x0000018e75ae9b70 JavaThread "Incoming local TCP Connector on port 52655" [_thread_in_native, id=6328, stack(0x00000083c0600000,0x00000083c0700000)]
  0x0000018e758ac2a0 JavaThread "Daemon periodic checks" [_thread_blocked, id=5644, stack(0x00000083c0b00000,0x00000083c0c00000)]
  0x0000018e75b358e0 JavaThread "Daemon" [_thread_blocked, id=9620, stack(0x00000083c0c00000,0x00000083c0d00000)]
  0x0000018e75b1c450 JavaThread "Handler for socket connection from /127.0.0.1:52655 to /127.0.0.1:52656" [_thread_in_native, id=11872, stack(0x00000083c0d00000,0x00000083c0e00000)]
  0x0000018e75ba13a0 JavaThread "Cancel handler" [_thread_blocked, id=2960, stack(0x00000083c0e00000,0x00000083c0f00000)]
  0x0000018e75ba1860 JavaThread "Daemon worker" [_thread_blocked, id=8828, stack(0x00000083c0f00000,0x00000083c1000000)]
  0x0000018e6ff46240 JavaThread "Asynchronous log dispatcher for DefaultDaemonConnection: socket connection from /127.0.0.1:52655 to /127.0.0.1:52656" [_thread_blocked, id=9348, stack(0x00000083c1000000,0x00000083c1100000)]
  0x0000018e6ff44f00 JavaThread "Stdin handler" [_thread_blocked, id=1388, stack(0x00000083c1100000,0x00000083c1200000)]
  0x0000018e6ff46710 JavaThread "Daemon client event forwarder" [_thread_blocked, id=13648, stack(0x00000083c1200000,0x00000083c1300000)]
  0x0000018e6ff47a50 JavaThread "Cache worker for journal cache (C:\Users\Hp\.gradle\caches\journal-1)" [_thread_blocked, id=7508, stack(0x00000083c1300000,0x00000083c1400000)]
  0x0000018e6ff45d70 JavaThread "File lock request listener" [_thread_in_native, id=12916, stack(0x00000083c1400000,0x00000083c1500000)]
  0x0000018e6ff458a0 JavaThread "Cache worker for file hash cache (C:\Users\Hp\.gradle\caches\8.0.1\fileHashes)" [_thread_blocked, id=13220, stack(0x00000083c1500000,0x00000083c1600000)]
  0x0000018e6ff46be0 JavaThread "File watcher server" daemon [_thread_in_native, id=3780, stack(0x00000083c1600000,0x00000083c1700000)]
  0x0000018e6ff470b0 JavaThread "File watcher consumer" daemon [_thread_blocked, id=10176, stack(0x00000083c1700000,0x00000083c1800000)]
  0x0000018e6ff47580 JavaThread "Cache worker for checksums cache (E:\baseboilerplate\android\.gradle\8.0.1\checksums)" [_thread_blocked, id=12720, stack(0x00000083c1900000,0x00000083c1a00000)]
  0x0000018e6ff483f0 JavaThread "Cache worker for cache directory md-rule (C:\Users\Hp\.gradle\caches\8.0.1\md-rule)" [_thread_blocked, id=2836, stack(0x00000083c1a00000,0x00000083c1b00000)]
  0x0000018e7645f880 JavaThread "Cache worker for file content cache (C:\Users\Hp\.gradle\caches\8.0.1\fileContent)" [_thread_blocked, id=13808, stack(0x00000083c1b00000,0x00000083c1c00000)]
  0x0000018e76464580 JavaThread "Cache worker for file hash cache (E:\baseboilerplate\android\.gradle\8.0.1\fileHashes)" [_thread_blocked, id=14212, stack(0x00000083c1c00000,0x00000083c1d00000)]
  0x0000018e7645fd50 JavaThread "Cache worker for cache directory md-supplier (C:\Users\Hp\.gradle\caches\8.0.1\md-supplier)" [_thread_blocked, id=14052, stack(0x00000083c1e00000,0x00000083c1f00000)]
  0x0000018e76464f20 JavaThread "Cache worker for execution history cache (C:\Users\Hp\.gradle\caches\8.0.1\executionHistory)" [_thread_blocked, id=8568, stack(0x00000083c1f00000,0x00000083c2000000)]
  0x0000018e76461090 JavaThread "jar transforms" [_thread_blocked, id=13844, stack(0x00000083c1d00000,0x00000083c1e00000)]
  0x0000018e7645e070 JavaThread "jar transforms Thread 2" [_thread_blocked, id=6992, stack(0x00000083c2100000,0x00000083c2200000)]
  0x0000018e764623d0 JavaThread "jar transforms Thread 3" [_thread_blocked, id=13668, stack(0x00000083c2200000,0x00000083c2300000)]
  0x0000018e76463710 JavaThread "jar transforms Thread 4" [_thread_blocked, id=9040, stack(0x00000083c2300000,0x00000083c2400000)]
  0x0000018e76461f00 JavaThread "Cache worker for kotlin-dsl (C:\Users\Hp\.gradle\caches\8.0.1\kotlin-dsl)" [_thread_blocked, id=5212, stack(0x00000083c2000000,0x00000083c2100000)]
  0x0000018e76460220 JavaThread "Cache worker for dependencies-accessors (E:\baseboilerplate\android\.gradle\8.0.1\dependencies-accessors)" [_thread_blocked, id=3048, stack(0x00000083c2400000,0x00000083c2500000)]
  0x0000018e764640b0 JavaThread "Cache worker for Build Output Cleanup Cache (E:\baseboilerplate\node_modules\@react-native\gradle-plugin\.gradle\buildOutputCleanup)" [_thread_blocked, id=2296, stack(0x00000083c2700000,0x00000083c2800000)]
  0x0000018e76460bc0 JavaThread "Unconstrained build operations" [_thread_blocked, id=2240, stack(0x00000083c2800000,0x00000083c2900000)]
  0x0000018e7429fcf0 JavaThread "Unconstrained build operations Thread 2" [_thread_blocked, id=2168, stack(0x00000083c2900000,0x00000083c2a00000)]
  0x0000018e7429a180 JavaThread "Unconstrained build operations Thread 3" [_thread_blocked, id=5560, stack(0x00000083c2a00000,0x00000083c2b00000)]
  0x0000018e7429d670 JavaThread "Unconstrained build operations Thread 4" [_thread_blocked, id=10796, stack(0x00000083c2b00000,0x00000083c2c00000)]
  0x0000018e742984a0 JavaThread "Unconstrained build operations Thread 5" [_thread_blocked, id=6280, stack(0x00000083c2c00000,0x00000083c2d00000)]
  0x0000018e7429be60 JavaThread "Unconstrained build operations Thread 6" [_thread_blocked, id=14080, stack(0x00000083c2d00000,0x00000083c2e00000)]
  0x0000018e7429f820 JavaThread "Unconstrained build operations Thread 7" [_thread_blocked, id=11632, stack(0x00000083c2e00000,0x00000083c2f00000)]
  0x0000018e7429ab20 JavaThread "Unconstrained build operations Thread 8" [_thread_blocked, id=1424, stack(0x00000083c2f00000,0x00000083c3000000)]
  0x0000018e7429aff0 JavaThread "Unconstrained build operations Thread 9" [_thread_blocked, id=11008, stack(0x00000083c3000000,0x00000083c3100000)]
  0x0000018e7429b4c0 JavaThread "Unconstrained build operations Thread 10" [_thread_blocked, id=3024, stack(0x00000083c3100000,0x00000083c3200000)]
  0x0000018e7429e9b0 JavaThread "Unconstrained build operations Thread 11" [_thread_blocked, id=8280, stack(0x00000083c3200000,0x00000083c3300000)]
  0x0000018e74298970 JavaThread "Unconstrained build operations Thread 12" [_thread_blocked, id=2260, stack(0x00000083c3300000,0x00000083c3400000)]
  0x0000018e7429c330 JavaThread "Unconstrained build operations Thread 13" [_thread_blocked, id=7664, stack(0x00000083c3400000,0x00000083c3500000)]
  0x0000018e7429b990 JavaThread "Unconstrained build operations Thread 14" [_thread_blocked, id=2144, stack(0x00000083c3500000,0x00000083c3600000)]
  0x0000018e7429db40 JavaThread "Unconstrained build operations Thread 15" [_thread_blocked, id=3108, stack(0x00000083c3600000,0x00000083c3700000)]
  0x0000018e7429ee80 JavaThread "Unconstrained build operations Thread 16" [_thread_blocked, id=912, stack(0x00000083c3700000,0x00000083c3800000)]
  0x0000018e74298e40 JavaThread "Unconstrained build operations Thread 17" [_thread_blocked, id=7024, stack(0x00000083c3800000,0x00000083c3900000)]
  0x0000018e7429c800 JavaThread "Unconstrained build operations Thread 18" [_thread_blocked, id=8708, stack(0x00000083c3900000,0x00000083c3a00000)]
  0x0000018e7429ccd0 JavaThread "Unconstrained build operations Thread 19" [_thread_blocked, id=5160, stack(0x00000083c3a00000,0x00000083c3b00000)]
  0x0000018e7429d1a0 JavaThread "Unconstrained build operations Thread 20" [_thread_blocked, id=4964, stack(0x00000083c3b00000,0x00000083c3c00000)]
  0x0000018e7429e010 JavaThread "Unconstrained build operations Thread 21" [_thread_blocked, id=6132, stack(0x00000083c3c00000,0x00000083c3d00000)]
  0x0000018e742997e0 JavaThread "Unconstrained build operations Thread 22" [_thread_blocked, id=12676, stack(0x00000083c3d00000,0x00000083c3e00000)]
  0x0000018e7429e4e0 JavaThread "Unconstrained build operations Thread 23" [_thread_blocked, id=10524, stack(0x00000083c3e00000,0x00000083c3f00000)]
  0x0000018e74299310 JavaThread "Unconstrained build operations Thread 24" [_thread_blocked, id=1808, stack(0x00000083c3f00000,0x00000083c4000000)]
  0x0000018e7429f350 JavaThread "Unconstrained build operations Thread 25" [_thread_blocked, id=10348, stack(0x00000083c4000000,0x00000083c4100000)]
  0x0000018e74299cb0 JavaThread "Unconstrained build operations Thread 26" [_thread_blocked, id=7228, stack(0x00000083c4100000,0x00000083c4200000)]
  0x0000018e7429a650 JavaThread "Memory manager" [_thread_blocked, id=5656, stack(0x00000083c4200000,0x00000083c4300000)]
  0x0000018e76fd7530 JavaThread "Cache worker for Build Output Cleanup Cache (E:\baseboilerplate\android\.gradle\buildOutputCleanup)" [_thread_blocked, id=5348, stack(0x00000083c4300000,0x00000083c4400000)]
  0x0000018e76fd9bb0 JavaThread "included builds" [_thread_blocked, id=4940, stack(0x00000083c4400000,0x00000083c4500000)]
  0x0000018e76fd8870 JavaThread "Execution worker" [_thread_blocked, id=6064, stack(0x00000083c4500000,0x00000083c4600000)]
  0x0000018e76fda080 JavaThread "Execution worker Thread 2" [_thread_blocked, id=3896, stack(0x00000083c4600000,0x00000083c4700000)]
  0x0000018e76fd7ed0 JavaThread "Execution worker Thread 3" [_thread_blocked, id=12932, stack(0x00000083c4700000,0x00000083c4800000)]
  0x0000018e76fda550 JavaThread "Cache worker for execution history cache (E:\baseboilerplate\node_modules\@react-native\gradle-plugin\.gradle\8.0.1\executionHistory)" [_thread_blocked, id=8408, stack(0x00000083c4800000,0x00000083c4900000)]
  0x0000018e76fdaa20 JavaThread "Unconstrained build operations Thread 27" [_thread_blocked, id=12532, stack(0x00000083c4900000,0x00000083c4a00000)]
  0x0000018e76fd7060 JavaThread "Unconstrained build operations Thread 28" [_thread_blocked, id=5180, stack(0x00000083c4a00000,0x00000083c4b00000)]
  0x0000018e781c8db0 JavaThread "Unconstrained build operations Thread 29" [_thread_blocked, id=11916, stack(0x00000083c4b00000,0x00000083c4c00000)]
  0x0000018e781c70d0 JavaThread "Unconstrained build operations Thread 30" [_thread_blocked, id=7044, stack(0x00000083c4c00000,0x00000083c4d00000)]
  0x0000018e781c6260 JavaThread "Unconstrained build operations Thread 31" [_thread_blocked, id=4336, stack(0x00000083c4d00000,0x00000083c4e00000)]
  0x0000018e781c7a70 JavaThread "Unconstrained build operations Thread 32" [_thread_blocked, id=12976, stack(0x00000083c4e00000,0x00000083c4f00000)]
  0x0000018e781c9280 JavaThread "Unconstrained build operations Thread 33" [_thread_blocked, id=12668, stack(0x00000083c4f00000,0x00000083c5000000)]
  0x0000018e781c75a0 JavaThread "Unconstrained build operations Thread 34" [_thread_blocked, id=12616, stack(0x00000083c5000000,0x00000083c5100000)]
  0x0000018e781c8410 JavaThread "Unconstrained build operations Thread 35" [_thread_blocked, id=3460, stack(0x00000083c5100000,0x00000083c5200000)]
  0x0000018e781c6730 JavaThread "Unconstrained build operations Thread 36" [_thread_blocked, id=12568, stack(0x00000083c5200000,0x00000083c5300000)]
  0x0000018e781c9750 JavaThread "Unconstrained build operations Thread 37" [_thread_blocked, id=10992, stack(0x00000083c5300000,0x00000083c5400000)]
  0x0000018e781c6c00 JavaThread "Unconstrained build operations Thread 38" [_thread_blocked, id=6628, stack(0x00000083c5400000,0x00000083c5500000)]
  0x0000018e781c7f40 JavaThread "Unconstrained build operations Thread 39" [_thread_blocked, id=13832, stack(0x00000083c5500000,0x00000083c5600000)]
  0x0000018e781c5d90 JavaThread "Unconstrained build operations Thread 40" [_thread_blocked, id=9124, stack(0x00000083c5600000,0x00000083c5700000)]

Other Threads:
=>0x0000018e52572e60 VMThread "VM Thread" [stack: 0x00000083bf900000,0x00000083bfa00000] [id=12516]
  0x0000018e741a23f0 WatcherThread "VM Periodic Task Thread" [stack: 0x00000083c0500000,0x00000083c0600000] [id=8580]
  0x0000018e525587b0 WorkerThread "GC Thread#0" [stack: 0x00000083bf400000,0x00000083bf500000] [id=12376]
  0x0000018e74346700 WorkerThread "GC Thread#1" [stack: 0x00000083c0700000,0x00000083c0800000] [id=9152]
  0x0000018e74601880 WorkerThread "GC Thread#2" [stack: 0x00000083c0800000,0x00000083c0900000] [id=4400]
  0x0000018e74c5ad30 WorkerThread "GC Thread#3" [stack: 0x00000083c0900000,0x00000083c0a00000] [id=6024]
  0x0000018e5256b610 ConcurrentGCThread "G1 Main Marker" [stack: 0x00000083bf500000,0x00000083bf600000] [id=13468]
  0x0000018e5256c6b0 WorkerThread "G1 Conc#0" [stack: 0x00000083bf600000,0x00000083bf700000] [id=10396]
  0x0000018e525ac990 ConcurrentGCThread "G1 Refine#0" [stack: 0x00000083bf700000,0x00000083bf800000] [id=7264]
  0x0000018e778f0090 ConcurrentGCThread "G1 Refine#1" [stack: 0x00000083c1800000,0x00000083c1900000] [id=9772]
  0x0000018e525ad1b0 ConcurrentGCThread "G1 Service" [stack: 0x00000083bf800000,0x00000083bf900000] [id=14264]

Threads with active compile tasks:
C2 CompilerThread0    59655 12835       4       org.gradle.internal.ImmutableActionSet::mergeFrom (37 bytes)

VM state: at safepoint (normal execution)

VM Mutex/Monitor currently owned by a thread:  ([mutex/lock_event])
[0x0000018e524f4c90] Threads_lock - owner thread: 0x0000018e52572e60
[0x0000018e524f5a10] Heap_lock - owner thread: 0x0000018e75ba1860

Heap address: 0x0000000080000000, size: 2048 MB, Compressed Oops mode: 32-bit

CDS archive(s) mapped at: [0x0000000800000000-0x0000000800ba0000-0x0000000800ba0000), size 12189696, SharedBaseAddress: 0x0000000800000000, ArchiveRelocationMode: 0.
Compressed class space mapped at: 0x0000000800c00000-0x000000081a800000, reserved size: 432013312
Narrow klass base: 0x0000000800000000, Narrow klass shift: 0, Narrow klass range: 0x100000000

GC Precious Log:
 CardTable entry size: 512
 Card Set container configuration: InlinePtr #cards 5 size 8 Array Of Cards #cards 12 size 40 Howl #buckets 4 coarsen threshold 1843 Howl Bitmap #cards 512 size 80 coarsen threshold 460 Card regions per heap region 1 cards per card region 2048
 CPUs: 4 total, 4 available
 Memory: 8108M
 Large Page Support: Disabled
 NUMA Support: Disabled
 Compressed Oops: Enabled (32-bit)
 Heap Region Size: 1M
 Heap Min Capacity: 8M
 Heap Initial Capacity: 128M
 Heap Max Capacity: 2G
 Pre-touch: Disabled
 Parallel Workers: 4
 Concurrent Workers: 1
 Concurrent Refinement Workers: 4
 Periodic GC: Disabled

Heap:
 garbage-first heap   total 208896K, used 155909K [0x0000000080000000, 0x0000000100000000)
  region size 1024K, 2 young (2048K), 2 survivors (2048K)
 Metaspace       used 92610K, committed 95040K, reserved 552960K
  class space    used 12841K, committed 14080K, reserved 421888K

Heap Regions: E=young(eden), S=young(survivor), O=old, HS=humongous(starts), HC=humongous(continues), CS=collection set, F=free, OA=open archive, CA=closed archive, TAMS=top-at-mark-start (previous, next)
|   0|0x0000000080000000, 0x0000000080100000, 0x0000000080100000|100%|HS|  |TAMS 0x0000000080100000, 0x0000000080000000| Complete 
|   1|0x0000000080100000, 0x0000000080200000, 0x0000000080200000|100%|HC|  |TAMS 0x0000000080200000, 0x0000000080100000| Complete 
|   2|0x0000000080200000, 0x0000000080300000, 0x0000000080300000|100%|HC|  |TAMS 0x0000000080300000, 0x0000000080200000| Complete 
|   3|0x0000000080300000, 0x0000000080400000, 0x0000000080400000|100%|HC|  |TAMS 0x0000000080400000, 0x0000000080300000| Complete 
|   4|0x0000000080400000, 0x0000000080500000, 0x0000000080500000|100%| O|  |TAMS 0x0000000080500000, 0x0000000080400000| Untracked 
|   5|0x0000000080500000, 0x0000000080600000, 0x0000000080600000|100%| O|  |TAMS 0x0000000080600000, 0x0000000080500000| Untracked 
|   6|0x0000000080600000, 0x0000000080700000, 0x0000000080700000|100%| O|  |TAMS 0x0000000080700000, 0x0000000080600000| Untracked 
|   7|0x0000000080700000, 0x0000000080800000, 0x0000000080800000|100%| O|  |TAMS 0x0000000080800000, 0x0000000080700000| Untracked 
|   8|0x0000000080800000, 0x0000000080900000, 0x0000000080900000|100%| O|  |TAMS 0x0000000080900000, 0x0000000080800000| Untracked 
|   9|0x0000000080900000, 0x0000000080a00000, 0x0000000080a00000|100%| O|  |TAMS 0x0000000080a00000, 0x0000000080900000| Untracked 
|  10|0x0000000080a00000, 0x0000000080b00000, 0x0000000080b00000|100%| O|  |TAMS 0x0000000080b00000, 0x0000000080a00000| Untracked 
|  11|0x0000000080b00000, 0x0000000080c00000, 0x0000000080c00000|100%| O|  |TAMS 0x0000000080c00000, 0x0000000080b00000| Untracked 
|  12|0x0000000080c00000, 0x0000000080d00000, 0x0000000080d00000|100%| O|  |TAMS 0x0000000080d00000, 0x0000000080c00000| Untracked 
|  13|0x0000000080d00000, 0x0000000080e00000, 0x0000000080e00000|100%| O|  |TAMS 0x0000000080e00000, 0x0000000080d00000| Untracked 
|  14|0x0000000080e00000, 0x0000000080f00000, 0x0000000080f00000|100%| O|  |TAMS 0x0000000080f00000, 0x0000000080e00000| Untracked 
|  15|0x0000000080f00000, 0x0000000081000000, 0x0000000081000000|100%| O|  |TAMS 0x0000000081000000, 0x0000000080f00000| Untracked 
|  16|0x0000000081000000, 0x0000000081100000, 0x0000000081100000|100%| O|  |TAMS 0x0000000081100000, 0x0000000081000000| Untracked 
|  17|0x0000000081100000, 0x0000000081200000, 0x0000000081200000|100%| O|  |TAMS 0x0000000081200000, 0x0000000081100000| Untracked 
|  18|0x0000000081200000, 0x0000000081300000, 0x0000000081300000|100%| O|  |TAMS 0x0000000081300000, 0x0000000081200000| Untracked 
|  19|0x0000000081300000, 0x0000000081400000, 0x0000000081400000|100%| O|  |TAMS 0x0000000081400000, 0x0000000081300000| Untracked 
|  20|0x0000000081400000, 0x0000000081500000, 0x0000000081500000|100%| O|  |TAMS 0x0000000081500000, 0x0000000081400000| Untracked 
|  21|0x0000000081500000, 0x0000000081600000, 0x0000000081600000|100%| O|  |TAMS 0x0000000081600000, 0x0000000081500000| Untracked 
|  22|0x0000000081600000, 0x0000000081700000, 0x0000000081700000|100%| O|  |TAMS 0x0000000081700000, 0x0000000081600000| Untracked 
|  23|0x0000000081700000, 0x0000000081800000, 0x0000000081800000|100%| O|  |TAMS 0x0000000081800000, 0x0000000081700000| Untracked 
|  24|0x0000000081800000, 0x0000000081900000, 0x0000000081900000|100%| O|  |TAMS 0x0000000081900000, 0x0000000081800000| Untracked 
|  25|0x0000000081900000, 0x0000000081a00000, 0x0000000081a00000|100%| O|  |TAMS 0x0000000081a00000, 0x0000000081900000| Untracked 
|  26|0x0000000081a00000, 0x0000000081b00000, 0x0000000081b00000|100%| O|  |TAMS 0x0000000081b00000, 0x0000000081a00000| Untracked 
|  27|0x0000000081b00000, 0x0000000081c00000, 0x0000000081c00000|100%| O|  |TAMS 0x0000000081c00000, 0x0000000081b00000| Untracked 
|  28|0x0000000081c00000, 0x0000000081d00000, 0x0000000081d00000|100%| O|  |TAMS 0x0000000081d00000, 0x0000000081c00000| Untracked 
|  29|0x0000000081d00000, 0x0000000081e00000, 0x0000000081e00000|100%| O|  |TAMS 0x0000000081e00000, 0x0000000081d00000| Untracked 
|  30|0x0000000081e00000, 0x0000000081f00000, 0x0000000081f00000|100%| O|  |TAMS 0x0000000081f00000, 0x0000000081e00000| Untracked 
|  31|0x0000000081f00000, 0x0000000082000000, 0x0000000082000000|100%| O|  |TAMS 0x0000000082000000, 0x0000000081f00000| Untracked 
|  32|0x0000000082000000, 0x0000000082100000, 0x0000000082100000|100%| O|  |TAMS 0x0000000082100000, 0x0000000082000000| Untracked 
|  33|0x0000000082100000, 0x0000000082200000, 0x0000000082200000|100%| O|  |TAMS 0x0000000082200000, 0x0000000082100000| Untracked 
|  34|0x0000000082200000, 0x0000000082300000, 0x0000000082300000|100%| O|  |TAMS 0x0000000082300000, 0x0000000082200000| Untracked 
|  35|0x0000000082300000, 0x0000000082400000, 0x0000000082400000|100%| O|  |TAMS 0x0000000082400000, 0x0000000082300000| Untracked 
|  36|0x0000000082400000, 0x0000000082500000, 0x0000000082500000|100%|HS|  |TAMS 0x0000000082500000, 0x0000000082400000| Complete 
|  37|0x0000000082500000, 0x0000000082600000, 0x0000000082600000|100%|HC|  |TAMS 0x0000000082600000, 0x0000000082500000| Complete 
|  38|0x0000000082600000, 0x0000000082700000, 0x0000000082700000|100%|HS|  |TAMS 0x0000000082700000, 0x0000000082600000| Complete 
|  39|0x0000000082700000, 0x0000000082800000, 0x0000000082800000|100%|HC|  |TAMS 0x0000000082800000, 0x0000000082700000| Complete 
|  40|0x0000000082800000, 0x0000000082900000, 0x0000000082900000|100%|HC|  |TAMS 0x0000000082900000, 0x0000000082800000| Complete 
|  41|0x0000000082900000, 0x0000000082a00000, 0x0000000082a00000|100%|HC|  |TAMS 0x0000000082a00000, 0x0000000082900000| Complete 
|  42|0x0000000082a00000, 0x0000000082b00000, 0x0000000082b00000|100%| O|  |TAMS 0x0000000082b00000, 0x0000000082a00000| Untracked 
|  43|0x0000000082b00000, 0x0000000082c00000, 0x0000000082c00000|100%| O|  |TAMS 0x0000000082c00000, 0x0000000082b00000| Untracked 
|  44|0x0000000082c00000, 0x0000000082d00000, 0x0000000082d00000|100%| O|  |TAMS 0x0000000082d00000, 0x0000000082c00000| Untracked 
|  45|0x0000000082d00000, 0x0000000082e00000, 0x0000000082e00000|100%| O|  |TAMS 0x0000000082e00000, 0x0000000082d00000| Untracked 
|  46|0x0000000082e00000, 0x0000000082f00000, 0x0000000082f00000|100%| O|  |TAMS 0x0000000082f00000, 0x0000000082e00000| Untracked 
|  47|0x0000000082f00000, 0x0000000083000000, 0x0000000083000000|100%|HS|  |TAMS 0x0000000083000000, 0x0000000082f00000| Complete 
|  48|0x0000000083000000, 0x0000000083100000, 0x0000000083100000|100%|HS|  |TAMS 0x0000000083100000, 0x0000000083000000| Complete 
|  49|0x0000000083100000, 0x0000000083200000, 0x0000000083200000|100%| O|  |TAMS 0x0000000083200000, 0x0000000083100000| Untracked 
|  50|0x0000000083200000, 0x0000000083300000, 0x0000000083300000|100%| O|  |TAMS 0x0000000083300000, 0x0000000083200000| Untracked 
|  51|0x0000000083300000, 0x0000000083400000, 0x0000000083400000|100%| O|  |TAMS 0x0000000083400000, 0x0000000083300000| Untracked 
|  52|0x0000000083400000, 0x0000000083500000, 0x0000000083500000|100%| O|  |TAMS 0x0000000083500000, 0x0000000083400000| Untracked 
|  53|0x0000000083500000, 0x0000000083600000, 0x0000000083600000|100%| O|  |TAMS 0x0000000083600000, 0x0000000083500000| Untracked 
|  54|0x0000000083600000, 0x0000000083700000, 0x0000000083700000|100%| O|  |TAMS 0x0000000083700000, 0x0000000083600000| Untracked 
|  55|0x0000000083700000, 0x0000000083800000, 0x0000000083800000|100%| O|  |TAMS 0x0000000083800000, 0x0000000083700000| Untracked 
|  56|0x0000000083800000, 0x0000000083900000, 0x0000000083900000|100%| O|  |TAMS 0x0000000083900000, 0x0000000083800000| Untracked 
|  57|0x0000000083900000, 0x0000000083a00000, 0x0000000083a00000|100%| O|  |TAMS 0x0000000083a00000, 0x0000000083900000| Untracked 
|  58|0x0000000083a00000, 0x0000000083b00000, 0x0000000083b00000|100%| O|  |TAMS 0x0000000083b00000, 0x0000000083a00000| Untracked 
|  59|0x0000000083b00000, 0x0000000083c00000, 0x0000000083c00000|100%| O|  |TAMS 0x0000000083c00000, 0x0000000083b00000| Untracked 
|  60|0x0000000083c00000, 0x0000000083d00000, 0x0000000083d00000|100%| O|  |TAMS 0x0000000083d00000, 0x0000000083c00000| Untracked 
|  61|0x0000000083d00000, 0x0000000083e00000, 0x0000000083e00000|100%| O|  |TAMS 0x0000000083e00000, 0x0000000083d00000| Untracked 
|  62|0x0000000083e00000, 0x0000000083f00000, 0x0000000083f00000|100%| O|  |TAMS 0x0000000083f00000, 0x0000000083e00000| Untracked 
|  63|0x0000000083f00000, 0x0000000084000000, 0x0000000084000000|100%| O|  |TAMS 0x0000000084000000, 0x0000000083f00000| Untracked 
|  64|0x0000000084000000, 0x0000000084100000, 0x0000000084100000|100%| O|  |TAMS 0x0000000084100000, 0x0000000084000000| Untracked 
|  65|0x0000000084100000, 0x0000000084200000, 0x0000000084200000|100%| O|  |TAMS 0x0000000084200000, 0x0000000084100000| Untracked 
|  66|0x0000000084200000, 0x0000000084300000, 0x0000000084300000|100%| O|  |TAMS 0x0000000084200000, 0x0000000084200000| Untracked 
|  67|0x0000000084300000, 0x0000000084400000, 0x0000000084400000|100%| O|  |TAMS 0x0000000084400000, 0x0000000084300000| Untracked 
|  68|0x0000000084400000, 0x0000000084500000, 0x0000000084500000|100%| O|  |TAMS 0x0000000084500000, 0x0000000084400000| Untracked 
|  69|0x0000000084500000, 0x0000000084600000, 0x0000000084600000|100%| O|  |TAMS 0x0000000084600000, 0x0000000084500000| Untracked 
|  70|0x0000000084600000, 0x0000000084700000, 0x0000000084700000|100%| O|  |TAMS 0x0000000084700000, 0x0000000084600000| Untracked 
|  71|0x0000000084700000, 0x0000000084800000, 0x0000000084800000|100%| O|  |TAMS 0x0000000084800000, 0x0000000084700000| Untracked 
|  72|0x0000000084800000, 0x0000000084900000, 0x0000000084900000|100%| O|  |TAMS 0x0000000084900000, 0x0000000084800000| Untracked 
|  73|0x0000000084900000, 0x0000000084a00000, 0x0000000084a00000|100%| O|  |TAMS 0x0000000084a00000, 0x0000000084900000| Untracked 
|  74|0x0000000084a00000, 0x0000000084b00000, 0x0000000084b00000|100%|HS|  |TAMS 0x0000000084a00000, 0x0000000084a00000| Complete 
|  75|0x0000000084b00000, 0x0000000084c00000, 0x0000000084c00000|100%| O|  |TAMS 0x0000000084c00000, 0x0000000084b00000| Untracked 
|  76|0x0000000084c00000, 0x0000000084d00000, 0x0000000084d00000|100%| O|  |TAMS 0x0000000084d00000, 0x0000000084c00000| Untracked 
|  77|0x0000000084d00000, 0x0000000084e00000, 0x0000000084e00000|100%| O|  |TAMS 0x0000000084e00000, 0x0000000084d00000| Untracked 
|  78|0x0000000084e00000, 0x0000000084f00000, 0x0000000084f00000|100%| O|  |TAMS 0x0000000084f00000, 0x0000000084e00000| Untracked 
|  79|0x0000000084f00000, 0x0000000085000000, 0x0000000085000000|100%| O|  |TAMS 0x0000000085000000, 0x0000000084f00000| Untracked 
|  80|0x0000000085000000, 0x0000000085100000, 0x0000000085100000|100%| O|  |TAMS 0x0000000085100000, 0x0000000085000000| Untracked 
|  81|0x0000000085100000, 0x0000000085200000, 0x0000000085200000|100%| O|  |TAMS 0x0000000085200000, 0x0000000085100000| Untracked 
|  82|0x0000000085200000, 0x0000000085300000, 0x0000000085300000|100%| O|  |TAMS 0x0000000085300000, 0x0000000085200000| Untracked 
|  83|0x0000000085300000, 0x0000000085400000, 0x0000000085400000|100%| O|  |TAMS 0x0000000085400000, 0x0000000085300000| Untracked 
|  84|0x0000000085400000, 0x0000000085500000, 0x0000000085500000|100%| O|  |TAMS 0x0000000085500000, 0x0000000085400000| Untracked 
|  85|0x0000000085500000, 0x0000000085600000, 0x0000000085600000|100%| O|  |TAMS 0x0000000085600000, 0x0000000085500000| Untracked 
|  86|0x0000000085600000, 0x0000000085700000, 0x0000000085700000|100%| O|  |TAMS 0x0000000085700000, 0x0000000085600000| Untracked 
|  87|0x0000000085700000, 0x0000000085800000, 0x0000000085800000|100%|HS|  |TAMS 0x0000000085800000, 0x0000000085700000| Complete 
|  88|0x0000000085800000, 0x0000000085900000, 0x0000000085900000|100%|HC|  |TAMS 0x0000000085900000, 0x0000000085800000| Complete 
|  89|0x0000000085900000, 0x0000000085a00000, 0x0000000085a00000|100%|HS|  |TAMS 0x0000000085a00000, 0x0000000085900000| Complete 
|  90|0x0000000085a00000, 0x0000000085b00000, 0x0000000085b00000|100%|HC|  |TAMS 0x0000000085b00000, 0x0000000085a00000| Complete 
|  91|0x0000000085b00000, 0x0000000085c00000, 0x0000000085c00000|100%|HC|  |TAMS 0x0000000085c00000, 0x0000000085b00000| Complete 
|  92|0x0000000085c00000, 0x0000000085d00000, 0x0000000085d00000|100%|HC|  |TAMS 0x0000000085d00000, 0x0000000085c00000| Complete 
|  93|0x0000000085d00000, 0x0000000085e00000, 0x0000000085e00000|100%| O|  |TAMS 0x0000000085e00000, 0x0000000085d00000| Untracked 
|  94|0x0000000085e00000, 0x0000000085f00000, 0x0000000085f00000|100%| O|  |TAMS 0x0000000085f00000, 0x0000000085e00000| Untracked 
|  95|0x0000000085f00000, 0x0000000086000000, 0x0000000086000000|100%| O|  |TAMS 0x0000000086000000, 0x0000000085f00000| Untracked 
|  96|0x0000000086000000, 0x0000000086100000, 0x0000000086100000|100%| O|  |TAMS 0x0000000086100000, 0x0000000086000000| Untracked 
|  97|0x0000000086100000, 0x0000000086200000, 0x0000000086200000|100%| O|  |TAMS 0x0000000086200000, 0x0000000086100000| Untracked 
|  98|0x0000000086200000, 0x0000000086300000, 0x0000000086300000|100%| O|  |TAMS 0x0000000086300000, 0x0000000086200000| Untracked 
|  99|0x0000000086300000, 0x0000000086400000, 0x0000000086400000|100%| O|  |TAMS 0x0000000086400000, 0x0000000086300000| Untracked 
| 100|0x0000000086400000, 0x0000000086500000, 0x0000000086500000|100%| O|  |TAMS 0x0000000086500000, 0x0000000086400000| Untracked 
| 101|0x0000000086500000, 0x0000000086600000, 0x0000000086600000|100%| O|  |TAMS 0x0000000086600000, 0x0000000086500000| Untracked 
| 102|0x0000000086600000, 0x0000000086700000, 0x0000000086700000|100%| O|  |TAMS 0x0000000086700000, 0x0000000086600000| Untracked 
| 103|0x0000000086700000, 0x0000000086800000, 0x0000000086800000|100%| O|  |TAMS 0x0000000086800000, 0x0000000086700000| Untracked 
| 104|0x0000000086800000, 0x0000000086900000, 0x0000000086900000|100%| O|  |TAMS 0x0000000086900000, 0x0000000086800000| Untracked 
| 105|0x0000000086900000, 0x0000000086a00000, 0x0000000086a00000|100%| O|  |TAMS 0x0000000086931200, 0x0000000086900000| Untracked 
| 106|0x0000000086a00000, 0x0000000086b00000, 0x0000000086b00000|100%| O|  |TAMS 0x0000000086a00000, 0x0000000086a00000| Untracked 
| 107|0x0000000086b00000, 0x0000000086c00000, 0x0000000086c00000|100%|HS|  |TAMS 0x0000000086b00000, 0x0000000086b00000| Complete 
| 108|0x0000000086c00000, 0x0000000086d00000, 0x0000000086d00000|100%|HS|  |TAMS 0x0000000086c00000, 0x0000000086c00000| Complete 
| 109|0x0000000086d00000, 0x0000000086e00000, 0x0000000086e00000|100%|HS|  |TAMS 0x0000000086d00000, 0x0000000086d00000| Complete 
| 110|0x0000000086e00000, 0x0000000086f00000, 0x0000000086f00000|100%|HS|  |TAMS 0x0000000086e00000, 0x0000000086e00000| Complete 
| 111|0x0000000086f00000, 0x0000000087000000, 0x0000000087000000|100%|HC|  |TAMS 0x0000000086f00000, 0x0000000086f00000| Complete 
| 112|0x0000000087000000, 0x0000000087100000, 0x0000000087100000|100%|HC|  |TAMS 0x0000000087000000, 0x0000000087000000| Complete 
| 113|0x0000000087100000, 0x0000000087200000, 0x0000000087200000|100%| O|  |TAMS 0x0000000087100000, 0x0000000087100000| Untracked 
| 114|0x0000000087200000, 0x0000000087300000, 0x0000000087300000|100%|HS|  |TAMS 0x0000000087200000, 0x0000000087200000| Complete 
| 115|0x0000000087300000, 0x0000000087400000, 0x0000000087400000|100%|HC|  |TAMS 0x0000000087300000, 0x0000000087300000| Complete 
| 116|0x0000000087400000, 0x0000000087500000, 0x0000000087500000|100%| O|  |TAMS 0x0000000087400000, 0x0000000087400000| Untracked 
| 117|0x0000000087500000, 0x0000000087600000, 0x0000000087600000|100%| O|  |TAMS 0x0000000087500000, 0x0000000087500000| Untracked 
| 118|0x0000000087600000, 0x0000000087700000, 0x0000000087700000|100%| O|  |TAMS 0x0000000087600000, 0x0000000087600000| Untracked 
| 119|0x0000000087700000, 0x0000000087800000, 0x0000000087800000|100%| O|  |TAMS 0x0000000087700000, 0x0000000087700000| Untracked 
| 120|0x0000000087800000, 0x0000000087900000, 0x0000000087900000|100%| O|  |TAMS 0x0000000087800000, 0x0000000087800000| Untracked 
| 121|0x0000000087900000, 0x0000000087a00000, 0x0000000087a00000|100%| O|  |TAMS 0x0000000087900000, 0x0000000087900000| Untracked 
| 122|0x0000000087a00000, 0x0000000087b00000, 0x0000000087b00000|100%| O|  |TAMS 0x0000000087a00000, 0x0000000087a00000| Untracked 
| 123|0x0000000087b00000, 0x0000000087c00000, 0x0000000087c00000|100%| O|  |TAMS 0x0000000087b00000, 0x0000000087b00000| Untracked 
| 124|0x0000000087c00000, 0x0000000087d00000, 0x0000000087d00000|100%| O|  |TAMS 0x0000000087c00000, 0x0000000087c00000| Untracked 
| 125|0x0000000087d00000, 0x0000000087e00000, 0x0000000087e00000|100%| O|  |TAMS 0x0000000087d00000, 0x0000000087d00000| Untracked 
| 126|0x0000000087e00000, 0x0000000087f00000, 0x0000000087f00000|100%| O|  |TAMS 0x0000000087e00000, 0x0000000087e00000| Untracked 
| 127|0x0000000087f00000, 0x0000000088000000, 0x0000000088000000|100%| O|  |TAMS 0x0000000087f00000, 0x0000000087f00000| Untracked 
| 128|0x0000000088000000, 0x0000000088100000, 0x0000000088100000|100%| O|  |TAMS 0x0000000088000000, 0x0000000088000000| Untracked 
| 129|0x0000000088100000, 0x0000000088200000, 0x0000000088200000|100%| O|  |TAMS 0x0000000088100000, 0x0000000088100000| Untracked 
| 130|0x0000000088200000, 0x0000000088300000, 0x0000000088300000|100%| O|  |TAMS 0x0000000088200000, 0x0000000088200000| Untracked 
| 131|0x0000000088300000, 0x0000000088400000, 0x0000000088400000|100%|HS|  |TAMS 0x0000000088300000, 0x0000000088300000| Complete 
| 132|0x0000000088400000, 0x0000000088500000, 0x0000000088500000|100%|HC|  |TAMS 0x0000000088400000, 0x0000000088400000| Complete 
| 133|0x0000000088500000, 0x0000000088600000, 0x0000000088600000|100%|HS|  |TAMS 0x0000000088500000, 0x0000000088500000| Complete 
| 134|0x0000000088600000, 0x0000000088700000, 0x0000000088700000|100%|HC|  |TAMS 0x0000000088600000, 0x0000000088600000| Complete 
| 135|0x0000000088700000, 0x0000000088800000, 0x0000000088800000|100%|HC|  |TAMS 0x0000000088700000, 0x0000000088700000| Complete 
| 136|0x0000000088800000, 0x0000000088900000, 0x0000000088900000|100%|HC|  |TAMS 0x0000000088800000, 0x0000000088800000| Complete 
| 137|0x0000000088900000, 0x0000000088a00000, 0x0000000088a00000|100%| O|  |TAMS 0x0000000088900000, 0x0000000088900000| Untracked 
| 138|0x0000000088a00000, 0x0000000088b00000, 0x0000000088b00000|100%| O|  |TAMS 0x0000000088a00000, 0x0000000088a00000| Untracked 
| 139|0x0000000088b00000, 0x0000000088c00000, 0x0000000088c00000|100%| O|  |TAMS 0x0000000088b00000, 0x0000000088b00000| Untracked 
| 140|0x0000000088c00000, 0x0000000088d00000, 0x0000000088d00000|100%| O|  |TAMS 0x0000000088c00000, 0x0000000088c00000| Untracked 
| 141|0x0000000088d00000, 0x0000000088e00000, 0x0000000088e00000|100%| O|  |TAMS 0x0000000088d00000, 0x0000000088d00000| Untracked 
| 142|0x0000000088e00000, 0x0000000088f00000, 0x0000000088f00000|100%| O|  |TAMS 0x0000000088e00000, 0x0000000088e00000| Untracked 
| 143|0x0000000088f00000, 0x0000000089000000, 0x0000000089000000|100%| O|  |TAMS 0x0000000088f00000, 0x0000000088f00000| Untracked 
| 144|0x0000000089000000, 0x0000000089100000, 0x0000000089100000|100%| O|  |TAMS 0x0000000089000000, 0x0000000089000000| Untracked 
| 145|0x0000000089100000, 0x0000000089200000, 0x0000000089200000|100%| O|  |TAMS 0x0000000089100000, 0x0000000089100000| Untracked 
| 146|0x0000000089200000, 0x0000000089300000, 0x0000000089300000|100%| O|  |TAMS 0x0000000089200000, 0x0000000089200000| Untracked 
| 147|0x0000000089300000, 0x0000000089400000, 0x0000000089400000|100%| O|  |TAMS 0x0000000089300000, 0x0000000089300000| Untracked 
| 148|0x0000000089400000, 0x0000000089500000, 0x0000000089500000|100%| O|  |TAMS 0x0000000089400000, 0x0000000089400000| Untracked 
| 149|0x0000000089500000, 0x0000000089600000, 0x0000000089600000|100%| O|  |TAMS 0x0000000089500000, 0x0000000089500000| Untracked 
| 150|0x0000000089600000, 0x0000000089641400, 0x0000000089700000| 25%| O|  |TAMS 0x0000000089600000, 0x0000000089600000| Untracked 
| 151|0x0000000089700000, 0x0000000089700000, 0x0000000089800000|  0%| F|  |TAMS 0x0000000089700000, 0x0000000089700000| Untracked 
| 152|0x0000000089800000, 0x0000000089800000, 0x0000000089900000|  0%| F|  |TAMS 0x0000000089800000, 0x0000000089800000| Untracked 
| 153|0x0000000089900000, 0x0000000089900000, 0x0000000089a00000|  0%| F|  |TAMS 0x0000000089900000, 0x0000000089900000| Untracked 
| 154|0x0000000089a00000, 0x0000000089a00000, 0x0000000089b00000|  0%| F|  |TAMS 0x0000000089a00000, 0x0000000089a00000| Untracked 
| 155|0x0000000089b00000, 0x0000000089b00000, 0x0000000089c00000|  0%| F|  |TAMS 0x0000000089b00000, 0x0000000089b00000| Untracked 
| 156|0x0000000089c00000, 0x0000000089c00000, 0x0000000089d00000|  0%| F|  |TAMS 0x0000000089c00000, 0x0000000089c00000| Untracked 
| 157|0x0000000089d00000, 0x0000000089d00000, 0x0000000089e00000|  0%| F|  |TAMS 0x0000000089d00000, 0x0000000089d00000| Untracked 
| 158|0x0000000089e00000, 0x0000000089e00000, 0x0000000089f00000|  0%| F|  |TAMS 0x0000000089e00000, 0x0000000089e00000| Untracked 
| 159|0x0000000089f00000, 0x0000000089f00000, 0x000000008a000000|  0%| F|  |TAMS 0x0000000089f00000, 0x0000000089f00000| Untracked 
| 160|0x000000008a000000, 0x000000008a000000, 0x000000008a100000|  0%| F|  |TAMS 0x000000008a000000, 0x000000008a000000| Untracked 
| 161|0x000000008a100000, 0x000000008a100000, 0x000000008a200000|  0%| F|  |TAMS 0x000000008a100000, 0x000000008a100000| Untracked 
| 162|0x000000008a200000, 0x000000008a200000, 0x000000008a300000|  0%| F|  |TAMS 0x000000008a200000, 0x000000008a200000| Untracked 
| 163|0x000000008a300000, 0x000000008a300000, 0x000000008a400000|  0%| F|  |TAMS 0x000000008a300000, 0x000000008a300000| Untracked 
| 164|0x000000008a400000, 0x000000008a400000, 0x000000008a500000|  0%| F|  |TAMS 0x000000008a400000, 0x000000008a400000| Untracked 
| 165|0x000000008a500000, 0x000000008a500000, 0x000000008a600000|  0%| F|  |TAMS 0x000000008a500000, 0x000000008a500000| Untracked 
| 166|0x000000008a600000, 0x000000008a600000, 0x000000008a700000|  0%| F|  |TAMS 0x000000008a600000, 0x000000008a600000| Untracked 
| 167|0x000000008a700000, 0x000000008a700000, 0x000000008a800000|  0%| F|  |TAMS 0x000000008a700000, 0x000000008a700000| Untracked 
| 168|0x000000008a800000, 0x000000008a800000, 0x000000008a900000|  0%| F|  |TAMS 0x000000008a800000, 0x000000008a800000| Untracked 
| 169|0x000000008a900000, 0x000000008a900000, 0x000000008aa00000|  0%| F|  |TAMS 0x000000008a900000, 0x000000008a900000| Untracked 
| 170|0x000000008aa00000, 0x000000008aa00000, 0x000000008ab00000|  0%| F|  |TAMS 0x000000008aa00000, 0x000000008aa00000| Untracked 
| 171|0x000000008ab00000, 0x000000008ab00000, 0x000000008ac00000|  0%| F|  |TAMS 0x000000008ab00000, 0x000000008ab00000| Untracked 
| 172|0x000000008ac00000, 0x000000008ac00000, 0x000000008ad00000|  0%| F|  |TAMS 0x000000008ac00000, 0x000000008ac00000| Untracked 
| 173|0x000000008ad00000, 0x000000008ad00000, 0x000000008ae00000|  0%| F|  |TAMS 0x000000008ad00000, 0x000000008ad00000| Untracked 
| 174|0x000000008ae00000, 0x000000008ae00000, 0x000000008af00000|  0%| F|  |TAMS 0x000000008ae00000, 0x000000008ae00000| Untracked 
| 175|0x000000008af00000, 0x000000008af00000, 0x000000008b000000|  0%| F|  |TAMS 0x000000008af00000, 0x000000008af00000| Untracked 
| 176|0x000000008b000000, 0x000000008b000000, 0x000000008b100000|  0%| F|  |TAMS 0x000000008b000000, 0x000000008b000000| Untracked 
| 177|0x000000008b100000, 0x000000008b100000, 0x000000008b200000|  0%| F|  |TAMS 0x000000008b100000, 0x000000008b100000| Untracked 
| 178|0x000000008b200000, 0x000000008b200000, 0x000000008b300000|  0%| F|  |TAMS 0x000000008b200000, 0x000000008b200000| Untracked 
| 179|0x000000008b300000, 0x000000008b300000, 0x000000008b400000|  0%| F|  |TAMS 0x000000008b300000, 0x000000008b300000| Untracked 
| 180|0x000000008b400000, 0x000000008b500000, 0x000000008b500000|100%| S|CS|TAMS 0x000000008b400000, 0x000000008b400000| Complete 
| 181|0x000000008b500000, 0x000000008b600000, 0x000000008b600000|100%| S|CS|TAMS 0x000000008b500000, 0x000000008b500000| Complete 
| 182|0x000000008b600000, 0x000000008b600000, 0x000000008b700000|  0%| F|  |TAMS 0x000000008b600000, 0x000000008b600000| Untracked 
| 183|0x000000008b700000, 0x000000008b700000, 0x000000008b800000|  0%| F|  |TAMS 0x000000008b700000, 0x000000008b700000| Untracked 
| 184|0x000000008b800000, 0x000000008b800000, 0x000000008b900000|  0%| F|  |TAMS 0x000000008b800000, 0x000000008b800000| Untracked 
| 185|0x000000008b900000, 0x000000008b900000, 0x000000008ba00000|  0%| F|  |TAMS 0x000000008b900000, 0x000000008b900000| Untracked 
| 186|0x000000008ba00000, 0x000000008ba00000, 0x000000008bb00000|  0%| F|  |TAMS 0x000000008ba00000, 0x000000008ba00000| Untracked 
| 187|0x000000008bb00000, 0x000000008bb00000, 0x000000008bc00000|  0%| F|  |TAMS 0x000000008bb00000, 0x000000008bb00000| Untracked 
| 188|0x000000008bc00000, 0x000000008bc00000, 0x000000008bd00000|  0%| F|  |TAMS 0x000000008bc00000, 0x000000008bc00000| Untracked 
| 189|0x000000008bd00000, 0x000000008bd00000, 0x000000008be00000|  0%| F|  |TAMS 0x000000008bd00000, 0x000000008bd00000| Untracked 
| 190|0x000000008be00000, 0x000000008be00000, 0x000000008bf00000|  0%| F|  |TAMS 0x000000008be00000, 0x000000008be00000| Untracked 
| 191|0x000000008bf00000, 0x000000008bf00000, 0x000000008c000000|  0%| F|  |TAMS 0x000000008bf00000, 0x000000008bf00000| Untracked 
| 192|0x000000008c000000, 0x000000008c000000, 0x000000008c100000|  0%| F|  |TAMS 0x000000008c000000, 0x000000008c000000| Untracked 
| 193|0x000000008c100000, 0x000000008c100000, 0x000000008c200000|  0%| F|  |TAMS 0x000000008c100000, 0x000000008c100000| Untracked 
| 194|0x000000008c200000, 0x000000008c200000, 0x000000008c300000|  0%| F|  |TAMS 0x000000008c200000, 0x000000008c200000| Untracked 
| 195|0x000000008c300000, 0x000000008c300000, 0x000000008c400000|  0%| F|  |TAMS 0x000000008c300000, 0x000000008c300000| Untracked 
| 196|0x000000008c400000, 0x000000008c400000, 0x000000008c500000|  0%| F|  |TAMS 0x000000008c400000, 0x000000008c400000| Untracked 
| 197|0x000000008c500000, 0x000000008c500000, 0x000000008c600000|  0%| F|  |TAMS 0x000000008c500000, 0x000000008c500000| Untracked 
| 198|0x000000008c600000, 0x000000008c600000, 0x000000008c700000|  0%| F|  |TAMS 0x000000008c600000, 0x000000008c600000| Untracked 
| 199|0x000000008c700000, 0x000000008c700000, 0x000000008c800000|  0%| F|  |TAMS 0x000000008c700000, 0x000000008c700000| Untracked 
| 200|0x000000008c800000, 0x000000008c800000, 0x000000008c900000|  0%| F|  |TAMS 0x000000008c800000, 0x000000008c800000| Untracked 
| 201|0x000000008c900000, 0x000000008c900000, 0x000000008ca00000|  0%| F|  |TAMS 0x000000008c900000, 0x000000008c900000| Untracked 
| 202|0x000000008ca00000, 0x000000008ca00000, 0x000000008cb00000|  0%| F|  |TAMS 0x000000008ca00000, 0x000000008ca00000| Untracked 
| 203|0x000000008cb00000, 0x000000008cb00000, 0x000000008cc00000|  0%| F|  |TAMS 0x000000008cb00000, 0x000000008cb00000| Untracked 

Card table byte_map: [0x0000018e69230000,0x0000018e69630000] _byte_map_base: 0x0000018e68e30000

Marking Bits (Prev, Next): (CMBitMap*) 0x0000018e52559cd0, (CMBitMap*) 0x0000018e52559d10
 Prev Bits: [0x0000018e69a30000, 0x0000018e6ba30000)
 Next Bits: [0x0000018e6ba30000, 0x0000018e6da30000)

Polling page: 0x0000018e504b0000

Metaspace:

Usage:
  Non-class:     77.90 MB used.
      Class:     12.54 MB used.
       Both:     90.44 MB used.

Virtual space:
  Non-class space:      128.00 MB reserved,      79.06 MB ( 62%) committed,  2 nodes.
      Class space:      412.00 MB reserved,      13.75 MB (  3%) committed,  1 nodes.
             Both:      540.00 MB reserved,      92.81 MB ( 17%) committed. 

Chunk freelists:
   Non-Class:  920.00 KB
       Class:  2.13 MB
        Both:  3.03 MB

MaxMetaspaceSize: 512.00 MB
CompressedClassSpaceSize: 412.00 MB
Initial GC threshold: 21.00 MB
Current GC threshold: 145.94 MB
CDS: on
MetaspaceReclaimPolicy: balanced
 - commit_granule_bytes: 65536.
 - commit_granule_words: 8192.
 - virtual_space_node_default_size: 8388608.
 - enlarge_chunks_in_place: 1.
 - new_chunks_are_fully_committed: 0.
 - uncommit_free_chunks: 1.
 - use_allocation_guard: 0.


Internal statistics:

num_allocs_failed_limit: 6.
num_arena_births: 4020.
num_arena_deaths: 0.
num_vsnodes_births: 3.
num_vsnodes_deaths: 0.
num_space_committed: 1485.
num_space_uncommitted: 0.
num_chunks_returned_to_freelist: 6.
num_chunks_taken_from_freelist: 8474.
num_chunk_merges: 6.
num_chunk_splits: 5517.
num_chunks_enlarged: 3454.
num_inconsistent_stats: 0.

CodeHeap 'non-profiled nmethods': size=120000Kb used=5283Kb max_used=5283Kb free=114716Kb
 bounds [0x0000018e61900000, 0x0000018e61e30000, 0x0000018e68e30000]
CodeHeap 'profiled nmethods': size=120000Kb used=20729Kb max_used=20729Kb free=99270Kb
 bounds [0x0000018e5a3d0000, 0x0000018e5b810000, 0x0000018e61900000]
CodeHeap 'non-nmethods': size=5760Kb used=2413Kb max_used=2496Kb free=3346Kb
 bounds [0x0000018e59e30000, 0x0000018e5a0b0000, 0x0000018e5a3d0000]
 total_blobs=12097 nmethods=11158 adapters=851
 compilation: enabled
              stopped_count=0, restarted_count=0
 full_count=0

Compilation events (20 events):
Event: 59.526 Thread 0x0000018e6feb6940 12829       3       org.gradle.api.internal.file.DefaultFileCollectionFactory::create (19 bytes)
Event: 59.526 Thread 0x0000018e6feb6940 nmethod 12829 0x0000018e5b80c110 code [0x0000018e5b80c2e0, 0x0000018e5b80c7f8]
Event: 59.531 Thread 0x0000018e6feb6940 12831       1       com.android.build.gradle.internal.core.Abi::getTag (5 bytes)
Event: 59.531 Thread 0x0000018e6feb6940 nmethod 12831 0x0000018e61e26210 code [0x0000018e61e263a0, 0x0000018e61e26478]
Event: 59.531 Thread 0x0000018e6feb6940 12832       3       com.android.build.gradle.internal.dsl.decorator.LockableSet::<init> (15 bytes)
Event: 59.532 Thread 0x0000018e6feb6940 nmethod 12832 0x0000018e5b80c990 code [0x0000018e5b80cc80, 0x0000018e5b80db28]
Event: 59.532 Thread 0x0000018e6feb6940 12833       3       com.android.build.gradle.internal.dsl.decorator.LockableSet::<init> (24 bytes)
Event: 59.533 Thread 0x0000018e6feb6940 nmethod 12833 0x0000018e5b80e090 code [0x0000018e5b80e380, 0x0000018e5b80f188]
Event: 59.537 Thread 0x0000018e6feb6940 12834       3       com.android.build.gradle.internal.dsl.BuildType$AgpDecorated_Decorated::getName (40 bytes)
Event: 59.538 Thread 0x0000018e6feb6940 nmethod 12834 0x0000018e5b80f690 code [0x0000018e5b80f860, 0x0000018e5b80fbd8]
Event: 59.539 Thread 0x0000018e6feb4040 nmethod 12821 0x0000018e61e26510 code [0x0000018e61e26720, 0x0000018e61e27258]
Event: 59.539 Thread 0x0000018e6feb4040 12830       4       org.gradle.cache.Cache::get (14 bytes)
Event: 59.541 Thread 0x0000018e6feb4040 nmethod 12830 0x0000018e61e27a90 code [0x0000018e61e27c20, 0x0000018e61e27d48]
Event: 59.541 Thread 0x0000018e6feb4040 12828       4       java.util.regex.Matcher::end (22 bytes)
Event: 59.541 Thread 0x0000018e6feb4040 nmethod 12828 0x0000018e61e27e90 code [0x0000018e61e28000, 0x0000018e61e28098]
Event: 59.541 Thread 0x0000018e6feb4040 12827       4       org.gradle.internal.ImmutableActionSet::fromActions (63 bytes)
Event: 59.547 Thread 0x0000018e6feb4040 nmethod 12827 0x0000018e61e28190 code [0x0000018e61e28340, 0x0000018e61e28788]
Event: 59.547 Thread 0x0000018e6feb4040 12825       4       com.google.common.collect.SingletonImmutableList::iterator (5 bytes)
Event: 59.549 Thread 0x0000018e6feb4040 nmethod 12825 0x0000018e61e28a10 code [0x0000018e61e28ba0, 0x0000018e61e28c78]
Event: 59.549 Thread 0x0000018e6feb4040 12835       4       org.gradle.internal.ImmutableActionSet::mergeFrom (37 bytes)

GC Heap History (20 events):
Event: 53.045 GC heap after
{Heap after GC invocations=30 (full 0):
 garbage-first heap   total 157696K, used 88757K [0x0000000080000000, 0x0000000100000000)
  region size 1024K, 6 young (6144K), 6 survivors (6144K)
 Metaspace       used 83267K, committed 85376K, reserved 552960K
  class space    used 11632K, committed 12736K, reserved 421888K
}
Event: 53.399 GC heap before
{Heap before GC invocations=30 (full 0):
 garbage-first heap   total 157696K, used 109237K [0x0000000080000000, 0x0000000100000000)
  region size 1024K, 28 young (28672K), 6 survivors (6144K)
 Metaspace       used 84242K, committed 86464K, reserved 552960K
  class space    used 11748K, committed 12864K, reserved 421888K
}
Event: 53.412 GC heap after
{Heap after GC invocations=31 (full 0):
 garbage-first heap   total 189440K, used 91399K [0x0000000080000000, 0x0000000100000000)
  region size 1024K, 3 young (3072K), 3 survivors (3072K)
 Metaspace       used 84242K, committed 86464K, reserved 552960K
  class space    used 11748K, committed 12864K, reserved 421888K
}
Event: 55.060 GC heap before
{Heap before GC invocations=32 (full 0):
 garbage-first heap   total 189440K, used 157959K [0x0000000080000000, 0x0000000100000000)
  region size 1024K, 62 young (63488K), 3 survivors (3072K)
 Metaspace       used 86457K, committed 88704K, reserved 552960K
  class space    used 12108K, committed 13248K, reserved 421888K
}
Event: 55.077 GC heap after
{Heap after GC invocations=33 (full 0):
 garbage-first heap   total 189440K, used 107445K [0x0000000080000000, 0x0000000100000000)
  region size 1024K, 8 young (8192K), 8 survivors (8192K)
 Metaspace       used 86457K, committed 88704K, reserved 552960K
  class space    used 12108K, committed 13248K, reserved 421888K
}
Event: 55.092 GC heap before
{Heap before GC invocations=33 (full 0):
 garbage-first heap   total 189440K, used 108469K [0x0000000080000000, 0x0000000100000000)
  region size 1024K, 9 young (9216K), 8 survivors (8192K)
 Metaspace       used 86458K, committed 88704K, reserved 552960K
  class space    used 12108K, committed 13248K, reserved 421888K
}
Event: 55.102 GC heap after
{Heap after GC invocations=34 (full 0):
 garbage-first heap   total 189440K, used 107716K [0x0000000080000000, 0x0000000100000000)
  region size 1024K, 1 young (1024K), 1 survivors (1024K)
 Metaspace       used 86458K, committed 88704K, reserved 552960K
  class space    used 12108K, committed 13248K, reserved 421888K
}
Event: 55.986 GC heap before
{Heap before GC invocations=34 (full 0):
 garbage-first heap   total 189440K, used 152772K [0x0000000080000000, 0x0000000100000000)
  region size 1024K, 46 young (47104K), 1 survivors (1024K)
 Metaspace       used 87048K, committed 89408K, reserved 552960K
  class space    used 12180K, committed 13376K, reserved 421888K
}
Event: 55.997 GC heap after
{Heap after GC invocations=35 (full 0):
 garbage-first heap   total 189440K, used 115712K [0x0000000080000000, 0x0000000100000000)
  region size 1024K, 6 young (6144K), 6 survivors (6144K)
 Metaspace       used 87048K, committed 89408K, reserved 552960K
  class space    used 12180K, committed 13376K, reserved 421888K
}
Event: 56.991 GC heap before
{Heap before GC invocations=36 (full 0):
 garbage-first heap   total 208896K, used 160768K [0x0000000080000000, 0x0000000100000000)
  region size 1024K, 42 young (43008K), 6 survivors (6144K)
 Metaspace       used 88408K, committed 90816K, reserved 552960K
  class space    used 12325K, committed 13568K, reserved 421888K
}
Event: 57.003 GC heap after
{Heap after GC invocations=37 (full 0):
 garbage-first heap   total 208896K, used 131869K [0x0000000080000000, 0x0000000100000000)
  region size 1024K, 6 young (6144K), 6 survivors (6144K)
 Metaspace       used 88408K, committed 90816K, reserved 552960K
  class space    used 12325K, committed 13568K, reserved 421888K
}
Event: 57.075 GC heap before
{Heap before GC invocations=37 (full 0):
 garbage-first heap   total 208896K, used 135965K [0x0000000080000000, 0x0000000100000000)
  region size 1024K, 10 young (10240K), 6 survivors (6144K)
 Metaspace       used 88697K, committed 91136K, reserved 552960K
  class space    used 12357K, committed 13632K, reserved 421888K
}
Event: 57.079 GC heap after
{Heap after GC invocations=38 (full 0):
 garbage-first heap   total 208896K, used 133189K [0x0000000080000000, 0x0000000100000000)
  region size 1024K, 1 young (1024K), 1 survivors (1024K)
 Metaspace       used 88697K, committed 91136K, reserved 552960K
  class space    used 12357K, committed 13632K, reserved 421888K
}
Event: 57.914 GC heap before
{Heap before GC invocations=38 (full 0):
 garbage-first heap   total 208896K, used 168005K [0x0000000080000000, 0x0000000100000000)
  region size 1024K, 36 young (36864K), 1 survivors (1024K)
 Metaspace       used 89581K, committed 91968K, reserved 552960K
  class space    used 12464K, committed 13696K, reserved 421888K
}
Event: 57.920 GC heap after
{Heap after GC invocations=39 (full 0):
 garbage-first heap   total 208896K, used 135708K [0x0000000080000000, 0x0000000100000000)
  region size 1024K, 4 young (4096K), 4 survivors (4096K)
 Metaspace       used 89581K, committed 91968K, reserved 552960K
  class space    used 12464K, committed 13696K, reserved 421888K
}
Event: 58.649 GC heap before
{Heap before GC invocations=39 (full 0):
 garbage-first heap   total 208896K, used 176668K [0x0000000080000000, 0x0000000100000000)
  region size 1024K, 38 young (38912K), 4 survivors (4096K)
 Metaspace       used 91603K, committed 94016K, reserved 552960K
  class space    used 12719K, committed 13952K, reserved 421888K
}
Event: 58.658 GC heap after
{Heap after GC invocations=40 (full 0):
 garbage-first heap   total 208896K, used 150265K [0x0000000080000000, 0x0000000100000000)
  region size 1024K, 5 young (5120K), 5 survivors (5120K)
 Metaspace       used 91603K, committed 94016K, reserved 552960K
  class space    used 12719K, committed 13952K, reserved 421888K
}
Event: 59.094 GC heap before
{Heap before GC invocations=40 (full 0):
 garbage-first heap   total 208896K, used 175865K [0x0000000080000000, 0x0000000100000000)
  region size 1024K, 30 young (30720K), 5 survivors (5120K)
 Metaspace       used 92502K, committed 94976K, reserved 552960K
  class space    used 12832K, committed 14080K, reserved 421888K
}
Event: 59.102 GC heap after
{Heap after GC invocations=41 (full 0):
 garbage-first heap   total 208896K, used 153915K [0x0000000080000000, 0x0000000100000000)
  region size 1024K, 4 young (4096K), 4 survivors (4096K)
 Metaspace       used 92502K, committed 94976K, reserved 552960K
  class space    used 12832K, committed 14080K, reserved 421888K
}
Event: 59.549 GC heap before
{Heap before GC invocations=41 (full 0):
 garbage-first heap   total 208896K, used 175419K [0x0000000080000000, 0x0000000100000000)
  region size 1024K, 26 young (26624K), 4 survivors (4096K)
 Metaspace       used 92610K, committed 95040K, reserved 552960K
  class space    used 12841K, committed 14080K, reserved 421888K
}

Deoptimization events (20 events):
Event: 58.138 Thread 0x0000018e75ba1860 Uncommon trap: trap_request=0xffffff45 fr.pc=0x0000018e6197f980 relative=0x00000000000002e0
Event: 58.138 Thread 0x0000018e75ba1860 Uncommon trap: reason=unstable_if action=reinterpret pc=0x0000018e6197f980 method=java.util.jar.JarFile.match([B[B[B[B)I @ 52 c2
Event: 58.138 Thread 0x0000018e75ba1860 DEOPT PACKING pc=0x0000018e6197f980 sp=0x00000083c0ff8b00
Event: 58.138 Thread 0x0000018e75ba1860 DEOPT UNPACKING pc=0x0000018e59e823a3 sp=0x00000083c0ff8a70 mode 2
Event: 58.145 Thread 0x0000018e75ba1860 DEOPT PACKING pc=0x0000018e5adb73b4 sp=0x00000083c0ff8b00
Event: 58.145 Thread 0x0000018e75ba1860 DEOPT UNPACKING pc=0x0000018e59e82b43 sp=0x00000083c0ff7f70 mode 0
Event: 58.201 Thread 0x0000018e75ba1860 Uncommon trap: trap_request=0xffffff45 fr.pc=0x0000018e61acf104 relative=0x00000000000007c4
Event: 58.201 Thread 0x0000018e75ba1860 Uncommon trap: reason=unstable_if action=reinterpret pc=0x0000018e61acf104 method=java.lang.Integer.stringSize(I)I @ 19 c2
Event: 58.201 Thread 0x0000018e75ba1860 DEOPT PACKING pc=0x0000018e61acf104 sp=0x00000083c0ff8c10
Event: 58.201 Thread 0x0000018e75ba1860 DEOPT UNPACKING pc=0x0000018e59e823a3 sp=0x00000083c0ff8b00 mode 2
Event: 58.214 Thread 0x0000018e75ba1860 Uncommon trap: trap_request=0xffffff45 fr.pc=0x0000018e61a51304 relative=0x00000000000007c4
Event: 58.214 Thread 0x0000018e75ba1860 Uncommon trap: reason=unstable_if action=reinterpret pc=0x0000018e61a51304 method=java.lang.Integer.stringSize(I)I @ 19 c2
Event: 58.214 Thread 0x0000018e75ba1860 DEOPT PACKING pc=0x0000018e61a51304 sp=0x00000083c0ff8c90
Event: 58.214 Thread 0x0000018e75ba1860 DEOPT UNPACKING pc=0x0000018e59e823a3 sp=0x00000083c0ff8bd8 mode 2
Event: 58.584 Thread 0x0000018e75ba1860 DEOPT PACKING pc=0x0000018e5adc38f1 sp=0x00000083c0ff8540
Event: 58.584 Thread 0x0000018e75ba1860 DEOPT UNPACKING pc=0x0000018e59e82b43 sp=0x00000083c0ff79a0 mode 0
Event: 59.058 Thread 0x0000018e75ba1860 DEOPT PACKING pc=0x0000018e5aabfb66 sp=0x00000083c0ff87d0
Event: 59.058 Thread 0x0000018e75ba1860 DEOPT UNPACKING pc=0x0000018e59e82b43 sp=0x00000083c0ff7c98 mode 0
Event: 59.517 Thread 0x0000018e75ba1860 DEOPT PACKING pc=0x0000018e5b54a793 sp=0x00000083c0ff94f0
Event: 59.517 Thread 0x0000018e75ba1860 DEOPT UNPACKING pc=0x0000018e59e82b43 sp=0x00000083c0ff89a0 mode 0

Classes loaded (20 events):
Event: 55.758 Loading class java/util/HashtableCustomizer
Event: 55.758 Loading class java/util/HashtableCustomizer done
Event: 55.759 Loading class java/util/PropertiesCustomizer
Event: 55.759 Loading class java/util/PropertiesCustomizer done
Event: 55.759 Loading class java/util/PropertiesCustomizer
Event: 55.759 Loading class java/util/PropertiesCustomizer done
Event: 56.080 Loading class java/util/Collections$ReverseComparator
Event: 56.080 Loading class java/util/Collections$ReverseComparator done
Event: 56.080 Loading class java/util/Comparators$NaturalOrderComparator
Event: 56.081 Loading class java/util/Comparators$NaturalOrderComparator done
Event: 56.081 Loading class java/util/Collections$ReverseComparator2
Event: 56.081 Loading class java/util/Collections$ReverseComparator2 done
Event: 57.104 Loading class java/lang/BooleanBeanInfo
Event: 57.104 Loading class java/lang/BooleanBeanInfo done
Event: 57.105 Loading class java/lang/BooleanBeanInfo
Event: 57.105 Loading class java/lang/BooleanBeanInfo done
Event: 57.105 Loading class java/lang/BooleanCustomizer
Event: 57.105 Loading class java/lang/BooleanCustomizer done
Event: 57.105 Loading class java/lang/BooleanCustomizer
Event: 57.105 Loading class java/lang/BooleanCustomizer done

Classes unloaded (0 events):
No events

Classes redefined (0 events):
No events

Internal exceptions (20 events):
Event: 58.625 Thread 0x0000018e75ba1860 Exception <a 'java/lang/ClassNotFoundException'{0x000000008ab68628}: org/jetbrains/kotlin/gradle/plugin/sources/DefaultKotlinSourceSet_DecoratedBeanInfo> (0x000000008ab68628) 
thrown [s\open\src\hotspot\share\classfile\systemDictionary.cpp, line 255]
Event: 58.626 Thread 0x0000018e75ba1860 Exception <a 'java/lang/ClassNotFoundException'{0x000000008ab75568}: org/jetbrains/kotlin/gradle/plugin/sources/DefaultKotlinSourceSetBeanInfo> (0x000000008ab75568) 
thrown [s\open\src\hotspot\share\classfile\systemDictionary.cpp, line 255]
Event: 58.627 Thread 0x0000018e75ba1860 Exception <a 'java/lang/ClassNotFoundException'{0x000000008ab86248}: org/jetbrains/kotlin/gradle/plugin/sources/AbstractKotlinSourceSetBeanInfo> (0x000000008ab86248) 
thrown [s\open\src\hotspot\share\classfile\systemDictionary.cpp, line 255]
Event: 58.627 Thread 0x0000018e75ba1860 Exception <a 'java/lang/ClassNotFoundException'{0x000000008ab96c68}: org/jetbrains/kotlin/gradle/plugin/sources/AbstractKotlinSourceSetCustomizer> (0x000000008ab96c68) 
thrown [s\open\src\hotspot\share\classfile\systemDictionary.cpp, line 255]
Event: 58.628 Thread 0x0000018e75ba1860 Exception <a 'java/lang/ClassNotFoundException'{0x000000008abb1968}: org/jetbrains/kotlin/gradle/plugin/sources/DefaultKotlinSourceSetCustomizer> (0x000000008abb1968) 
thrown [s\open\src\hotspot\share\classfile\systemDictionary.cpp, line 255]
Event: 58.630 Thread 0x0000018e75ba1860 Exception <a 'java/lang/ClassNotFoundException'{0x000000008abf8d38}: org/jetbrains/kotlin/gradle/plugin/sources/DefaultKotlinSourceSet_DecoratedCustomizer> (0x000000008abf8d38) 
thrown [s\open\src\hotspot\share\classfile\systemDictionary.cpp, line 255]
Event: 58.634 Thread 0x0000018e75ba1860 Exception <a 'java/lang/ClassNotFoundException'{0x000000008aa58b98}: build_bf0kbucpjvo92gzdm97ck8jtb$_run_closure1$_closure8BeanInfo> (0x000000008aa58b98) 
thrown [s\open\src\hotspot\share\classfile\systemDictionary.cpp, line 255]
Event: 58.634 Thread 0x0000018e75ba1860 Exception <a 'java/lang/ClassNotFoundException'{0x000000008aa641b0}: build_bf0kbucpjvo92gzdm97ck8jtb$_run_closure1$_closure8Customizer> (0x000000008aa641b0) 
thrown [s\open\src\hotspot\share\classfile\systemDictionary.cpp, line 255]
Event: 58.850 Thread 0x0000018e75ba1860 Exception <a 'java/lang/NoClassDefFoundError'{0x000000008beb2730}: org/jetbrains/kotlin/gradle/plugin/KotlinBasePluginWrapper> (0x000000008beb2730) 
thrown [s\open\src\hotspot\share\oops\constantPool.cpp, line 836]
Event: 58.975 Thread 0x0000018e75ba1860 Exception <a 'java/lang/ClassNotFoundException'{0x000000008b908430}: build_b30zuox0k7st2w5n2eg0nefacBeanInfo> (0x000000008b908430) 
thrown [s\open\src\hotspot\share\classfile\systemDictionary.cpp, line 255]
Event: 58.976 Thread 0x0000018e75ba1860 Exception <a 'java/lang/ClassNotFoundException'{0x000000008b90e700}: build_b30zuox0k7st2w5n2eg0nefacCustomizer> (0x000000008b90e700) 
thrown [s\open\src\hotspot\share\classfile\systemDictionary.cpp, line 255]
Event: 58.998 Thread 0x0000018e75ba1860 Exception <a 'java/lang/ClassNotFoundException'{0x000000008b9b4388}: build_b30zuox0k7st2w5n2eg0nefacBeanInfo> (0x000000008b9b4388) 
thrown [s\open\src\hotspot\share\classfile\systemDictionary.cpp, line 255]
Event: 58.998 Thread 0x0000018e75ba1860 Exception <a 'java/lang/ClassNotFoundException'{0x000000008b9ba5f8}: build_b30zuox0k7st2w5n2eg0nefacCustomizer> (0x000000008b9ba5f8) 
thrown [s\open\src\hotspot\share\classfile\systemDictionary.cpp, line 255]
Event: 59.044 Thread 0x0000018e75ba1860 Exception <a 'java/lang/ClassNotFoundException'{0x000000008b670b88}: build_b30zuox0k7st2w5n2eg0nefac$_run_closure1BeanInfo> (0x000000008b670b88) 
thrown [s\open\src\hotspot\share\classfile\systemDictionary.cpp, line 255]
Event: 59.044 Thread 0x0000018e75ba1860 Exception <a 'java/lang/ClassNotFoundException'{0x000000008b679578}: build_b30zuox0k7st2w5n2eg0nefac$_run_closure1Customizer> (0x000000008b679578) 
thrown [s\open\src\hotspot\share\classfile\systemDictionary.cpp, line 255]
Event: 59.116 Thread 0x0000018e75ba1860 Exception <a 'java/lang/NoClassDefFoundError'{0x000000008ca4d5d0}: org/jetbrains/kotlin/gradle/plugin/KotlinBasePluginWrapper> (0x000000008ca4d5d0) 
thrown [s\open\src\hotspot\share\oops\constantPool.cpp, line 836]
Event: 59.148 Thread 0x0000018e75ba1860 Exception <a 'java/lang/ClassNotFoundException'{0x000000008c9b42f8}: build_7qudpu1yw1uqu2mkfyebibehdBeanInfo> (0x000000008c9b42f8) 
thrown [s\open\src\hotspot\share\classfile\systemDictionary.cpp, line 255]
Event: 59.148 Thread 0x0000018e75ba1860 Exception <a 'java/lang/ClassNotFoundException'{0x000000008c9ba5c8}: build_7qudpu1yw1uqu2mkfyebibehdCustomizer> (0x000000008c9ba5c8) 
thrown [s\open\src\hotspot\share\classfile\systemDictionary.cpp, line 255]
Event: 59.517 Thread 0x0000018e75ba1860 Exception <a 'java/lang/ClassNotFoundException'{0x000000008b86f1e0}: build_7qudpu1yw1uqu2mkfyebibehdBeanInfo> (0x000000008b86f1e0) 
thrown [s\open\src\hotspot\share\classfile\systemDictionary.cpp, line 255]
Event: 59.518 Thread 0x0000018e75ba1860 Exception <a 'java/lang/ClassNotFoundException'{0x000000008b875450}: build_7qudpu1yw1uqu2mkfyebibehdCustomizer> (0x000000008b875450) 
thrown [s\open\src\hotspot\share\classfile\systemDictionary.cpp, line 255]

VM Operations (20 events):
Event: 55.997 Executing VM operation: G1CollectForAllocation done
Event: 56.266 Executing VM operation: G1Concurrent
Event: 56.273 Executing VM operation: G1Concurrent done
Event: 56.394 Executing VM operation: G1Concurrent
Event: 56.394 Executing VM operation: G1Concurrent done
Event: 56.991 Executing VM operation: G1CollectForAllocation
Event: 57.003 Executing VM operation: G1CollectForAllocation done
Event: 57.075 Executing VM operation: G1CollectForAllocation
Event: 57.079 Executing VM operation: G1CollectForAllocation done
Event: 57.727 Executing VM operation: ICBufferFull
Event: 57.728 Executing VM operation: ICBufferFull done
Event: 57.914 Executing VM operation: G1CollectForAllocation
Event: 57.920 Executing VM operation: G1CollectForAllocation done
Event: 58.649 Executing VM operation: G1CollectForAllocation
Event: 58.658 Executing VM operation: G1CollectForAllocation done
Event: 59.094 Executing VM operation: G1CollectForAllocation
Event: 59.102 Executing VM operation: G1CollectForAllocation done
Event: 59.317 Executing VM operation: ICBufferFull
Event: 59.317 Executing VM operation: ICBufferFull done
Event: 59.549 Executing VM operation: G1CollectForAllocation

Events (20 events):
Event: 55.495 Thread 0x0000018e6ff1e2a0 flushing nmethod 0x0000018e5b47a510
Event: 55.495 Thread 0x0000018e6ff1e2a0 flushing nmethod 0x0000018e5b47b990
Event: 55.496 Thread 0x0000018e6ff1e2a0 flushing nmethod 0x0000018e5b4d3a90
Event: 55.496 Thread 0x0000018e6ff1e2a0 flushing nmethod 0x0000018e5b4ea590
Event: 55.496 Thread 0x0000018e6ff1e2a0 flushing nmethod 0x0000018e5b4f5010
Event: 55.496 Thread 0x0000018e6ff1e2a0 flushing nmethod 0x0000018e5b4f6a90
Event: 55.496 Thread 0x0000018e6ff1e2a0 flushing nmethod 0x0000018e5b50ac90
Event: 55.496 Thread 0x0000018e6ff1e2a0 flushing nmethod 0x0000018e5b52db90
Event: 55.496 Thread 0x0000018e6ff1e2a0 flushing nmethod 0x0000018e5b530c90
Event: 55.496 Thread 0x0000018e6ff1e2a0 flushing nmethod 0x0000018e5b544410
Event: 55.497 Thread 0x0000018e6ff1e2a0 flushing nmethod 0x0000018e5b5d7d90
Event: 55.497 Thread 0x0000018e6ff1e2a0 flushing nmethod 0x0000018e5b5d8e90
Event: 55.497 Thread 0x0000018e6ff1e2a0 flushing nmethod 0x0000018e5b5e6510
Event: 55.497 Thread 0x0000018e6ff1e2a0 flushing nmethod 0x0000018e5b627490
Event: 55.497 Thread 0x0000018e6ff1e2a0 flushing nmethod 0x0000018e5b678810
Event: 55.497 Thread 0x0000018e6ff1e2a0 flushing nmethod 0x0000018e5b693710
Event: 55.497 Thread 0x0000018e6ff1e2a0 flushing nmethod 0x0000018e5b6c8210
Event: 55.498 Thread 0x0000018e6ff1e2a0 flushing nmethod 0x0000018e5b764c10
Event: 55.498 Thread 0x0000018e6ff1e2a0 flushing nmethod 0x0000018e5b765490
Event: 55.498 Thread 0x0000018e6ff1e2a0 flushing nmethod 0x0000018e5b775890


Dynamic libraries:
0x00007ff6b4f40000 - 0x00007ff6b4f50000 	C:\Program Files\Java\jdk-18.0.2.1\bin\java.exe
0x00007fff693d0000 - 0x00007fff695c8000 	C:\Windows\SYSTEM32\ntdll.dll
0x00007fff69130000 - 0x00007fff691ed000 	C:\Windows\System32\KERNEL32.DLL
0x00007fff67080000 - 0x00007fff67376000 	C:\Windows\System32\KERNELBASE.dll
0x00007fff66bb0000 - 0x00007fff66cb0000 	C:\Windows\System32\ucrtbase.dll
0x00007fff33ba0000 - 0x00007fff33bba000 	C:\Program Files\Java\jdk-18.0.2.1\bin\VCRUNTIME140.dll
0x00007fff33cb0000 - 0x00007fff33cc8000 	C:\Program Files\Java\jdk-18.0.2.1\bin\jli.dll
0x00007fff68050000 - 0x00007fff68103000 	C:\Windows\System32\ADVAPI32.dll
0x00007fff679c0000 - 0x00007fff67a5e000 	C:\Windows\System32\msvcrt.dll
0x00007fff68bd0000 - 0x00007fff68c6f000 	C:\Windows\System32\sechost.dll
0x00007fff67be0000 - 0x00007fff67d06000 	C:\Windows\System32\RPCRT4.dll
0x00007fff66cb0000 - 0x00007fff66cd7000 	C:\Windows\System32\bcrypt.dll
0x00007fff691f0000 - 0x00007fff6938e000 	C:\Windows\System32\USER32.dll
0x00007fff4bb00000 - 0x00007fff4bd9a000 	C:\Windows\WinSxS\amd64_microsoft.windows.common-controls_6595b64144ccf1df_6.0.19041.3636_none_60b6a03d71f818d5\COMCTL32.dll
0x00007fff66ea0000 - 0x00007fff66ec2000 	C:\Windows\System32\win32u.dll
0x00007fff689a0000 - 0x00007fff689cb000 	C:\Windows\System32\GDI32.dll
0x00007fff66d80000 - 0x00007fff66e97000 	C:\Windows\System32\gdi32full.dll
0x00007fff66ce0000 - 0x00007fff66d7d000 	C:\Windows\System32\msvcp_win.dll
0x00007fff5f320000 - 0x00007fff5f32a000 	C:\Windows\SYSTEM32\VERSION.dll
0x00007fff67420000 - 0x00007fff67452000 	C:\Windows\System32\IMM32.DLL
0x00007fff54f80000 - 0x00007fff54f8c000 	C:\Program Files\Java\jdk-18.0.2.1\bin\vcruntime140_1.dll
0x00007fff2b8b0000 - 0x00007fff2b93d000 	C:\Program Files\Java\jdk-18.0.2.1\bin\msvcp140.dll
0x00007fff23aa0000 - 0x00007fff246b1000 	C:\Program Files\Java\jdk-18.0.2.1\bin\server\jvm.dll
0x00007fff67410000 - 0x00007fff67418000 	C:\Windows\System32\PSAPI.DLL
0x00007fff4a7b0000 - 0x00007fff4a7d7000 	C:\Windows\SYSTEM32\WINMM.dll
0x00007fff551c0000 - 0x00007fff551c9000 	C:\Windows\SYSTEM32\WSOCK32.dll
0x00007fff67fe0000 - 0x00007fff6804b000 	C:\Windows\System32\WS2_32.dll
0x00007fff64900000 - 0x00007fff64912000 	C:\Windows\SYSTEM32\kernel.appcore.dll
0x00007fff540b0000 - 0x00007fff540ba000 	C:\Program Files\Java\jdk-18.0.2.1\bin\jimage.dll
0x00007fff48840000 - 0x00007fff48a24000 	C:\Windows\SYSTEM32\DBGHELP.DLL
0x00007fff48800000 - 0x00007fff48834000 	C:\Windows\SYSTEM32\dbgcore.DLL
0x00007fff67380000 - 0x00007fff67402000 	C:\Windows\System32\bcryptPrimitives.dll
0x00007fff335c0000 - 0x00007fff335e5000 	C:\Program Files\Java\jdk-18.0.2.1\bin\java.dll
0x00007fff29aa0000 - 0x00007fff29b76000 	C:\Program Files\Java\jdk-18.0.2.1\bin\jsvml.dll
0x00007fff68140000 - 0x00007fff68885000 	C:\Windows\System32\SHELL32.dll
0x00007fff64b00000 - 0x00007fff6529c000 	C:\Windows\SYSTEM32\windows.storage.dll
0x00007fff68d20000 - 0x00007fff69074000 	C:\Windows\System32\combase.dll
0x00007fff663e0000 - 0x00007fff6640e000 	C:\Windows\SYSTEM32\Wldp.dll
0x00007fff689d0000 - 0x00007fff68a9d000 	C:\Windows\System32\OLEAUT32.dll
0x00007fff69080000 - 0x00007fff6912d000 	C:\Windows\System32\SHCORE.dll
0x00007fff67d10000 - 0x00007fff67d65000 	C:\Windows\System32\shlwapi.dll
0x00007fff669c0000 - 0x00007fff669e5000 	C:\Windows\SYSTEM32\profapi.dll
0x00007fff2df80000 - 0x00007fff2df93000 	C:\Program Files\Java\jdk-18.0.2.1\bin\net.dll
0x00007fff5df80000 - 0x00007fff5e08a000 	C:\Windows\SYSTEM32\WINHTTP.dll
0x00007fff661c0000 - 0x00007fff6622a000 	C:\Windows\system32\mswsock.dll
0x00007fff2ded0000 - 0x00007fff2dee6000 	C:\Program Files\Java\jdk-18.0.2.1\bin\nio.dll
0x00007fff2da30000 - 0x00007fff2da48000 	C:\Program Files\Java\jdk-18.0.2.1\bin\zip.dll
0x00007fff4eef0000 - 0x00007fff4ef00000 	C:\Program Files\Java\jdk-18.0.2.1\bin\verify.dll
0x00007fff2d7d0000 - 0x00007fff2d7f7000 	C:\Users\Hp\.gradle\native\68d5fa5c4cc2d200863cafc0d521ce42e7d3e7ee720ec0a83991735586a16f82\windows-amd64\native-platform.dll
0x00007fff2d200000 - 0x00007fff2d344000 	C:\Users\Hp\.gradle\native\e376f236ea51e6404a007f0833ffe2c6e607c4080706a723a18a27aeea778392\windows-amd64\native-platform-file-events.dll
0x00007fff46730000 - 0x00007fff46739000 	C:\Program Files\Java\jdk-18.0.2.1\bin\management.dll
0x00007fff46720000 - 0x00007fff4672b000 	C:\Program Files\Java\jdk-18.0.2.1\bin\management_ext.dll
0x00007fff66720000 - 0x00007fff66738000 	C:\Windows\SYSTEM32\CRYPTSP.dll
0x00007fff65aa0000 - 0x00007fff65ad4000 	C:\Windows\system32\rsaenh.dll
0x00007fff66940000 - 0x00007fff6696e000 	C:\Windows\SYSTEM32\USERENV.dll
0x00007fff66350000 - 0x00007fff6635c000 	C:\Windows\SYSTEM32\CRYPTBASE.dll
0x00007fff65e80000 - 0x00007fff65ebb000 	C:\Windows\SYSTEM32\IPHLPAPI.DLL
0x00007fff68110000 - 0x00007fff68118000 	C:\Windows\System32\NSI.dll
0x00007fff5eb50000 - 0x00007fff5eb67000 	C:\Windows\SYSTEM32\dhcpcsvc6.DLL
0x00007fff5f430000 - 0x00007fff5f44d000 	C:\Windows\SYSTEM32\dhcpcsvc.DLL
0x00007fff65ec0000 - 0x00007fff65f8a000 	C:\Windows\SYSTEM32\DNSAPI.dll

dbghelp: loaded successfully - version: 4.0.5 - missing functions: none
symbol engine: initialized successfully - sym options: 0x614 - pdb path: .;C:\Program Files\Java\jdk-18.0.2.1\bin;C:\Windows\SYSTEM32;C:\Windows\WinSxS\amd64_microsoft.windows.common-controls_6595b64144ccf1df_6.0.19041.3636_none_60b6a03d71f818d5;C:\Program Files\Java\jdk-18.0.2.1\bin\server;C:\Users\Hp\.gradle\native\68d5fa5c4cc2d200863cafc0d521ce42e7d3e7ee720ec0a83991735586a16f82\windows-amd64;C:\Users\Hp\.gradle\native\e376f236ea51e6404a007f0833ffe2c6e607c4080706a723a18a27aeea778392\windows-amd64

VM Arguments:
jvm_args: -XX:MaxMetaspaceSize=512m --add-opens=java.base/java.util=ALL-UNNAMED --add-opens=java.base/java.lang=ALL-UNNAMED --add-opens=java.base/java.lang.invoke=ALL-UNNAMED --add-opens=java.prefs/java.util.prefs=ALL-UNNAMED --add-opens=java.base/java.nio.charset=ALL-UNNAMED --add-opens=java.base/java.net=ALL-UNNAMED --add-opens=java.base/java.util.concurrent.atomic=ALL-UNNAMED -Xmx2048m -Dfile.encoding=utf8 -Duser.country=US -Duser.language=en -Duser.variant 
java_command: org.gradle.launcher.daemon.bootstrap.GradleDaemon 8.0.1
java_class_path (initial): C:\Users\Hp\.gradle\wrapper\dists\gradle-8.0.1-all\aro4hu1c3oeioove7l0i4i14o\gradle-8.0.1\lib\gradle-launcher-8.0.1.jar
Launcher Type: SUN_STANDARD

[Global flags]
     intx CICompilerCount                          = 3                                         {product} {ergonomic}
   size_t CompressedClassSpaceSize                 = 432013312                                 {product} {ergonomic}
     uint ConcGCThreads                            = 1                                         {product} {ergonomic}
     uint G1ConcRefinementThreads                  = 4                                         {product} {ergonomic}
   size_t G1HeapRegionSize                         = 1048576                                   {product} {ergonomic}
    uintx GCDrainStackTargetSize                   = 64                                        {product} {ergonomic}
   size_t InitialHeapSize                          = 134217728                                 {product} {ergonomic}
   size_t MarkStackSize                            = 4194304                                   {product} {ergonomic}
   size_t MaxHeapSize                              = 2147483648                                {product} {command line}
   size_t MaxMetaspaceSize                         = 536870912                                 {product} {command line}
   size_t MaxNewSize                               = 1287651328                                {product} {ergonomic}
   size_t MinHeapDeltaBytes                        = 1048576                                   {product} {ergonomic}
   size_t MinHeapSize                              = 8388608                                   {product} {ergonomic}
    uintx NonNMethodCodeHeapSize                   = 5832780                                {pd product} {ergonomic}
    uintx NonProfiledCodeHeapSize                  = 122912730                              {pd product} {ergonomic}
    uintx ProfiledCodeHeapSize                     = 122912730                              {pd product} {ergonomic}
    uintx ReservedCodeCacheSize                    = 251658240                              {pd product} {ergonomic}
     bool SegmentedCodeCache                       = true                                      {product} {ergonomic}
   size_t SoftMaxHeapSize                          = 2147483648                             {manageable} {ergonomic}
     bool UseCompressedClassPointers               = true                           {product lp64_product} {ergonomic}
     bool UseCompressedOops                        = true                           {product lp64_product} {ergonomic}
     bool UseG1GC                                  = true                                      {product} {ergonomic}
     bool UseLargePagesIndividualAllocation        = false                                  {pd product} {ergonomic}

Logging:
Log output configuration:
 #0: stdout all=warning uptime,level,tags foldmultilines=false
 #1: stderr all=off uptime,level,tags foldmultilines=false

Environment Variables:
JAVA_HOME=C:\Program Files\Java\jdk-18.0.2.1
PATH=C:\Program Files\Python39\Scripts\;C:\Program Files\Python39\;F:\WINDOWS.X64_193000_db_home\bin;C:\Program Files\Eclipse Adoptium\jdk-11.0.17.8-hotspot\bin;C:\Program Files\Common Files\Oracle\Java\javapath;C:\Windows\system32;C:\Windows;C:\Windows\System32\Wbem;C:\Windows\System32\WindowsPowerShell\v1.0\;C:\Windows\System32\OpenSSH\;C:\Program Files\Java\jdk-18.0.2.1\bin;C:\Program Files\Git\cmd;C:\ProgramData\chocolatey\bin;C:\Program Files\nodejs\;C:\Program Files\Microsoft SQL Server\Client SDK\ODBC\170\Tools\Binn\;C:\Program Files (x86)\Microsoft SQL Server\150\Tools\Binn\;C:\Program Files\Microsoft SQL Server\150\Tools\Binn\;C:\Program Files\Microsoft SQL Server\150\DTS\Binn\;C:\Program Files (x86)\Microsoft SQL Server\150\DTS\Binn\;C:\Program Files\Azure Data Studio\bin;C:\Users\Hp\AppData\Local\Microsoft\WindowsApps;C:\Users\Hp\AppData\Local\Programs\Microsoft VS Code\bin;C:\Users\Hp\AppData\Roaming\npm;C:\Users\Hp\AppData\Local\Android\Sdk;C:\Users\Hp\AppData\Local\Android\Sdk\platform-tools;C:\Program Files\Azure Data Studio\bin;C:\Users\Hp\AppData\Local\GitHubDesktop\bin
USERNAME=Hp
OS=Windows_NT
PROCESSOR_IDENTIFIER=Intel64 Family 6 Model 142 Stepping 9, GenuineIntel



---------------  S Y S T E M  ---------------

OS:
 Windows 10 , 64 bit Build 19041 (10.0.19041.3636)
OS uptime: 0 days 0:34 hours
Hyper-V role detected

CPU: total 4 (initial active 4) (2 cores per cpu, 2 threads per core) family 6 model 142 stepping 9 microcode 0xb4, cx8, cmov, fxsr, ht, mmx, 3dnowpref, sse, sse2, sse3, ssse3, sse4.1, sse4.2, popcnt, lzcnt, tsc, tscinvbit, avx, avx2, aes, erms, clmul, bmi1, bmi2, adx, fma, vzeroupper, clflush, clflushopt, hv

Memory: 4k page, system-wide physical 8108M (197M free)
TotalPageFile size 32684M (AvailPageFile size 199M)
current process WorkingSet (physical memory assigned to process): 452M, peak: 453M
current process commit charge ("private bytes"): 494M, peak: 698M

vm_info: Java HotSpot(TM) 64-Bit Server VM (18.0.2.1+1-1) for windows-amd64 JRE (18.0.2.1+1-1), built on Aug 16 2022 01:46:33 by "mach5one" with MS VC++ 16.8 / 16.9 (VS2019)

END.
