#
# There is insufficient memory for the Java Runtime Environment to continue.
# Native memory allocation (malloc) failed to allocate 65552 bytes for Chunk::new
# Possible reasons:
#   The system is out of physical RAM or swap space
#   The process is running with CompressedOops enabled, and the Java Heap may be blocking the growth of the native heap
# Possible solutions:
#   Reduce memory load on the system
#   Increase physical memory or swap space
#   Check if swap backing store is full
#   Decrease Java heap size (-Xmx/-Xms)
#   Decrease number of Java threads
#   Decrease Java thread stack sizes (-Xss)
#   Set larger code cache with -XX:ReservedCodeCacheSize=
#   JVM is running with Unscaled Compressed Oops mode in which the Java heap is
#     placed in the first 4GB address space. The Java Heap base address is the
#     maximum limit for the native heap growth. Please use -XX:HeapBaseMinAddress
#     to set the Java Heap base and to place the Java Heap above 4GB virtual address.
# This output file may be truncated or incomplete.
#
#  Out of Memory Error (arena.cpp:191), pid=7276, tid=8512
#
# JRE version: OpenJDK Runtime Environment Temurin-17.0.9+9 (17.0.9+9) (build 17.0.9+9)
# Java VM: OpenJDK 64-Bit Server VM Temurin-17.0.9+9 (17.0.9+9, mixed mode, tiered, compressed oops, compressed class ptrs, parallel gc, windows-amd64)
# No core dump will be written. Minidumps are not enabled by default on client versions of Windows
#

---------------  S U M M A R Y ------------

Command Line: --add-modules=ALL-SYSTEM --add-opens=java.base/java.util=ALL-UNNAMED --add-opens=java.base/java.lang=ALL-UNNAMED --add-opens=java.base/sun.nio.fs=ALL-UNNAMED -Declipse.application=org.eclipse.jdt.ls.core.id1 -Dosgi.bundles.defaultStartLevel=4 -Declipse.product=org.eclipse.jdt.ls.core.product -Djava.import.generatesMetadataFilesAtProjectRoot=false -DDetectVMInstallationsJob.disabled=true -Dfile.encoding=utf8 -XX:+UseParallelGC -XX:GCTimeRatio=4 -XX:AdaptiveSizePolicyWeight=90 -Dsun.zip.disableMemoryMapping=true -Xmx1G -Xms100m -Xlog:disable -javaagent:c:\Users\Hp\.vscode\extensions\redhat.java-1.26.0-win32-x64\lombok\lombok-1.18.31-3454.jar -XX:+HeapDumpOnOutOfMemoryError -XX:HeapDumpPath=c:\Users\Hp\AppData\Roaming\Code\User\workspaceStorage\bba7c3f7c67dd00e1a47571d2bb8e86b\redhat.java -Daether.dependencyCollector.impl=bf c:\Users\Hp\.vscode\extensions\redhat.java-1.26.0-win32-x64\server\plugins\org.eclipse.equinox.launcher_1.6.700.v20231214-2017.jar -configuration c:\Users\Hp\AppData\Roaming\Code\User\globalStorage\redhat.java\1.26.0\config_win -data c:\Users\Hp\AppData\Roaming\Code\User\workspaceStorage\bba7c3f7c67dd00e1a47571d2bb8e86b\redhat.java\jdt_ws --stdio

Host: Intel(R) Core(TM) i5-7200U CPU @ 2.50GHz, 4 cores, 7G,  Windows 10 , 64 bit Build 19041 (10.0.19041.3636)
Time: Mon Jan 29 01:13:48 2024 Pacific Standard Time elapsed time: 185.894958 seconds (0d 0h 3m 5s)

---------------  T H R E A D  ---------------

Current thread (0x00000190972790f0):  JavaThread "C2 CompilerThread1" daemon [_thread_in_native, id=8512, stack(0x00000028c3b00000,0x00000028c3c00000)]


Current CompileTask:
C2: 185895 8456       4       org.eclipse.jdt.internal.core.JarPackageFragmentRoot::initRawPackageInfo (349 bytes)

Stack: [0x00000028c3b00000,0x00000028c3c00000]
Native frames: (J=compiled Java code, j=interpreted, Vv=VM code, C=native code)
V  [jvm.dll+0x67cf49]
V  [jvm.dll+0x83478a]
V  [jvm.dll+0x83624e]
V  [jvm.dll+0x8368b3]
V  [jvm.dll+0x247f1f]
V  [jvm.dll+0xac43c]
V  [jvm.dll+0xaca8c]
V  [jvm.dll+0xac54b]
V  [jvm.dll+0x6a053f]
V  [jvm.dll+0x21ba84]
V  [jvm.dll+0x2198c1]
V  [jvm.dll+0x1a57cd]
V  [jvm.dll+0x2297ae]
V  [jvm.dll+0x22797c]
V  [jvm.dll+0x7e9877]
V  [jvm.dll+0x7e3c3a]
V  [jvm.dll+0x67be35]
C  [ucrtbase.dll+0x21bb2]
C  [KERNEL32.DLL+0x17344]
C  [ntdll.dll+0x526b1]


---------------  P R O C E S S  ---------------

Threads class SMR info:
_java_thread_list=0x0000019095b0a710, length=33, elements={
0x00000190f9f117a0, 0x00000190fecb2750, 0x00000190fecb3760, 0x00000190fecda150,
0x00000190fecdaee0, 0x00000190fecdbc70, 0x00000190fecdd750, 0x00000190fece0360,
0x00000190950353a0, 0x000001909503c090, 0x00000190951101d0, 0x00000190953024b0,
0x00000190959ef890, 0x000001909595ab60, 0x000001909595b310, 0x0000019096046960,
0x0000019096144420, 0x0000019096345ab0, 0x0000019096347e20, 0x0000019096348330,
0x0000019096348840, 0x00000190963464d0, 0x0000019096345fc0, 0x0000019096dbca40,
0x0000019096dbedb0, 0x0000019096dbc530, 0x0000019096dbf2c0, 0x0000019096dbc020,
0x00000190963469e0, 0x00000190972790f0, 0x0000019096dbd460, 0x0000019096dbde80,
0x0000019096dbe390
}

Java Threads: ( => current thread )
  0x00000190f9f117a0 JavaThread "main" [_thread_blocked, id=13844, stack(0x00000028c3d00000,0x00000028c3e00000)]
  0x00000190fecb2750 JavaThread "Reference Handler" daemon [_thread_blocked, id=9228, stack(0x00000028c4000000,0x00000028c4100000)]
  0x00000190fecb3760 JavaThread "Finalizer" daemon [_thread_blocked, id=12616, stack(0x00000028c4100000,0x00000028c4200000)]
  0x00000190fecda150 JavaThread "Signal Dispatcher" daemon [_thread_blocked, id=6784, stack(0x00000028c4200000,0x00000028c4300000)]
  0x00000190fecdaee0 JavaThread "Attach Listener" daemon [_thread_blocked, id=12164, stack(0x00000028c4300000,0x00000028c4400000)]
  0x00000190fecdbc70 JavaThread "Service Thread" daemon [_thread_blocked, id=7044, stack(0x00000028c4400000,0x00000028c4500000)]
  0x00000190fecdd750 JavaThread "Monitor Deflation Thread" daemon [_thread_blocked, id=11856, stack(0x00000028c4500000,0x00000028c4600000)]
  0x00000190fece0360 JavaThread "C2 CompilerThread0" daemon [_thread_in_native, id=14132, stack(0x00000028c4600000,0x00000028c4700000)]
  0x00000190950353a0 JavaThread "C1 CompilerThread0" daemon [_thread_blocked, id=11936, stack(0x00000028c4700000,0x00000028c4800000)]
  0x000001909503c090 JavaThread "Sweeper thread" daemon [_thread_blocked, id=12024, stack(0x00000028c4800000,0x00000028c4900000)]
  0x00000190951101d0 JavaThread "Common-Cleaner" daemon [_thread_blocked, id=6400, stack(0x00000028c4900000,0x00000028c4a00000)]
  0x00000190953024b0 JavaThread "Notification Thread" daemon [_thread_blocked, id=10052, stack(0x00000028c4a00000,0x00000028c4b00000)]
  0x00000190959ef890 JavaThread "Active Thread: Equinox Container: 938a3488-1f76-47c6-aa91-dae79c647bcd" [_thread_blocked, id=8112, stack(0x00000028c5000000,0x00000028c5100000)]
  0x000001909595ab60 JavaThread "Framework Event Dispatcher: Equinox Container: 938a3488-1f76-47c6-aa91-dae79c647bcd" daemon [_thread_blocked, id=10220, stack(0x00000028c5100000,0x00000028c5200000)]
  0x000001909595b310 JavaThread "Start Level: Equinox Container: 938a3488-1f76-47c6-aa91-dae79c647bcd" daemon [_thread_blocked, id=8680, stack(0x00000028c5200000,0x00000028c5300000)]
  0x0000019096046960 JavaThread "Bundle File Closer" daemon [_thread_blocked, id=11988, stack(0x00000028c4f00000,0x00000028c5000000)]
  0x0000019096144420 JavaThread "SCR Component Actor" daemon [_thread_blocked, id=6768, stack(0x00000028c5300000,0x00000028c5400000)]
  0x0000019096345ab0 JavaThread "Worker-JM" [_thread_blocked, id=9392, stack(0x00000028c5500000,0x00000028c5600000)]
  0x0000019096347e20 JavaThread "Worker-0: Java indexing... " [_thread_blocked, id=2916, stack(0x00000028c5600000,0x00000028c5700000)]
  0x0000019096348330 JavaThread "Worker-1: Synchronizing projects" [_thread_in_vm, id=1412, stack(0x00000028c5700000,0x00000028c5800000)]
  0x0000019096348840 JavaThread "Worker-2: Building" [_thread_blocked, id=4812, stack(0x00000028c5800000,0x00000028c5900000)]
  0x00000190963464d0 JavaThread "Java indexing" daemon [_thread_in_Java, id=13652, stack(0x00000028c5900000,0x00000028c5a00000)]
  0x0000019096345fc0 JavaThread "JNA Cleaner" daemon [_thread_blocked, id=892, stack(0x00000028c5b00000,0x00000028c5c00000)]
  0x0000019096dbca40 JavaThread "pool-2-thread-1" [_thread_blocked, id=8876, stack(0x00000028c5e00000,0x00000028c5f00000)]
  0x0000019096dbedb0 JavaThread "WorkspaceEventsHandler" [_thread_blocked, id=13268, stack(0x00000028c5f00000,0x00000028c6000000)]
  0x0000019096dbc530 JavaThread "pool-1-thread-1" [_thread_blocked, id=13864, stack(0x00000028c6000000,0x00000028c6100000)]
  0x0000019096dbf2c0 JavaThread "Worker-4: Initialize workspace" [_thread_blocked, id=5596, stack(0x00000028c6300000,0x00000028c6400000)]
  0x0000019096dbc020 JavaThread "Timer-0" [_thread_blocked, id=11776, stack(0x00000028c6400000,0x00000028c6500000)]
  0x00000190963469e0 JavaThread "Timer-1" [_thread_blocked, id=840, stack(0x00000028c6700000,0x00000028c6800000)]
=>0x00000190972790f0 JavaThread "C2 CompilerThread1" daemon [_thread_in_native, id=8512, stack(0x00000028c3b00000,0x00000028c3c00000)]
  0x0000019096dbd460 JavaThread "ForkJoinPool.commonPool-worker-1" daemon [_thread_in_Java, id=2156, stack(0x00000028c3c00000,0x00000028c3d00000)]
  0x0000019096dbde80 JavaThread "Worker-5" [_thread_blocked, id=10360, stack(0x00000028c5a00000,0x00000028c5b00000)]
  0x0000019096dbe390 JavaThread "Worker-6" [_thread_new, id=4256, stack(0x0000000000000000,0x0000000000000000)]

Other Threads:
  0x00000190f9f9c6f0 VMThread "VM Thread" [stack: 0x00000028c3f00000,0x00000028c4000000] [id=4116]
  0x0000019095302990 WatcherThread [stack: 0x00000028c4b00000,0x00000028c4c00000] [id=5820]
  0x00000190f9f26730 GCTaskThread "GC Thread#0" [stack: 0x00000028c3e00000,0x00000028c3f00000] [id=12332]
  0x0000019095b62a60 GCTaskThread "GC Thread#1" [stack: 0x00000028c4c00000,0x00000028c4d00000] [id=4880]
  0x00000190954be3a0 GCTaskThread "GC Thread#2" [stack: 0x00000028c4d00000,0x00000028c4e00000] [id=7712]
  0x00000190954be660 GCTaskThread "GC Thread#3" [stack: 0x00000028c4e00000,0x00000028c4f00000] [id=10964]

Threads with active compile tasks:
C2 CompilerThread0   185942 8514 %     4       java.lang.StringCoding::implEncodeAsciiArray @ 3 (47 bytes)
C2 CompilerThread1   185942 8456       4       org.eclipse.jdt.internal.core.JarPackageFragmentRoot::initRawPackageInfo (349 bytes)

VM state: not at safepoint (normal execution)

VM Mutex/Monitor currently owned by a thread:  ([mutex/lock_event])
[0x00000190f9f0cdc0] Metaspace_lock - owner thread: 0x0000019096348330

Heap address: 0x00000000c0000000, size: 1024 MB, Compressed Oops mode: 32-bit

CDS archive(s) not mapped
Compressed class space mapped at: 0x0000000100000000-0x0000000140000000, reserved size: 1073741824
Narrow klass base: 0x0000000000000000, Narrow klass shift: 3, Narrow klass range: 0x140000000

GC Precious Log:
 CPUs: 4 total, 4 available
 Memory: 8108M
 Large Page Support: Disabled
 NUMA Support: Disabled
 Compressed Oops: Enabled (32-bit)
 Alignments: Space 512K, Generation 512K, Heap 2M
 Heap Min Capacity: 100M
 Heap Initial Capacity: 100M
 Heap Max Capacity: 1G
 Pre-touch: Disabled
 Parallel Workers: 4

Heap:
 PSYoungGen      total 25600K, used 14376K [0x00000000eab00000, 0x00000000ec980000, 0x0000000100000000)
  eden space 20480K, 45% used [0x00000000eab00000,0x00000000eb40a400,0x00000000ebf00000)
  from space 5120K, 99% used [0x00000000ec480000,0x00000000ec97ffb8,0x00000000ec980000)
  to   space 5120K, 0% used [0x00000000ebf00000,0x00000000ebf00000,0x00000000ec400000)
 ParOldGen       total 699392K, used 117639K [0x00000000c0000000, 0x00000000eab00000, 0x00000000eab00000)
  object space 699392K, 16% used [0x00000000c0000000,0x00000000c72e1f60,0x00000000eab00000)
 Metaspace       used 66302K, committed 67264K, reserved 1114112K
  class space    used 7635K, committed 8000K, reserved 1048576K

Card table byte_map: [0x00000190fe5a0000,0x00000190fe7b0000] _byte_map_base: 0x00000190fdfa0000

Marking Bits: (ParMarkBitMap*) 0x00007fff8195d0b0
 Begin Bits: [0x000001908f000000, 0x0000019090000000)
 End Bits:   [0x0000019090000000, 0x0000019091000000)

Polling page: 0x00000190f9fd0000

Metaspace:

Usage:
  Non-class:     57.29 MB used.
      Class:      7.46 MB used.
       Both:     64.75 MB used.

Virtual space:
  Non-class space:       64.00 MB reserved,      57.88 MB ( 90%) committed,  1 nodes.
      Class space:        1.00 GB reserved,       7.81 MB ( <1%) committed,  1 nodes.
             Both:        1.06 GB reserved,      65.69 MB (  6%) committed. 

Chunk freelists:
   Non-Class:  5.38 MB
       Class:  8.07 MB
        Both:  13.44 MB

MaxMetaspaceSize: unlimited
CompressedClassSpaceSize: 1.00 GB
Initial GC threshold: 21.00 MB
Current GC threshold: 108.25 MB
CDS: off
MetaspaceReclaimPolicy: balanced
 - commit_granule_bytes: 65536.
 - commit_granule_words: 8192.
 - virtual_space_node_default_size: 8388608.
 - enlarge_chunks_in_place: 1.
 - new_chunks_are_fully_committed: 0.
 - uncommit_free_chunks: 1.
 - use_allocation_guard: 0.
 - handle_deallocations: 1.


Internal statistics:

num_allocs_failed_limit: 9.
num_arena_births: 564.
num_arena_deaths: 14.
num_vsnodes_births: 2.
num_vsnodes_deaths: 0.
num_space_committed: 1051.
num_space_uncommitted: 0.
num_chunks_returned_to_freelist: 23.
num_chunks_taken_from_freelist: 2975.
num_chunk_merges: 14.
num_chunk_splits: 1885.
num_chunks_enlarged: 1174.
num_inconsistent_stats: 0.

CodeHeap 'non-profiled nmethods': size=120000Kb used=4240Kb max_used=4382Kb free=115759Kb
 bounds [0x0000019087ad0000, 0x0000019087f20000, 0x000001908f000000]
CodeHeap 'profiled nmethods': size=120000Kb used=12953Kb max_used=14742Kb free=107046Kb
 bounds [0x0000019080000000, 0x0000019080e70000, 0x0000019087530000]
CodeHeap 'non-nmethods': size=5760Kb used=1346Kb max_used=1433Kb free=4413Kb
 bounds [0x0000019087530000, 0x00000190877a0000, 0x0000019087ad0000]
 total_blobs=7616 nmethods=6931 adapters=599
 compilation: enabled
              stopped_count=0, restarted_count=0
 full_count=0

Compilation events (20 events):
Event: 185.878 Thread 0x00000190950353a0 nmethod 8491 0x0000019087bba790 code [0x0000019087bba920, 0x0000019087bba9f8]
Event: 185.878 Thread 0x00000190950353a0 8492       1       com.google.gson.stream.JsonWriter::isHtmlSafe (5 bytes)
Event: 185.878 Thread 0x00000190950353a0 nmethod 8492 0x0000019087bba490 code [0x0000019087bba620, 0x0000019087bba6f8]
Event: 185.878 Thread 0x00000190950353a0 8493       1       com.google.gson.stream.JsonWriter::getSerializeNulls (5 bytes)
Event: 185.878 Thread 0x00000190950353a0 nmethod 8493 0x0000019087bba190 code [0x0000019087bba320, 0x0000019087bba3f8]
Event: 185.879 Thread 0x00000190fece0360 nmethod 8454 0x0000019087bb9210 code [0x0000019087bb93c0, 0x0000019087bb9c08]
Event: 185.879 Thread 0x00000190fece0360 8483       4       sun.nio.fs.WindowsPath::normalize (365 bytes)
Event: 185.881 Thread 0x00000190950353a0 8494       3       org.eclipse.jdt.internal.core.JavaModelStatus::getSeverity (60 bytes)
Event: 185.882 Thread 0x00000190950353a0 nmethod 8494 0x0000019080823710 code [0x00000190808238e0, 0x0000019080823ca8]
Event: 185.883 Thread 0x00000190950353a0 8495       3       org.eclipse.jdt.internal.core.ClasspathEntry::combineWith (240 bytes)
Event: 185.884 Thread 0x00000190950353a0 nmethod 8495 0x00000190800b0790 code [0x00000190800b0a20, 0x00000190800b17c8]
Event: 185.884 Thread 0x00000190950353a0 8496       3       org.eclipse.jdt.internal.core.ClasspathEntry::resolvedDotDot (76 bytes)
Event: 185.885 Thread 0x00000190950353a0 nmethod 8496 0x000001908084bd10 code [0x000001908084bf00, 0x000001908084c388]
Event: 185.885 Thread 0x00000190950353a0 8497       3       org.eclipse.jdt.internal.core.JavaProject::driveExists (76 bytes)
Event: 185.886 Thread 0x00000190950353a0 nmethod 8497 0x00000190802ba310 code [0x00000190802ba580, 0x00000190802bb088]
Event: 185.886 Thread 0x00000190950353a0 8498  s    3       org.eclipse.jdt.core.JavaConventions::scannedIdentifier (9 bytes)
Event: 185.886 Thread 0x00000190950353a0 nmethod 8498 0x000001908079a490 code [0x000001908079a640, 0x000001908079a828]
Event: 185.892 Thread 0x00000190950353a0 8500       3       org.eclipse.jdt.internal.compiler.parser.Scanner::getCurrentIdentifierSource (73 bytes)
Event: 185.893 Thread 0x00000190950353a0 nmethod 8500 0x0000019080895a90 code [0x0000019080895c60, 0x0000019080895ff8]
Event: 185.893 Thread 0x00000190950353a0 8501   !   3       sun.nio.fs.WindowsFileAttributes::get (236 bytes)

GC Heap History (20 events):
Event: 184.892 GC heap before
{Heap before GC invocations=1794 (full 1749):
 PSYoungGen      total 25600K, used 20480K [0x00000000eab00000, 0x00000000ec980000, 0x0000000100000000)
  eden space 20480K, 100% used [0x00000000eab00000,0x00000000ebf00000,0x00000000ebf00000)
  from space 5120K, 0% used [0x00000000ebf00000,0x00000000ebf00000,0x00000000ec400000)
  to   space 3072K, 0% used [0x00000000ec600000,0x00000000ec600000,0x00000000ec900000)
 ParOldGen       total 96256K, used 96128K [0x00000000c0000000, 0x00000000c5e00000, 0x00000000eab00000)
  object space 96256K, 99% used [0x00000000c0000000,0x00000000c5de02c8,0x00000000c5e00000)
 Metaspace       used 65665K, committed 66624K, reserved 1114112K
  class space    used 7574K, committed 7936K, reserved 1048576K
}
Event: 184.996 GC heap after
{Heap after GC invocations=1794 (full 1749):
 PSYoungGen      total 23552K, used 20480K [0x00000000eab00000, 0x00000000ec980000, 0x0000000100000000)
  eden space 20480K, 100% used [0x00000000eab00000,0x00000000ebf00000,0x00000000ebf00000)
  from space 3072K, 0% used [0x00000000ec600000,0x00000000ec600000,0x00000000ec900000)
  to   space 5120K, 0% used [0x00000000ebf00000,0x00000000ebf00000,0x00000000ec400000)
 ParOldGen       total 96256K, used 96127K [0x00000000c0000000, 0x00000000c5e00000, 0x00000000eab00000)
  object space 96256K, 99% used [0x00000000c0000000,0x00000000c5ddfcf8,0x00000000c5e00000)
 Metaspace       used 65665K, committed 66624K, reserved 1114112K
  class space    used 7574K, committed 7936K, reserved 1048576K
}
Event: 184.997 GC heap before
{Heap before GC invocations=1795 (full 1750):
 PSYoungGen      total 23552K, used 20480K [0x00000000eab00000, 0x00000000ec980000, 0x0000000100000000)
  eden space 20480K, 100% used [0x00000000eab00000,0x00000000ebf00000,0x00000000ebf00000)
  from space 3072K, 0% used [0x00000000ec600000,0x00000000ec600000,0x00000000ec900000)
  to   space 5120K, 0% used [0x00000000ebf00000,0x00000000ebf00000,0x00000000ec400000)
 ParOldGen       total 96256K, used 96129K [0x00000000c0000000, 0x00000000c5e00000, 0x00000000eab00000)
  object space 96256K, 99% used [0x00000000c0000000,0x00000000c5de0710,0x00000000c5e00000)
 Metaspace       used 65665K, committed 66624K, reserved 1114112K
  class space    used 7574K, committed 7936K, reserved 1048576K
}
Event: 185.084 GC heap after
{Heap after GC invocations=1795 (full 1750):
 PSYoungGen      total 25600K, used 20480K [0x00000000eab00000, 0x00000000ec980000, 0x0000000100000000)
  eden space 20480K, 100% used [0x00000000eab00000,0x00000000ebf00000,0x00000000ebf00000)
  from space 5120K, 0% used [0x00000000ebf00000,0x00000000ebf00000,0x00000000ec400000)
  to   space 3072K, 0% used [0x00000000ec600000,0x00000000ec600000,0x00000000ec900000)
 ParOldGen       total 96256K, used 96128K [0x00000000c0000000, 0x00000000c5e00000, 0x00000000eab00000)
  object space 96256K, 99% used [0x00000000c0000000,0x00000000c5de00f8,0x00000000c5e00000)
 Metaspace       used 65665K, committed 66624K, reserved 1114112K
  class space    used 7574K, committed 7936K, reserved 1048576K
}
Event: 185.084 GC heap before
{Heap before GC invocations=1796 (full 1751):
 PSYoungGen      total 25600K, used 20480K [0x00000000eab00000, 0x00000000ec980000, 0x0000000100000000)
  eden space 20480K, 100% used [0x00000000eab00000,0x00000000ebf00000,0x00000000ebf00000)
  from space 5120K, 0% used [0x00000000ebf00000,0x00000000ebf00000,0x00000000ec400000)
  to   space 3072K, 0% used [0x00000000ec600000,0x00000000ec600000,0x00000000ec900000)
 ParOldGen       total 96256K, used 96130K [0x00000000c0000000, 0x00000000c5e00000, 0x00000000eab00000)
  object space 96256K, 99% used [0x00000000c0000000,0x00000000c5de0ac8,0x00000000c5e00000)
 Metaspace       used 65665K, committed 66624K, reserved 1114112K
  class space    used 7574K, committed 7936K, reserved 1048576K
}
Event: 185.168 GC heap after
{Heap after GC invocations=1796 (full 1751):
 PSYoungGen      total 23552K, used 20480K [0x00000000eab00000, 0x00000000ec980000, 0x0000000100000000)
  eden space 20480K, 100% used [0x00000000eab00000,0x00000000ebf00000,0x00000000ebf00000)
  from space 3072K, 0% used [0x00000000ec600000,0x00000000ec600000,0x00000000ec900000)
  to   space 5120K, 0% used [0x00000000ebf00000,0x00000000ebf00000,0x00000000ec400000)
 ParOldGen       total 96256K, used 96129K [0x00000000c0000000, 0x00000000c5e00000, 0x00000000eab00000)
  object space 96256K, 99% used [0x00000000c0000000,0x00000000c5de0518,0x00000000c5e00000)
 Metaspace       used 65665K, committed 66624K, reserved 1114112K
  class space    used 7574K, committed 7936K, reserved 1048576K
}
Event: 185.168 GC heap before
{Heap before GC invocations=1797 (full 1752):
 PSYoungGen      total 23552K, used 20480K [0x00000000eab00000, 0x00000000ec980000, 0x0000000100000000)
  eden space 20480K, 100% used [0x00000000eab00000,0x00000000ebf00000,0x00000000ebf00000)
  from space 3072K, 0% used [0x00000000ec600000,0x00000000ec600000,0x00000000ec900000)
  to   space 5120K, 0% used [0x00000000ebf00000,0x00000000ebf00000,0x00000000ec400000)
 ParOldGen       total 96256K, used 96131K [0x00000000c0000000, 0x00000000c5e00000, 0x00000000eab00000)
  object space 96256K, 99% used [0x00000000c0000000,0x00000000c5de0fd0,0x00000000c5e00000)
 Metaspace       used 65665K, committed 66624K, reserved 1114112K
  class space    used 7574K, committed 7936K, reserved 1048576K
}
Event: 185.268 GC heap after
{Heap after GC invocations=1797 (full 1752):
 PSYoungGen      total 25600K, used 20480K [0x00000000eab00000, 0x00000000ec980000, 0x0000000100000000)
  eden space 20480K, 100% used [0x00000000eab00000,0x00000000ebf00000,0x00000000ebf00000)
  from space 5120K, 0% used [0x00000000ebf00000,0x00000000ebf00000,0x00000000ec400000)
  to   space 3072K, 0% used [0x00000000ec600000,0x00000000ec600000,0x00000000ec900000)
 ParOldGen       total 96256K, used 96129K [0x00000000c0000000, 0x00000000c5e00000, 0x00000000eab00000)
  object space 96256K, 99% used [0x00000000c0000000,0x00000000c5de0710,0x00000000c5e00000)
 Metaspace       used 65665K, committed 66624K, reserved 1114112K
  class space    used 7574K, committed 7936K, reserved 1048576K
}
Event: 185.268 GC heap before
{Heap before GC invocations=1798 (full 1753):
 PSYoungGen      total 25600K, used 20480K [0x00000000eab00000, 0x00000000ec980000, 0x0000000100000000)
  eden space 20480K, 100% used [0x00000000eab00000,0x00000000ebf00000,0x00000000ebf00000)
  from space 5120K, 0% used [0x00000000ebf00000,0x00000000ebf00000,0x00000000ec400000)
  to   space 3072K, 0% used [0x00000000ec600000,0x00000000ec600000,0x00000000ec900000)
 ParOldGen       total 96256K, used 96132K [0x00000000c0000000, 0x00000000c5e00000, 0x00000000eab00000)
  object space 96256K, 99% used [0x00000000c0000000,0x00000000c5de11b0,0x00000000c5e00000)
 Metaspace       used 65665K, committed 66624K, reserved 1114112K
  class space    used 7574K, committed 7936K, reserved 1048576K
}
Event: 185.377 GC heap after
{Heap after GC invocations=1798 (full 1753):
 PSYoungGen      total 23552K, used 20480K [0x00000000eab00000, 0x00000000ec980000, 0x0000000100000000)
  eden space 20480K, 100% used [0x00000000eab00000,0x00000000ebf00000,0x00000000ebf00000)
  from space 3072K, 0% used [0x00000000ec600000,0x00000000ec600000,0x00000000ec900000)
  to   space 5120K, 0% used [0x00000000ebf00000,0x00000000ebf00000,0x00000000ec400000)
 ParOldGen       total 96256K, used 96129K [0x00000000c0000000, 0x00000000c5e00000, 0x00000000eab00000)
  object space 96256K, 99% used [0x00000000c0000000,0x00000000c5de0650,0x00000000c5e00000)
 Metaspace       used 65665K, committed 66624K, reserved 1114112K
  class space    used 7574K, committed 7936K, reserved 1048576K
}
Event: 185.377 GC heap before
{Heap before GC invocations=1799 (full 1754):
 PSYoungGen      total 23552K, used 20480K [0x00000000eab00000, 0x00000000ec980000, 0x0000000100000000)
  eden space 20480K, 100% used [0x00000000eab00000,0x00000000ebf00000,0x00000000ebf00000)
  from space 3072K, 0% used [0x00000000ec600000,0x00000000ec600000,0x00000000ec900000)
  to   space 5120K, 0% used [0x00000000ebf00000,0x00000000ebf00000,0x00000000ec400000)
 ParOldGen       total 96256K, used 96131K [0x00000000c0000000, 0x00000000c5e00000, 0x00000000eab00000)
  object space 96256K, 99% used [0x00000000c0000000,0x00000000c5de0ff8,0x00000000c5e00000)
 Metaspace       used 65665K, committed 66624K, reserved 1114112K
  class space    used 7574K, committed 7936K, reserved 1048576K
}
Event: 185.476 GC heap after
{Heap after GC invocations=1799 (full 1754):
 PSYoungGen      total 25600K, used 20480K [0x00000000eab00000, 0x00000000ec980000, 0x0000000100000000)
  eden space 20480K, 100% used [0x00000000eab00000,0x00000000ebf00000,0x00000000ebf00000)
  from space 5120K, 0% used [0x00000000ebf00000,0x00000000ebf00000,0x00000000ec400000)
  to   space 3072K, 0% used [0x00000000ec600000,0x00000000ec600000,0x00000000ec900000)
 ParOldGen       total 96256K, used 96130K [0x00000000c0000000, 0x00000000c5e00000, 0x00000000eab00000)
  object space 96256K, 99% used [0x00000000c0000000,0x00000000c5de0900,0x00000000c5e00000)
 Metaspace       used 65665K, committed 66624K, reserved 1114112K
  class space    used 7574K, committed 7936K, reserved 1048576K
}
Event: 185.476 GC heap before
{Heap before GC invocations=1800 (full 1755):
 PSYoungGen      total 25600K, used 20480K [0x00000000eab00000, 0x00000000ec980000, 0x0000000100000000)
  eden space 20480K, 100% used [0x00000000eab00000,0x00000000ebf00000,0x00000000ebf00000)
  from space 5120K, 0% used [0x00000000ebf00000,0x00000000ebf00000,0x00000000ec400000)
  to   space 3072K, 0% used [0x00000000ec600000,0x00000000ec600000,0x00000000ec900000)
 ParOldGen       total 96256K, used 96132K [0x00000000c0000000, 0x00000000c5e00000, 0x00000000eab00000)
  object space 96256K, 99% used [0x00000000c0000000,0x00000000c5de13b0,0x00000000c5e00000)
 Metaspace       used 65665K, committed 66624K, reserved 1114112K
  class space    used 7574K, committed 7936K, reserved 1048576K
}
Event: 185.574 GC heap after
{Heap after GC invocations=1800 (full 1755):
 PSYoungGen      total 23552K, used 20480K [0x00000000eab00000, 0x00000000ec980000, 0x0000000100000000)
  eden space 20480K, 100% used [0x00000000eab00000,0x00000000ebf00000,0x00000000ebf00000)
  from space 3072K, 0% used [0x00000000ec600000,0x00000000ec600000,0x00000000ec900000)
  to   space 5120K, 0% used [0x00000000ebf00000,0x00000000ebf00000,0x00000000ec400000)
 ParOldGen       total 699392K, used 96130K [0x00000000c0000000, 0x00000000eab00000, 0x00000000eab00000)
  object space 699392K, 13% used [0x00000000c0000000,0x00000000c5de09d0,0x00000000eab00000)
 Metaspace       used 65665K, committed 66624K, reserved 1114112K
  class space    used 7574K, committed 7936K, reserved 1048576K
}
Event: 185.575 GC heap before
{Heap before GC invocations=1801 (full 1755):
 PSYoungGen      total 23552K, used 20480K [0x00000000eab00000, 0x00000000ec980000, 0x0000000100000000)
  eden space 20480K, 100% used [0x00000000eab00000,0x00000000ebf00000,0x00000000ebf00000)
  from space 3072K, 0% used [0x00000000ec600000,0x00000000ec600000,0x00000000ec900000)
  to   space 5120K, 0% used [0x00000000ebf00000,0x00000000ebf00000,0x00000000ec400000)
 ParOldGen       total 699392K, used 96133K [0x00000000c0000000, 0x00000000eab00000, 0x00000000eab00000)
  object space 699392K, 13% used [0x00000000c0000000,0x00000000c5de14b8,0x00000000eab00000)
 Metaspace       used 65665K, committed 66624K, reserved 1114112K
  class space    used 7574K, committed 7936K, reserved 1048576K
}
Event: 185.595 GC heap after
{Heap after GC invocations=1801 (full 1755):
 PSYoungGen      total 25600K, used 5109K [0x00000000eab00000, 0x00000000ec980000, 0x0000000100000000)
  eden space 20480K, 0% used [0x00000000eab00000,0x00000000eab00000,0x00000000ebf00000)
  from space 5120K, 99% used [0x00000000ebf00000,0x00000000ec3fd480,0x00000000ec400000)
  to   space 3072K, 0% used [0x00000000ec600000,0x00000000ec600000,0x00000000ec900000)
 ParOldGen       total 699392K, used 112190K [0x00000000c0000000, 0x00000000eab00000, 0x00000000eab00000)
  object space 699392K, 16% used [0x00000000c0000000,0x00000000c6d8f8c0,0x00000000eab00000)
 Metaspace       used 65665K, committed 66624K, reserved 1114112K
  class space    used 7574K, committed 7936K, reserved 1048576K
}
Event: 185.696 GC heap before
{Heap before GC invocations=1802 (full 1755):
 PSYoungGen      total 25600K, used 25589K [0x00000000eab00000, 0x00000000ec980000, 0x0000000100000000)
  eden space 20480K, 100% used [0x00000000eab00000,0x00000000ebf00000,0x00000000ebf00000)
  from space 5120K, 99% used [0x00000000ebf00000,0x00000000ec3fd480,0x00000000ec400000)
  to   space 3072K, 0% used [0x00000000ec600000,0x00000000ec600000,0x00000000ec900000)
 ParOldGen       total 699392K, used 112190K [0x00000000c0000000, 0x00000000eab00000, 0x00000000eab00000)
  object space 699392K, 16% used [0x00000000c0000000,0x00000000c6d8f8c0,0x00000000eab00000)
 Metaspace       used 65690K, committed 66624K, reserved 1114112K
  class space    used 7574K, committed 7936K, reserved 1048576K
}
Event: 185.701 GC heap after
{Heap after GC invocations=1802 (full 1755):
 PSYoungGen      total 23552K, used 2384K [0x00000000eab00000, 0x00000000ec980000, 0x0000000100000000)
  eden space 20480K, 0% used [0x00000000eab00000,0x00000000eab00000,0x00000000ebf00000)
  from space 3072K, 77% used [0x00000000ec600000,0x00000000ec8543c8,0x00000000ec900000)
  to   space 5120K, 0% used [0x00000000ebf00000,0x00000000ebf00000,0x00000000ec400000)
 ParOldGen       total 699392K, used 117212K [0x00000000c0000000, 0x00000000eab00000, 0x00000000eab00000)
  object space 699392K, 16% used [0x00000000c0000000,0x00000000c7277378,0x00000000eab00000)
 Metaspace       used 65690K, committed 66624K, reserved 1114112K
  class space    used 7574K, committed 7936K, reserved 1048576K
}
Event: 185.828 GC heap before
{Heap before GC invocations=1803 (full 1755):
 PSYoungGen      total 23552K, used 22864K [0x00000000eab00000, 0x00000000ec980000, 0x0000000100000000)
  eden space 20480K, 100% used [0x00000000eab00000,0x00000000ebf00000,0x00000000ebf00000)
  from space 3072K, 77% used [0x00000000ec600000,0x00000000ec8543c8,0x00000000ec900000)
  to   space 5120K, 0% used [0x00000000ebf00000,0x00000000ebf00000,0x00000000ec400000)
 ParOldGen       total 699392K, used 117212K [0x00000000c0000000, 0x00000000eab00000, 0x00000000eab00000)
  object space 699392K, 16% used [0x00000000c0000000,0x00000000c7277378,0x00000000eab00000)
 Metaspace       used 65988K, committed 67008K, reserved 1114112K
  class space    used 7605K, committed 8000K, reserved 1048576K
}
Event: 185.832 GC heap after
{Heap after GC invocations=1803 (full 1755):
 PSYoungGen      total 25600K, used 4152K [0x00000000eab00000, 0x00000000ec980000, 0x0000000100000000)
  eden space 20480K, 0% used [0x00000000eab00000,0x00000000eab00000,0x00000000ebf00000)
  from space 5120K, 81% used [0x00000000ebf00000,0x00000000ec30e198,0x00000000ec400000)
  to   space 5120K, 0% used [0x00000000ec480000,0x00000000ec480000,0x00000000ec980000)
 ParOldGen       total 699392K, used 117220K [0x00000000c0000000, 0x00000000eab00000, 0x00000000eab00000)
  object space 699392K, 16% used [0x00000000c0000000,0x00000000c7279378,0x00000000eab00000)
 Metaspace       used 65988K, committed 67008K, reserved 1114112K
  class space    used 7605K, committed 8000K, reserved 1048576K
}

Dll operation events (14 events):
Event: 0.014 Loaded shared library c:\Users\Hp\.vscode\extensions\redhat.java-1.26.0-win32-x64\jre\17.0.9-win32-x86_64\bin\java.dll
Event: 1.028 Loaded shared library c:\Users\Hp\.vscode\extensions\redhat.java-1.26.0-win32-x64\jre\17.0.9-win32-x86_64\bin\zip.dll
Event: 1.032 Loaded shared library C:\Users\Hp\.vscode\extensions\redhat.java-1.26.0-win32-x64\jre\17.0.9-win32-x86_64\bin\instrument.dll
Event: 1.049 Loaded shared library C:\Users\Hp\.vscode\extensions\redhat.java-1.26.0-win32-x64\jre\17.0.9-win32-x86_64\bin\net.dll
Event: 1.116 Loaded shared library C:\Users\Hp\.vscode\extensions\redhat.java-1.26.0-win32-x64\jre\17.0.9-win32-x86_64\bin\nio.dll
Event: 1.157 Loaded shared library C:\Users\Hp\.vscode\extensions\redhat.java-1.26.0-win32-x64\jre\17.0.9-win32-x86_64\bin\zip.dll
Event: 1.185 Loaded shared library C:\Users\Hp\.vscode\extensions\redhat.java-1.26.0-win32-x64\jre\17.0.9-win32-x86_64\bin\jimage.dll
Event: 1.355 Loaded shared library c:\Users\Hp\.vscode\extensions\redhat.java-1.26.0-win32-x64\jre\17.0.9-win32-x86_64\bin\verify.dll
Event: 4.627 Loaded shared library C:\Users\Hp\AppData\Roaming\Code\User\globalStorage\redhat.java\1.26.0\config_win\org.eclipse.equinox.launcher\org.eclipse.equinox.launcher.win32.win32.x86_64_1.2.800.v20231003-1442\eclipse_11802.dll
Event: 12.701 Loaded shared library C:\Users\Hp\AppData\Local\Temp\jna-2344\jna16095558564525116451.dll
Event: 14.654 Loaded shared library C:\Users\Hp\.vscode\extensions\redhat.java-1.26.0-win32-x64\jre\17.0.9-win32-x86_64\bin\sunmscapi.dll
Event: 20.188 Loaded shared library C:\Users\Hp\.gradle\native\68d5fa5c4cc2d200863cafc0d521ce42e7d3e7ee720ec0a83991735586a16f82\windows-amd64\native-platform.dll
Event: 22.042 Loaded shared library C:\Users\Hp\.vscode\extensions\redhat.java-1.26.0-win32-x64\jre\17.0.9-win32-x86_64\bin\management.dll
Event: 22.048 Loaded shared library C:\Users\Hp\.vscode\extensions\redhat.java-1.26.0-win32-x64\jre\17.0.9-win32-x86_64\bin\management_ext.dll

Deoptimization events (20 events):
Event: 185.758 Thread 0x0000019096348330 Uncommon trap: trap_request=0xffffffbe fr.pc=0x0000019087d4c5b4 relative=0x00000000000006f4
Event: 185.758 Thread 0x0000019096348330 Uncommon trap: reason=profile_predicate action=maybe_recompile pc=0x0000019087d4c5b4 method=org.eclipse.jdt.internal.core.util.HashtableOfArrayToObject.getKey([Ljava/lang/Object;I)[Ljava/lang/Object; @ 61 c2
Event: 185.758 Thread 0x0000019096348330 DEOPT PACKING pc=0x0000019087d4c5b4 sp=0x00000028c57fd4e0
Event: 185.758 Thread 0x0000019096348330 DEOPT UNPACKING pc=0x00000190875866a3 sp=0x00000028c57fd4a8 mode 2
Event: 185.800 Thread 0x0000019096348330 Uncommon trap: trap_request=0xffffff45 fr.pc=0x0000019087ecbc20 relative=0x0000000000000180
Event: 185.800 Thread 0x0000019096348330 Uncommon trap: reason=unstable_if action=reinterpret pc=0x0000019087ecbc20 method=org.eclipse.jdt.internal.compiler.parser.Scanner.scanIdentifierOrKeywordWithBoundCheck()I @ 55 c2
Event: 185.800 Thread 0x0000019096348330 DEOPT PACKING pc=0x0000019087ecbc20 sp=0x00000028c57fd230
Event: 185.800 Thread 0x0000019096348330 DEOPT UNPACKING pc=0x00000190875866a3 sp=0x00000028c57fd1b8 mode 2
Event: 185.803 Thread 0x0000019096348330 Uncommon trap: trap_request=0xffffff45 fr.pc=0x0000019087d8b99c relative=0x00000000000001dc
Event: 185.803 Thread 0x0000019096348330 Uncommon trap: reason=unstable_if action=reinterpret pc=0x0000019087d8b99c method=org.eclipse.jdt.internal.compiler.parser.Scanner.scanIdentifierOrKeywordWithBoundCheck()I @ 55 c2
Event: 185.803 Thread 0x0000019096348330 DEOPT PACKING pc=0x0000019087d8b99c sp=0x00000028c57fd410
Event: 185.803 Thread 0x0000019096348330 DEOPT UNPACKING pc=0x00000190875866a3 sp=0x00000028c57fd2f0 mode 2
Event: 185.814 Thread 0x0000019096dbd460 DEOPT PACKING pc=0x0000019080c0710e sp=0x00000028c3cfe4e0
Event: 185.814 Thread 0x0000019096dbd460 DEOPT UNPACKING pc=0x0000019087586e43 sp=0x00000028c3cfda00 mode 0
Event: 185.880 Thread 0x0000019096348330 DEOPT PACKING pc=0x00000190803d967c sp=0x00000028c57fe240
Event: 185.880 Thread 0x0000019096348330 DEOPT UNPACKING pc=0x0000019087586e43 sp=0x00000028c57fd7c0 mode 0
Event: 185.888 Thread 0x0000019096348330 DEOPT PACKING pc=0x00000190803d967c sp=0x00000028c57fe240
Event: 185.888 Thread 0x0000019096348330 DEOPT UNPACKING pc=0x0000019087586e43 sp=0x00000028c57fd7c0 mode 0
Event: 185.891 Thread 0x0000019096348330 DEOPT PACKING pc=0x00000190803d967c sp=0x00000028c57fe240
Event: 185.892 Thread 0x0000019096348330 DEOPT UNPACKING pc=0x0000019087586e43 sp=0x00000028c57fd7c0 mode 0

Classes unloaded (7 events):
Event: 7.438 Thread 0x00000190f9f9c6f0 Unloading class 0x0000000100248400 'java/lang/invoke/LambdaForm$MH+0x0000000100248400'
Event: 7.438 Thread 0x00000190f9f9c6f0 Unloading class 0x0000000100248000 'java/lang/invoke/LambdaForm$MH+0x0000000100248000'
Event: 7.438 Thread 0x00000190f9f9c6f0 Unloading class 0x0000000100243c00 'java/lang/invoke/LambdaForm$MH+0x0000000100243c00'
Event: 7.438 Thread 0x00000190f9f9c6f0 Unloading class 0x0000000100243800 'java/lang/invoke/LambdaForm$MH+0x0000000100243800'
Event: 7.438 Thread 0x00000190f9f9c6f0 Unloading class 0x0000000100243400 'java/lang/invoke/LambdaForm$BMH+0x0000000100243400'
Event: 7.438 Thread 0x00000190f9f9c6f0 Unloading class 0x0000000100243000 'java/lang/invoke/LambdaForm$DMH+0x0000000100243000'
Event: 7.438 Thread 0x00000190f9f9c6f0 Unloading class 0x0000000100240400 'java/lang/invoke/LambdaForm$DMH+0x0000000100240400'

Classes redefined (0 events):
No events

Internal exceptions (20 events):
Event: 185.807 Thread 0x0000019096dbf2c0 Exception <a 'java/io/IOException'{0x00000000eb8a0a98}> (0x00000000eb8a0a98) 
thrown [s\src\hotspot\share\prims\jni.cpp, line 516]
Event: 185.807 Thread 0x0000019096dbf2c0 Exception <a 'java/io/IOException'{0x00000000eb8a0da8}> (0x00000000eb8a0da8) 
thrown [s\src\hotspot\share\prims\jni.cpp, line 516]
Event: 185.875 Thread 0x0000019096dbf2c0 Exception <a 'java/io/IOException'{0x00000000eb67e808}> (0x00000000eb67e808) 
thrown [s\src\hotspot\share\prims\jni.cpp, line 516]
Event: 185.875 Thread 0x0000019096dbf2c0 Exception <a 'java/io/IOException'{0x00000000eb67eb18}> (0x00000000eb67eb18) 
thrown [s\src\hotspot\share\prims\jni.cpp, line 516]
Event: 185.875 Thread 0x0000019096dbf2c0 Exception <a 'java/io/IOException'{0x00000000eb67f090}> (0x00000000eb67f090) 
thrown [s\src\hotspot\share\prims\jni.cpp, line 516]
Event: 185.876 Thread 0x0000019096dbf2c0 Exception <a 'java/io/IOException'{0x00000000eb681ce0}> (0x00000000eb681ce0) 
thrown [s\src\hotspot\share\prims\jni.cpp, line 516]
Event: 185.876 Thread 0x0000019096dbf2c0 Exception <a 'java/io/IOException'{0x00000000eb684730}> (0x00000000eb684730) 
thrown [s\src\hotspot\share\prims\jni.cpp, line 516]
Event: 185.876 Thread 0x0000019096dbf2c0 Exception <a 'java/io/IOException'{0x00000000eb684a40}> (0x00000000eb684a40) 
thrown [s\src\hotspot\share\prims\jni.cpp, line 516]
Event: 185.877 Thread 0x0000019096dbf2c0 Exception <a 'java/io/IOException'{0x00000000eb689838}> (0x00000000eb689838) 
thrown [s\src\hotspot\share\prims\jni.cpp, line 516]
Event: 185.877 Thread 0x0000019096dbf2c0 Exception <a 'java/io/IOException'{0x00000000eb689b48}> (0x00000000eb689b48) 
thrown [s\src\hotspot\share\prims\jni.cpp, line 516]
Event: 185.877 Thread 0x0000019096dbf2c0 Exception <a 'java/io/IOException'{0x00000000eb689e58}> (0x00000000eb689e58) 
thrown [s\src\hotspot\share\prims\jni.cpp, line 516]
Event: 185.877 Thread 0x0000019096dbf2c0 Exception <a 'java/io/IOException'{0x00000000eb68a998}> (0x00000000eb68a998) 
thrown [s\src\hotspot\share\prims\jni.cpp, line 516]
Event: 185.877 Thread 0x0000019096dbf2c0 Exception <a 'java/io/IOException'{0x00000000eb6aa670}> (0x00000000eb6aa670) 
thrown [s\src\hotspot\share\prims\jni.cpp, line 516]
Event: 185.877 Thread 0x0000019096dbf2c0 Exception <a 'java/io/IOException'{0x00000000eb6aa980}> (0x00000000eb6aa980) 
thrown [s\src\hotspot\share\prims\jni.cpp, line 516]
Event: 185.877 Thread 0x0000019096dbf2c0 Exception <a 'java/io/IOException'{0x00000000eb6ab4d0}> (0x00000000eb6ab4d0) 
thrown [s\src\hotspot\share\prims\jni.cpp, line 516]
Event: 185.877 Thread 0x0000019096dbf2c0 Exception <a 'java/io/IOException'{0x00000000eb6ab7e0}> (0x00000000eb6ab7e0) 
thrown [s\src\hotspot\share\prims\jni.cpp, line 516]
Event: 185.877 Thread 0x0000019096dbf2c0 Exception <a 'java/io/IOException'{0x00000000eb6abaf0}> (0x00000000eb6abaf0) 
thrown [s\src\hotspot\share\prims\jni.cpp, line 516]
Event: 185.878 Thread 0x0000019096dbf2c0 Exception <a 'java/io/IOException'{0x00000000eb6ac4d0}> (0x00000000eb6ac4d0) 
thrown [s\src\hotspot\share\prims\jni.cpp, line 516]
Event: 185.878 Thread 0x0000019096dbf2c0 Exception <a 'java/io/IOException'{0x00000000eb6ac7e0}> (0x00000000eb6ac7e0) 
thrown [s\src\hotspot\share\prims\jni.cpp, line 516]
Event: 185.878 Thread 0x0000019096dbf2c0 Exception <a 'java/io/IOException'{0x00000000eb6acaf0}> (0x00000000eb6acaf0) 
thrown [s\src\hotspot\share\prims\jni.cpp, line 516]

VM Operations (20 events):
Event: 185.084 Executing VM operation: ParallelGCFailedAllocation
Event: 185.168 Executing VM operation: ParallelGCFailedAllocation done
Event: 185.168 Executing VM operation: ParallelGCFailedAllocation
Event: 185.268 Executing VM operation: ParallelGCFailedAllocation done
Event: 185.268 Executing VM operation: ParallelGCFailedAllocation
Event: 185.377 Executing VM operation: ParallelGCFailedAllocation done
Event: 185.377 Executing VM operation: ParallelGCFailedAllocation
Event: 185.476 Executing VM operation: ParallelGCFailedAllocation done
Event: 185.476 Executing VM operation: ParallelGCFailedAllocation
Event: 185.574 Executing VM operation: ParallelGCFailedAllocation done
Event: 185.575 Executing VM operation: ParallelGCFailedAllocation
Event: 185.595 Executing VM operation: ParallelGCFailedAllocation done
Event: 185.696 Executing VM operation: ParallelGCFailedAllocation
Event: 185.701 Executing VM operation: ParallelGCFailedAllocation done
Event: 185.827 Executing VM operation: ParallelGCFailedAllocation
Event: 185.834 Executing VM operation: ParallelGCFailedAllocation done
Event: 185.841 Executing VM operation: HandshakeAllThreads
Event: 185.851 Executing VM operation: HandshakeAllThreads done
Event: 185.853 Executing VM operation: HandshakeAllThreads
Event: 185.862 Executing VM operation: HandshakeAllThreads done

Events (20 events):
Event: 83.517 Thread 0x0000019096dbde80 Thread exited: 0x0000019096dbde80
Event: 84.457 Thread 0x0000019096dbe390 Thread exited: 0x0000019096dbe390
Event: 84.457 Thread 0x0000019096dbe8a0 Thread exited: 0x0000019096dbe8a0
Event: 97.172 Thread 0x0000019096345090 Thread exited: 0x0000019096345090
Event: 185.612 Thread 0x00000190972790f0 Thread added: 0x00000190972790f0
Event: 185.794 loading class java/util/concurrent/CompletableFuture$UniApply
Event: 185.794 loading class java/util/concurrent/CompletableFuture$UniCompletion
Event: 185.795 loading class java/util/concurrent/CompletableFuture$UniCompletion done
Event: 185.795 loading class java/util/concurrent/CompletableFuture$UniApply done
Event: 185.796 loading class java/util/concurrent/ForkJoinTask$Aux
Event: 185.796 loading class java/util/concurrent/ForkJoinTask$Aux done
Event: 185.797 loading class java/util/concurrent/ForkJoinPool$DefaultCommonPoolForkJoinWorkerThreadFactory$1
Event: 185.797 loading class java/util/concurrent/ForkJoinPool$DefaultCommonPoolForkJoinWorkerThreadFactory$1 done
Event: 185.798 Thread 0x0000019096dbd460 Thread added: 0x0000019096dbd460
Event: 185.871 loading class java/util/Collections$SynchronizedRandomAccessList
Event: 185.871 loading class java/util/Collections$SynchronizedList
Event: 185.871 loading class java/util/Collections$SynchronizedList done
Event: 185.871 loading class java/util/Collections$SynchronizedRandomAccessList done
Event: 185.878 loading class java/util/concurrent/CompletableFuture$Signaller
Event: 185.878 loading class java/util/concurrent/CompletableFuture$Signaller done


Dynamic libraries:
0x00007ff653320000 - 0x00007ff65332e000 	c:\Users\Hp\.vscode\extensions\redhat.java-1.26.0-win32-x64\jre\17.0.9-win32-x86_64\bin\java.exe
0x00007fffe7710000 - 0x00007fffe7908000 	C:\Windows\SYSTEM32\ntdll.dll
0x00007fffe6ec0000 - 0x00007fffe6f7d000 	C:\Windows\System32\KERNEL32.DLL
0x00007fffe5260000 - 0x00007fffe5556000 	C:\Windows\System32\KERNELBASE.dll
0x00007fffe55b0000 - 0x00007fffe56b0000 	C:\Windows\System32\ucrtbase.dll
0x00007fffdb610000 - 0x00007fffdb627000 	c:\Users\Hp\.vscode\extensions\redhat.java-1.26.0-win32-x64\jre\17.0.9-win32-x86_64\bin\jli.dll
0x00007fffe61d0000 - 0x00007fffe636e000 	C:\Windows\System32\USER32.dll
0x00007fffe5720000 - 0x00007fffe5742000 	C:\Windows\System32\win32u.dll
0x00007fffe67e0000 - 0x00007fffe680b000 	C:\Windows\System32\GDI32.dll
0x00007fffe4dd0000 - 0x00007fffe4ee7000 	C:\Windows\System32\gdi32full.dll
0x00007fffe4fd0000 - 0x00007fffe506d000 	C:\Windows\System32\msvcp_win.dll
0x00007fffd5460000 - 0x00007fffd547b000 	c:\Users\Hp\.vscode\extensions\redhat.java-1.26.0-win32-x64\jre\17.0.9-win32-x86_64\bin\VCRUNTIME140.dll
0x00007fffd0f20000 - 0x00007fffd11ba000 	C:\Windows\WinSxS\amd64_microsoft.windows.common-controls_6595b64144ccf1df_6.0.19041.3636_none_60b6a03d71f818d5\COMCTL32.dll
0x00007fffe5c70000 - 0x00007fffe5d0e000 	C:\Windows\System32\msvcrt.dll
0x00007fffe6070000 - 0x00007fffe60a2000 	C:\Windows\System32\IMM32.DLL
0x00007fffde210000 - 0x00007fffde21c000 	c:\Users\Hp\.vscode\extensions\redhat.java-1.26.0-win32-x64\jre\17.0.9-win32-x86_64\bin\vcruntime140_1.dll
0x00007fffd1e80000 - 0x00007fffd1f0d000 	c:\Users\Hp\.vscode\extensions\redhat.java-1.26.0-win32-x64\jre\17.0.9-win32-x86_64\bin\msvcp140.dll
0x00007fff80dc0000 - 0x00007fff81a21000 	c:\Users\Hp\.vscode\extensions\redhat.java-1.26.0-win32-x64\jre\17.0.9-win32-x86_64\bin\server\jvm.dll
0x00007fffe6110000 - 0x00007fffe61c3000 	C:\Windows\System32\ADVAPI32.dll
0x00007fffe5930000 - 0x00007fffe59cf000 	C:\Windows\System32\sechost.dll
0x00007fffe5750000 - 0x00007fffe5876000 	C:\Windows\System32\RPCRT4.dll
0x00007fffe4fa0000 - 0x00007fffe4fc7000 	C:\Windows\System32\bcrypt.dll
0x00007fffe4370000 - 0x00007fffe43bb000 	C:\Windows\SYSTEM32\POWRPROF.dll
0x00007fffca5b0000 - 0x00007fffca5b9000 	C:\Windows\SYSTEM32\WSOCK32.dll
0x00007fffe5f10000 - 0x00007fffe5f7b000 	C:\Windows\System32\WS2_32.dll
0x00007fffc8770000 - 0x00007fffc8797000 	C:\Windows\SYSTEM32\WINMM.dll
0x00007fffd57f0000 - 0x00007fffd57fa000 	C:\Windows\SYSTEM32\VERSION.dll
0x00007fffe41e0000 - 0x00007fffe41f2000 	C:\Windows\SYSTEM32\UMPDC.dll
0x00007fffe3610000 - 0x00007fffe3622000 	C:\Windows\SYSTEM32\kernel.appcore.dll
0x00007fffdd740000 - 0x00007fffdd74a000 	c:\Users\Hp\.vscode\extensions\redhat.java-1.26.0-win32-x64\jre\17.0.9-win32-x86_64\bin\jimage.dll
0x00007fffe2a40000 - 0x00007fffe2c24000 	C:\Windows\SYSTEM32\DBGHELP.DLL
0x00007fffd13c0000 - 0x00007fffd13f4000 	C:\Windows\SYSTEM32\dbgcore.DLL
0x00007fffe5070000 - 0x00007fffe50f2000 	C:\Windows\System32\bcryptPrimitives.dll
0x00007fffdb600000 - 0x00007fffdb60e000 	c:\Users\Hp\.vscode\extensions\redhat.java-1.26.0-win32-x64\jre\17.0.9-win32-x86_64\bin\instrument.dll
0x00007fffd1e50000 - 0x00007fffd1e75000 	c:\Users\Hp\.vscode\extensions\redhat.java-1.26.0-win32-x64\jre\17.0.9-win32-x86_64\bin\java.dll
0x00007fffd1e30000 - 0x00007fffd1e48000 	c:\Users\Hp\.vscode\extensions\redhat.java-1.26.0-win32-x64\jre\17.0.9-win32-x86_64\bin\zip.dll
0x00007fffe6f80000 - 0x00007fffe76c5000 	C:\Windows\System32\SHELL32.dll
0x00007fffe2e60000 - 0x00007fffe35fc000 	C:\Windows\SYSTEM32\windows.storage.dll
0x00007fffe6960000 - 0x00007fffe6cb4000 	C:\Windows\System32\combase.dll
0x00007fffe4800000 - 0x00007fffe482e000 	C:\Windows\SYSTEM32\Wldp.dll
0x00007fffe5e40000 - 0x00007fffe5f0d000 	C:\Windows\System32\OLEAUT32.dll
0x00007fffe5d90000 - 0x00007fffe5e3d000 	C:\Windows\System32\SHCORE.dll
0x00007fffe60b0000 - 0x00007fffe6105000 	C:\Windows\System32\shlwapi.dll
0x00007fffe4d00000 - 0x00007fffe4d25000 	C:\Windows\SYSTEM32\profapi.dll
0x00007fffd1e10000 - 0x00007fffd1e29000 	C:\Users\Hp\.vscode\extensions\redhat.java-1.26.0-win32-x64\jre\17.0.9-win32-x86_64\bin\net.dll
0x00007fffda0b0000 - 0x00007fffda1ba000 	C:\Windows\SYSTEM32\WINHTTP.dll
0x00007fffe4560000 - 0x00007fffe45ca000 	C:\Windows\system32\mswsock.dll
0x00007fffd02d0000 - 0x00007fffd02e6000 	C:\Users\Hp\.vscode\extensions\redhat.java-1.26.0-win32-x64\jre\17.0.9-win32-x86_64\bin\nio.dll
0x00007fffd5260000 - 0x00007fffd5270000 	c:\Users\Hp\.vscode\extensions\redhat.java-1.26.0-win32-x64\jre\17.0.9-win32-x86_64\bin\verify.dll
0x00007fffd0250000 - 0x00007fffd028e000 	C:\Users\Hp\AppData\Roaming\Code\User\globalStorage\redhat.java\1.26.0\config_win\org.eclipse.equinox.launcher\org.eclipse.equinox.launcher.win32.win32.x86_64_1.2.800.v20231003-1442\eclipse_11802.dll
0x00007fffe6810000 - 0x00007fffe693b000 	C:\Windows\System32\ole32.dll
0x00007fffe4760000 - 0x00007fffe4778000 	C:\Windows\SYSTEM32\CRYPTSP.dll
0x00007fffe3e20000 - 0x00007fffe3e54000 	C:\Windows\system32\rsaenh.dll
0x00007fffe4c80000 - 0x00007fffe4cae000 	C:\Windows\SYSTEM32\USERENV.dll
0x00007fffe4750000 - 0x00007fffe475c000 	C:\Windows\SYSTEM32\CRYPTBASE.dll
0x00007fffe4200000 - 0x00007fffe423b000 	C:\Windows\SYSTEM32\IPHLPAPI.DLL
0x00007fffe6940000 - 0x00007fffe6948000 	C:\Windows\System32\NSI.dll
0x00007fffda490000 - 0x00007fffda4a7000 	C:\Windows\SYSTEM32\dhcpcsvc6.DLL
0x00007fffdb340000 - 0x00007fffdb35d000 	C:\Windows\SYSTEM32\dhcpcsvc.DLL
0x00007fffe4240000 - 0x00007fffe430a000 	C:\Windows\SYSTEM32\DNSAPI.dll
0x00007fffb0bd0000 - 0x00007fffb0c15000 	C:\Users\Hp\AppData\Local\Temp\jna-2344\jna16095558564525116451.dll
0x00007fffe5c60000 - 0x00007fffe5c68000 	C:\Windows\System32\PSAPI.DLL
0x00007fffd5190000 - 0x00007fffd519e000 	C:\Users\Hp\.vscode\extensions\redhat.java-1.26.0-win32-x64\jre\17.0.9-win32-x86_64\bin\sunmscapi.dll
0x00007fffe5100000 - 0x00007fffe525d000 	C:\Windows\System32\CRYPT32.dll
0x00007fffe4870000 - 0x00007fffe4898000 	C:\Windows\SYSTEM32\ncrypt.dll
0x00007fffe4830000 - 0x00007fffe486b000 	C:\Windows\SYSTEM32\NTASN1.dll
0x00007fffcfec0000 - 0x00007fffcfeca000 	C:\Windows\System32\rasadhlp.dll
0x00007fffd2e00000 - 0x00007fffd2e80000 	C:\Windows\System32\fwpuclnt.dll
0x00007fff5a670000 - 0x00007fff5a697000 	C:\Users\Hp\.gradle\native\68d5fa5c4cc2d200863cafc0d521ce42e7d3e7ee720ec0a83991735586a16f82\windows-amd64\native-platform.dll
0x00007fffdf720000 - 0x00007fffdf729000 	C:\Users\Hp\.vscode\extensions\redhat.java-1.26.0-win32-x64\jre\17.0.9-win32-x86_64\bin\management.dll
0x00007fffde4e0000 - 0x00007fffde4eb000 	C:\Users\Hp\.vscode\extensions\redhat.java-1.26.0-win32-x64\jre\17.0.9-win32-x86_64\bin\management_ext.dll

dbghelp: loaded successfully - version: 4.0.5 - missing functions: none
symbol engine: initialized successfully - sym options: 0x614 - pdb path: .;c:\Users\Hp\.vscode\extensions\redhat.java-1.26.0-win32-x64\jre\17.0.9-win32-x86_64\bin;C:\Windows\SYSTEM32;C:\Windows\WinSxS\amd64_microsoft.windows.common-controls_6595b64144ccf1df_6.0.19041.3636_none_60b6a03d71f818d5;c:\Users\Hp\.vscode\extensions\redhat.java-1.26.0-win32-x64\jre\17.0.9-win32-x86_64\bin\server;C:\Users\Hp\AppData\Roaming\Code\User\globalStorage\redhat.java\1.26.0\config_win\org.eclipse.equinox.launcher\org.eclipse.equinox.launcher.win32.win32.x86_64_1.2.800.v20231003-1442;C:\Users\Hp\AppData\Local\Temp\jna-2344;C:\Users\Hp\.gradle\native\68d5fa5c4cc2d200863cafc0d521ce42e7d3e7ee720ec0a83991735586a16f82\windows-amd64

VM Arguments:
jvm_args: --add-modules=ALL-SYSTEM --add-opens=java.base/java.util=ALL-UNNAMED --add-opens=java.base/java.lang=ALL-UNNAMED --add-opens=java.base/sun.nio.fs=ALL-UNNAMED -Declipse.application=org.eclipse.jdt.ls.core.id1 -Dosgi.bundles.defaultStartLevel=4 -Declipse.product=org.eclipse.jdt.ls.core.product -Djava.import.generatesMetadataFilesAtProjectRoot=false -DDetectVMInstallationsJob.disabled=true -Dfile.encoding=utf8 -XX:+UseParallelGC -XX:GCTimeRatio=4 -XX:AdaptiveSizePolicyWeight=90 -Dsun.zip.disableMemoryMapping=true -Xmx1G -Xms100m -Xlog:disable -javaagent:c:\Users\Hp\.vscode\extensions\redhat.java-1.26.0-win32-x64\lombok\lombok-1.18.31-3454.jar -XX:+HeapDumpOnOutOfMemoryError -XX:HeapDumpPath=c:\Users\Hp\AppData\Roaming\Code\User\workspaceStorage\bba7c3f7c67dd00e1a47571d2bb8e86b\redhat.java -Daether.dependencyCollector.impl=bf 
java_command: c:\Users\Hp\.vscode\extensions\redhat.java-1.26.0-win32-x64\server\plugins\org.eclipse.equinox.launcher_1.6.700.v20231214-2017.jar -configuration c:\Users\Hp\AppData\Roaming\Code\User\globalStorage\redhat.java\1.26.0\config_win -data c:\Users\Hp\AppData\Roaming\Code\User\workspaceStorage\bba7c3f7c67dd00e1a47571d2bb8e86b\redhat.java\jdt_ws --stdio
java_class_path (initial): c:\Users\Hp\.vscode\extensions\redhat.java-1.26.0-win32-x64\server\plugins\org.eclipse.equinox.launcher_1.6.700.v20231214-2017.jar
Launcher Type: SUN_STANDARD

[Global flags]
    uintx AdaptiveSizePolicyWeight                 = 90                                        {product} {command line}
     intx CICompilerCount                          = 3                                         {product} {ergonomic}
    uintx GCTimeRatio                              = 4                                         {product} {command line}
     bool HeapDumpOnOutOfMemoryError               = true                                   {manageable} {command line}
    ccstr HeapDumpPath                             = c:\Users\Hp\AppData\Roaming\Code\User\workspaceStorage\bba7c3f7c67dd00e1a47571d2bb8e86b\redhat.java         {manageable} {command line}
   size_t InitialHeapSize                          = 104857600                                 {product} {command line}
   size_t MaxHeapSize                              = 1073741824                                {product} {command line}
   size_t MaxNewSize                               = 357564416                                 {product} {ergonomic}
   size_t MinHeapDeltaBytes                        = 524288                                    {product} {ergonomic}
   size_t MinHeapSize                              = 104857600                                 {product} {command line}
   size_t NewSize                                  = 34603008                                  {product} {ergonomic}
    uintx NonNMethodCodeHeapSize                   = 5832780                                {pd product} {ergonomic}
    uintx NonProfiledCodeHeapSize                  = 122912730                              {pd product} {ergonomic}
   size_t OldSize                                  = 70254592                                  {product} {ergonomic}
    uintx ProfiledCodeHeapSize                     = 122912730                              {pd product} {ergonomic}
    uintx ReservedCodeCacheSize                    = 251658240                              {pd product} {ergonomic}
     bool SegmentedCodeCache                       = true                                      {product} {ergonomic}
   size_t SoftMaxHeapSize                          = 1073741824                             {manageable} {ergonomic}
     bool UseCompressedClassPointers               = true                           {product lp64_product} {ergonomic}
     bool UseCompressedOops                        = true                           {product lp64_product} {ergonomic}
     bool UseLargePagesIndividualAllocation        = false                                  {pd product} {ergonomic}
     bool UseParallelGC                            = true                                      {product} {command line}

Logging:
Log output configuration:
 #0: stdout all=off uptime,level,tags
 #1: stderr all=off uptime,level,tags

Environment Variables:
JAVA_HOME=C:\Program Files\Java\jdk-18.0.2.1
PATH=C:\Program Files\Python39\Scripts\;C:\Program Files\Python39\;F:\WINDOWS.X64_193000_db_home\bin;C:\Program Files\Eclipse Adoptium\jdk-11.0.17.8-hotspot\bin;C:\Program Files\Common Files\Oracle\Java\javapath;C:\Windows\system32;C:\Windows;C:\Windows\System32\Wbem;C:\Windows\System32\WindowsPowerShell\v1.0\;C:\Windows\System32\OpenSSH\;C:\Program Files\Java\jdk-18.0.2.1\bin;C:\Program Files\Git\cmd;C:\ProgramData\chocolatey\bin;C:\Program Files\nodejs\;C:\Program Files\Microsoft SQL Server\Client SDK\ODBC\170\Tools\Binn\;C:\Program Files (x86)\Microsoft SQL Server\150\Tools\Binn\;C:\Program Files\Microsoft SQL Server\150\Tools\Binn\;C:\Program Files\Microsoft SQL Server\150\DTS\Binn\;C:\Program Files (x86)\Microsoft SQL Server\150\DTS\Binn\;C:\Program Files\Azure Data Studio\bin;C:\Users\Hp\AppData\Local\Microsoft\WindowsApps;C:\Users\Hp\AppData\Local\Programs\Microsoft VS Code\bin;C:\Users\Hp\AppData\Roaming\npm;C:\Users\Hp\AppData\Local\Android\Sdk;C:\Users\Hp\AppData\Local\Android\Sdk\platform-tools;C:\Program Files\Azure Data Studio\bin;C:\Users\Hp\AppData\Local\GitHubDesktop\bin
USERNAME=Hp
OS=Windows_NT
PROCESSOR_IDENTIFIER=Intel64 Family 6 Model 142 Stepping 9, GenuineIntel
TMP=C:\Users\Hp\AppData\Local\Temp
TEMP=C:\Users\Hp\AppData\Local\Temp



Periodic native trim disabled


---------------  S Y S T E M  ---------------

OS:
 Windows 10 , 64 bit Build 19041 (10.0.19041.3636)
OS uptime: 0 days 2:29 hours

CPU: total 4 (initial active 4) (2 cores per cpu, 2 threads per core) family 6 model 142 stepping 9 microcode 0xb4, cx8, cmov, fxsr, ht, mmx, 3dnowpref, sse, sse2, sse3, ssse3, sse4.1, sse4.2, popcnt, lzcnt, tsc, tscinvbit, avx, avx2, aes, erms, clmul, bmi1, bmi2, adx, fma, vzeroupper, clflush, clflushopt
Processor Information for all 4 processors :
  Max Mhz: 2701, Current Mhz: 2701, Mhz Limit: 2701

Memory: 4k page, system-wide physical 8108M (726M free)
TotalPageFile size 32684M (AvailPageFile size 108M)
current process WorkingSet (physical memory assigned to process): 363M, peak: 363M
current process commit charge ("private bytes"): 920M, peak: 946M

vm_info: OpenJDK 64-Bit Server VM (17.0.9+9) for windows-amd64 JRE (17.0.9+9), built on Oct 26 2023 14:01:42 by "admin" with MS VC++ 16.10 / 16.11 (VS2019)

END.
