#
# There is insufficient memory for the Java Runtime Environment to continue.
# Native memory allocation (malloc) failed to allocate 1707536 bytes for Chunk::new
# Possible reasons:
#   The system is out of physical RAM or swap space
#   The process is running with CompressedOops enabled, and the Java Heap may be blocking the growth of the native heap
# Possible solutions:
#   Reduce memory load on the system
#   Increase physical memory or swap space
#   Check if swap backing store is full
#   Decrease Java heap size (-Xmx/-Xms)
#   Decrease number of Java threads
#   Decrease Java thread stack sizes (-Xss)
#   Set larger code cache with -XX:ReservedCodeCacheSize=
#   JVM is running with Unscaled Compressed Oops mode in which the Java heap is
#     placed in the first 4GB address space. The Java Heap base address is the
#     maximum limit for the native heap growth. Please use -XX:HeapBaseMinAddress
#     to set the Java Heap base and to place the Java Heap above 4GB virtual address.
# This output file may be truncated or incomplete.
#
#  Out of Memory Error (arena.cpp:191), pid=5664, tid=2432
#
# JRE version: OpenJDK Runtime Environment Temurin-17.0.9+9 (17.0.9+9) (build 17.0.9+9)
# Java VM: OpenJDK 64-Bit Server VM Temurin-17.0.9+9 (17.0.9+9, mixed mode, tiered, compressed oops, compressed class ptrs, parallel gc, windows-amd64)
# No core dump will be written. Minidumps are not enabled by default on client versions of Windows
#

---------------  S U M M A R Y ------------

Command Line: --add-modules=ALL-SYSTEM --add-opens=java.base/java.util=ALL-UNNAMED --add-opens=java.base/java.lang=ALL-UNNAMED --add-opens=java.base/sun.nio.fs=ALL-UNNAMED -Declipse.application=org.eclipse.jdt.ls.core.id1 -Dosgi.bundles.defaultStartLevel=4 -Declipse.product=org.eclipse.jdt.ls.core.product -Djava.import.generatesMetadataFilesAtProjectRoot=false -DDetectVMInstallationsJob.disabled=true -Dfile.encoding=utf8 -XX:+UseParallelGC -XX:GCTimeRatio=4 -XX:AdaptiveSizePolicyWeight=90 -Dsun.zip.disableMemoryMapping=true -Xmx1G -Xms100m -Xlog:disable -javaagent:c:\Users\Hp\.vscode\extensions\redhat.java-1.26.0-win32-x64\lombok\lombok-1.18.31-3454.jar -XX:+HeapDumpOnOutOfMemoryError -XX:HeapDumpPath=c:\Users\Hp\AppData\Roaming\Code\User\workspaceStorage\bba7c3f7c67dd00e1a47571d2bb8e86b\redhat.java -Daether.dependencyCollector.impl=bf c:\Users\Hp\.vscode\extensions\redhat.java-1.26.0-win32-x64\server\plugins\org.eclipse.equinox.launcher_1.6.700.v20231214-2017.jar -configuration c:\Users\Hp\AppData\Roaming\Code\User\globalStorage\redhat.java\1.26.0\config_win -data c:\Users\Hp\AppData\Roaming\Code\User\workspaceStorage\bba7c3f7c67dd00e1a47571d2bb8e86b\redhat.java\jdt_ws --stdio

Host: Intel(R) Core(TM) i5-7200U CPU @ 2.50GHz, 4 cores, 7G,  Windows 10 , 64 bit Build 19041 (10.0.19041.3636)
Time: Sun Jan 28 23:44:05 2024 Pacific Standard Time elapsed time: 30.952568 seconds (0d 0h 0m 30s)

---------------  T H R E A D  ---------------

Current thread (0x000001a932250480):  JavaThread "C2 CompilerThread0" daemon [_thread_in_native, id=2432, stack(0x0000000d21600000,0x0000000d21700000)]


Current CompileTask:
C2:  30952 7511   !   4       org.eclipse.jdt.internal.core.search.indexing.BinaryIndexer::indexDocument (1142 bytes)

Stack: [0x0000000d21600000,0x0000000d21700000]
Native frames: (J=compiled Java code, j=interpreted, Vv=VM code, C=native code)
V  [jvm.dll+0x67cf49]
V  [jvm.dll+0x83478a]
V  [jvm.dll+0x83624e]
V  [jvm.dll+0x8368b3]
V  [jvm.dll+0x247f1f]
V  [jvm.dll+0xac43c]
V  [jvm.dll+0xaca8c]
V  [jvm.dll+0x367012]
V  [jvm.dll+0x1bd536]
V  [jvm.dll+0x21a709]
V  [jvm.dll+0x2199d1]
V  [jvm.dll+0x1a57cd]
V  [jvm.dll+0x2297ae]
V  [jvm.dll+0x22797c]
V  [jvm.dll+0x7e9877]
V  [jvm.dll+0x7e3c3a]
V  [jvm.dll+0x67be35]
C  [ucrtbase.dll+0x21bb2]
C  [KERNEL32.DLL+0x17344]
C  [ntdll.dll+0x526b1]


---------------  P R O C E S S  ---------------

Threads class SMR info:
_java_thread_list=0x000001a93981c740, length=30, elements={
0x000001a91e3e18b0, 0x000001a91e4839b0, 0x000001a91e484ee0, 0x000001a93224a270,
0x000001a93224b000, 0x000001a93224bd90, 0x000001a93224d870, 0x000001a932250480,
0x000001a93227e870, 0x000001a93746bf70, 0x000001a9375273b0, 0x000001a9377604c0,
0x000001a937df1750, 0x000001a937d14a30, 0x000001a937d14f10, 0x000001a9380185a0,
0x000001a937a828c0, 0x000001a937b6f070, 0x000001a937b72820, 0x000001a937b6fa90,
0x000001a937b713e0, 0x000001a937b6ffa0, 0x000001a937b70ed0, 0x000001a937b704b0,
0x000001a93a581f40, 0x000001a93a582450, 0x000001a93a582e70, 0x000001a93a587040,
0x000001a93a583380, 0x000001a93a582960
}

Java Threads: ( => current thread )
  0x000001a91e3e18b0 JavaThread "main" [_thread_blocked, id=5544, stack(0x0000000d20c00000,0x0000000d20d00000)]
  0x000001a91e4839b0 JavaThread "Reference Handler" daemon [_thread_blocked, id=5552, stack(0x0000000d21000000,0x0000000d21100000)]
  0x000001a91e484ee0 JavaThread "Finalizer" daemon [_thread_blocked, id=8108, stack(0x0000000d21100000,0x0000000d21200000)]
  0x000001a93224a270 JavaThread "Signal Dispatcher" daemon [_thread_blocked, id=7780, stack(0x0000000d21200000,0x0000000d21300000)]
  0x000001a93224b000 JavaThread "Attach Listener" daemon [_thread_blocked, id=8940, stack(0x0000000d21300000,0x0000000d21400000)]
  0x000001a93224bd90 JavaThread "Service Thread" daemon [_thread_blocked, id=7212, stack(0x0000000d21400000,0x0000000d21500000)]
  0x000001a93224d870 JavaThread "Monitor Deflation Thread" daemon [_thread_blocked, id=9992, stack(0x0000000d21500000,0x0000000d21600000)]
=>0x000001a932250480 JavaThread "C2 CompilerThread0" daemon [_thread_in_native, id=2432, stack(0x0000000d21600000,0x0000000d21700000)]
  0x000001a93227e870 JavaThread "C1 CompilerThread0" daemon [_thread_blocked, id=8332, stack(0x0000000d21700000,0x0000000d21800000)]
  0x000001a93746bf70 JavaThread "Sweeper thread" daemon [_thread_blocked, id=7532, stack(0x0000000d21800000,0x0000000d21900000)]
  0x000001a9375273b0 JavaThread "Common-Cleaner" daemon [_thread_blocked, id=10788, stack(0x0000000d21900000,0x0000000d21a00000)]
  0x000001a9377604c0 JavaThread "Notification Thread" daemon [_thread_blocked, id=8564, stack(0x0000000d21a00000,0x0000000d21b00000)]
  0x000001a937df1750 JavaThread "Active Thread: Equinox Container: 69cb40e6-9c35-4506-b873-f5fdf2a34b7c" [_thread_blocked, id=3012, stack(0x0000000d21f00000,0x0000000d22000000)]
  0x000001a937d14a30 JavaThread "Framework Event Dispatcher: Equinox Container: 69cb40e6-9c35-4506-b873-f5fdf2a34b7c" daemon [_thread_blocked, id=2292, stack(0x0000000d22000000,0x0000000d22100000)]
  0x000001a937d14f10 JavaThread "Start Level: Equinox Container: 69cb40e6-9c35-4506-b873-f5fdf2a34b7c" daemon [_thread_blocked, id=1464, stack(0x0000000d22100000,0x0000000d22200000)]
  0x000001a9380185a0 JavaThread "Bundle File Closer" daemon [_thread_blocked, id=12960, stack(0x0000000d22200000,0x0000000d22300000)]
  0x000001a937a828c0 JavaThread "SCR Component Actor" daemon [_thread_blocked, id=1264, stack(0x0000000d22300000,0x0000000d22400000)]
  0x000001a937b6f070 JavaThread "Worker-JM" [_thread_blocked, id=3452, stack(0x0000000d22500000,0x0000000d22600000)]
  0x000001a937b72820 JavaThread "Worker-0: Java indexing... " [_thread_blocked, id=5080, stack(0x0000000d22600000,0x0000000d22700000)]
  0x000001a937b6fa90 JavaThread "Worker-1" [_thread_blocked, id=5332, stack(0x0000000d22700000,0x0000000d22800000)]
  0x000001a937b713e0 JavaThread "Worker-2: Initialize Workspace" [_thread_blocked, id=9612, stack(0x0000000d22800000,0x0000000d22900000)]
  0x000001a937b6ffa0 JavaThread "Worker-3" [_thread_blocked, id=7480, stack(0x0000000d22900000,0x0000000d22a00000)]
  0x000001a937b70ed0 JavaThread "Java indexing" daemon [_thread_in_vm, id=10368, stack(0x0000000d22a00000,0x0000000d22b00000)]
  0x000001a937b704b0 JavaThread "JNA Cleaner" daemon [_thread_blocked, id=14284, stack(0x0000000d22b00000,0x0000000d22c00000)]
  0x000001a93a581f40 JavaThread "pool-2-thread-1" [_thread_blocked, id=5880, stack(0x0000000d22e00000,0x0000000d22f00000)]
  0x000001a93a582450 JavaThread "WorkspaceEventsHandler" [_thread_blocked, id=4768, stack(0x0000000d22400000,0x0000000d22500000)]
  0x000001a93a582e70 JavaThread "pool-1-thread-1" [_thread_blocked, id=9604, stack(0x0000000d22f00000,0x0000000d23000000)]
  0x000001a93a587040 JavaThread "Worker-4" [_thread_blocked, id=8132, stack(0x0000000d23000000,0x0000000d23100000)]
  0x000001a93a583380 JavaThread "Timer-0" [_thread_blocked, id=12212, stack(0x0000000d23100000,0x0000000d23200000)]
  0x000001a93a582960 JavaThread "Connection worker" [_thread_in_Java, id=8784, stack(0x0000000d23200000,0x0000000d23300000)]

Other Threads:
  0x000001a91e49d8d0 VMThread "VM Thread" [stack: 0x0000000d20f00000,0x0000000d21000000] [id=3116]
  0x000001a937609c90 WatcherThread [stack: 0x0000000d21b00000,0x0000000d21c00000] [id=2176]
  0x000001a91e3f6840 GCTaskThread "GC Thread#0" [stack: 0x0000000d20e00000,0x0000000d20f00000] [id=2140]
  0x000001a937c69200 GCTaskThread "GC Thread#1" [stack: 0x0000000d21c00000,0x0000000d21d00000] [id=8492]
  0x000001a937c694c0 GCTaskThread "GC Thread#2" [stack: 0x0000000d21d00000,0x0000000d21e00000] [id=12100]
  0x000001a937c69e80 GCTaskThread "GC Thread#3" [stack: 0x0000000d21e00000,0x0000000d21f00000] [id=8872]

Threads with active compile tasks:
C2 CompilerThread0    31011 7511   !   4       org.eclipse.jdt.internal.core.search.indexing.BinaryIndexer::indexDocument (1142 bytes)

VM state: not at safepoint (normal execution)

VM Mutex/Monitor currently owned by a thread: None

Heap address: 0x00000000c0000000, size: 1024 MB, Compressed Oops mode: 32-bit

CDS archive(s) not mapped
Compressed class space mapped at: 0x0000000100000000-0x0000000140000000, reserved size: 1073741824
Narrow klass base: 0x0000000000000000, Narrow klass shift: 3, Narrow klass range: 0x140000000

GC Precious Log:
 CPUs: 4 total, 4 available
 Memory: 8108M
 Large Page Support: Disabled
 NUMA Support: Disabled
 Compressed Oops: Enabled (32-bit)
 Alignments: Space 512K, Generation 512K, Heap 2M
 Heap Min Capacity: 100M
 Heap Initial Capacity: 100M
 Heap Max Capacity: 1G
 Pre-touch: Disabled
 Parallel Workers: 4

Heap:
 PSYoungGen      total 3584K, used 2838K [0x00000000eab00000, 0x00000000eb000000, 0x0000000100000000)
  eden space 3072K, 76% used [0x00000000eab00000,0x00000000ead4d898,0x00000000eae00000)
  from space 512K, 93% used [0x00000000eaf00000,0x00000000eaf78300,0x00000000eaf80000)
  to   space 1024K, 0% used [0x00000000eae00000,0x00000000eae00000,0x00000000eaf00000)
 ParOldGen       total 140288K, used 133302K [0x00000000c0000000, 0x00000000c8900000, 0x00000000eab00000)
  object space 140288K, 95% used [0x00000000c0000000,0x00000000c822d860,0x00000000c8900000)
 Metaspace       used 59259K, committed 60288K, reserved 1114112K
  class space    used 6699K, committed 7104K, reserved 1048576K

Card table byte_map: [0x000001a91dd80000,0x000001a91df90000] _byte_map_base: 0x000001a91d780000

Marking Bits: (ParMarkBitMap*) 0x00007fffa052d0b0
 Begin Bits: [0x000001a930080000, 0x000001a931080000)
 End Bits:   [0x000001a931080000, 0x000001a932080000)

Polling page: 0x000001a91c330000

Metaspace:

Usage:
  Non-class:     51.33 MB used.
      Class:      6.54 MB used.
       Both:     57.87 MB used.

Virtual space:
  Non-class space:       64.00 MB reserved,      51.94 MB ( 81%) committed,  1 nodes.
      Class space:        1.00 GB reserved,       6.94 MB ( <1%) committed,  1 nodes.
             Both:        1.06 GB reserved,      58.88 MB (  5%) committed. 

Chunk freelists:
   Non-Class:  11.34 MB
       Class:  9.00 MB
        Both:  20.34 MB

MaxMetaspaceSize: unlimited
CompressedClassSpaceSize: 1.00 GB
Initial GC threshold: 21.00 MB
Current GC threshold: 95.00 MB
CDS: off
MetaspaceReclaimPolicy: balanced
 - commit_granule_bytes: 65536.
 - commit_granule_words: 8192.
 - virtual_space_node_default_size: 8388608.
 - enlarge_chunks_in_place: 1.
 - new_chunks_are_fully_committed: 0.
 - uncommit_free_chunks: 1.
 - use_allocation_guard: 0.
 - handle_deallocations: 1.


Internal statistics:

num_allocs_failed_limit: 6.
num_arena_births: 518.
num_arena_deaths: 14.
num_vsnodes_births: 2.
num_vsnodes_deaths: 0.
num_space_committed: 942.
num_space_uncommitted: 0.
num_chunks_returned_to_freelist: 20.
num_chunks_taken_from_freelist: 2730.
num_chunk_merges: 8.
num_chunk_splits: 1754.
num_chunks_enlarged: 1142.
num_inconsistent_stats: 0.

CodeHeap 'non-profiled nmethods': size=120000Kb used=3510Kb max_used=3510Kb free=116489Kb
 bounds [0x000001a928b50000, 0x000001a928ec0000, 0x000001a930080000]
CodeHeap 'profiled nmethods': size=120000Kb used=13909Kb max_used=13909Kb free=106090Kb
 bounds [0x000001a921080000, 0x000001a921e20000, 0x000001a9285b0000]
CodeHeap 'non-nmethods': size=5760Kb used=1304Kb max_used=1391Kb free=4455Kb
 bounds [0x000001a9285b0000, 0x000001a928820000, 0x000001a928b50000]
 total_blobs=7301 nmethods=6664 adapters=549
 compilation: enabled
              stopped_count=0, restarted_count=0
 full_count=0

Compilation events (20 events):
Event: 30.657 Thread 0x000001a93227e870 7530       2       java.lang.PublicMethods$MethodList::merge (192 bytes)
Event: 30.658 Thread 0x000001a93227e870 nmethod 7530 0x000001a921e0f310 code [0x000001a921e0f520, 0x000001a921e0fa28]
Event: 30.659 Thread 0x000001a93227e870 7531   !   2       java.lang.reflect.Proxy::newProxyInstance (75 bytes)
Event: 30.660 Thread 0x000001a93227e870 nmethod 7531 0x000001a921e0fd10 code [0x000001a921e0ff20, 0x000001a921e10468]
Event: 30.660 Thread 0x000001a93227e870 7532       2       java.lang.WeakPairMap$Pair$Lookup::equals (31 bytes)
Event: 30.660 Thread 0x000001a93227e870 nmethod 7532 0x000001a921e10890 code [0x000001a921e10a40, 0x000001a921e10cb8]
Event: 30.660 Thread 0x000001a93227e870 7533       2       java.lang.PublicMethods$MethodList::getMostSpecific (63 bytes)
Event: 30.660 Thread 0x000001a93227e870 nmethod 7533 0x000001a921e10d90 code [0x000001a921e10f40, 0x000001a921e11148]
Event: 30.666 Thread 0x000001a93227e870 7534       2       org.gradle.internal.service.DefaultServiceRegistry$ClassInspector::getDetailsForClass (50 bytes)
Event: 30.666 Thread 0x000001a93227e870 nmethod 7534 0x000001a921e11310 code [0x000001a921e114e0, 0x000001a921e11768]
Event: 30.689 Thread 0x000001a93227e870 7536       2       java.lang.reflect.Proxy$ProxyBuilder::getElementType (19 bytes)
Event: 30.689 Thread 0x000001a93227e870 nmethod 7536 0x000001a921e11890 code [0x000001a921e11a40, 0x000001a921e11bf8]
Event: 30.689 Thread 0x000001a93227e870 7535       2       java.lang.reflect.Proxy$ProxyBuilder::addElementType (19 bytes)
Event: 30.689 Thread 0x000001a93227e870 nmethod 7535 0x000001a921e11d10 code [0x000001a921e11ec0, 0x000001a921e120a8]
Event: 30.692 Thread 0x000001a93227e870 7537       1       org.gradle.internal.event.DefaultListenerManager::getAnnotation (3 bytes)
Event: 30.692 Thread 0x000001a93227e870 nmethod 7537 0x000001a928ebd590 code [0x000001a928ebd720, 0x000001a928ebd7f8]
Event: 30.766 Thread 0x000001a93227e870 7538       2       java.util.TreeMap::<init> (20 bytes)
Event: 30.766 Thread 0x000001a93227e870 nmethod 7538 0x000001a921e12210 code [0x000001a921e123a0, 0x000001a921e124d8]
Event: 30.921 Thread 0x000001a93227e870 7539  s    2       java.lang.StringBuffer::append (15 bytes)
Event: 30.922 Thread 0x000001a93227e870 nmethod 7539 0x000001a921e12590 code [0x000001a921e12740, 0x000001a921e12928]

GC Heap History (20 events):
Event: 30.156 GC heap before
{Heap before GC invocations=106 (full 5):
 PSYoungGen      total 4096K, used 3645K [0x00000000eab00000, 0x00000000eb000000, 0x0000000100000000)
  eden space 3072K, 100% used [0x00000000eab00000,0x00000000eae00000,0x00000000eae00000)
  from space 1024K, 55% used [0x00000000eaf00000,0x00000000eaf8f478,0x00000000eb000000)
  to   space 1024K, 0% used [0x00000000eae00000,0x00000000eae00000,0x00000000eaf00000)
 ParOldGen       total 140288K, used 128854K [0x00000000c0000000, 0x00000000c8900000, 0x00000000eab00000)
  object space 140288K, 91% used [0x00000000c0000000,0x00000000c7dd59e8,0x00000000c8900000)
 Metaspace       used 57690K, committed 58752K, reserved 1114112K
  class space    used 6435K, committed 6848K, reserved 1048576K
}
Event: 30.159 GC heap after
{Heap after GC invocations=106 (full 5):
 PSYoungGen      total 4096K, used 640K [0x00000000eab00000, 0x00000000eb000000, 0x0000000100000000)
  eden space 3072K, 0% used [0x00000000eab00000,0x00000000eab00000,0x00000000eae00000)
  from space 1024K, 62% used [0x00000000eae00000,0x00000000eaea0000,0x00000000eaf00000)
  to   space 1024K, 0% used [0x00000000eaf00000,0x00000000eaf00000,0x00000000eb000000)
 ParOldGen       total 140288K, used 129366K [0x00000000c0000000, 0x00000000c8900000, 0x00000000eab00000)
  object space 140288K, 92% used [0x00000000c0000000,0x00000000c7e55848,0x00000000c8900000)
 Metaspace       used 57690K, committed 58752K, reserved 1114112K
  class space    used 6435K, committed 6848K, reserved 1048576K
}
Event: 30.187 GC heap before
{Heap before GC invocations=107 (full 5):
 PSYoungGen      total 4096K, used 3712K [0x00000000eab00000, 0x00000000eb000000, 0x0000000100000000)
  eden space 3072K, 100% used [0x00000000eab00000,0x00000000eae00000,0x00000000eae00000)
  from space 1024K, 62% used [0x00000000eae00000,0x00000000eaea0000,0x00000000eaf00000)
  to   space 1024K, 0% used [0x00000000eaf00000,0x00000000eaf00000,0x00000000eb000000)
 ParOldGen       total 140288K, used 129366K [0x00000000c0000000, 0x00000000c8900000, 0x00000000eab00000)
  object space 140288K, 92% used [0x00000000c0000000,0x00000000c7e55848,0x00000000c8900000)
 Metaspace       used 57743K, committed 58752K, reserved 1114112K
  class space    used 6449K, committed 6848K, reserved 1048576K
}
Event: 30.189 GC heap after
{Heap after GC invocations=107 (full 5):
 PSYoungGen      total 4096K, used 514K [0x00000000eab00000, 0x00000000eb000000, 0x0000000100000000)
  eden space 3072K, 0% used [0x00000000eab00000,0x00000000eab00000,0x00000000eae00000)
  from space 1024K, 50% used [0x00000000eaf00000,0x00000000eaf80b08,0x00000000eb000000)
  to   space 1024K, 0% used [0x00000000eae00000,0x00000000eae00000,0x00000000eaf00000)
 ParOldGen       total 140288K, used 129908K [0x00000000c0000000, 0x00000000c8900000, 0x00000000eab00000)
  object space 140288K, 92% used [0x00000000c0000000,0x00000000c7edd3d0,0x00000000c8900000)
 Metaspace       used 57743K, committed 58752K, reserved 1114112K
  class space    used 6449K, committed 6848K, reserved 1048576K
}
Event: 30.216 GC heap before
{Heap before GC invocations=108 (full 5):
 PSYoungGen      total 4096K, used 3549K [0x00000000eab00000, 0x00000000eb000000, 0x0000000100000000)
  eden space 3072K, 98% used [0x00000000eab00000,0x00000000eadf6af0,0x00000000eae00000)
  from space 1024K, 50% used [0x00000000eaf00000,0x00000000eaf80b08,0x00000000eb000000)
  to   space 1024K, 0% used [0x00000000eae00000,0x00000000eae00000,0x00000000eaf00000)
 ParOldGen       total 140288K, used 129908K [0x00000000c0000000, 0x00000000c8900000, 0x00000000eab00000)
  object space 140288K, 92% used [0x00000000c0000000,0x00000000c7edd3d0,0x00000000c8900000)
 Metaspace       used 57836K, committed 58816K, reserved 1114112K
  class space    used 6468K, committed 6848K, reserved 1048576K
}
Event: 30.218 GC heap after
{Heap after GC invocations=108 (full 5):
 PSYoungGen      total 4096K, used 625K [0x00000000eab00000, 0x00000000eb000000, 0x0000000100000000)
  eden space 3072K, 0% used [0x00000000eab00000,0x00000000eab00000,0x00000000eae00000)
  from space 1024K, 61% used [0x00000000eae00000,0x00000000eae9c588,0x00000000eaf00000)
  to   space 1024K, 0% used [0x00000000eaf00000,0x00000000eaf00000,0x00000000eb000000)
 ParOldGen       total 140288K, used 130401K [0x00000000c0000000, 0x00000000c8900000, 0x00000000eab00000)
  object space 140288K, 92% used [0x00000000c0000000,0x00000000c7f58610,0x00000000c8900000)
 Metaspace       used 57836K, committed 58816K, reserved 1114112K
  class space    used 6468K, committed 6848K, reserved 1048576K
}
Event: 30.236 GC heap before
{Heap before GC invocations=109 (full 5):
 PSYoungGen      total 4096K, used 3697K [0x00000000eab00000, 0x00000000eb000000, 0x0000000100000000)
  eden space 3072K, 100% used [0x00000000eab00000,0x00000000eae00000,0x00000000eae00000)
  from space 1024K, 61% used [0x00000000eae00000,0x00000000eae9c588,0x00000000eaf00000)
  to   space 1024K, 0% used [0x00000000eaf00000,0x00000000eaf00000,0x00000000eb000000)
 ParOldGen       total 140288K, used 130401K [0x00000000c0000000, 0x00000000c8900000, 0x00000000eab00000)
  object space 140288K, 92% used [0x00000000c0000000,0x00000000c7f58610,0x00000000c8900000)
 Metaspace       used 57931K, committed 59008K, reserved 1114112K
  class space    used 6483K, committed 6912K, reserved 1048576K
}
Event: 30.238 GC heap after
{Heap after GC invocations=109 (full 5):
 PSYoungGen      total 4096K, used 572K [0x00000000eab00000, 0x00000000eb000000, 0x0000000100000000)
  eden space 3072K, 0% used [0x00000000eab00000,0x00000000eab00000,0x00000000eae00000)
  from space 1024K, 55% used [0x00000000eaf00000,0x00000000eaf8f1a0,0x00000000eb000000)
  to   space 1024K, 0% used [0x00000000eae00000,0x00000000eae00000,0x00000000eaf00000)
 ParOldGen       total 140288K, used 130895K [0x00000000c0000000, 0x00000000c8900000, 0x00000000eab00000)
  object space 140288K, 93% used [0x00000000c0000000,0x00000000c7fd3e38,0x00000000c8900000)
 Metaspace       used 57931K, committed 59008K, reserved 1114112K
  class space    used 6483K, committed 6912K, reserved 1048576K
}
Event: 30.267 GC heap before
{Heap before GC invocations=110 (full 5):
 PSYoungGen      total 4096K, used 3644K [0x00000000eab00000, 0x00000000eb000000, 0x0000000100000000)
  eden space 3072K, 100% used [0x00000000eab00000,0x00000000eae00000,0x00000000eae00000)
  from space 1024K, 55% used [0x00000000eaf00000,0x00000000eaf8f1a0,0x00000000eb000000)
  to   space 1024K, 0% used [0x00000000eae00000,0x00000000eae00000,0x00000000eaf00000)
 ParOldGen       total 140288K, used 130895K [0x00000000c0000000, 0x00000000c8900000, 0x00000000eab00000)
  object space 140288K, 93% used [0x00000000c0000000,0x00000000c7fd3e38,0x00000000c8900000)
 Metaspace       used 58051K, committed 59072K, reserved 1114112K
  class space    used 6503K, committed 6912K, reserved 1048576K
}
Event: 30.269 GC heap after
{Heap after GC invocations=110 (full 5):
 PSYoungGen      total 4096K, used 537K [0x00000000eab00000, 0x00000000eb000000, 0x0000000100000000)
  eden space 3072K, 0% used [0x00000000eab00000,0x00000000eab00000,0x00000000eae00000)
  from space 1024K, 52% used [0x00000000eae00000,0x00000000eae864a8,0x00000000eaf00000)
  to   space 1024K, 0% used [0x00000000eaf00000,0x00000000eaf00000,0x00000000eb000000)
 ParOldGen       total 140288K, used 131411K [0x00000000c0000000, 0x00000000c8900000, 0x00000000eab00000)
  object space 140288K, 93% used [0x00000000c0000000,0x00000000c8054df0,0x00000000c8900000)
 Metaspace       used 58051K, committed 59072K, reserved 1114112K
  class space    used 6503K, committed 6912K, reserved 1048576K
}
Event: 30.314 GC heap before
{Heap before GC invocations=111 (full 5):
 PSYoungGen      total 4096K, used 3609K [0x00000000eab00000, 0x00000000eb000000, 0x0000000100000000)
  eden space 3072K, 100% used [0x00000000eab00000,0x00000000eae00000,0x00000000eae00000)
  from space 1024K, 52% used [0x00000000eae00000,0x00000000eae864a8,0x00000000eaf00000)
  to   space 1024K, 0% used [0x00000000eaf00000,0x00000000eaf00000,0x00000000eb000000)
 ParOldGen       total 140288K, used 131411K [0x00000000c0000000, 0x00000000c8900000, 0x00000000eab00000)
  object space 140288K, 93% used [0x00000000c0000000,0x00000000c8054df0,0x00000000c8900000)
 Metaspace       used 58186K, committed 59200K, reserved 1114112K
  class space    used 6526K, committed 6912K, reserved 1048576K
}
Event: 30.316 GC heap after
{Heap after GC invocations=111 (full 5):
 PSYoungGen      total 4096K, used 512K [0x00000000eab00000, 0x00000000eb000000, 0x0000000100000000)
  eden space 3072K, 0% used [0x00000000eab00000,0x00000000eab00000,0x00000000eae00000)
  from space 1024K, 50% used [0x00000000eaf00000,0x00000000eaf80000,0x00000000eb000000)
  to   space 1024K, 0% used [0x00000000eae00000,0x00000000eae00000,0x00000000eaf00000)
 ParOldGen       total 140288K, used 131888K [0x00000000c0000000, 0x00000000c8900000, 0x00000000eab00000)
  object space 140288K, 94% used [0x00000000c0000000,0x00000000c80cc0e0,0x00000000c8900000)
 Metaspace       used 58186K, committed 59200K, reserved 1114112K
  class space    used 6526K, committed 6912K, reserved 1048576K
}
Event: 30.382 GC heap before
{Heap before GC invocations=112 (full 5):
 PSYoungGen      total 4096K, used 3584K [0x00000000eab00000, 0x00000000eb000000, 0x0000000100000000)
  eden space 3072K, 100% used [0x00000000eab00000,0x00000000eae00000,0x00000000eae00000)
  from space 1024K, 50% used [0x00000000eaf00000,0x00000000eaf80000,0x00000000eb000000)
  to   space 1024K, 0% used [0x00000000eae00000,0x00000000eae00000,0x00000000eaf00000)
 ParOldGen       total 140288K, used 131888K [0x00000000c0000000, 0x00000000c8900000, 0x00000000eab00000)
  object space 140288K, 94% used [0x00000000c0000000,0x00000000c80cc0e0,0x00000000c8900000)
 Metaspace       used 58321K, committed 59392K, reserved 1114112K
  class space    used 6551K, committed 6976K, reserved 1048576K
}
Event: 30.384 GC heap after
{Heap after GC invocations=112 (full 5):
 PSYoungGen      total 4096K, used 468K [0x00000000eab00000, 0x00000000eaf80000, 0x0000000100000000)
  eden space 3072K, 0% used [0x00000000eab00000,0x00000000eab00000,0x00000000eae00000)
  from space 1024K, 45% used [0x00000000eae00000,0x00000000eae75240,0x00000000eaf00000)
  to   space 512K, 0% used [0x00000000eaf00000,0x00000000eaf00000,0x00000000eaf80000)
 ParOldGen       total 140288K, used 132334K [0x00000000c0000000, 0x00000000c8900000, 0x00000000eab00000)
  object space 140288K, 94% used [0x00000000c0000000,0x00000000c813bb70,0x00000000c8900000)
 Metaspace       used 58321K, committed 59392K, reserved 1114112K
  class space    used 6551K, committed 6976K, reserved 1048576K
}
Event: 30.637 GC heap before
{Heap before GC invocations=113 (full 5):
 PSYoungGen      total 4096K, used 3540K [0x00000000eab00000, 0x00000000eaf80000, 0x0000000100000000)
  eden space 3072K, 100% used [0x00000000eab00000,0x00000000eae00000,0x00000000eae00000)
  from space 1024K, 45% used [0x00000000eae00000,0x00000000eae75240,0x00000000eaf00000)
  to   space 512K, 0% used [0x00000000eaf00000,0x00000000eaf00000,0x00000000eaf80000)
 ParOldGen       total 140288K, used 132334K [0x00000000c0000000, 0x00000000c8900000, 0x00000000eab00000)
  object space 140288K, 94% used [0x00000000c0000000,0x00000000c813bb70,0x00000000c8900000)
 Metaspace       used 58574K, committed 59584K, reserved 1114112K
  class space    used 6590K, committed 6976K, reserved 1048576K
}
Event: 30.640 GC heap after
{Heap after GC invocations=113 (full 5):
 PSYoungGen      total 3584K, used 344K [0x00000000eab00000, 0x00000000eaf80000, 0x0000000100000000)
  eden space 3072K, 0% used [0x00000000eab00000,0x00000000eab00000,0x00000000eae00000)
  from space 512K, 67% used [0x00000000eaf00000,0x00000000eaf562e8,0x00000000eaf80000)
  to   space 512K, 0% used [0x00000000eae80000,0x00000000eae80000,0x00000000eaf00000)
 ParOldGen       total 140288K, used 132721K [0x00000000c0000000, 0x00000000c8900000, 0x00000000eab00000)
  object space 140288K, 94% used [0x00000000c0000000,0x00000000c819c4a0,0x00000000c8900000)
 Metaspace       used 58574K, committed 59584K, reserved 1114112K
  class space    used 6590K, committed 6976K, reserved 1048576K
}
Event: 30.724 GC heap before
{Heap before GC invocations=114 (full 5):
 PSYoungGen      total 3584K, used 3416K [0x00000000eab00000, 0x00000000eaf80000, 0x0000000100000000)
  eden space 3072K, 100% used [0x00000000eab00000,0x00000000eae00000,0x00000000eae00000)
  from space 512K, 67% used [0x00000000eaf00000,0x00000000eaf562e8,0x00000000eaf80000)
  to   space 512K, 0% used [0x00000000eae80000,0x00000000eae80000,0x00000000eaf00000)
 ParOldGen       total 140288K, used 132721K [0x00000000c0000000, 0x00000000c8900000, 0x00000000eab00000)
  object space 140288K, 94% used [0x00000000c0000000,0x00000000c819c4a0,0x00000000c8900000)
 Metaspace       used 58770K, committed 59776K, reserved 1114112K
  class space    used 6630K, committed 7040K, reserved 1048576K
}
Event: 30.727 GC heap after
{Heap after GC invocations=114 (full 5):
 PSYoungGen      total 3584K, used 384K [0x00000000eab00000, 0x00000000eaf80000, 0x0000000100000000)
  eden space 3072K, 0% used [0x00000000eab00000,0x00000000eab00000,0x00000000eae00000)
  from space 512K, 75% used [0x00000000eae80000,0x00000000eaee0000,0x00000000eaf00000)
  to   space 512K, 0% used [0x00000000eaf00000,0x00000000eaf00000,0x00000000eaf80000)
 ParOldGen       total 140288K, used 132979K [0x00000000c0000000, 0x00000000c8900000, 0x00000000eab00000)
  object space 140288K, 94% used [0x00000000c0000000,0x00000000c81dcf60,0x00000000c8900000)
 Metaspace       used 58770K, committed 59776K, reserved 1114112K
  class space    used 6630K, committed 7040K, reserved 1048576K
}
Event: 30.787 GC heap before
{Heap before GC invocations=115 (full 5):
 PSYoungGen      total 3584K, used 3456K [0x00000000eab00000, 0x00000000eaf80000, 0x0000000100000000)
  eden space 3072K, 100% used [0x00000000eab00000,0x00000000eae00000,0x00000000eae00000)
  from space 512K, 75% used [0x00000000eae80000,0x00000000eaee0000,0x00000000eaf00000)
  to   space 512K, 0% used [0x00000000eaf00000,0x00000000eaf00000,0x00000000eaf80000)
 ParOldGen       total 140288K, used 132979K [0x00000000c0000000, 0x00000000c8900000, 0x00000000eab00000)
  object space 140288K, 94% used [0x00000000c0000000,0x00000000c81dcf60,0x00000000c8900000)
 Metaspace       used 58985K, committed 60032K, reserved 1114112K
  class space    used 6660K, committed 7040K, reserved 1048576K
}
Event: 30.789 GC heap after
{Heap after GC invocations=115 (full 5):
 PSYoungGen      total 3584K, used 480K [0x00000000eab00000, 0x00000000eb000000, 0x0000000100000000)
  eden space 3072K, 0% used [0x00000000eab00000,0x00000000eab00000,0x00000000eae00000)
  from space 512K, 93% used [0x00000000eaf00000,0x00000000eaf78300,0x00000000eaf80000)
  to   space 1024K, 0% used [0x00000000eae00000,0x00000000eae00000,0x00000000eaf00000)
 ParOldGen       total 140288K, used 133302K [0x00000000c0000000, 0x00000000c8900000, 0x00000000eab00000)
  object space 140288K, 95% used [0x00000000c0000000,0x00000000c822d860,0x00000000c8900000)
 Metaspace       used 58985K, committed 60032K, reserved 1114112K
  class space    used 6660K, committed 7040K, reserved 1048576K
}

Dll operation events (13 events):
Event: 0.060 Loaded shared library c:\Users\Hp\.vscode\extensions\redhat.java-1.26.0-win32-x64\jre\17.0.9-win32-x86_64\bin\java.dll
Event: 0.865 Loaded shared library c:\Users\Hp\.vscode\extensions\redhat.java-1.26.0-win32-x64\jre\17.0.9-win32-x86_64\bin\zip.dll
Event: 0.870 Loaded shared library C:\Users\Hp\.vscode\extensions\redhat.java-1.26.0-win32-x64\jre\17.0.9-win32-x86_64\bin\instrument.dll
Event: 0.924 Loaded shared library C:\Users\Hp\.vscode\extensions\redhat.java-1.26.0-win32-x64\jre\17.0.9-win32-x86_64\bin\net.dll
Event: 0.931 Loaded shared library C:\Users\Hp\.vscode\extensions\redhat.java-1.26.0-win32-x64\jre\17.0.9-win32-x86_64\bin\nio.dll
Event: 0.976 Loaded shared library C:\Users\Hp\.vscode\extensions\redhat.java-1.26.0-win32-x64\jre\17.0.9-win32-x86_64\bin\zip.dll
Event: 1.070 Loaded shared library C:\Users\Hp\.vscode\extensions\redhat.java-1.26.0-win32-x64\jre\17.0.9-win32-x86_64\bin\jimage.dll
Event: 1.280 Loaded shared library c:\Users\Hp\.vscode\extensions\redhat.java-1.26.0-win32-x64\jre\17.0.9-win32-x86_64\bin\verify.dll
Event: 5.846 Loaded shared library C:\Users\Hp\AppData\Roaming\Code\User\globalStorage\redhat.java\1.26.0\config_win\org.eclipse.equinox.launcher\org.eclipse.equinox.launcher.win32.win32.x86_64_1.2.800.v20231003-1442\eclipse_11802.dll
Event: 14.795 Loaded shared library C:\Users\Hp\AppData\Local\Temp\jna-2344\jna16270986336579721019.dll
Event: 28.246 Loaded shared library C:\Users\Hp\.gradle\native\68d5fa5c4cc2d200863cafc0d521ce42e7d3e7ee720ec0a83991735586a16f82\windows-amd64\native-platform.dll
Event: 30.775 Loaded shared library C:\Users\Hp\.vscode\extensions\redhat.java-1.26.0-win32-x64\jre\17.0.9-win32-x86_64\bin\management.dll
Event: 30.786 Loaded shared library C:\Users\Hp\.vscode\extensions\redhat.java-1.26.0-win32-x64\jre\17.0.9-win32-x86_64\bin\management_ext.dll

Deoptimization events (20 events):
Event: 29.341 Thread 0x000001a93a582960 DEOPT PACKING pc=0x000001a921bf989e sp=0x0000000d232fc870
Event: 29.341 Thread 0x000001a93a582960 DEOPT UNPACKING pc=0x000001a928606e43 sp=0x0000000d232fbd60 mode 0
Event: 29.400 Thread 0x000001a93a582960 DEOPT PACKING pc=0x000001a921c0dbce sp=0x0000000d232fc8a0
Event: 29.400 Thread 0x000001a93a582960 DEOPT UNPACKING pc=0x000001a928606e43 sp=0x0000000d232fbd68 mode 0
Event: 29.407 Thread 0x000001a93a582960 DEOPT PACKING pc=0x000001a921bf989e sp=0x0000000d232fc870
Event: 29.407 Thread 0x000001a93a582960 DEOPT UNPACKING pc=0x000001a928606e43 sp=0x0000000d232fbd60 mode 0
Event: 29.443 Thread 0x000001a93a582960 DEOPT PACKING pc=0x000001a921c0dbce sp=0x0000000d232fc8a0
Event: 29.443 Thread 0x000001a93a582960 DEOPT UNPACKING pc=0x000001a928606e43 sp=0x0000000d232fbd68 mode 0
Event: 29.453 Thread 0x000001a93a582960 DEOPT PACKING pc=0x000001a921bf989e sp=0x0000000d232fc870
Event: 29.453 Thread 0x000001a93a582960 DEOPT UNPACKING pc=0x000001a928606e43 sp=0x0000000d232fbd60 mode 0
Event: 29.501 Thread 0x000001a93a582960 DEOPT PACKING pc=0x000001a921c0dbce sp=0x0000000d232fc8a0
Event: 29.501 Thread 0x000001a93a582960 DEOPT UNPACKING pc=0x000001a928606e43 sp=0x0000000d232fbd68 mode 0
Event: 29.507 Thread 0x000001a93a582960 DEOPT PACKING pc=0x000001a921bf989e sp=0x0000000d232fc870
Event: 29.507 Thread 0x000001a93a582960 DEOPT UNPACKING pc=0x000001a928606e43 sp=0x0000000d232fbd60 mode 0
Event: 29.921 Thread 0x000001a93a582960 DEOPT PACKING pc=0x000001a921c0dbce sp=0x0000000d232fca90
Event: 29.921 Thread 0x000001a93a582960 DEOPT UNPACKING pc=0x000001a928606e43 sp=0x0000000d232fbf58 mode 0
Event: 30.183 Thread 0x000001a937b70ed0 Uncommon trap: trap_request=0xfffffff4 fr.pc=0x000001a928eadc00 relative=0x0000000000008600
Event: 30.183 Thread 0x000001a937b70ed0 Uncommon trap: reason=null_check action=make_not_entrant pc=0x000001a928eadc00 method=org.eclipse.jdt.internal.core.search.indexing.BinaryIndexer.indexDocument()V @ 565 c2
Event: 30.183 Thread 0x000001a937b70ed0 DEOPT PACKING pc=0x000001a928eadc00 sp=0x0000000d22afe730
Event: 30.183 Thread 0x000001a937b70ed0 DEOPT UNPACKING pc=0x000001a9286066a3 sp=0x0000000d22afe6a0 mode 2

Classes unloaded (7 events):
Event: 14.143 Thread 0x000001a91e49d8d0 Unloading class 0x000000010024a400 'java/lang/invoke/LambdaForm$MH+0x000000010024a400'
Event: 14.143 Thread 0x000001a91e49d8d0 Unloading class 0x000000010024a000 'java/lang/invoke/LambdaForm$MH+0x000000010024a000'
Event: 14.143 Thread 0x000001a91e49d8d0 Unloading class 0x0000000100249c00 'java/lang/invoke/LambdaForm$MH+0x0000000100249c00'
Event: 14.143 Thread 0x000001a91e49d8d0 Unloading class 0x0000000100249800 'java/lang/invoke/LambdaForm$MH+0x0000000100249800'
Event: 14.143 Thread 0x000001a91e49d8d0 Unloading class 0x0000000100249400 'java/lang/invoke/LambdaForm$BMH+0x0000000100249400'
Event: 14.143 Thread 0x000001a91e49d8d0 Unloading class 0x0000000100249000 'java/lang/invoke/LambdaForm$DMH+0x0000000100249000'
Event: 14.143 Thread 0x000001a91e49d8d0 Unloading class 0x0000000100244400 'java/lang/invoke/LambdaForm$DMH+0x0000000100244400'

Classes redefined (0 events):
No events

Internal exceptions (20 events):
Event: 26.324 Thread 0x000001a937b713e0 Exception <a 'sun/nio/fs/WindowsException'{0x00000000eaf815f0}> (0x00000000eaf815f0) 
thrown [s\src\hotspot\share\prims\jni.cpp, line 516]
Event: 26.324 Thread 0x000001a937b713e0 Exception <a 'sun/nio/fs/WindowsException'{0x00000000eaf81c18}> (0x00000000eaf81c18) 
thrown [s\src\hotspot\share\prims\jni.cpp, line 516]
Event: 26.324 Thread 0x000001a937b713e0 Exception <a 'sun/nio/fs/WindowsException'{0x00000000eaf82240}> (0x00000000eaf82240) 
thrown [s\src\hotspot\share\prims\jni.cpp, line 516]
Event: 26.324 Thread 0x000001a937b713e0 Exception <a 'sun/nio/fs/WindowsException'{0x00000000eaf82880}> (0x00000000eaf82880) 
thrown [s\src\hotspot\share\prims\jni.cpp, line 516]
Event: 26.325 Thread 0x000001a937b713e0 Exception <a 'sun/nio/fs/WindowsException'{0x00000000eaf873d8}> (0x00000000eaf873d8) 
thrown [s\src\hotspot\share\prims\jni.cpp, line 516]
Event: 26.325 Thread 0x000001a937b713e0 Exception <a 'sun/nio/fs/WindowsException'{0x00000000eaf879e0}> (0x00000000eaf879e0) 
thrown [s\src\hotspot\share\prims\jni.cpp, line 516]
Event: 26.325 Thread 0x000001a937b713e0 Exception <a 'sun/nio/fs/WindowsException'{0x00000000eaf87fe8}> (0x00000000eaf87fe8) 
thrown [s\src\hotspot\share\prims\jni.cpp, line 516]
Event: 26.325 Thread 0x000001a937b713e0 Exception <a 'sun/nio/fs/WindowsException'{0x00000000eaf88610}> (0x00000000eaf88610) 
thrown [s\src\hotspot\share\prims\jni.cpp, line 516]
Event: 26.326 Thread 0x000001a937b713e0 Exception <a 'sun/nio/fs/WindowsException'{0x00000000eaf8ccd8}> (0x00000000eaf8ccd8) 
thrown [s\src\hotspot\share\prims\jni.cpp, line 516]
Event: 26.326 Thread 0x000001a937b713e0 Exception <a 'sun/nio/fs/WindowsException'{0x00000000eaf8d2a0}> (0x00000000eaf8d2a0) 
thrown [s\src\hotspot\share\prims\jni.cpp, line 516]
Event: 26.326 Thread 0x000001a937b713e0 Exception <a 'sun/nio/fs/WindowsException'{0x00000000eaf8d868}> (0x00000000eaf8d868) 
thrown [s\src\hotspot\share\prims\jni.cpp, line 516]
Event: 26.326 Thread 0x000001a937b713e0 Exception <a 'sun/nio/fs/WindowsException'{0x00000000eaf8de48}> (0x00000000eaf8de48) 
thrown [s\src\hotspot\share\prims\jni.cpp, line 516]
Event: 26.327 Thread 0x000001a937b713e0 Exception <a 'sun/nio/fs/WindowsException'{0x00000000eaf92d30}> (0x00000000eaf92d30) 
thrown [s\src\hotspot\share\prims\jni.cpp, line 516]
Event: 26.327 Thread 0x000001a937b713e0 Exception <a 'sun/nio/fs/WindowsException'{0x00000000eaf932e0}> (0x00000000eaf932e0) 
thrown [s\src\hotspot\share\prims\jni.cpp, line 516]
Event: 26.327 Thread 0x000001a937b713e0 Exception <a 'sun/nio/fs/WindowsException'{0x00000000eaf93898}> (0x00000000eaf93898) 
thrown [s\src\hotspot\share\prims\jni.cpp, line 516]
Event: 26.327 Thread 0x000001a937b713e0 Exception <a 'sun/nio/fs/WindowsException'{0x00000000eaf93e60}> (0x00000000eaf93e60) 
thrown [s\src\hotspot\share\prims\jni.cpp, line 516]
Event: 28.192 Thread 0x000001a93a582960 Exception <a 'java/lang/NoSuchMethodError'{0x00000000eac02288}: 'java.lang.Object java.lang.invoke.DirectMethodHandle$Holder.invokeVirtual(java.lang.Object, java.lang.Object, java.lang.Object, java.lang.Object, java.lang.Object, java.lang.Object, java.lang.Object)'> (0x00000000eac02288) 
thrown [s\src\hotspot\share\interpreter\linkResolver.cpp, line 759]
Event: 28.194 Thread 0x000001a93a582960 Exception <a 'java/lang/NoSuchMethodError'{0x00000000eac1b800}: 'java.lang.Object java.lang.invoke.Invokers$Holder.invoker(java.lang.Object, java.lang.Object, java.lang.Object)'> (0x00000000eac1b800) 
thrown [s\src\hotspot\share\interpreter\linkResolver.cpp, line 759]
Event: 30.183 Thread 0x000001a937b70ed0 Implicit null exception at 0x000001a928ea7854 to 0x000001a928eadbe4
Event: 30.621 Thread 0x000001a93a582960 Exception <a 'java/lang/NoClassDefFoundError'{0x00000000eadee3a8}: org/slf4j/impl/StaticMarkerBinder> (0x00000000eadee3a8) 
thrown [s\src\hotspot\share\classfile\systemDictionary.cpp, line 245]

VM Operations (20 events):
Event: 30.187 Executing VM operation: ParallelGCFailedAllocation
Event: 30.190 Executing VM operation: ParallelGCFailedAllocation done
Event: 30.206 Executing VM operation: HandshakeAllThreads
Event: 30.207 Executing VM operation: HandshakeAllThreads done
Event: 30.216 Executing VM operation: ParallelGCFailedAllocation
Event: 30.218 Executing VM operation: ParallelGCFailedAllocation done
Event: 30.236 Executing VM operation: ParallelGCFailedAllocation
Event: 30.238 Executing VM operation: ParallelGCFailedAllocation done
Event: 30.267 Executing VM operation: ParallelGCFailedAllocation
Event: 30.270 Executing VM operation: ParallelGCFailedAllocation done
Event: 30.314 Executing VM operation: ParallelGCFailedAllocation
Event: 30.316 Executing VM operation: ParallelGCFailedAllocation done
Event: 30.374 Executing VM operation: ParallelGCFailedAllocation
Event: 30.416 Executing VM operation: ParallelGCFailedAllocation done
Event: 30.623 Executing VM operation: ParallelGCFailedAllocation
Event: 30.642 Executing VM operation: ParallelGCFailedAllocation done
Event: 30.724 Executing VM operation: ParallelGCFailedAllocation
Event: 30.727 Executing VM operation: ParallelGCFailedAllocation done
Event: 30.787 Executing VM operation: ParallelGCFailedAllocation
Event: 30.789 Executing VM operation: ParallelGCFailedAllocation done

Events (20 events):
Event: 30.790 loading class com/sun/management/internal/PlatformMBeanProviderImpl$2 done
Event: 30.790 loading class com/sun/management/internal/PlatformMBeanProviderImpl$3
Event: 30.791 loading class com/sun/management/internal/PlatformMBeanProviderImpl$3 done
Event: 30.791 loading class com/sun/management/internal/PlatformMBeanProviderImpl$4
Event: 30.791 loading class com/sun/management/internal/PlatformMBeanProviderImpl$4 done
Event: 30.791 loading class com/sun/management/internal/DiagnosticCommandImpl
Event: 30.791 loading class com/sun/management/DiagnosticCommandMBean
Event: 30.791 loading class javax/management/DynamicMBean
Event: 30.793 loading class javax/management/DynamicMBean done
Event: 30.793 loading class com/sun/management/DiagnosticCommandMBean done
Event: 30.793 loading class sun/management/NotificationEmitterSupport
Event: 30.794 loading class javax/management/NotificationEmitter
Event: 30.794 loading class javax/management/NotificationBroadcaster
Event: 30.806 loading class javax/management/NotificationBroadcaster done
Event: 30.806 loading class javax/management/NotificationEmitter done
Event: 30.806 loading class sun/management/NotificationEmitterSupport done
Event: 30.806 loading class com/sun/management/internal/DiagnosticCommandImpl done
Event: 30.806 loading class sun/management/ManagementFactoryHelper
Event: 30.857 loading class sun/management/ManagementFactoryHelper done
Event: 30.857 loading class sun/management/VMManagementImpl


Dynamic libraries:
0x00007ff7c1610000 - 0x00007ff7c161e000 	c:\Users\Hp\.vscode\extensions\redhat.java-1.26.0-win32-x64\jre\17.0.9-win32-x86_64\bin\java.exe
0x00007fffe7710000 - 0x00007fffe7908000 	C:\Windows\SYSTEM32\ntdll.dll
0x00007fffe6ec0000 - 0x00007fffe6f7d000 	C:\Windows\System32\KERNEL32.DLL
0x00007fffe5260000 - 0x00007fffe5556000 	C:\Windows\System32\KERNELBASE.dll
0x00007fffe55b0000 - 0x00007fffe56b0000 	C:\Windows\System32\ucrtbase.dll
0x00007fffd54d0000 - 0x00007fffd54e7000 	c:\Users\Hp\.vscode\extensions\redhat.java-1.26.0-win32-x64\jre\17.0.9-win32-x86_64\bin\jli.dll
0x00007fffe61d0000 - 0x00007fffe636e000 	C:\Windows\System32\USER32.dll
0x00007fffe5720000 - 0x00007fffe5742000 	C:\Windows\System32\win32u.dll
0x00007fffe67e0000 - 0x00007fffe680b000 	C:\Windows\System32\GDI32.dll
0x00007fffe4dd0000 - 0x00007fffe4ee7000 	C:\Windows\System32\gdi32full.dll
0x00007fffe4fd0000 - 0x00007fffe506d000 	C:\Windows\System32\msvcp_win.dll
0x00007fffd5460000 - 0x00007fffd547b000 	c:\Users\Hp\.vscode\extensions\redhat.java-1.26.0-win32-x64\jre\17.0.9-win32-x86_64\bin\VCRUNTIME140.dll
0x00007fffd0f20000 - 0x00007fffd11ba000 	C:\Windows\WinSxS\amd64_microsoft.windows.common-controls_6595b64144ccf1df_6.0.19041.3636_none_60b6a03d71f818d5\COMCTL32.dll
0x00007fffe5c70000 - 0x00007fffe5d0e000 	C:\Windows\System32\msvcrt.dll
0x00007fffe6070000 - 0x00007fffe60a2000 	C:\Windows\System32\IMM32.DLL
0x00007fffdf770000 - 0x00007fffdf77c000 	c:\Users\Hp\.vscode\extensions\redhat.java-1.26.0-win32-x64\jre\17.0.9-win32-x86_64\bin\vcruntime140_1.dll
0x00007fffb0df0000 - 0x00007fffb0e7d000 	c:\Users\Hp\.vscode\extensions\redhat.java-1.26.0-win32-x64\jre\17.0.9-win32-x86_64\bin\msvcp140.dll
0x00007fff9f990000 - 0x00007fffa05f1000 	c:\Users\Hp\.vscode\extensions\redhat.java-1.26.0-win32-x64\jre\17.0.9-win32-x86_64\bin\server\jvm.dll
0x00007fffe6110000 - 0x00007fffe61c3000 	C:\Windows\System32\ADVAPI32.dll
0x00007fffe5930000 - 0x00007fffe59cf000 	C:\Windows\System32\sechost.dll
0x00007fffe5750000 - 0x00007fffe5876000 	C:\Windows\System32\RPCRT4.dll
0x00007fffe4fa0000 - 0x00007fffe4fc7000 	C:\Windows\System32\bcrypt.dll
0x00007fffe4370000 - 0x00007fffe43bb000 	C:\Windows\SYSTEM32\POWRPROF.dll
0x00007fffca5b0000 - 0x00007fffca5b9000 	C:\Windows\SYSTEM32\WSOCK32.dll
0x00007fffe5f10000 - 0x00007fffe5f7b000 	C:\Windows\System32\WS2_32.dll
0x00007fffc8770000 - 0x00007fffc8797000 	C:\Windows\SYSTEM32\WINMM.dll
0x00007fffd57f0000 - 0x00007fffd57fa000 	C:\Windows\SYSTEM32\VERSION.dll
0x00007fffe41e0000 - 0x00007fffe41f2000 	C:\Windows\SYSTEM32\UMPDC.dll
0x00007fffe3610000 - 0x00007fffe3622000 	C:\Windows\SYSTEM32\kernel.appcore.dll
0x00007fffde210000 - 0x00007fffde21a000 	c:\Users\Hp\.vscode\extensions\redhat.java-1.26.0-win32-x64\jre\17.0.9-win32-x86_64\bin\jimage.dll
0x00007fffe2a40000 - 0x00007fffe2c24000 	C:\Windows\SYSTEM32\DBGHELP.DLL
0x00007fffd13c0000 - 0x00007fffd13f4000 	C:\Windows\SYSTEM32\dbgcore.DLL
0x00007fffe5070000 - 0x00007fffe50f2000 	C:\Windows\System32\bcryptPrimitives.dll
0x00007fffd5260000 - 0x00007fffd526e000 	c:\Users\Hp\.vscode\extensions\redhat.java-1.26.0-win32-x64\jre\17.0.9-win32-x86_64\bin\instrument.dll
0x00007fffca730000 - 0x00007fffca755000 	c:\Users\Hp\.vscode\extensions\redhat.java-1.26.0-win32-x64\jre\17.0.9-win32-x86_64\bin\java.dll
0x00007fffd1410000 - 0x00007fffd1428000 	c:\Users\Hp\.vscode\extensions\redhat.java-1.26.0-win32-x64\jre\17.0.9-win32-x86_64\bin\zip.dll
0x00007fffe6f80000 - 0x00007fffe76c5000 	C:\Windows\System32\SHELL32.dll
0x00007fffe2e60000 - 0x00007fffe35fc000 	C:\Windows\SYSTEM32\windows.storage.dll
0x00007fffe6960000 - 0x00007fffe6cb4000 	C:\Windows\System32\combase.dll
0x00007fffe4800000 - 0x00007fffe482e000 	C:\Windows\SYSTEM32\Wldp.dll
0x00007fffe5e40000 - 0x00007fffe5f0d000 	C:\Windows\System32\OLEAUT32.dll
0x00007fffe5d90000 - 0x00007fffe5e3d000 	C:\Windows\System32\SHCORE.dll
0x00007fffe60b0000 - 0x00007fffe6105000 	C:\Windows\System32\shlwapi.dll
0x00007fffe4d00000 - 0x00007fffe4d25000 	C:\Windows\SYSTEM32\profapi.dll
0x00007fffcfe20000 - 0x00007fffcfe39000 	C:\Users\Hp\.vscode\extensions\redhat.java-1.26.0-win32-x64\jre\17.0.9-win32-x86_64\bin\net.dll
0x00007fffda0b0000 - 0x00007fffda1ba000 	C:\Windows\SYSTEM32\WINHTTP.dll
0x00007fffe4560000 - 0x00007fffe45ca000 	C:\Windows\system32\mswsock.dll
0x00007fffcef80000 - 0x00007fffcef96000 	C:\Users\Hp\.vscode\extensions\redhat.java-1.26.0-win32-x64\jre\17.0.9-win32-x86_64\bin\nio.dll
0x00007fffd5190000 - 0x00007fffd51a0000 	c:\Users\Hp\.vscode\extensions\redhat.java-1.26.0-win32-x64\jre\17.0.9-win32-x86_64\bin\verify.dll
0x00007fffc5840000 - 0x00007fffc587e000 	C:\Users\Hp\AppData\Roaming\Code\User\globalStorage\redhat.java\1.26.0\config_win\org.eclipse.equinox.launcher\org.eclipse.equinox.launcher.win32.win32.x86_64_1.2.800.v20231003-1442\eclipse_11802.dll
0x00007fffe6810000 - 0x00007fffe693b000 	C:\Windows\System32\ole32.dll
0x00007fffe4760000 - 0x00007fffe4778000 	C:\Windows\SYSTEM32\CRYPTSP.dll
0x00007fffe3e20000 - 0x00007fffe3e54000 	C:\Windows\system32\rsaenh.dll
0x00007fffe4c80000 - 0x00007fffe4cae000 	C:\Windows\SYSTEM32\USERENV.dll
0x00007fffe4750000 - 0x00007fffe475c000 	C:\Windows\SYSTEM32\CRYPTBASE.dll
0x00007fffe4200000 - 0x00007fffe423b000 	C:\Windows\SYSTEM32\IPHLPAPI.DLL
0x00007fffe6940000 - 0x00007fffe6948000 	C:\Windows\System32\NSI.dll
0x00007fffda490000 - 0x00007fffda4a7000 	C:\Windows\SYSTEM32\dhcpcsvc6.DLL
0x00007fffdb340000 - 0x00007fffdb35d000 	C:\Windows\SYSTEM32\dhcpcsvc.DLL
0x00007fffe4240000 - 0x00007fffe430a000 	C:\Windows\SYSTEM32\DNSAPI.dll
0x00007fffb88f0000 - 0x00007fffb8935000 	C:\Users\Hp\AppData\Local\Temp\jna-2344\jna16270986336579721019.dll
0x00007fffe5c60000 - 0x00007fffe5c68000 	C:\Windows\System32\PSAPI.DLL
0x00007fff5a670000 - 0x00007fff5a697000 	C:\Users\Hp\.gradle\native\68d5fa5c4cc2d200863cafc0d521ce42e7d3e7ee720ec0a83991735586a16f82\windows-amd64\native-platform.dll
0x00007fffdf810000 - 0x00007fffdf819000 	C:\Users\Hp\.vscode\extensions\redhat.java-1.26.0-win32-x64\jre\17.0.9-win32-x86_64\bin\management.dll
0x00007fffdf790000 - 0x00007fffdf79b000 	C:\Users\Hp\.vscode\extensions\redhat.java-1.26.0-win32-x64\jre\17.0.9-win32-x86_64\bin\management_ext.dll

dbghelp: loaded successfully - version: 4.0.5 - missing functions: none
symbol engine: initialized successfully - sym options: 0x614 - pdb path: .;c:\Users\Hp\.vscode\extensions\redhat.java-1.26.0-win32-x64\jre\17.0.9-win32-x86_64\bin;C:\Windows\SYSTEM32;C:\Windows\WinSxS\amd64_microsoft.windows.common-controls_6595b64144ccf1df_6.0.19041.3636_none_60b6a03d71f818d5;c:\Users\Hp\.vscode\extensions\redhat.java-1.26.0-win32-x64\jre\17.0.9-win32-x86_64\bin\server;C:\Users\Hp\AppData\Roaming\Code\User\globalStorage\redhat.java\1.26.0\config_win\org.eclipse.equinox.launcher\org.eclipse.equinox.launcher.win32.win32.x86_64_1.2.800.v20231003-1442;C:\Users\Hp\AppData\Local\Temp\jna-2344;C:\Users\Hp\.gradle\native\68d5fa5c4cc2d200863cafc0d521ce42e7d3e7ee720ec0a83991735586a16f82\windows-amd64

VM Arguments:
jvm_args: --add-modules=ALL-SYSTEM --add-opens=java.base/java.util=ALL-UNNAMED --add-opens=java.base/java.lang=ALL-UNNAMED --add-opens=java.base/sun.nio.fs=ALL-UNNAMED -Declipse.application=org.eclipse.jdt.ls.core.id1 -Dosgi.bundles.defaultStartLevel=4 -Declipse.product=org.eclipse.jdt.ls.core.product -Djava.import.generatesMetadataFilesAtProjectRoot=false -DDetectVMInstallationsJob.disabled=true -Dfile.encoding=utf8 -XX:+UseParallelGC -XX:GCTimeRatio=4 -XX:AdaptiveSizePolicyWeight=90 -Dsun.zip.disableMemoryMapping=true -Xmx1G -Xms100m -Xlog:disable -javaagent:c:\Users\Hp\.vscode\extensions\redhat.java-1.26.0-win32-x64\lombok\lombok-1.18.31-3454.jar -XX:+HeapDumpOnOutOfMemoryError -XX:HeapDumpPath=c:\Users\Hp\AppData\Roaming\Code\User\workspaceStorage\bba7c3f7c67dd00e1a47571d2bb8e86b\redhat.java -Daether.dependencyCollector.impl=bf 
java_command: c:\Users\Hp\.vscode\extensions\redhat.java-1.26.0-win32-x64\server\plugins\org.eclipse.equinox.launcher_1.6.700.v20231214-2017.jar -configuration c:\Users\Hp\AppData\Roaming\Code\User\globalStorage\redhat.java\1.26.0\config_win -data c:\Users\Hp\AppData\Roaming\Code\User\workspaceStorage\bba7c3f7c67dd00e1a47571d2bb8e86b\redhat.java\jdt_ws --stdio
java_class_path (initial): c:\Users\Hp\.vscode\extensions\redhat.java-1.26.0-win32-x64\server\plugins\org.eclipse.equinox.launcher_1.6.700.v20231214-2017.jar
Launcher Type: SUN_STANDARD

[Global flags]
    uintx AdaptiveSizePolicyWeight                 = 90                                        {product} {command line}
     intx CICompilerCount                          = 3                                         {product} {ergonomic}
    uintx GCTimeRatio                              = 4                                         {product} {command line}
     bool HeapDumpOnOutOfMemoryError               = true                                   {manageable} {command line}
    ccstr HeapDumpPath                             = c:\Users\Hp\AppData\Roaming\Code\User\workspaceStorage\bba7c3f7c67dd00e1a47571d2bb8e86b\redhat.java         {manageable} {command line}
   size_t InitialHeapSize                          = 104857600                                 {product} {command line}
   size_t MaxHeapSize                              = 1073741824                                {product} {command line}
   size_t MaxNewSize                               = 357564416                                 {product} {ergonomic}
   size_t MinHeapDeltaBytes                        = 524288                                    {product} {ergonomic}
   size_t MinHeapSize                              = 104857600                                 {product} {command line}
   size_t NewSize                                  = 34603008                                  {product} {ergonomic}
    uintx NonNMethodCodeHeapSize                   = 5832780                                {pd product} {ergonomic}
    uintx NonProfiledCodeHeapSize                  = 122912730                              {pd product} {ergonomic}
   size_t OldSize                                  = 70254592                                  {product} {ergonomic}
    uintx ProfiledCodeHeapSize                     = 122912730                              {pd product} {ergonomic}
    uintx ReservedCodeCacheSize                    = 251658240                              {pd product} {ergonomic}
     bool SegmentedCodeCache                       = true                                      {product} {ergonomic}
   size_t SoftMaxHeapSize                          = 1073741824                             {manageable} {ergonomic}
     bool UseCompressedClassPointers               = true                           {product lp64_product} {ergonomic}
     bool UseCompressedOops                        = true                           {product lp64_product} {ergonomic}
     bool UseLargePagesIndividualAllocation        = false                                  {pd product} {ergonomic}
     bool UseParallelGC                            = true                                      {product} {command line}

Logging:
Log output configuration:
 #0: stdout all=off uptime,level,tags
 #1: stderr all=off uptime,level,tags

Environment Variables:
JAVA_HOME=C:\Program Files\Java\jdk-18.0.2.1
PATH=C:\Program Files\Python39\Scripts\;C:\Program Files\Python39\;F:\WINDOWS.X64_193000_db_home\bin;C:\Program Files\Eclipse Adoptium\jdk-11.0.17.8-hotspot\bin;C:\Program Files\Common Files\Oracle\Java\javapath;C:\Windows\system32;C:\Windows;C:\Windows\System32\Wbem;C:\Windows\System32\WindowsPowerShell\v1.0\;C:\Windows\System32\OpenSSH\;C:\Program Files\Java\jdk-18.0.2.1\bin;C:\Program Files\Git\cmd;C:\ProgramData\chocolatey\bin;C:\Program Files\nodejs\;C:\Program Files\Microsoft SQL Server\Client SDK\ODBC\170\Tools\Binn\;C:\Program Files (x86)\Microsoft SQL Server\150\Tools\Binn\;C:\Program Files\Microsoft SQL Server\150\Tools\Binn\;C:\Program Files\Microsoft SQL Server\150\DTS\Binn\;C:\Program Files (x86)\Microsoft SQL Server\150\DTS\Binn\;C:\Program Files\Azure Data Studio\bin;C:\Users\Hp\AppData\Local\Microsoft\WindowsApps;C:\Users\Hp\AppData\Local\Programs\Microsoft VS Code\bin;C:\Users\Hp\AppData\Roaming\npm;C:\Users\Hp\AppData\Local\Android\Sdk;C:\Users\Hp\AppData\Local\Android\Sdk\platform-tools;C:\Program Files\Azure Data Studio\bin;C:\Users\Hp\AppData\Local\GitHubDesktop\bin
USERNAME=Hp
OS=Windows_NT
PROCESSOR_IDENTIFIER=Intel64 Family 6 Model 142 Stepping 9, GenuineIntel
TMP=C:\Users\Hp\AppData\Local\Temp
TEMP=C:\Users\Hp\AppData\Local\Temp



Periodic native trim disabled


---------------  S Y S T E M  ---------------

OS:
 Windows 10 , 64 bit Build 19041 (10.0.19041.3636)
OS uptime: 0 days 1:00 hours

CPU: total 4 (initial active 4) (2 cores per cpu, 2 threads per core) family 6 model 142 stepping 9 microcode 0xb4, cx8, cmov, fxsr, ht, mmx, 3dnowpref, sse, sse2, sse3, ssse3, sse4.1, sse4.2, popcnt, lzcnt, tsc, tscinvbit, avx, avx2, aes, erms, clmul, bmi1, bmi2, adx, fma, vzeroupper, clflush, clflushopt
Processor Information for all 4 processors :
  Max Mhz: 2701, Current Mhz: 2600, Mhz Limit: 2592

Memory: 4k page, system-wide physical 8108M (152M free)
TotalPageFile size 32684M (AvailPageFile size 2M)
current process WorkingSet (physical memory assigned to process): 354M, peak: 356M
current process commit charge ("private bytes"): 352M, peak: 354M

vm_info: OpenJDK 64-Bit Server VM (17.0.9+9) for windows-amd64 JRE (17.0.9+9), built on Oct 26 2023 14:01:42 by "admin" with MS VC++ 16.10 / 16.11 (VS2019)

END.
