#
# There is insufficient memory for the Java Runtime Environment to continue.
# Native memory allocation (mmap) failed to map 65536 bytes for Failed to commit metaspace.
# Possible reasons:
#   The system is out of physical RAM or swap space
#   The process is running with CompressedOops enabled, and the Java Heap may be blocking the growth of the native heap
# Possible solutions:
#   Reduce memory load on the system
#   Increase physical memory or swap space
#   Check if swap backing store is full
#   Decrease Java heap size (-Xmx/-Xms)
#   Decrease number of Java threads
#   Decrease Java thread stack sizes (-Xss)
#   Set larger code cache with -XX:ReservedCodeCacheSize=
#   JVM is running with Unscaled Compressed Oops mode in which the Java heap is
#     placed in the first 4GB address space. The Java Heap base address is the
#     maximum limit for the native heap growth. Please use -XX:HeapBaseMinAddress
#     to set the Java Heap base and to place the Java Heap above 4GB virtual address.
# This output file may be truncated or incomplete.
#
#  Out of Memory Error (virtualSpaceNode.cpp:110), pid=1232, tid=3012
#
# JRE version: OpenJDK Runtime Environment Temurin-17.0.9+9 (17.0.9+9) (build 17.0.9+9)
# Java VM: OpenJDK 64-Bit Server VM Temurin-17.0.9+9 (17.0.9+9, mixed mode, tiered, compressed oops, compressed class ptrs, parallel gc, windows-amd64)
# No core dump will be written. Minidumps are not enabled by default on client versions of Windows
#

---------------  S U M M A R Y ------------

Command Line: --add-modules=ALL-SYSTEM --add-opens=java.base/java.util=ALL-UNNAMED --add-opens=java.base/java.lang=ALL-UNNAMED --add-opens=java.base/sun.nio.fs=ALL-UNNAMED -Declipse.application=org.eclipse.jdt.ls.core.id1 -Dosgi.bundles.defaultStartLevel=4 -Declipse.product=org.eclipse.jdt.ls.core.product -Djava.import.generatesMetadataFilesAtProjectRoot=false -DDetectVMInstallationsJob.disabled=true -Dfile.encoding=utf8 -XX:+UseParallelGC -XX:GCTimeRatio=4 -XX:AdaptiveSizePolicyWeight=90 -Dsun.zip.disableMemoryMapping=true -Xmx1G -Xms100m -Xlog:disable -javaagent:c:\Users\Hp\.vscode\extensions\redhat.java-1.26.0-win32-x64\lombok\lombok-1.18.31-3454.jar c:\Users\Hp\.vscode\extensions\redhat.java-1.26.0-win32-x64\server\plugins\org.eclipse.equinox.launcher_1.6.700.v20231214-2017.jar -configuration c:\Users\Hp\AppData\Roaming\Code\User\globalStorage\redhat.java\1.26.0\config_ss_win -data c:\Users\Hp\AppData\Roaming\Code\User\workspaceStorage\bba7c3f7c67dd00e1a47571d2bb8e86b\redhat.java\ss_ws --stdio

Host: Intel(R) Core(TM) i5-7200U CPU @ 2.50GHz, 4 cores, 7G,  Windows 10 , 64 bit Build 19041 (10.0.19041.3636)
Time: Sun Jan 28 23:44:24 2024 Pacific Standard Time elapsed time: 5.926581 seconds (0d 0h 0m 5s)

---------------  T H R E A D  ---------------

Current thread (0x00000280c78dff00):  JavaThread "Start Level: Equinox Container: 12479b63-9870-47ee-ba40-9cfbb50a2b6e" daemon [_thread_in_vm, id=3012, stack(0x000000f8d9700000,0x000000f8d9800000)]

Stack: [0x000000f8d9700000,0x000000f8d9800000]
Native frames: (J=compiled Java code, j=interpreted, Vv=VM code, C=native code)
V  [jvm.dll+0x67cf49]
V  [jvm.dll+0x83478a]
V  [jvm.dll+0x83624e]
V  [jvm.dll+0x8368b3]
V  [jvm.dll+0x247f1f]
V  [jvm.dll+0x83044b]
V  [jvm.dll+0x621776]
V  [jvm.dll+0x1c1fee]
V  [jvm.dll+0x6240d1]
V  [jvm.dll+0x622116]
V  [jvm.dll+0x36f2e2]
V  [jvm.dll+0x1e3c8b]
V  [jvm.dll+0x543087]
V  [jvm.dll+0x7ae778]
V  [jvm.dll+0x7ae864]
V  [jvm.dll+0x411165]
V  [jvm.dll+0x4172e9]
C  [java.dll+0x17ec]

Java frames: (J=compiled Java code, j=interpreted, Vv=VM code)
J 1088  java.lang.ClassLoader.defineClass1(Ljava/lang/ClassLoader;Ljava/lang/String;[BIILjava/security/ProtectionDomain;Ljava/lang/String;)Ljava/lang/Class; java.base@17.0.9 (0 bytes) @ 0x00000280b821e2db [0x00000280b821e220+0x00000000000000bb]
J 1685 c1 java.lang.ClassLoader.defineClass(Ljava/lang/String;[BIILjava/security/ProtectionDomain;)Ljava/lang/Class; java.base@17.0.9 (43 bytes) @ 0x00000280b09e1cd4 [0x00000280b09e1980+0x0000000000000354]
j  org.eclipse.osgi.internal.loader.ModuleClassLoader.defineClass(Ljava/lang/String;[BLorg/eclipse/osgi/internal/loader/classpath/ClasspathEntry;)Lorg/eclipse/osgi/internal/loader/ModuleClassLoader$DefineClassResult;+42
j  org.eclipse.osgi.internal.loader.classpath.ClasspathManager.defineClass(Ljava/lang/String;[BLorg/eclipse/osgi/internal/loader/classpath/ClasspathEntry;Lorg/eclipse/osgi/storage/bundlefile/BundleEntry;Ljava/util/List;)Ljava/lang/Class;+424
j  org.eclipse.osgi.internal.loader.classpath.ClasspathManager.findClassImpl(Ljava/lang/String;Lorg/eclipse/osgi/internal/loader/classpath/ClasspathEntry;Ljava/util/List;)Ljava/lang/Class;+269
j  org.eclipse.osgi.internal.loader.classpath.ClasspathManager.findLocalClassImpl(Ljava/lang/String;[Lorg/eclipse/osgi/internal/loader/classpath/ClasspathEntry;Ljava/util/List;)Ljava/lang/Class;+30
j  org.eclipse.osgi.internal.loader.classpath.ClasspathManager.findLocalClassImpl(Ljava/lang/String;Ljava/util/List;)Ljava/lang/Class;+69
j  org.eclipse.osgi.internal.loader.classpath.ClasspathManager.findLocalClass(Ljava/lang/String;)Ljava/lang/Class;+113
j  org.eclipse.osgi.internal.loader.ModuleClassLoader.findLocalClass(Ljava/lang/String;)Ljava/lang/Class;+5
j  org.eclipse.osgi.internal.loader.BundleLoader.findLocalClass(Ljava/lang/String;)Ljava/lang/Class;+57
j  org.eclipse.osgi.internal.loader.sources.SingleSourcePackage.loadClass(Ljava/lang/String;)Ljava/lang/Class;+5
j  org.eclipse.osgi.internal.loader.BundleLoader.findClass0(Ljava/lang/String;ZZ)Ljava/lang/Class;+299
J 1645 c1 org.eclipse.osgi.internal.loader.BundleLoader.findClass(Ljava/lang/String;)Ljava/lang/Class; (8 bytes) @ 0x00000280b09d1f1c [0x00000280b09d1ea0+0x000000000000007c]
J 1646 c1 org.eclipse.osgi.internal.loader.ModuleClassLoader.loadClass(Ljava/lang/String;Z)Ljava/lang/Class; (36 bytes) @ 0x00000280b09d24bc [0x00000280b09d22a0+0x000000000000021c]
J 788 c1 java.lang.ClassLoader.loadClass(Ljava/lang/String;)Ljava/lang/Class; java.base@17.0.9 (7 bytes) @ 0x00000280b0822cbc [0x00000280b0822bc0+0x00000000000000fc]
v  ~StubRoutines::call_stub
j  java.lang.Class.getDeclaredConstructors0(Z)[Ljava/lang/reflect/Constructor;+0 java.base@17.0.9
j  java.lang.Class.privateGetDeclaredConstructors(Z)[Ljava/lang/reflect/Constructor;+52 java.base@17.0.9
j  java.lang.Class.getConstructors()[Ljava/lang/reflect/Constructor;+20 java.base@17.0.9
j  org.apache.felix.scr.impl.inject.internal.ComponentConstructorImpl.<init>(Lorg/apache/felix/scr/impl/metadata/ComponentMetadata;Ljava/lang/Class;Lorg/apache/felix/scr/impl/logger/ComponentLogger;)V+212
j  org.apache.felix.scr.impl.inject.internal.ComponentMethodsImpl.initComponentMethods(Lorg/apache/felix/scr/impl/metadata/ComponentMetadata;Ljava/lang/Class;Lorg/apache/felix/scr/impl/logger/ComponentLogger;)V+306
j  org.apache.felix.scr.impl.manager.AbstractComponentManager.initDependencyManagers(Lorg/apache/felix/scr/impl/manager/ComponentContextImpl;)V+74
j  org.apache.felix.scr.impl.manager.AbstractComponentManager.collectDependencies(Lorg/apache/felix/scr/impl/manager/ComponentContextImpl;)Z+2
j  org.apache.felix.scr.impl.manager.SingleComponentManager.getServiceInternal(Lorg/osgi/framework/ServiceRegistration;)Z+25
j  org.apache.felix.scr.impl.manager.AbstractComponentManager.activateInternal()V+427
j  org.apache.felix.scr.impl.manager.AbstractComponentManager.enableInternal()V+174
j  org.apache.felix.scr.impl.manager.AbstractComponentManager.enable(Z)Lorg/osgi/util/promise/Promise;+12
j  org.apache.felix.scr.impl.manager.ConfigurableComponentHolder.enableComponents(Z)Lorg/osgi/util/promise/Promise;+275
j  org.apache.felix.scr.impl.BundleComponentActivator.initialEnable()V+105
j  org.apache.felix.scr.impl.Activator.loadComponents(Lorg/osgi/framework/Bundle;)V+380
j  org.apache.felix.scr.impl.Activator.access$200(Lorg/apache/felix/scr/impl/Activator;Lorg/osgi/framework/Bundle;)V+2
j  org.apache.felix.scr.impl.Activator$ScrExtension.start()V+72
j  org.apache.felix.scr.impl.AbstractExtender.createExtension(Lorg/osgi/framework/Bundle;)V+71
j  org.apache.felix.scr.impl.AbstractExtender.modifiedBundle(Lorg/osgi/framework/Bundle;Lorg/osgi/framework/BundleEvent;Lorg/osgi/framework/Bundle;)V+115
j  org.apache.felix.scr.impl.AbstractExtender.addingBundle(Lorg/osgi/framework/Bundle;Lorg/osgi/framework/BundleEvent;)Lorg/osgi/framework/Bundle;+4
j  org.apache.felix.scr.impl.AbstractExtender.addingBundle(Lorg/osgi/framework/Bundle;Lorg/osgi/framework/BundleEvent;)Ljava/lang/Object;+3
j  org.osgi.util.tracker.BundleTracker$Tracked.customizerAdding(Lorg/osgi/framework/Bundle;Lorg/osgi/framework/BundleEvent;)Ljava/lang/Object;+9
j  org.osgi.util.tracker.BundleTracker$Tracked.customizerAdding(Ljava/lang/Object;Ljava/lang/Object;)Ljava/lang/Object;+9
j  org.osgi.util.tracker.AbstractTracked.trackAdding(Ljava/lang/Object;Ljava/lang/Object;)V+8
j  org.osgi.util.tracker.AbstractTracked.track(Ljava/lang/Object;Ljava/lang/Object;)V+83
j  org.osgi.util.tracker.BundleTracker$Tracked.bundleChanged(Lorg/osgi/framework/BundleEvent;)V+35
J 1518 c1 org.eclipse.osgi.internal.framework.BundleContextImpl.dispatchEvent(Ljava/lang/Object;Ljava/lang/Object;ILjava/lang/Object;)V (558 bytes) @ 0x00000280b099683c [0x00000280b0995620+0x000000000000121c]
j  org.eclipse.osgi.framework.eventmgr.EventManager.dispatchEvent(Ljava/util/Set;Lorg/eclipse/osgi/framework/eventmgr/EventDispatcher;ILjava/lang/Object;)V+48
j  org.eclipse.osgi.framework.eventmgr.ListenerQueue.dispatchEventSynchronous(ILjava/lang/Object;)V+67
j  org.eclipse.osgi.internal.framework.EquinoxEventPublisher.publishBundleEventPrivileged(Lorg/osgi/framework/BundleEvent;)V+547
j  org.eclipse.osgi.internal.framework.EquinoxEventPublisher.publishBundleEvent(Lorg/osgi/framework/BundleEvent;)V+8
j  org.eclipse.osgi.internal.framework.EquinoxEventPublisher.publishBundleEvent(ILorg/osgi/framework/Bundle;Lorg/osgi/framework/Bundle;)V+15
j  org.eclipse.osgi.internal.framework.EquinoxContainerAdaptor.publishModuleEvent(Lorg/eclipse/osgi/container/ModuleContainerAdaptor$ModuleEvent;Lorg/eclipse/osgi/container/Module;Lorg/eclipse/osgi/container/Module;)V+29
j  org.eclipse.osgi.container.Module.publishEvent(Lorg/eclipse/osgi/container/ModuleContainerAdaptor$ModuleEvent;)V+13
j  org.eclipse.osgi.container.Module.start([Lorg/eclipse/osgi/container/Module$StartOptions;)V+588
j  org.eclipse.osgi.container.ModuleContainer$ContainerStartLevel$2.run()V+71
j  org.eclipse.osgi.internal.framework.EquinoxContainerAdaptor$1$1.execute(Ljava/lang/Runnable;)V+1
j  org.eclipse.osgi.container.ModuleContainer$ContainerStartLevel.incStartLevel(ILjava/util/List;Z)V+193
j  org.eclipse.osgi.container.ModuleContainer$ContainerStartLevel.incStartLevel(ILjava/util/List;Ljava/util/List;Ljava/util/List;Ljava/util/List;)V+4
j  org.eclipse.osgi.container.ModuleContainer$ContainerStartLevel.doContainerStartLevel(Lorg/eclipse/osgi/container/Module;I[Lorg/osgi/framework/FrameworkListener;)V+349
j  org.eclipse.osgi.container.ModuleContainer$ContainerStartLevel.dispatchEvent(Lorg/eclipse/osgi/container/Module;[Lorg/osgi/framework/FrameworkListener;ILjava/lang/Integer;)V+32
j  org.eclipse.osgi.container.ModuleContainer$ContainerStartLevel.dispatchEvent(Ljava/lang/Object;Ljava/lang/Object;ILjava/lang/Object;)V+15
j  org.eclipse.osgi.framework.eventmgr.EventManager.dispatchEvent(Ljava/util/Set;Lorg/eclipse/osgi/framework/eventmgr/EventDispatcher;ILjava/lang/Object;)V+48
j  org.eclipse.osgi.framework.eventmgr.EventManager$EventThread.run()V+26
v  ~StubRoutines::call_stub

Compiled method (n/a)    5969 1088     n 0       java.lang.ClassLoader::defineClass1 (native)
 total in heap  [0x00000280b821e090,0x00000280b821e4e8] = 1112
 relocation     [0x00000280b821e1e8,0x00000280b821e218] = 48
 main code      [0x00000280b821e220,0x00000280b821e4e8] = 712

[Constant Pool (empty)]

[MachCode]
[Entry Point]
  # {method} {0x00000280c301de78} 'defineClass1' '(Ljava/lang/ClassLoader;Ljava/lang/String;[BIILjava/security/ProtectionDomain;Ljava/lang/String;)Ljava/lang/Class;' in 'java/lang/ClassLoader'
  # parm0:    rdx:rdx   = 'java/lang/ClassLoader'
  # parm1:    r8:r8     = 'java/lang/String'
  # parm2:    r9:r9     = '[B'
  # parm3:    rdi       = int
  # parm4:    rsi       = int
  # parm5:    rcx:rcx   = 'java/security/ProtectionDomain'
  # parm6:    [sp+0xa0]   = 'java/lang/String'  (sp of caller)
  0x00000280b821e220: 448b 5208 | 49c1 e203 | 493b c20f | 8407 0000 

  0x00000280b821e230: ;   {runtime_call ic_miss_stub}
  0x00000280b821e230: 00e9 4a2b | a4ff 6690 
[Verified Entry Point]
  0x00000280b821e238: 8984 2400 | 90ff ff55 | 488b ec48 | 81ec 9000 | 0000 4881 | 7d10 0000 | 0000 488d | 4510 480f 
  0x00000280b821e258: 4445 1048 | 8944 2440 | 4889 4c24 | 7048 83f9 | 0048 8d44 | 2470 480f | 4444 2470 | 4889 4424 
  0x00000280b821e278: 3848 8974 | 2430 4889 | 7c24 284c | 894c 2458 | 4983 f900 | 488d 4424 | 5848 0f44 | 4424 5848 
  0x00000280b821e298: 8944 2420 | 4c89 4424 | 5049 83f8 | 004c 8d4c | 2450 4c0f | 444c 2450 | 4889 5424 | 4848 83fa 
  0x00000280b821e2b8: 004c 8d44 | 2448 4c0f | 4444 2448 

  0x00000280b821e2c4: ;   {oop(a 'java/lang/Class'{0x00000000c0004108} = 'java/lang/ClassLoader')}
  0x00000280b821e2c4: 49be 0841 | 00c0 0000 | 0000 4c89 | 7424 784c | 8d74 2478 | 498b d6c5 

  0x00000280b821e2dc: ;   {internal_word}
  0x00000280b821e2dc: f877 49ba | dbe2 21b8 | 8002 0000 | 4d89 97a0 | 0200 0049 | 89a7 9802 

  0x00000280b821e2f4: ;   {external_word}
  0x00000280b821e2f4: 0000 49ba | 2e35 51a0 | ff7f 0000 | 4180 3a00 | 0f84 5200 | 0000 5241 

  0x00000280b821e30c: ;   {metadata({method} {0x00000280c301de78} 'defineClass1' '(Ljava/lang/ClassLoader;Ljava/lang/String;[BIILjava/security/ProtectionDomain;Ljava/lang/String;)Ljava/lang/Class;' in 'java/lang/ClassLoader')}
  0x00000280b821e30c: 5041 5148 | ba70 de01 | c380 0200 | 0049 8bcf | 4883 ec20 | f7c4 0f00 | 0000 0f84 | 1a00 0000 
  0x00000280b821e32c: 4883 ec08 

  0x00000280b821e330: ;   {runtime_call}
  0x00000280b821e330: 49ba c02b | 07a0 ff7f | 0000 41ff | d248 83c4 | 08e9 0d00 

  0x00000280b821e344: ;   {runtime_call}
  0x00000280b821e344: 0000 49ba | c02b 07a0 | ff7f 0000 | 41ff d248 | 83c4 2041 | 5941 585a | 498d 8fb8 | 0200 0041 
  0x00000280b821e364: c787 4803 | 0000 0400 

  0x00000280b821e36c: ;   {runtime_call}
  0x00000280b821e36c: 0000 49ba | ac16 73ca | ff7f 0000 | 41ff d2c5 | f877 41c7 | 8748 0300 | 0005 0000 | 00f0 8344 
  0x00000280b821e38c: 24c0 0049 | 3baf 5003 | 0000 0f87 | 1100 0000 | 4181 bf38 | 0300 0000 | 0000 000f | 842c 0000 
  0x00000280b821e3ac: 00c5 f877 | 4889 45f8 | 498b cf4c | 8be4 4883 | ec20 4883 

  0x00000280b821e3c0: ;   {runtime_call}
  0x00000280b821e3c0: e4f0 49ba | f040 17a0 | ff7f 0000 | 41ff d249 | 8be4 4d33 | e448 8b45 | f841 c787 | 4803 0000 
  0x00000280b821e3e0: 0800 0000 | 4181 bfb8 | 0300 0002 | 0000 000f | 84c5 0000 

  0x00000280b821e3f4: ;   {external_word}
  0x00000280b821e3f4: 0049 ba2e | 3551 a0ff | 7f00 0041 | 803a 000f | 8450 0000 | 0048 8945 

  0x00000280b821e40c: ;   {metadata({method} {0x00000280c301de78} 'defineClass1' '(Ljava/lang/ClassLoader;Ljava/lang/String;[BIILjava/security/ProtectionDomain;Ljava/lang/String;)Ljava/lang/Class;' in 'java/lang/ClassLoader')}
  0x00000280b821e40c: f848 ba70 | de01 c380 | 0200 0049 | 8bcf 4883 | ec20 f7c4 | 0f00 0000 | 0f84 1a00 | 0000 4883 
  0x00000280b821e42c: ;   {runtime_call}
  0x00000280b821e42c: ec08 49ba | c02b 07a0 | ff7f 0000 | 41ff d248 | 83c4 08e9 | 0d00 0000 

  0x00000280b821e444: ;   {runtime_call}
  0x00000280b821e444: 49ba c02b | 07a0 ff7f | 0000 41ff | d248 83c4 | 2048 8b45 | f849 c787 | 9802 0000 | 0000 0000 
  0x00000280b821e464: 49c7 87a0 | 0200 0000 | 0000 00c5 | f877 4885 | c00f 8419 | 0000 0048 | f7c0 0100 | 0000 0f84 
  0x00000280b821e484: 0900 0000 | 488b 40ff | e903 0000 | 0048 8b00 | 498b 8fd8 | 0000 00c7 | 8100 0100 | 0000 0000 
  0x00000280b821e4a4: 00c9 4981 | 7f08 0000 | 0000 0f85 | 0100 0000 

  0x00000280b821e4b4: ;   {runtime_call StubRoutines (1)}
  0x00000280b821e4b4: c3e9 462a | 9fff c5f8 | 7748 8945 | f84c 8be4 | 4883 ec20 | 4883 e4f0 

  0x00000280b821e4cc: ;   {runtime_call}
  0x00000280b821e4cc: 49ba 505c | 07a0 ff7f | 0000 41ff | d249 8be4 | 4d33 e448 | 8b45 f8e9 | 0dff ffff 
[/MachCode]


Compiled method (c1)    5993 1685       3       java.lang.ClassLoader::defineClass (43 bytes)
 total in heap  [0x00000280b09e1790,0x00000280b09e20d0] = 2368
 relocation     [0x00000280b09e18e8,0x00000280b09e1980] = 152
 main code      [0x00000280b09e1980,0x00000280b09e1e20] = 1184
 stub code      [0x00000280b09e1e20,0x00000280b09e1e98] = 120
 metadata       [0x00000280b09e1e98,0x00000280b09e1ec8] = 48
 scopes data    [0x00000280b09e1ec8,0x00000280b09e1fb8] = 240
 scopes pcs     [0x00000280b09e1fb8,0x00000280b09e2098] = 224
 dependencies   [0x00000280b09e2098,0x00000280b09e20a8] = 16
 nul chk table  [0x00000280b09e20a8,0x00000280b09e20d0] = 40

[Constant Pool (empty)]

[MachCode]
[Entry Point]
  # {method} {0x00000280c301dce8} 'defineClass' '(Ljava/lang/String;[BIILjava/security/ProtectionDomain;)Ljava/lang/Class;' in 'java/lang/ClassLoader'
  # this:     rdx:rdx   = 'java/lang/ClassLoader'
  # parm0:    r8:r8     = 'java/lang/String'
  # parm1:    r9:r9     = '[B'
  # parm2:    rdi       = int
  # parm3:    rsi       = int
  # parm4:    rcx:rcx   = 'java/security/ProtectionDomain'
  #           [sp+0xc0]  (sp of caller)
  0x00000280b09e1980: 448b 5208 | 49c1 e203 

  0x00000280b09e1988: ;   {runtime_call ic_miss_stub}
  0x00000280b09e1988: 4c3b d00f | 85ef f327 | 0766 6666 | 0f1f 8400 | 0000 0000 | 6666 6690 
[Verified Entry Point]
  0x00000280b09e19a0: 8984 2400 | 90ff ff55 | 4881 ecb0 | 0000 0048 | 8954 2478 

  0x00000280b09e19b4: ;   {metadata(method data for {method} {0x00000280c301dce8} 'defineClass' '(Ljava/lang/String;[BIILjava/security/ProtectionDomain;)Ljava/lang/Class;' in 'java/lang/ClassLoader')}
  0x00000280b09e19b4: 48bb d8b0 | b1c3 8002 | 0000 8b83 | cc00 0000 | 83c0 0289 | 83cc 0000 | 0081 e0fe | 0700 0083 
  0x00000280b09e19d4: f800 0f84 | 4e03 0000 | 89b4 2494 | 0000 0089 | bc24 9000 | 0000 4c89 | 8c24 8800 | 0000 488b 
  0x00000280b09e19f4: ;   {metadata(method data for {method} {0x00000280c301dce8} 'defineClass' '(Ljava/lang/String;[BIILjava/security/ProtectionDomain;)Ljava/lang/Class;' in 'java/lang/ClassLoader')}
  0x00000280b09e19f4: da48 b8d8 | b0b1 c380 | 0200 0048 | 8380 1001 | 0000 0149 | 8bd8 4c8b | c34c 8bc9 | 488b ca48 
  0x00000280b09e1a14: 8bd1 4889 | 9c24 8000 

  0x00000280b09e1a1c: ;   {optimized virtual_call}
  0x00000280b09e1a1c: 0000 90e8 

  0x00000280b09e1a20: ; ImmutableOopMap {[120]=Oop [136]=Oop [128]=Oop }
                      ;*invokevirtual preDefineClass {reexecute=0 rethrow=0 return_oop=0}
                      ; - java.lang.ClassLoader::defineClass@4
  0x00000280b09e1a20: 7cce edff | 4889 8424 | 9800 0000 | 488b 5424 

  0x00000280b09e1a30: ;   {metadata(method data for {method} {0x00000280c301dce8} 'defineClass' '(Ljava/lang/String;[BIILjava/security/ProtectionDomain;)Ljava/lang/Class;' in 'java/lang/ClassLoader')}
  0x00000280b09e1a30: 7849 b8d8 | b0b1 c380 | 0200 0049 | 8380 4801 

  0x00000280b09e1a40: ;   {metadata(method data for {method} {0x00000280c301db70} 'defineClassSourceLocation' '(Ljava/security/ProtectionDomain;)Ljava/lang/String;' in 'java/lang/ClassLoader')}
  0x00000280b09e1a40: 0000 0149 | b8f0 b7b1 | c380 0200 | 0041 8b90 | cc00 0000 | 83c2 0241 | 8990 cc00 | 0000 81e2 
  0x00000280b09e1a60: feff 1f00 | 83fa 000f | 84de 0200 | 0048 3b00 

  0x00000280b09e1a70: ;   {metadata(method data for {method} {0x00000280c301db70} 'defineClassSourceLocation' '(Ljava/security/ProtectionDomain;)Ljava/lang/String;' in 'java/lang/ClassLoader')}
  0x00000280b09e1a70: 4c8b c048 | baf0 b7b1 | c380 0200 | 0048 8382 | 1001 0000 | 0144 8b40 | 1049 83f8 

  0x00000280b09e1a8c: ;   {metadata(method data for {method} {0x00000280c301db70} 'defineClassSourceLocation' '(Ljava/security/ProtectionDomain;)Ljava/lang/String;' in 'java/lang/ClassLoader')}
  0x00000280b09e1a8c: 0048 baf0 | b7b1 c380 | 0200 0048 | be58 0100 | 0000 0000 | 000f 850a | 0000 0048 | be48 0100 
  0x00000280b09e1aac: 0000 0000 | 0048 8b3c | 3248 8d7f | 0148 893c | 320f 850f 

  0x00000280b09e1ac0: ;   {oop(NULL)}
  0x00000280b09e1ac0: 0000 0048 | bb00 0000 | 0000 0000 | 00e9 ad01 | 0000 493b | 0049 8bd0 

  0x00000280b09e1ad8: ;   {metadata(method data for {method} {0x00000280c301db70} 'defineClassSourceLocation' '(Ljava/security/ProtectionDomain;)Ljava/lang/String;' in 'java/lang/ClassLoader')}
  0x00000280b09e1ad8: 48be f0b7 | b1c3 8002 | 0000 4883 | 8668 0100 | 0001 418b | 500c 4883 

  0x00000280b09e1af0: ;   {metadata(method data for {method} {0x00000280c301db70} 'defineClassSourceLocation' '(Ljava/security/ProtectionDomain;)Ljava/lang/String;' in 'java/lang/ClassLoader')}
  0x00000280b09e1af0: fa00 48be | f0b7 b1c3 | 8002 0000 | 48bf b001 | 0000 0000 | 0000 0f85 | 0a00 0000 | 48bf a001 
  0x00000280b09e1b10: 0000 0000 | 0000 488b | 1c3e 488d | 5b01 4889 | 1c3e 0f85 | 0f00 0000 

  0x00000280b09e1b28: ;   {oop(NULL)}
  0x00000280b09e1b28: 48bb 0000 | 0000 0000 | 0000 e948 

  0x00000280b09e1b34: ;   {metadata(method data for {method} {0x00000280c301db70} 'defineClassSourceLocation' '(Ljava/security/ProtectionDomain;)Ljava/lang/String;' in 'java/lang/ClassLoader')}
  0x00000280b09e1b34: 0100 0048 | bef0 b7b1 | c380 0200 | 0048 8386 | c001 0000 | 0148 3b02 

  0x00000280b09e1b4c: ;   {metadata(method data for {method} {0x00000280c301db70} 'defineClassSourceLocation' '(Ljava/security/ProtectionDomain;)Ljava/lang/String;' in 'java/lang/ClassLoader')}
  0x00000280b09e1b4c: 4c8b c248 | bef0 b7b1 | c380 0200 | 0048 8386 | f801 0000 

  0x00000280b09e1b60: ;   {metadata(method data for {method} {0x00000280c30ba590} 'toString' '()Ljava/lang/String;' in 'java/net/URL')}
  0x00000280b09e1b60: 0149 b8e8 | abb1 c380 | 0200 0041 | 8bb0 cc00 | 0000 83c6 | 0241 89b0 | cc00 0000 | 81e6 feff 
  0x00000280b09e1b80: 1f00 83fe | 000f 84f0 | 0100 004c 

  0x00000280b09e1b8c: ;   {metadata(method data for {method} {0x00000280c30ba590} 'toString' '()Ljava/lang/String;' in 'java/net/URL')}
  0x00000280b09e1b8c: 8bc2 48be | e8ab b1c3 | 8002 0000 | 4883 8610 | 0100 0001 

  0x00000280b09e1ba0: ;   {metadata(method data for {method} {0x00000280c30ba628} 'toExternalForm' '()Ljava/lang/String;' in 'java/net/URL')}
  0x00000280b09e1ba0: 49b8 584f | b1c3 8002 | 0000 418b | b0cc 0000 | 0083 c602 | 4189 b0cc | 0000 0081 | e6fe ff1f 
  0x00000280b09e1bc0: 0083 fe00 | 0f84 d201 | 0000 8b72 | 3848 3b06 

  0x00000280b09e1bd0: ;   {metadata(method data for {method} {0x00000280c30ba628} 'toExternalForm' '()Ljava/lang/String;' in 'java/net/URL')}
  0x00000280b09e1bd0: 4c8b c648 | bf58 4fb1 | c380 0200 | 0045 8b40 | 0849 c1e0 | 034c 3b87 | 2001 0000 | 750d 4883 
  0x00000280b09e1bf0: 8728 0100 | 0001 e966 | 0000 004c | 3b87 3001 | 0000 750d | 4883 8738 | 0100 0001 | e950 0000 
  0x00000280b09e1c10: 0048 81bf | 2001 0000 | 0000 0000 | 7517 4c89 | 8720 0100 | 0048 c787 | 2801 0000 | 0100 0000 
  0x00000280b09e1c30: e92c 0000 | 0048 81bf | 3001 0000 | 0000 0000 | 7517 4c89 | 8730 0100 | 0048 c787 | 3801 0000 
  0x00000280b09e1c50: 0100 0000 | e908 0000 | 0048 8387 | 1001 0000 | 014c 8bc2 | 488b d666 | 0f1f 4400 | 0048 b8b0 
  0x00000280b09e1c70: e107 0001 

  0x00000280b09e1c74: ;   {virtual_call}
  0x00000280b09e1c74: 0000 00e8 

  0x00000280b09e1c78: ; ImmutableOopMap {[120]=Oop [136]=Oop [128]=Oop [152]=Oop }
                      ;*invokevirtual toExternalForm {reexecute=0 rethrow=0 return_oop=0}
                      ; - java.net.URL::toExternalForm@5
                      ; - java.net.URL::toString@1
                      ; - java.lang.ClassLoader::defineClassSourceLocation@22
                      ; - java.lang.ClassLoader::defineClass@12
  0x00000280b09e1c78: 2459 ecff | 488b d848 | 8b84 2498 | 0000 008b | b424 9400 | 0000 8bbc | 2490 0000 | 004c 8b8c 
  0x00000280b09e1c98: 2488 0000 | 004c 8b84 | 2480 0000 | 0048 8b54 

  0x00000280b09e1ca8: ;   {metadata(method data for {method} {0x00000280c301dce8} 'defineClass' '(Ljava/lang/String;[BIILjava/security/ProtectionDomain;)Ljava/lang/Class;' in 'java/lang/ClassLoader')}
  0x00000280b09e1ca8: 2478 48b9 | d8b0 b1c3 | 8002 0000 | 4883 8180 | 0100 0001 | 4c8b da49 | 8bd3 488b | c848 891c 
  0x00000280b09e1cc8: 2466 0f1f 

  0x00000280b09e1ccc: ;   {static_call}
  0x00000280b09e1ccc: 4400 00e8 

  0x00000280b09e1cd0: ; ImmutableOopMap {[152]=Oop [120]=Oop }
                      ;*invokestatic defineClass1 {reexecute=0 rethrow=0 return_oop=0}
                      ; - java.lang.ClassLoader::defineClass@27
  0x00000280b09e1cd0: 64c5 8307 | 488b 5424 

  0x00000280b09e1cd8: ;   {metadata(method data for {method} {0x00000280c301dce8} 'defineClass' '(Ljava/lang/String;[BIILjava/security/ProtectionDomain;)Ljava/lang/Class;' in 'java/lang/ClassLoader')}
  0x00000280b09e1cd8: 7849 b8d8 | b0b1 c380 | 0200 0049 | 8380 9001 | 0000 014c | 8bc0 4c8b | 8c24 9800 | 0000 488b 
  0x00000280b09e1cf8: 5424 7848 | 8984 24a0 | 0000 000f 

  0x00000280b09e1d04: ;   {optimized virtual_call}
  0x00000280b09e1d04: 1f40 00e8 

  0x00000280b09e1d08: ; ImmutableOopMap {[160]=Oop }
                      ;*invokevirtual postDefineClass {reexecute=0 rethrow=0 return_oop=0}
                      ; - java.lang.ClassLoader::defineClass@37
  0x00000280b09e1d08: 145d f5ff | 488b 8424 | a000 0000 | 4881 c4b0 | 0000 005d 

  0x00000280b09e1d1c: ;   {poll_return}
  0x00000280b09e1d1c: 493b a750 | 0300 000f | 8799 0000 

  0x00000280b09e1d28: ;   {metadata({method} {0x00000280c301dce8} 'defineClass' '(Ljava/lang/String;[BIILjava/security/ProtectionDomain;)Ljava/lang/Class;' in 'java/lang/ClassLoader')}
  0x00000280b09e1d28: 00c3 49ba | e0dc 01c3 | 8002 0000 | 4c89 5424 | 0848 c704 | 24ff ffff 

  0x00000280b09e1d40: ;   {runtime_call counter_overflow Runtime1 stub}
  0x00000280b09e1d40: ffe8 ba86 

  0x00000280b09e1d44: ; ImmutableOopMap {rdx=Oop [120]=Oop r8=Oop r9=Oop rcx=Oop }
                      ;*synchronization entry
                      ; - java.lang.ClassLoader::defineClass@-1
  0x00000280b09e1d44: 3207 e991 

  0x00000280b09e1d48: ;   {metadata({method} {0x00000280c301db70} 'defineClassSourceLocation' '(Ljava/security/ProtectionDomain;)Ljava/lang/String;' in 'java/lang/ClassLoader')}
  0x00000280b09e1d48: fcff ff49 | ba68 db01 | c380 0200 | 004c 8954 | 2408 48c7 | 0424 ffff 

  0x00000280b09e1d60: ;   {runtime_call counter_overflow Runtime1 stub}
  0x00000280b09e1d60: ffff e899 

  0x00000280b09e1d64: ; ImmutableOopMap {[120]=Oop [136]=Oop [128]=Oop rax=Oop [152]=Oop }
                      ;*synchronization entry
                      ; - java.lang.ClassLoader::defineClassSourceLocation@-1
                      ; - java.lang.ClassLoader::defineClass@12
  0x00000280b09e1d64: 8632 07e9 | 01fd ffff 

  0x00000280b09e1d6c: ;   {runtime_call throw_null_pointer_exception Runtime1 stub}
  0x00000280b09e1d6c: e82f 5629 

  0x00000280b09e1d70: ; ImmutableOopMap {[120]=Oop [136]=Oop [128]=Oop rax=Oop [152]=Oop }
                      ;*invokevirtual getCodeSource {reexecute=0 rethrow=0 return_oop=0}
                      ; - java.lang.ClassLoader::defineClassSourceLocation@1
                      ; - java.lang.ClassLoader::defineClass@12
                      ;   {runtime_call throw_null_pointer_exception Runtime1 stub}
  0x00000280b09e1d70: 07e8 2a56 

  0x00000280b09e1d74: ; ImmutableOopMap {[120]=Oop [136]=Oop [128]=Oop rax=Oop [152]=Oop r8=Oop }
                      ;*invokevirtual getLocation {reexecute=0 rethrow=0 return_oop=0}
                      ; - java.lang.ClassLoader::defineClassSourceLocation@12
                      ; - java.lang.ClassLoader::defineClass@12
                      ;   {runtime_call throw_null_pointer_exception Runtime1 stub}
  0x00000280b09e1d74: 2907 e825 

  0x00000280b09e1d78: ; ImmutableOopMap {[120]=Oop [136]=Oop [128]=Oop [152]=Oop rdx=Oop }
                      ;*invokevirtual toString {reexecute=0 rethrow=0 return_oop=0}
                      ; - java.lang.ClassLoader::defineClassSourceLocation@22
                      ; - java.lang.ClassLoader::defineClass@12
                      ;   {metadata({method} {0x00000280c30ba590} 'toString' '()Ljava/lang/String;' in 'java/net/URL')}
  0x00000280b09e1d78: 5629 0749 | ba88 a50b | c380 0200 | 004c 8954 | 2408 48c7 | 0424 ffff 

  0x00000280b09e1d90: ;   {runtime_call counter_overflow Runtime1 stub}
  0x00000280b09e1d90: ffff e869 

  0x00000280b09e1d94: ; ImmutableOopMap {[120]=Oop [136]=Oop [128]=Oop [152]=Oop rdx=Oop }
                      ;*synchronization entry
                      ; - java.net.URL::toString@-1
                      ; - java.lang.ClassLoader::defineClassSourceLocation@22
                      ; - java.lang.ClassLoader::defineClass@12
  0x00000280b09e1d94: 8632 07e9 | effd ffff 

  0x00000280b09e1d9c: ;   {metadata({method} {0x00000280c30ba628} 'toExternalForm' '()Ljava/lang/String;' in 'java/net/URL')}
  0x00000280b09e1d9c: 49ba 20a6 | 0bc3 8002 | 0000 4c89 | 5424 0848 | c704 24ff 

  0x00000280b09e1db0: ;   {runtime_call counter_overflow Runtime1 stub}
  0x00000280b09e1db0: ffff ffe8 

  0x00000280b09e1db4: ; ImmutableOopMap {[120]=Oop [136]=Oop [128]=Oop [152]=Oop rdx=Oop }
                      ;*synchronization entry
                      ; - java.net.URL::toExternalForm@-1
                      ; - java.net.URL::toString@1
                      ; - java.lang.ClassLoader::defineClassSourceLocation@22
                      ; - java.lang.ClassLoader::defineClass@12
  0x00000280b09e1db4: 4886 3207 | e90d feff 

  0x00000280b09e1dbc: ;   {runtime_call throw_null_pointer_exception Runtime1 stub}
  0x00000280b09e1dbc: ffe8 de55 

  0x00000280b09e1dc0: ; ImmutableOopMap {[120]=Oop [136]=Oop [128]=Oop [152]=Oop rdx=Oop rsi=Oop }
                      ;*invokevirtual toExternalForm {reexecute=0 rethrow=0 return_oop=0}
                      ; - java.net.URL::toExternalForm@5
                      ; - java.net.URL::toString@1
                      ; - java.lang.ClassLoader::defineClassSourceLocation@22
                      ; - java.lang.ClassLoader::defineClass@12
                      ;   {internal_word}
  0x00000280b09e1dc0: 2907 49ba | 1c1d 9eb0 | 8002 0000 | 4d89 9768 

  0x00000280b09e1dd0: ;   {runtime_call SafepointBlob}
  0x00000280b09e1dd0: 0300 00e9 | 2859 2807 | 9090 498b | 87e0 0300 | 0049 c787 | e003 0000 | 0000 0000 | 49c7 87e8 
  0x00000280b09e1df0: 0300 0000 | 0000 0048 | 81c4 b000 

  0x00000280b09e1dfc: ;   {runtime_call unwind_exception Runtime1 stub}
  0x00000280b09e1dfc: 0000 5de9 | 7c64 2907 | f4f4 f4f4 | f4f4 f4f4 | f4f4 f4f4 | f4f4 f4f4 | f4f4 f4f4 | f4f4 f4f4 
  0x00000280b09e1e1c: f4f4 f4f4 
[Stub Code]
  0x00000280b09e1e20: ;   {no_reloc}
  0x00000280b09e1e20: 0f1f 4400 

  0x00000280b09e1e24: ;   {static_stub}
  0x00000280b09e1e24: 0048 bb00 | 0000 0000 

  0x00000280b09e1e2c: ;   {runtime_call}
  0x00000280b09e1e2c: 0000 00e9 | fbff ffff 

  0x00000280b09e1e34: ;   {static_stub}
  0x00000280b09e1e34: 9048 bb00 | 0000 0000 

  0x00000280b09e1e3c: ;   {runtime_call}
  0x00000280b09e1e3c: 0000 00e9 | fbff ffff 

  0x00000280b09e1e44: ;   {static_stub}
  0x00000280b09e1e44: 9048 bb00 | 0000 0000 

  0x00000280b09e1e4c: ;   {runtime_call}
  0x00000280b09e1e4c: 0000 00e9 | fbff ffff 

  0x00000280b09e1e54: ;   {static_stub}
  0x00000280b09e1e54: 9048 bb00 | 0000 0000 

  0x00000280b09e1e5c: ;   {runtime_call}
  0x00000280b09e1e5c: 0000 00e9 | fbff ffff 
[Exception Handler]
  0x00000280b09e1e64: ;   {runtime_call handle_exception_from_callee Runtime1 stub}
  0x00000280b09e1e64: e817 3729 

  0x00000280b09e1e68: ;   {external_word}
  0x00000280b09e1e68: 0748 b940 | 9a2b a0ff | 7f00 0048 

  0x00000280b09e1e74: ;   {runtime_call}
  0x00000280b09e1e74: 83e4 f049 | ba60 2ff4 | 9fff 7f00 | 0041 ffd2 

  0x00000280b09e1e84: ;   {section_word}
  0x00000280b09e1e84: f449 ba85 | 1e9e b080 | 0200 0041 

  0x00000280b09e1e90: ;   {runtime_call DeoptimizationBlob}
  0x00000280b09e1e90: 52e9 0a4b | 2807 f4f4 
[/MachCode]


Compiled method (c1)    6025 1645       3       org.eclipse.osgi.internal.loader.BundleLoader::findClass (8 bytes)
 total in heap  [0x00000280b09d1d10,0x00000280b09d2058] = 840
 relocation     [0x00000280b09d1e68,0x00000280b09d1ea0] = 56
 main code      [0x00000280b09d1ea0,0x00000280b09d1fa0] = 256
 stub code      [0x00000280b09d1fa0,0x00000280b09d1fe8] = 72
 oops           [0x00000280b09d1fe8,0x00000280b09d1ff0] = 8
 metadata       [0x00000280b09d1ff0,0x00000280b09d1ff8] = 8
 scopes data    [0x00000280b09d1ff8,0x00000280b09d2010] = 24
 scopes pcs     [0x00000280b09d2010,0x00000280b09d2050] = 64
 dependencies   [0x00000280b09d2050,0x00000280b09d2058] = 8

[Constant Pool (empty)]

[MachCode]
[Entry Point]
  # {method} {0x00000280c3a0f800} 'findClass' '(Ljava/lang/String;)Ljava/lang/Class;' in 'org/eclipse/osgi/internal/loader/BundleLoader'
  # this:     rdx:rdx   = 'org/eclipse/osgi/internal/loader/BundleLoader'
  # parm0:    r8:r8     = 'java/lang/String'
  #           [sp+0x40]  (sp of caller)
  0x00000280b09d1ea0: 448b 5208 | 49c1 e203 

  0x00000280b09d1ea8: ;   {runtime_call ic_miss_stub}
  0x00000280b09d1ea8: 4c3b d00f | 85cf ee28 | 0766 6666 | 0f1f 8400 | 0000 0000 | 6666 6690 
[Verified Entry Point]
  0x00000280b09d1ec0: 8984 2400 | 90ff ff55 | 4883 ec30 

  0x00000280b09d1ecc: ;   {metadata(method data for {method} {0x00000280c3a0f800} 'findClass' '(Ljava/lang/String;)Ljava/lang/Class;' in 'org/eclipse/osgi/internal/loader/BundleLoader')}
  0x00000280b09d1ecc: 49b9 40c1 | d4c3 8002 | 0000 418b | b9cc 0000 | 0083 c702 | 4189 b9cc | 0000 0081 | e7fe 0700 
  0x00000280b09d1eec: 0083 ff00 | 0f84 3900 | 0000 4c8b 

  0x00000280b09d1ef8: ;   {metadata(method data for {method} {0x00000280c3a0f800} 'findClass' '(Ljava/lang/String;)Ljava/lang/Class;' in 'org/eclipse/osgi/internal/loader/BundleLoader')}
  0x00000280b09d1ef8: ca48 bf40 | c1d4 c380 | 0200 0048 | 8387 1001 | 0000 0141 | b901 0000 | 00bf 0100 

  0x00000280b09d1f14: ;   {optimized virtual_call}
  0x00000280b09d1f14: 0000 90e8 

  0x00000280b09d1f18: ; ImmutableOopMap {}
                      ;*invokespecial findClass0 {reexecute=0 rethrow=0 return_oop=0}
                      ; - org.eclipse.osgi.internal.loader.BundleLoader::findClass@4 (line 415)
  0x00000280b09d1f18: 8900 0000 | 4883 c430 

  0x00000280b09d1f20: ;   {poll_return}
  0x00000280b09d1f20: 5d49 3ba7 | 5003 0000 | 0f87 1f00 

  0x00000280b09d1f2c: ;   {metadata({method} {0x00000280c3a0f800} 'findClass' '(Ljava/lang/String;)Ljava/lang/Class;' in 'org/eclipse/osgi/internal/loader/BundleLoader')}
  0x00000280b09d1f2c: 0000 c349 | baf8 f7a0 | c380 0200 | 004c 8954 | 2408 48c7 | 0424 ffff 

  0x00000280b09d1f44: ;   {runtime_call counter_overflow Runtime1 stub}
  0x00000280b09d1f44: ffff e8b5 

  0x00000280b09d1f48: ; ImmutableOopMap {rdx=Oop r8=Oop }
                      ;*synchronization entry
                      ; - org.eclipse.osgi.internal.loader.BundleLoader::findClass@-1 (line 415)
  0x00000280b09d1f48: 8433 07eb 

  0x00000280b09d1f4c: ;   {internal_word}
  0x00000280b09d1f4c: a949 ba21 | 1f9d b080 | 0200 004d | 8997 6803 

  0x00000280b09d1f5c: ;   {runtime_call SafepointBlob}
  0x00000280b09d1f5c: 0000 e99d | 5729 0790 | 9049 8b87 | e003 0000 | 49c7 87e0 | 0300 0000 | 0000 0049 | c787 e803 
  0x00000280b09d1f7c: 0000 0000 | 0000 4883 

  0x00000280b09d1f84: ;   {runtime_call unwind_exception Runtime1 stub}
  0x00000280b09d1f84: c430 5de9 | f462 2a07 | f4f4 f4f4 | f4f4 f4f4 | f4f4 f4f4 | f4f4 f4f4 | f4f4 f4f4 
[Stub Code]
  0x00000280b09d1fa0: ;   {no_reloc}
  0x00000280b09d1fa0: 0f1f 4400 

  0x00000280b09d1fa4: ;   {static_stub}
  0x00000280b09d1fa4: 0048 bbe8 | fca0 c380 

  0x00000280b09d1fac: ;   {runtime_call I2C/C2I adapters}
  0x00000280b09d1fac: 0200 00e9 | 2754 2807 
[Exception Handler]
  0x00000280b09d1fb4: ;   {runtime_call handle_exception_from_callee Runtime1 stub}
  0x00000280b09d1fb4: e8c7 352a 

  0x00000280b09d1fb8: ;   {external_word}
  0x00000280b09d1fb8: 0748 b940 | 9a2b a0ff | 7f00 0048 

  0x00000280b09d1fc4: ;   {runtime_call}
  0x00000280b09d1fc4: 83e4 f049 | ba60 2ff4 | 9fff 7f00 | 0041 ffd2 

  0x00000280b09d1fd4: ;   {section_word}
  0x00000280b09d1fd4: f449 bad5 | 1f9d b080 | 0200 0041 

  0x00000280b09d1fe0: ;   {runtime_call DeoptimizationBlob}
  0x00000280b09d1fe0: 52e9 ba49 | 2907 f4f4 
[/MachCode]


---------------  P R O C E S S  ---------------

Threads class SMR info:
_java_thread_list=0x00000280c7ef9ae0, length=17, elements={
0x00000280ac270320, 0x00000280ac327480, 0x00000280ac329ec0, 0x00000280c201a150,
0x00000280c201aee0, 0x00000280c201bb70, 0x00000280c201d450, 0x00000280c201e050,
0x00000280c7243200, 0x00000280c72462d0, 0x00000280ac2d24c0, 0x00000280c74f7e80,
0x00000280c78df9f0, 0x00000280c78dd170, 0x00000280c78dff00, 0x00000280c78e0410,
0x00000280c78dd680
}

Java Threads: ( => current thread )
  0x00000280ac270320 JavaThread "main" [_thread_blocked, id=4896, stack(0x000000f8d8300000,0x000000f8d8400000)]
  0x00000280ac327480 JavaThread "Reference Handler" daemon [_thread_blocked, id=456, stack(0x000000f8d8600000,0x000000f8d8700000)]
  0x00000280ac329ec0 JavaThread "Finalizer" daemon [_thread_blocked, id=14144, stack(0x000000f8d8700000,0x000000f8d8800000)]
  0x00000280c201a150 JavaThread "Signal Dispatcher" daemon [_thread_blocked, id=12804, stack(0x000000f8d8800000,0x000000f8d8900000)]
  0x00000280c201aee0 JavaThread "Attach Listener" daemon [_thread_blocked, id=11016, stack(0x000000f8d8900000,0x000000f8d8a00000)]
  0x00000280c201bb70 JavaThread "Service Thread" daemon [_thread_blocked, id=11284, stack(0x000000f8d8a00000,0x000000f8d8b00000)]
  0x00000280c201d450 JavaThread "Monitor Deflation Thread" daemon [_thread_blocked, id=13740, stack(0x000000f8d8b00000,0x000000f8d8c00000)]
  0x00000280c201e050 JavaThread "C2 CompilerThread0" daemon [_thread_blocked, id=13776, stack(0x000000f8d8c00000,0x000000f8d8d00000)]
  0x00000280c7243200 JavaThread "C1 CompilerThread0" daemon [_thread_blocked, id=13276, stack(0x000000f8d8d00000,0x000000f8d8e00000)]
  0x00000280c72462d0 JavaThread "Sweeper thread" daemon [_thread_blocked, id=7392, stack(0x000000f8d8e00000,0x000000f8d8f00000)]
  0x00000280ac2d24c0 JavaThread "Common-Cleaner" daemon [_thread_blocked, id=9448, stack(0x000000f8d8f00000,0x000000f8d9000000)]
  0x00000280c74f7e80 JavaThread "Notification Thread" daemon [_thread_blocked, id=744, stack(0x000000f8d9000000,0x000000f8d9100000)]
  0x00000280c78df9f0 JavaThread "Active Thread: Equinox Container: 12479b63-9870-47ee-ba40-9cfbb50a2b6e" [_thread_blocked, id=8940, stack(0x000000f8d9500000,0x000000f8d9600000)]
  0x00000280c78dd170 JavaThread "Framework Event Dispatcher: Equinox Container: 12479b63-9870-47ee-ba40-9cfbb50a2b6e" daemon [_thread_blocked, id=2292, stack(0x000000f8d9600000,0x000000f8d9700000)]
=>0x00000280c78dff00 JavaThread "Start Level: Equinox Container: 12479b63-9870-47ee-ba40-9cfbb50a2b6e" daemon [_thread_in_vm, id=3012, stack(0x000000f8d9700000,0x000000f8d9800000)]
  0x00000280c78e0410 JavaThread "SCR Component Actor" daemon [_thread_blocked, id=1264, stack(0x000000f8d9800000,0x000000f8d9900000)]
  0x00000280c78dd680 JavaThread "SCR Component Registry" daemon [_thread_blocked, id=9604, stack(0x000000f8d9900000,0x000000f8d9a00000)]

Other Threads:
  0x00000280c1fe66e0 VMThread "VM Thread" [stack: 0x000000f8d8500000,0x000000f8d8600000] [id=12452]
  0x00000280c74f8360 WatcherThread [stack: 0x000000f8d9100000,0x000000f8d9200000] [id=9808]
  0x00000280ac284eb0 GCTaskThread "GC Thread#0" [stack: 0x000000f8d8400000,0x000000f8d8500000] [id=7992]
  0x00000280c7c4a8c0 GCTaskThread "GC Thread#1" [stack: 0x000000f8d9200000,0x000000f8d9300000] [id=8616]
  0x00000280c7bc91c0 GCTaskThread "GC Thread#2" [stack: 0x000000f8d9300000,0x000000f8d9400000] [id=3872]
  0x00000280c7bc9480 GCTaskThread "GC Thread#3" [stack: 0x000000f8d9400000,0x000000f8d9500000] [id=11128]

Threads with active compile tasks:

VM state: not at safepoint (normal execution)

VM Mutex/Monitor currently owned by a thread:  ([mutex/lock_event])
[0x00000280ac26b9d0] Metaspace_lock - owner thread: 0x00000280c78dff00

Heap address: 0x00000000c0000000, size: 1024 MB, Compressed Oops mode: 32-bit

CDS archive(s) not mapped
Compressed class space mapped at: 0x0000000100000000-0x0000000140000000, reserved size: 1073741824
Narrow klass base: 0x0000000000000000, Narrow klass shift: 3, Narrow klass range: 0x140000000

GC Precious Log:
 CPUs: 4 total, 4 available
 Memory: 8108M
 Large Page Support: Disabled
 NUMA Support: Disabled
 Compressed Oops: Enabled (32-bit)
 Alignments: Space 512K, Generation 512K, Heap 2M
 Heap Min Capacity: 100M
 Heap Initial Capacity: 100M
 Heap Max Capacity: 1G
 Pre-touch: Disabled
 Parallel Workers: 4

Heap:
 PSYoungGen      total 29696K, used 9369K [0x00000000eab00000, 0x00000000ecc00000, 0x0000000100000000)
  eden space 25600K, 20% used [0x00000000eab00000,0x00000000eb02bc90,0x00000000ec400000)
  from space 4096K, 99% used [0x00000000ec800000,0x00000000ecbfa8c0,0x00000000ecc00000)
  to   space 4096K, 0% used [0x00000000ec400000,0x00000000ec400000,0x00000000ec800000)
 ParOldGen       total 68608K, used 750K [0x00000000c0000000, 0x00000000c4300000, 0x00000000eab00000)
  object space 68608K, 1% used [0x00000000c0000000,0x00000000c00bb820,0x00000000c4300000)
 Metaspace       used 16118K, committed 16320K, reserved 1114112K
  class space    used 1648K, committed 1728K, reserved 1048576K

Card table byte_map: [0x00000280bf8c0000,0x00000280bfad0000] _byte_map_base: 0x00000280bf2c0000

Marking Bits: (ParMarkBitMap*) 0x00007fffa052d0b0
 Begin Bits: [0x00000280bfc30000, 0x00000280c0c30000)
 End Bits:   [0x00000280c0c30000, 0x00000280c1c30000)

Polling page: 0x00000280ac050000

Metaspace:

Usage:
  Non-class:     14.13 MB used.
      Class:      1.61 MB used.
       Both:     15.74 MB used.

Virtual space:
  Non-class space:       64.00 MB reserved,      14.25 MB ( 22%) committed,  1 nodes.
      Class space:        1.00 GB reserved,       1.69 MB ( <1%) committed,  1 nodes.
             Both:        1.06 GB reserved,      15.94 MB (  1%) committed. 

Chunk freelists:
   Non-Class:  1.76 MB
       Class:  14.31 MB
        Both:  16.07 MB

MaxMetaspaceSize: unlimited
CompressedClassSpaceSize: 1.00 GB
Initial GC threshold: 21.00 MB
Current GC threshold: 21.00 MB
CDS: off
MetaspaceReclaimPolicy: balanced
 - commit_granule_bytes: 65536.
 - commit_granule_words: 8192.
 - virtual_space_node_default_size: 8388608.
 - enlarge_chunks_in_place: 1.
 - new_chunks_are_fully_committed: 0.
 - uncommit_free_chunks: 1.
 - use_allocation_guard: 0.
 - handle_deallocations: 1.


Internal statistics:

num_allocs_failed_limit: 0.
num_arena_births: 108.
num_arena_deaths: 0.
num_vsnodes_births: 2.
num_vsnodes_deaths: 0.
num_space_committed: 255.
num_space_uncommitted: 0.
num_chunks_returned_to_freelist: 0.
num_chunks_taken_from_freelist: 355.
num_chunk_merges: 0.
num_chunk_splits: 231.
num_chunks_enlarged: 174.
num_inconsistent_stats: 0.

CodeHeap 'non-profiled nmethods': size=120000Kb used=708Kb max_used=708Kb free=119291Kb
 bounds [0x00000280b81b0000, 0x00000280b8420000, 0x00000280bf6e0000]
CodeHeap 'profiled nmethods': size=120000Kb used=3084Kb max_used=3084Kb free=116915Kb
 bounds [0x00000280b06e0000, 0x00000280b09f0000, 0x00000280b7c10000]
CodeHeap 'non-nmethods': size=5760Kb used=1165Kb max_used=1193Kb free=4594Kb
 bounds [0x00000280b7c10000, 0x00000280b7e80000, 0x00000280b81b0000]
 total_blobs=2145 nmethods=1686 adapters=373
 compilation: enabled
              stopped_count=0, restarted_count=0
 full_count=0

Compilation events (20 events):
Event: 5.890 Thread 0x00000280c7243200 1679       3       org.eclipse.osgi.framework.eventmgr.CopyOnWriteIdentityMap$Snapshot$SnapshotIterator::nextEntry (58 bytes)
Event: 5.890 Thread 0x00000280c7243200 nmethod 1679 0x00000280b09dee90 code [0x00000280b09df060, 0x00000280b09df3d8]
Event: 5.891 Thread 0x00000280c7243200 1680       3       org.eclipse.osgi.internal.serviceregistry.ServiceRegistry::notifyHooksPrivileged (58 bytes)
Event: 5.892 Thread 0x00000280c7243200 nmethod 1680 0x00000280b09df590 code [0x00000280b09df7a0, 0x00000280b09dfe18]
Event: 5.894 Thread 0x00000280c7243200 1681       3       java.lang.ThreadLocal::set (30 bytes)
Event: 5.894 Thread 0x00000280c7243200 nmethod 1681 0x00000280b09e0090 code [0x00000280b09e0260, 0x00000280b09e05d8]
Event: 5.895 Thread 0x00000280c7243200 1682       3       java.net.URL::toExternalForm (9 bytes)
Event: 5.895 Thread 0x00000280c7243200 nmethod 1682 0x00000280b09e0790 code [0x00000280b09e0940, 0x00000280b09e0b08]
Event: 5.896 Thread 0x00000280c7243200 1683       3       java.util.Collections$SingletonMap::get (20 bytes)
Event: 5.896 Thread 0x00000280c7243200 nmethod 1683 0x00000280b09e0c10 code [0x00000280b09e0de0, 0x00000280b09e1148]
Event: 5.896 Thread 0x00000280c7243200 1684       3       java.util.Collections::eq (22 bytes)
Event: 5.896 Thread 0x00000280c7243200 nmethod 1684 0x00000280b09e1290 code [0x00000280b09e1440, 0x00000280b09e16a8]
Event: 5.898 Thread 0x00000280c7243200 1685       3       java.lang.ClassLoader::defineClass (43 bytes)
Event: 5.899 Thread 0x00000280c7243200 nmethod 1685 0x00000280b09e1790 code [0x00000280b09e1980, 0x00000280b09e1e98]
Event: 5.899 Thread 0x00000280c7243200 1686       3       java.lang.ClassLoader::defineClassSourceLocation (28 bytes)
Event: 5.900 Thread 0x00000280c7243200 nmethod 1686 0x00000280b09e2110 code [0x00000280b09e22e0, 0x00000280b09e2668]
Event: 5.904 Thread 0x00000280c201e050 1687       4       java.util.concurrent.locks.AbstractQueuedSynchronizer::compareAndSetState (13 bytes)
Event: 5.904 Thread 0x00000280c201e050 nmethod 1687 0x00000280b8260e10 code [0x00000280b8260f80, 0x00000280b8261018]
Event: 5.919 Thread 0x00000280c7243200 1688       3       java.util.WeakHashMap::matchesKey (33 bytes)
Event: 5.919 Thread 0x00000280c7243200 nmethod 1688 0x00000280b09e2810 code [0x00000280b09e29e0, 0x00000280b09e2ed8]

GC Heap History (4 events):
Event: 3.468 GC heap before
{Heap before GC invocations=1 (full 0):
 PSYoungGen      total 29696K, used 25600K [0x00000000eab00000, 0x00000000ecc00000, 0x0000000100000000)
  eden space 25600K, 100% used [0x00000000eab00000,0x00000000ec400000,0x00000000ec400000)
  from space 4096K, 0% used [0x00000000ec800000,0x00000000ec800000,0x00000000ecc00000)
  to   space 4096K, 0% used [0x00000000ec400000,0x00000000ec400000,0x00000000ec800000)
 ParOldGen       total 68608K, used 0K [0x00000000c0000000, 0x00000000c4300000, 0x00000000eab00000)
  object space 68608K, 0% used [0x00000000c0000000,0x00000000c0000000,0x00000000c4300000)
 Metaspace       used 11044K, committed 11264K, reserved 1114112K
  class space    used 1099K, committed 1216K, reserved 1048576K
}
Event: 3.580 GC heap after
{Heap after GC invocations=1 (full 0):
 PSYoungGen      total 29696K, used 3156K [0x00000000eab00000, 0x00000000ecc00000, 0x0000000100000000)
  eden space 25600K, 0% used [0x00000000eab00000,0x00000000eab00000,0x00000000ec400000)
  from space 4096K, 77% used [0x00000000ec400000,0x00000000ec715060,0x00000000ec800000)
  to   space 4096K, 0% used [0x00000000ec800000,0x00000000ec800000,0x00000000ecc00000)
 ParOldGen       total 68608K, used 0K [0x00000000c0000000, 0x00000000c4300000, 0x00000000eab00000)
  object space 68608K, 0% used [0x00000000c0000000,0x00000000c0000000,0x00000000c4300000)
 Metaspace       used 11044K, committed 11264K, reserved 1114112K
  class space    used 1099K, committed 1216K, reserved 1048576K
}
Event: 5.732 GC heap before
{Heap before GC invocations=2 (full 0):
 PSYoungGen      total 29696K, used 28756K [0x00000000eab00000, 0x00000000ecc00000, 0x0000000100000000)
  eden space 25600K, 100% used [0x00000000eab00000,0x00000000ec400000,0x00000000ec400000)
  from space 4096K, 77% used [0x00000000ec400000,0x00000000ec715060,0x00000000ec800000)
  to   space 4096K, 0% used [0x00000000ec800000,0x00000000ec800000,0x00000000ecc00000)
 ParOldGen       total 68608K, used 0K [0x00000000c0000000, 0x00000000c4300000, 0x00000000eab00000)
  object space 68608K, 0% used [0x00000000c0000000,0x00000000c0000000,0x00000000c4300000)
 Metaspace       used 15153K, committed 15424K, reserved 1114112K
  class space    used 1539K, committed 1664K, reserved 1048576K
}
Event: 5.741 GC heap after
{Heap after GC invocations=2 (full 0):
 PSYoungGen      total 29696K, used 4074K [0x00000000eab00000, 0x00000000ecc00000, 0x0000000100000000)
  eden space 25600K, 0% used [0x00000000eab00000,0x00000000eab00000,0x00000000ec400000)
  from space 4096K, 99% used [0x00000000ec800000,0x00000000ecbfa8c0,0x00000000ecc00000)
  to   space 4096K, 0% used [0x00000000ec400000,0x00000000ec400000,0x00000000ec800000)
 ParOldGen       total 68608K, used 750K [0x00000000c0000000, 0x00000000c4300000, 0x00000000eab00000)
  object space 68608K, 1% used [0x00000000c0000000,0x00000000c00bb820,0x00000000c4300000)
 Metaspace       used 15153K, committed 15424K, reserved 1114112K
  class space    used 1539K, committed 1664K, reserved 1048576K
}

Dll operation events (9 events):
Event: 0.011 Loaded shared library c:\Users\Hp\.vscode\extensions\redhat.java-1.26.0-win32-x64\jre\17.0.9-win32-x86_64\bin\java.dll
Event: 0.478 Loaded shared library c:\Users\Hp\.vscode\extensions\redhat.java-1.26.0-win32-x64\jre\17.0.9-win32-x86_64\bin\zip.dll
Event: 0.482 Loaded shared library C:\Users\Hp\.vscode\extensions\redhat.java-1.26.0-win32-x64\jre\17.0.9-win32-x86_64\bin\instrument.dll
Event: 0.501 Loaded shared library C:\Users\Hp\.vscode\extensions\redhat.java-1.26.0-win32-x64\jre\17.0.9-win32-x86_64\bin\net.dll
Event: 0.535 Loaded shared library C:\Users\Hp\.vscode\extensions\redhat.java-1.26.0-win32-x64\jre\17.0.9-win32-x86_64\bin\nio.dll
Event: 0.547 Loaded shared library C:\Users\Hp\.vscode\extensions\redhat.java-1.26.0-win32-x64\jre\17.0.9-win32-x86_64\bin\zip.dll
Event: 0.595 Loaded shared library C:\Users\Hp\.vscode\extensions\redhat.java-1.26.0-win32-x64\jre\17.0.9-win32-x86_64\bin\jimage.dll
Event: 0.808 Loaded shared library c:\Users\Hp\.vscode\extensions\redhat.java-1.26.0-win32-x64\jre\17.0.9-win32-x86_64\bin\verify.dll
Event: 5.445 Loaded shared library C:\Users\Hp\AppData\Roaming\Code\User\globalStorage\redhat.java\1.26.0\config_ss_win\org.eclipse.equinox.launcher\org.eclipse.equinox.launcher.win32.win32.x86_64_1.2.800.v20231003-1442\eclipse_11802.dll

Deoptimization events (20 events):
Event: 4.983 Thread 0x00000280ac270320 Uncommon trap: trap_request=0xffffffde fr.pc=0x00000280b821d238 relative=0x0000000000000998
Event: 4.983 Thread 0x00000280ac270320 Uncommon trap: reason=class_check action=maybe_recompile pc=0x00000280b821d238 method=java.util.HashMap.putVal(ILjava/lang/Object;Ljava/lang/Object;ZZ)Ljava/lang/Object; @ 253 c2
Event: 4.983 Thread 0x00000280ac270320 DEOPT PACKING pc=0x00000280b821d238 sp=0x000000f8d83fdf10
Event: 4.983 Thread 0x00000280ac270320 DEOPT UNPACKING pc=0x00000280b7c666a3 sp=0x000000f8d83fde90 mode 2
Event: 4.984 Thread 0x00000280ac270320 Uncommon trap: trap_request=0xffffffde fr.pc=0x00000280b821d238 relative=0x0000000000000998
Event: 4.984 Thread 0x00000280ac270320 Uncommon trap: reason=class_check action=maybe_recompile pc=0x00000280b821d238 method=java.util.HashMap.putVal(ILjava/lang/Object;Ljava/lang/Object;ZZ)Ljava/lang/Object; @ 253 c2
Event: 4.984 Thread 0x00000280ac270320 DEOPT PACKING pc=0x00000280b821d238 sp=0x000000f8d83fde10
Event: 4.984 Thread 0x00000280ac270320 DEOPT UNPACKING pc=0x00000280b7c666a3 sp=0x000000f8d83fdd90 mode 2
Event: 5.014 Thread 0x00000280ac270320 Uncommon trap: trap_request=0xffffffde fr.pc=0x00000280b821d238 relative=0x0000000000000998
Event: 5.014 Thread 0x00000280ac270320 Uncommon trap: reason=class_check action=maybe_recompile pc=0x00000280b821d238 method=java.util.HashMap.putVal(ILjava/lang/Object;Ljava/lang/Object;ZZ)Ljava/lang/Object; @ 253 c2
Event: 5.014 Thread 0x00000280ac270320 DEOPT PACKING pc=0x00000280b821d238 sp=0x000000f8d83fde80
Event: 5.014 Thread 0x00000280ac270320 DEOPT UNPACKING pc=0x00000280b7c666a3 sp=0x000000f8d83fde00 mode 2
Event: 5.106 Thread 0x00000280ac270320 DEOPT PACKING pc=0x00000280b0949000 sp=0x000000f8d83fcfc0
Event: 5.106 Thread 0x00000280ac270320 DEOPT UNPACKING pc=0x00000280b7c66e43 sp=0x000000f8d83fc430 mode 0
Event: 5.112 Thread 0x00000280ac270320 DEOPT PACKING pc=0x00000280b07f91e1 sp=0x000000f8d83fc910
Event: 5.112 Thread 0x00000280ac270320 DEOPT UNPACKING pc=0x00000280b7c66e43 sp=0x000000f8d83fbd98 mode 0
Event: 5.900 Thread 0x00000280c78dff00 Uncommon trap: trap_request=0xffffff45 fr.pc=0x00000280b81ef638 relative=0x00000000000001f8
Event: 5.900 Thread 0x00000280c78dff00 Uncommon trap: reason=unstable_if action=reinterpret pc=0x00000280b81ef638 method=java.lang.invoke.VarHandle.checkExactAccessMode(Ljava/lang/invoke/VarHandle$AccessDescriptor;)V @ 4 c2
Event: 5.900 Thread 0x00000280c78dff00 DEOPT PACKING pc=0x00000280b81ef638 sp=0x000000f8d97fd530
Event: 5.900 Thread 0x00000280c78dff00 DEOPT UNPACKING pc=0x00000280b7c666a3 sp=0x000000f8d97fd480 mode 2

Classes unloaded (0 events):
No events

Classes redefined (0 events):
No events

Internal exceptions (20 events):
Event: 1.856 Thread 0x00000280ac270320 Implicit null exception at 0x00000280b81d3f72 to 0x00000280b81d44d4
Event: 1.860 Thread 0x00000280ac270320 Exception <a 'java/io/FileNotFoundException'{0x00000000eb89e378}> (0x00000000eb89e378) 
thrown [s\src\hotspot\share\prims\jni.cpp, line 516]
Event: 2.726 Thread 0x00000280ac270320 Exception <a 'java/lang/ClassNotFoundException'{0x00000000ec09ea80}: sun/net/www/protocol/c/Handler> (0x00000000ec09ea80) 
thrown [s\src\hotspot\share\classfile\systemDictionary.cpp, line 256]
Event: 2.727 Thread 0x00000280ac270320 Exception <a 'java/lang/ClassNotFoundException'{0x00000000ec09fd88}: sun/net/www/protocol/e/Handler> (0x00000000ec09fd88) 
thrown [s\src\hotspot\share\classfile\systemDictionary.cpp, line 256]
Event: 2.728 Thread 0x00000280ac270320 Exception <a 'java/lang/ClassNotFoundException'{0x00000000ec0a0eb8}: sun/net/www/protocol/c/Handler> (0x00000000ec0a0eb8) 
thrown [s\src\hotspot\share\classfile\systemDictionary.cpp, line 256]
Event: 2.762 Thread 0x00000280ac270320 Exception <a 'java/io/FileNotFoundException'{0x00000000ec0c3f48}> (0x00000000ec0c3f48) 
thrown [s\src\hotspot\share\prims\jni.cpp, line 516]
Event: 3.084 Thread 0x00000280ac270320 Implicit null exception at 0x00000280b81f6ce0 to 0x00000280b81f771c
Event: 3.085 Thread 0x00000280ac270320 Implicit null exception at 0x00000280b820576c to 0x00000280b8205968
Event: 3.085 Thread 0x00000280ac270320 Implicit null exception at 0x00000280b81f938e to 0x00000280b81f95e8
Event: 3.085 Thread 0x00000280ac270320 Implicit null exception at 0x00000280b81f808f to 0x00000280b81f8109
Event: 3.423 Thread 0x00000280ac270320 Exception <a 'java/lang/NoSuchMethodError'{0x00000000ec38dbf0}: 'int java.lang.invoke.DirectMethodHandle$Holder.invokeStaticInit(java.lang.Object, java.lang.Object, java.lang.Object, java.lang.Object)'> (0x00000000ec38dbf0) 
thrown [s\src\hotspot\share\interpreter\linkResolver.cpp, line 759]
Event: 3.426 Thread 0x00000280ac270320 Exception <a 'java/lang/NoSuchMethodError'{0x00000000ec398260}: 'java.lang.Object java.lang.invoke.DirectMethodHandle$Holder.invokeInterface(java.lang.Object, java.lang.Object)'> (0x00000000ec398260) 
thrown [s\src\hotspot\share\interpreter\linkResolver.cpp, line 759]
Event: 3.427 Thread 0x00000280ac270320 Exception <a 'java/lang/IncompatibleClassChangeError'{0x00000000ec39ba58}: Found class java.lang.Object, but interface was expected> (0x00000000ec39ba58) 
thrown [s\src\hotspot\share\interpreter\linkResolver.cpp, line 826]
Event: 3.433 Thread 0x00000280ac270320 Exception <a 'java/lang/NoSuchMethodError'{0x00000000ec39ff48}: 'void java.lang.invoke.DirectMethodHandle$Holder.invokeStatic(java.lang.Object, java.lang.Object)'> (0x00000000ec39ff48) 
thrown [s\src\hotspot\share\interpreter\linkResolver.cpp, line 759]
Event: 3.444 Thread 0x00000280ac270320 Exception <a 'java/lang/NoSuchMethodError'{0x00000000ec3a3748}: 'void java.lang.invoke.DirectMethodHandle$Holder.invokeStaticInit(java.lang.Object, java.lang.Object)'> (0x00000000ec3a3748) 
thrown [s\src\hotspot\share\interpreter\linkResolver.cpp, line 759]
Event: 3.446 Thread 0x00000280ac270320 Exception <a 'java/lang/NoSuchMethodError'{0x00000000ec3aabd8}: 'int java.lang.invoke.DirectMethodHandle$Holder.invokeStaticInit(java.lang.Object, java.lang.Object)'> (0x00000000ec3aabd8) 
thrown [s\src\hotspot\share\interpreter\linkResolver.cpp, line 759]
Event: 3.695 Thread 0x00000280ac270320 Exception <a 'java/lang/NoSuchMethodError'{0x00000000eabd1fe0}: 'void java.lang.invoke.DirectMethodHandle$Holder.invokeSpecial(java.lang.Object, java.lang.Object, java.lang.Object)'> (0x00000000eabd1fe0) 
thrown [s\src\hotspot\share\interpreter\linkResolver.cpp, line 759]
Event: 4.954 Thread 0x00000280ac270320 Exception <a 'java/lang/NoSuchMethodError'{0x00000000eb8451d8}: 'java.lang.Object java.lang.invoke.DirectMethodHandle$Holder.newInvokeSpecial(java.lang.Object, int, java.lang.Object)'> (0x00000000eb8451d8) 
thrown [s\src\hotspot\share\interpreter\linkResolver.cpp, line 759]
Event: 5.442 Thread 0x00000280ac270320 Exception <a 'java/lang/UnsatisfiedLinkError'{0x00000000ebd860b0}: 'void org.eclipse.equinox.launcher.JNIBridge._update_splash()'> (0x00000000ebd860b0) 
thrown [s\src\hotspot\share\prims\nativeLookup.cpp, line 543]
Event: 5.560 Thread 0x00000280c78dff00 Exception <a 'java/lang/NoSuchMethodError'{0x00000000ec0156e8}: 'java.lang.Object java.lang.invoke.DirectMethodHandle$Holder.invokeStaticInit(java.lang.Object)'> (0x00000000ec0156e8) 
thrown [s\src\hotspot\share\interpreter\linkResolver.cpp, line 759]

VM Operations (20 events):
Event: 2.627 Executing VM operation: HandshakeAllThreads
Event: 2.627 Executing VM operation: HandshakeAllThreads done
Event: 3.468 Executing VM operation: ParallelGCFailedAllocation
Event: 3.580 Executing VM operation: ParallelGCFailedAllocation done
Event: 4.585 Executing VM operation: Cleanup
Event: 4.585 Executing VM operation: Cleanup done
Event: 4.784 Executing VM operation: HandshakeAllThreads
Event: 4.835 Executing VM operation: HandshakeAllThreads done
Event: 4.835 Executing VM operation: HandshakeAllThreads
Event: 4.835 Executing VM operation: HandshakeAllThreads done
Event: 4.846 Executing VM operation: HandshakeAllThreads
Event: 4.846 Executing VM operation: HandshakeAllThreads done
Event: 4.873 Executing VM operation: HandshakeAllThreads
Event: 4.873 Executing VM operation: HandshakeAllThreads done
Event: 5.647 Executing VM operation: HandshakeAllThreads
Event: 5.647 Executing VM operation: HandshakeAllThreads done
Event: 5.647 Executing VM operation: Cleanup
Event: 5.648 Executing VM operation: Cleanup done
Event: 5.732 Executing VM operation: ParallelGCFailedAllocation
Event: 5.741 Executing VM operation: ParallelGCFailedAllocation done

Events (20 events):
Event: 5.795 loading class java/io/CharConversionException
Event: 5.795 loading class java/io/CharConversionException done
Event: 5.795 loading class com/sun/org/apache/xerces/internal/impl/io/MalformedByteSequenceException done
Event: 5.825 loading class java/util/concurrent/RejectedExecutionException
Event: 5.825 loading class java/util/concurrent/RejectedExecutionException done
Event: 5.825 loading class java/util/concurrent/CompletionStage
Event: 5.826 loading class java/util/concurrent/CompletionStage done
Event: 5.829 loading class java/util/Timer
Event: 5.829 loading class java/util/Timer done
Event: 5.829 loading class java/util/TaskQueue
Event: 5.829 loading class java/util/TaskQueue done
Event: 5.829 loading class java/util/TimerThread
Event: 5.829 loading class java/util/TimerThread done
Event: 5.829 loading class java/util/Timer$ThreadReaper
Event: 5.829 loading class java/util/Timer$ThreadReaper done
Event: 5.830 Thread 0x00000280c78dd680 Thread added: 0x00000280c78dd680
Event: 5.873 loading class java/util/concurrent/locks/ReentrantLock$FairSync
Event: 5.873 loading class java/util/concurrent/locks/ReentrantLock$FairSync done
Event: 5.875 loading class java/util/Collections$ReverseComparator
Event: 5.875 loading class java/util/Collections$ReverseComparator done


Dynamic libraries:
0x00007ff7c1610000 - 0x00007ff7c161e000 	c:\Users\Hp\.vscode\extensions\redhat.java-1.26.0-win32-x64\jre\17.0.9-win32-x86_64\bin\java.exe
0x00007fffe7710000 - 0x00007fffe7908000 	C:\Windows\SYSTEM32\ntdll.dll
0x00007fffe6ec0000 - 0x00007fffe6f7d000 	C:\Windows\System32\KERNEL32.DLL
0x00007fffe5260000 - 0x00007fffe5556000 	C:\Windows\System32\KERNELBASE.dll
0x00007fffe55b0000 - 0x00007fffe56b0000 	C:\Windows\System32\ucrtbase.dll
0x00007fffd54d0000 - 0x00007fffd54e7000 	c:\Users\Hp\.vscode\extensions\redhat.java-1.26.0-win32-x64\jre\17.0.9-win32-x86_64\bin\jli.dll
0x00007fffe61d0000 - 0x00007fffe636e000 	C:\Windows\System32\USER32.dll
0x00007fffe5720000 - 0x00007fffe5742000 	C:\Windows\System32\win32u.dll
0x00007fffe67e0000 - 0x00007fffe680b000 	C:\Windows\System32\GDI32.dll
0x00007fffe4dd0000 - 0x00007fffe4ee7000 	C:\Windows\System32\gdi32full.dll
0x00007fffe4fd0000 - 0x00007fffe506d000 	C:\Windows\System32\msvcp_win.dll
0x00007fffd5460000 - 0x00007fffd547b000 	c:\Users\Hp\.vscode\extensions\redhat.java-1.26.0-win32-x64\jre\17.0.9-win32-x86_64\bin\VCRUNTIME140.dll
0x00007fffd0f20000 - 0x00007fffd11ba000 	C:\Windows\WinSxS\amd64_microsoft.windows.common-controls_6595b64144ccf1df_6.0.19041.3636_none_60b6a03d71f818d5\COMCTL32.dll
0x00007fffe5c70000 - 0x00007fffe5d0e000 	C:\Windows\System32\msvcrt.dll
0x00007fffe6070000 - 0x00007fffe60a2000 	C:\Windows\System32\IMM32.DLL
0x00007fffdf770000 - 0x00007fffdf77c000 	c:\Users\Hp\.vscode\extensions\redhat.java-1.26.0-win32-x64\jre\17.0.9-win32-x86_64\bin\vcruntime140_1.dll
0x00007fffb0df0000 - 0x00007fffb0e7d000 	c:\Users\Hp\.vscode\extensions\redhat.java-1.26.0-win32-x64\jre\17.0.9-win32-x86_64\bin\msvcp140.dll
0x00007fff9f990000 - 0x00007fffa05f1000 	c:\Users\Hp\.vscode\extensions\redhat.java-1.26.0-win32-x64\jre\17.0.9-win32-x86_64\bin\server\jvm.dll
0x00007fffe6110000 - 0x00007fffe61c3000 	C:\Windows\System32\ADVAPI32.dll
0x00007fffe5930000 - 0x00007fffe59cf000 	C:\Windows\System32\sechost.dll
0x00007fffe5750000 - 0x00007fffe5876000 	C:\Windows\System32\RPCRT4.dll
0x00007fffe4fa0000 - 0x00007fffe4fc7000 	C:\Windows\System32\bcrypt.dll
0x00007fffe4370000 - 0x00007fffe43bb000 	C:\Windows\SYSTEM32\POWRPROF.dll
0x00007fffca5b0000 - 0x00007fffca5b9000 	C:\Windows\SYSTEM32\WSOCK32.dll
0x00007fffe5f10000 - 0x00007fffe5f7b000 	C:\Windows\System32\WS2_32.dll
0x00007fffc8770000 - 0x00007fffc8797000 	C:\Windows\SYSTEM32\WINMM.dll
0x00007fffd57f0000 - 0x00007fffd57fa000 	C:\Windows\SYSTEM32\VERSION.dll
0x00007fffe41e0000 - 0x00007fffe41f2000 	C:\Windows\SYSTEM32\UMPDC.dll
0x00007fffe3610000 - 0x00007fffe3622000 	C:\Windows\SYSTEM32\kernel.appcore.dll
0x00007fffde210000 - 0x00007fffde21a000 	c:\Users\Hp\.vscode\extensions\redhat.java-1.26.0-win32-x64\jre\17.0.9-win32-x86_64\bin\jimage.dll
0x00007fffe2a40000 - 0x00007fffe2c24000 	C:\Windows\SYSTEM32\DBGHELP.DLL
0x00007fffd13c0000 - 0x00007fffd13f4000 	C:\Windows\SYSTEM32\dbgcore.DLL
0x00007fffe5070000 - 0x00007fffe50f2000 	C:\Windows\System32\bcryptPrimitives.dll
0x00007fffd5260000 - 0x00007fffd526e000 	c:\Users\Hp\.vscode\extensions\redhat.java-1.26.0-win32-x64\jre\17.0.9-win32-x86_64\bin\instrument.dll
0x00007fffca730000 - 0x00007fffca755000 	c:\Users\Hp\.vscode\extensions\redhat.java-1.26.0-win32-x64\jre\17.0.9-win32-x86_64\bin\java.dll
0x00007fffd1410000 - 0x00007fffd1428000 	c:\Users\Hp\.vscode\extensions\redhat.java-1.26.0-win32-x64\jre\17.0.9-win32-x86_64\bin\zip.dll
0x00007fffe6f80000 - 0x00007fffe76c5000 	C:\Windows\System32\SHELL32.dll
0x00007fffe2e60000 - 0x00007fffe35fc000 	C:\Windows\SYSTEM32\windows.storage.dll
0x00007fffe6960000 - 0x00007fffe6cb4000 	C:\Windows\System32\combase.dll
0x00007fffe4800000 - 0x00007fffe482e000 	C:\Windows\SYSTEM32\Wldp.dll
0x00007fffe5e40000 - 0x00007fffe5f0d000 	C:\Windows\System32\OLEAUT32.dll
0x00007fffe5d90000 - 0x00007fffe5e3d000 	C:\Windows\System32\SHCORE.dll
0x00007fffe60b0000 - 0x00007fffe6105000 	C:\Windows\System32\shlwapi.dll
0x00007fffe4d00000 - 0x00007fffe4d25000 	C:\Windows\SYSTEM32\profapi.dll
0x00007fffcfe20000 - 0x00007fffcfe39000 	C:\Users\Hp\.vscode\extensions\redhat.java-1.26.0-win32-x64\jre\17.0.9-win32-x86_64\bin\net.dll
0x00007fffda0b0000 - 0x00007fffda1ba000 	C:\Windows\SYSTEM32\WINHTTP.dll
0x00007fffe4560000 - 0x00007fffe45ca000 	C:\Windows\system32\mswsock.dll
0x00007fffcef80000 - 0x00007fffcef96000 	C:\Users\Hp\.vscode\extensions\redhat.java-1.26.0-win32-x64\jre\17.0.9-win32-x86_64\bin\nio.dll
0x00007fffd5190000 - 0x00007fffd51a0000 	c:\Users\Hp\.vscode\extensions\redhat.java-1.26.0-win32-x64\jre\17.0.9-win32-x86_64\bin\verify.dll
0x00007fffd1d60000 - 0x00007fffd1d9e000 	C:\Users\Hp\AppData\Roaming\Code\User\globalStorage\redhat.java\1.26.0\config_ss_win\org.eclipse.equinox.launcher\org.eclipse.equinox.launcher.win32.win32.x86_64_1.2.800.v20231003-1442\eclipse_11802.dll
0x00007fffe6810000 - 0x00007fffe693b000 	C:\Windows\System32\ole32.dll

dbghelp: loaded successfully - version: 4.0.5 - missing functions: none
symbol engine: initialized successfully - sym options: 0x614 - pdb path: .;c:\Users\Hp\.vscode\extensions\redhat.java-1.26.0-win32-x64\jre\17.0.9-win32-x86_64\bin;C:\Windows\SYSTEM32;C:\Windows\WinSxS\amd64_microsoft.windows.common-controls_6595b64144ccf1df_6.0.19041.3636_none_60b6a03d71f818d5;c:\Users\Hp\.vscode\extensions\redhat.java-1.26.0-win32-x64\jre\17.0.9-win32-x86_64\bin\server;C:\Users\Hp\AppData\Roaming\Code\User\globalStorage\redhat.java\1.26.0\config_ss_win\org.eclipse.equinox.launcher\org.eclipse.equinox.launcher.win32.win32.x86_64_1.2.800.v20231003-1442

VM Arguments:
jvm_args: --add-modules=ALL-SYSTEM --add-opens=java.base/java.util=ALL-UNNAMED --add-opens=java.base/java.lang=ALL-UNNAMED --add-opens=java.base/sun.nio.fs=ALL-UNNAMED -Declipse.application=org.eclipse.jdt.ls.core.id1 -Dosgi.bundles.defaultStartLevel=4 -Declipse.product=org.eclipse.jdt.ls.core.product -Djava.import.generatesMetadataFilesAtProjectRoot=false -DDetectVMInstallationsJob.disabled=true -Dfile.encoding=utf8 -XX:+UseParallelGC -XX:GCTimeRatio=4 -XX:AdaptiveSizePolicyWeight=90 -Dsun.zip.disableMemoryMapping=true -Xmx1G -Xms100m -Xlog:disable -javaagent:c:\Users\Hp\.vscode\extensions\redhat.java-1.26.0-win32-x64\lombok\lombok-1.18.31-3454.jar 
java_command: c:\Users\Hp\.vscode\extensions\redhat.java-1.26.0-win32-x64\server\plugins\org.eclipse.equinox.launcher_1.6.700.v20231214-2017.jar -configuration c:\Users\Hp\AppData\Roaming\Code\User\globalStorage\redhat.java\1.26.0\config_ss_win -data c:\Users\Hp\AppData\Roaming\Code\User\workspaceStorage\bba7c3f7c67dd00e1a47571d2bb8e86b\redhat.java\ss_ws --stdio
java_class_path (initial): c:\Users\Hp\.vscode\extensions\redhat.java-1.26.0-win32-x64\server\plugins\org.eclipse.equinox.launcher_1.6.700.v20231214-2017.jar
Launcher Type: SUN_STANDARD

[Global flags]
    uintx AdaptiveSizePolicyWeight                 = 90                                        {product} {command line}
     intx CICompilerCount                          = 3                                         {product} {ergonomic}
    uintx GCTimeRatio                              = 4                                         {product} {command line}
   size_t InitialHeapSize                          = 104857600                                 {product} {command line}
   size_t MaxHeapSize                              = 1073741824                                {product} {command line}
   size_t MaxNewSize                               = 357564416                                 {product} {ergonomic}
   size_t MinHeapDeltaBytes                        = 524288                                    {product} {ergonomic}
   size_t MinHeapSize                              = 104857600                                 {product} {command line}
   size_t NewSize                                  = 34603008                                  {product} {ergonomic}
    uintx NonNMethodCodeHeapSize                   = 5832780                                {pd product} {ergonomic}
    uintx NonProfiledCodeHeapSize                  = 122912730                              {pd product} {ergonomic}
   size_t OldSize                                  = 70254592                                  {product} {ergonomic}
    uintx ProfiledCodeHeapSize                     = 122912730                              {pd product} {ergonomic}
    uintx ReservedCodeCacheSize                    = 251658240                              {pd product} {ergonomic}
     bool SegmentedCodeCache                       = true                                      {product} {ergonomic}
   size_t SoftMaxHeapSize                          = 1073741824                             {manageable} {ergonomic}
     bool UseCompressedClassPointers               = true                           {product lp64_product} {ergonomic}
     bool UseCompressedOops                        = true                           {product lp64_product} {ergonomic}
     bool UseLargePagesIndividualAllocation        = false                                  {pd product} {ergonomic}
     bool UseParallelGC                            = true                                      {product} {command line}

Logging:
Log output configuration:
 #0: stdout all=off uptime,level,tags
 #1: stderr all=off uptime,level,tags

Environment Variables:
JAVA_HOME=C:\Program Files\Java\jdk-18.0.2.1
PATH=C:\Program Files\Python39\Scripts\;C:\Program Files\Python39\;F:\WINDOWS.X64_193000_db_home\bin;C:\Program Files\Eclipse Adoptium\jdk-11.0.17.8-hotspot\bin;C:\Program Files\Common Files\Oracle\Java\javapath;C:\Windows\system32;C:\Windows;C:\Windows\System32\Wbem;C:\Windows\System32\WindowsPowerShell\v1.0\;C:\Windows\System32\OpenSSH\;C:\Program Files\Java\jdk-18.0.2.1\bin;C:\Program Files\Git\cmd;C:\ProgramData\chocolatey\bin;C:\Program Files\nodejs\;C:\Program Files\Microsoft SQL Server\Client SDK\ODBC\170\Tools\Binn\;C:\Program Files (x86)\Microsoft SQL Server\150\Tools\Binn\;C:\Program Files\Microsoft SQL Server\150\Tools\Binn\;C:\Program Files\Microsoft SQL Server\150\DTS\Binn\;C:\Program Files (x86)\Microsoft SQL Server\150\DTS\Binn\;C:\Program Files\Azure Data Studio\bin;C:\Users\Hp\AppData\Local\Microsoft\WindowsApps;C:\Users\Hp\AppData\Local\Programs\Microsoft VS Code\bin;C:\Users\Hp\AppData\Roaming\npm;C:\Users\Hp\AppData\Local\Android\Sdk;C:\Users\Hp\AppData\Local\Android\Sdk\platform-tools;C:\Program Files\Azure Data Studio\bin;C:\Users\Hp\AppData\Local\GitHubDesktop\bin
USERNAME=Hp
OS=Windows_NT
PROCESSOR_IDENTIFIER=Intel64 Family 6 Model 142 Stepping 9, GenuineIntel
TMP=C:\Users\Hp\AppData\Local\Temp
TEMP=C:\Users\Hp\AppData\Local\Temp



Periodic native trim disabled


---------------  S Y S T E M  ---------------

OS:
 Windows 10 , 64 bit Build 19041 (10.0.19041.3636)
OS uptime: 0 days 1:00 hours

CPU: total 4 (initial active 4) (2 cores per cpu, 2 threads per core) family 6 model 142 stepping 9 microcode 0xb4, cx8, cmov, fxsr, ht, mmx, 3dnowpref, sse, sse2, sse3, ssse3, sse4.1, sse4.2, popcnt, lzcnt, tsc, tscinvbit, avx, avx2, aes, erms, clmul, bmi1, bmi2, adx, fma, vzeroupper, clflush, clflushopt
Processor Information for all 4 processors :
  Max Mhz: 2701, Current Mhz: 2600, Mhz Limit: 2592

Memory: 4k page, system-wide physical 8108M (425M free)
TotalPageFile size 32684M (AvailPageFile size 201M)
current process WorkingSet (physical memory assigned to process): 92M, peak: 92M
current process commit charge ("private bytes"): 195M, peak: 195M

vm_info: OpenJDK 64-Bit Server VM (17.0.9+9) for windows-amd64 JRE (17.0.9+9), built on Oct 26 2023 14:01:42 by "admin" with MS VC++ 16.10 / 16.11 (VS2019)

END.
